2025-05-06 13:59:35,843 [INFO] Activator:176 - 


2025-05-06 13:59:35,843 [INFO] Activator:177 - !SESSION log4j initialized
2025-05-06 13:59:39,622 [INFO] LogOutputStream:77 - [STDOUT_REDIRECT] 
2025-05-06 13:59:40,655 [INFO] ApplicationProperties:184 - Using Application install path: C:\ST\STM32CubeIDE_1.16.1\STM32CubeIDE\plugins\com.st.stm32cube.common.mx_6.14.1.202504091515
2025-05-06 13:59:40,671 [INFO] DbMcusXml:78 - Set database path to: C:\ST\STM32CubeIDE_1.16.1\STM32CubeIDE\plugins\com.st.stm32cube.common.mx_6.14.1.202504091515\\db\/mcu/
2025-05-06 13:59:40,671 [INFO] ApiDb:274 - Set plugin database path to: C:\ST\STM32CubeIDE_1.16.1\STM32CubeIDE\plugins\com.st.stm32cube.common.mx_6.14.1.202504091515\\db\/plugins/boardmanager/
2025-05-06 13:59:40,671 [WARN] ApiDb:259 - Overriding images path with different value:  => C:\ST\STM32CubeIDE_1.16.1\STM32CubeIDE\plugins\com.st.stm32cube.common.mx_6.14.1.202504091515\\db\/plugins/mcufinder/images/
2025-05-06 13:59:40,683 [INFO] ApiDb:250 - Set database path to: C:\Users\utente\.stmcufinder\plugins\mcufinder//mcu/
2025-05-06 13:59:40,684 [INFO] DbMcusAds:125 - Set database path to: C:\Users\utente\.stmcufinder\plugins\mcufinder//mcu/
2025-05-06 13:59:40,686 [INFO] CrossReferenceDbSqlite:203 - Set database path to: C:\Users\utente\.stmcufinder\plugins\mcufinder//mcu/cs/
2025-05-06 13:59:40,779 [INFO] RulesReader:64 - Compatibility file has been processed (302 Rules)
2025-05-06 13:59:40,841 [INFO] DbMcusXml:78 - Set database path to: C:\ST\STM32CubeIDE_1.16.1\STM32CubeIDE\plugins\com.st.stm32cube.common.mx_6.14.1.202504091515\\db\/mcu/
2025-05-06 13:59:40,841 [INFO] ApiDb:274 - Set plugin database path to: C:\ST\STM32CubeIDE_1.16.1\STM32CubeIDE\plugins\com.st.stm32cube.common.mx_6.14.1.202504091515\\db\/plugins/boardmanager/
2025-05-06 13:59:40,841 [INFO] ApiDb:261 - Set plugin images path to: C:\ST\STM32CubeIDE_1.16.1\STM32CubeIDE\plugins\com.st.stm32cube.common.mx_6.14.1.202504091515\\db\/plugins/mcufinder/images/
2025-05-06 13:59:40,841 [WARN] DbFile:41 - Overriding database path with different value: C:\Users\utente\.stmcufinder\plugins\mcufinder/ => C:\Users\utente\.stmcufinder\plugins\mcufinder
2025-05-06 13:59:40,841 [INFO] ApiDb:250 - Set database path to: C:\Users\utente\.stmcufinder\plugins\mcufinder//mcu/
2025-05-06 13:59:40,841 [WARN] DbFile:41 - Overriding database path with different value: C:\Users\utente\.stmcufinder\plugins\mcufinder/ => C:\Users\utente\.stmcufinder\plugins\mcufinder
2025-05-06 13:59:40,841 [INFO] DbMcusAds:125 - Set database path to: C:\Users\utente\.stmcufinder\plugins\mcufinder//mcu/
2025-05-06 13:59:40,841 [WARN] DbFile:41 - Overriding database path with different value: C:\Users\utente\.stmcufinder\plugins\mcufinder/ => C:\Users\utente\.stmcufinder\plugins\mcufinder
2025-05-06 13:59:40,841 [WARN] DbFile:41 - Overriding database path with different value: C:\Users\utente\.stmcufinder\plugins\mcufinder/ => C:\Users\utente\.stmcufinder\plugins\mcufinder
2025-05-06 13:59:40,841 [INFO] CrossReferenceDbSqlite:203 - Set database path to: C:\Users\utente\.stmcufinder\plugins\mcufinder//mcu/cs/
2025-05-06 13:59:40,924 [INFO] MainPanel:272 - HeapMemory: 268435456
2025-05-06 13:59:41,066 [INFO] DbMcusXml:78 - Set database path to: C:\ST\STM32CubeIDE_1.16.1\STM32CubeIDE\plugins\com.st.stm32cube.common.mx_6.14.1.202504091515\\db\/mcu/
2025-05-06 13:59:41,066 [INFO] ApiDb:274 - Set plugin database path to: C:\ST\STM32CubeIDE_1.16.1\STM32CubeIDE\plugins\com.st.stm32cube.common.mx_6.14.1.202504091515\\db\/plugins/boardmanager/
2025-05-06 13:59:41,066 [INFO] ApiDb:261 - Set plugin images path to: C:\ST\STM32CubeIDE_1.16.1\STM32CubeIDE\plugins\com.st.stm32cube.common.mx_6.14.1.202504091515\\db\/plugins/mcufinder/images/
2025-05-06 13:59:41,066 [WARN] DbFile:41 - Overriding database path with different value: C:\Users\utente\.stmcufinder\plugins\mcufinder/ => C:\Users\utente\.stmcufinder\plugins\mcufinder
2025-05-06 13:59:41,066 [INFO] ApiDb:250 - Set database path to: C:\Users\utente\.stmcufinder\plugins\mcufinder//mcu/
2025-05-06 13:59:41,066 [WARN] DbFile:41 - Overriding database path with different value: C:\Users\utente\.stmcufinder\plugins\mcufinder/ => C:\Users\utente\.stmcufinder\plugins\mcufinder
2025-05-06 13:59:41,066 [INFO] DbMcusAds:125 - Set database path to: C:\Users\utente\.stmcufinder\plugins\mcufinder//mcu/
2025-05-06 13:59:41,066 [WARN] DbFile:41 - Overriding database path with different value: C:\Users\utente\.stmcufinder\plugins\mcufinder/ => C:\Users\utente\.stmcufinder\plugins\mcufinder
2025-05-06 13:59:41,066 [WARN] DbFile:41 - Overriding database path with different value: C:\Users\utente\.stmcufinder\plugins\mcufinder/ => C:\Users\utente\.stmcufinder\plugins\mcufinder
2025-05-06 13:59:41,067 [INFO] CrossReferenceDbSqlite:203 - Set database path to: C:\Users\utente\.stmcufinder\plugins\mcufinder//mcu/cs/
2025-05-06 13:59:41,082 [INFO] ApplicationProperties:184 - Using Application install path: C:\ST\STM32CubeIDE_1.16.1\STM32CubeIDE\plugins\com.st.stm32cube.common.mx_6.14.1.202504091515
2025-05-06 13:59:41,083 [INFO] PluginManage:196 - Search for loadable plugins [exclusion list=, ]
2025-05-06 13:59:41,084 [INFO] PluginManage:310 - Check plugin analytics
2025-05-06 13:59:41,244 [INFO] AnalyticsPlugin:253 - Accepted Software Licenses: 
2025-05-06 13:59:41,245 [INFO] AnalyticsPlugin:255 - Accepted CMSIS Pack Licenses: 
2025-05-06 13:59:41,245 [INFO] AnalyticsPlugin:257 - Accepted Firmware Licenses: 
2025-05-06 13:59:41,246 [INFO] PluginManage:359 - Loaded plugin analytics (category:tool,tabindex:-1)
2025-05-06 13:59:41,246 [INFO] PluginManage:310 - Check plugin cadmodel
2025-05-06 13:59:41,253 [INFO] CADModel:105 - Init CAD model plugin
2025-05-06 13:59:41,254 [INFO] PluginManage:359 - Loaded plugin cadmodel (category:power,tabindex:5)
2025-05-06 13:59:41,254 [INFO] PluginManage:310 - Check plugin clock
2025-05-06 13:59:41,262 [INFO] PluginManage:359 - Loaded plugin clock (category:base,tabindex:2)
2025-05-06 13:59:41,262 [INFO] PluginManage:310 - Check plugin ddr
2025-05-06 13:59:41,266 [INFO] PluginManage:359 - Loaded plugin ddr (category:tool,tabindex:6)
2025-05-06 13:59:41,267 [INFO] PluginManage:310 - Check plugin filemanager
2025-05-06 13:59:41,391 [INFO] PluginManage:359 - Loaded plugin filemanager (category:base,tabindex:10)
2025-05-06 13:59:41,392 [INFO] PluginManage:310 - Check plugin ipmanager
2025-05-06 13:59:41,397 [INFO] PluginManage:359 - Loaded plugin ipmanager (category:base,tabindex:5)
2025-05-06 13:59:41,397 [INFO] PluginManage:310 - Check plugin lpbam
2025-05-06 13:59:41,404 [INFO] PluginManage:359 - Loaded plugin lpbam (category:base,tabindex:0)
2025-05-06 13:59:41,404 [INFO] PluginManage:310 - Check plugin memorymap
2025-05-06 13:59:41,416 [INFO] PluginManage:359 - Loaded plugin memorymap (category:base,tabindex:4)
2025-05-06 13:59:41,416 [INFO] PluginManage:310 - Check plugin pinoutandconfiguration
2025-05-06 13:59:41,424 [INFO] PluginManage:359 - Loaded plugin pinoutandconfiguration (category:base,tabindex:1)
2025-05-06 13:59:41,424 [INFO] PluginManage:310 - Check plugin pinoutconfig
2025-05-06 13:59:41,492 [WARN] SupportedApi:132 - Cannot load RTOS API schema: s4s-elt-must-match.1: The content of 'definitions' must match (annotation?, (simpleType | complexType)?, (unique | key | keyref)*)). A problem was found starting at: attribute.
2025-05-06 13:59:41,612 [INFO] PluginManage:359 - Loaded plugin pinoutconfig (category:base,tabindex:0)
2025-05-06 13:59:41,612 [INFO] PluginManage:310 - Check plugin power
2025-05-06 13:59:41,624 [INFO] PluginManage:359 - Loaded plugin power (category:power,tabindex:4)
2025-05-06 13:59:41,624 [INFO] PluginManage:310 - Check plugin projectmanager
2025-05-06 13:59:41,638 [INFO] PluginManage:359 - Loaded plugin projectmanager (category:projectmanager,tabindex:4)
2025-05-06 13:59:41,638 [INFO] PluginManage:310 - Check plugin rif
2025-05-06 13:59:41,647 [INFO] PluginManage:359 - Loaded plugin rif (category:base,tabindex:3)
2025-05-06 13:59:41,647 [INFO] PluginManage:310 - Check plugin thirdparty
2025-05-06 13:59:41,793 [INFO] PluginManage:359 - Loaded plugin thirdparty (category:base,tabindex:-1)
2025-05-06 13:59:41,793 [WARN] IntegrityCheckThread:84 - waiting for thirdparty lock release [integrity check]
2025-05-06 13:59:41,793 [INFO] PluginManage:310 - Check plugin tools
2025-05-06 13:59:41,793 [INFO] IntegrityCheckThread:86 - entering critical section [integrity check]
2025-05-06 13:59:41,795 [INFO] ThirdPartyUpdaterWithRetryManager:70 - Updater plugin not ready yet. [1/15]
2025-05-06 13:59:41,796 [INFO] PluginManage:359 - Loaded plugin tools (category:base,tabindex:7)
2025-05-06 13:59:41,797 [INFO] PluginManage:310 - Check plugin tutovideos
2025-05-06 13:59:41,981 [INFO] PluginManage:359 - Loaded plugin tutovideos (category:base,tabindex:-1)
2025-05-06 13:59:41,982 [INFO] PluginManage:310 - Check plugin updater
2025-05-06 13:59:42,002 [INFO] PluginManage:359 - Loaded plugin updater (category:base,tabindex:12)
2025-05-06 13:59:42,002 [INFO] PluginManage:310 - Check plugin userauth
2025-05-06 13:59:42,006 [INFO] UserAuth:118 - Init User Auth plugin
2025-05-06 13:59:42,006 [INFO] PluginManage:359 - Loaded plugin userauth (category:base,tabindex:14)
2025-05-06 13:59:42,006 [INFO] PluginManage:283 - PluginManage : Loaded plugins [18]
2025-05-06 13:59:42,185 [INFO] PinOutPanel:1589 - setPackage(No Configuration,No Configuration)
2025-05-06 13:59:42,271 [INFO] CADModel:165 - CPN selected for project level
2025-05-06 13:59:42,271 [INFO] CADModel:114 - Register for checkConnection events
2025-05-06 13:59:42,293 [INFO] IPUIPlugin:80 - create IPUIPlugin
2025-05-06 13:59:42,295 [INFO] PluginManager:220 - loadIPPluginJar : add adc
2025-05-06 13:59:42,298 [INFO] IPUIPlugin:80 - create IPUIPlugin
2025-05-06 13:59:42,298 [INFO] PluginManager:220 - loadIPPluginJar : add aes
2025-05-06 13:59:42,301 [INFO] IPUIPlugin:80 - create IPUIPlugin
2025-05-06 13:59:42,301 [INFO] PluginManager:220 - loadIPPluginJar : add can
2025-05-06 13:59:42,303 [INFO] IPUIPlugin:80 - create IPUIPlugin
2025-05-06 13:59:42,303 [INFO] PluginManager:220 - loadIPPluginJar : add comp
2025-05-06 13:59:42,307 [INFO] IPUIPlugin:80 - create IPUIPlugin
2025-05-06 13:59:42,307 [INFO] PluginManager:220 - loadIPPluginJar : add cryp
2025-05-06 13:59:42,310 [INFO] IPUIPlugin:80 - create IPUIPlugin
2025-05-06 13:59:42,312 [INFO] PluginManager:220 - loadIPPluginJar : add ddr_ctrl_phy
2025-05-06 13:59:42,315 [INFO] IPUIPlugin:80 - create IPUIPlugin
2025-05-06 13:59:42,315 [INFO] PluginManager:220 - loadIPPluginJar : add dfsdm
2025-05-06 13:59:42,321 [INFO] IPUIPlugin:80 - create IPUIPlugin
2025-05-06 13:59:42,322 [INFO] PluginManager:220 - loadIPPluginJar : add dma
2025-05-06 13:59:42,327 [INFO] IPUIPlugin:80 - create IPUIPlugin
2025-05-06 13:59:42,327 [INFO] PluginManager:220 - loadIPPluginJar : add dma3
2025-05-06 13:59:42,330 [INFO] IPUIPlugin:80 - create IPUIPlugin
2025-05-06 13:59:42,330 [INFO] PluginManager:220 - loadIPPluginJar : add extmemmanager
2025-05-06 13:59:42,332 [INFO] IPUIPlugin:80 - create IPUIPlugin
2025-05-06 13:59:42,332 [INFO] PluginManager:220 - loadIPPluginJar : add fatfs
2025-05-06 13:59:42,337 [INFO] IPUIPlugin:80 - create IPUIPlugin
2025-05-06 13:59:42,337 [INFO] PluginManager:220 - loadIPPluginJar : add fmc
2025-05-06 13:59:42,345 [INFO] IPUIPlugin:80 - create IPUIPlugin
2025-05-06 13:59:42,346 [INFO] PluginManager:220 - loadIPPluginJar : add freertos
2025-05-06 13:59:42,348 [INFO] IPUIPlugin:80 - create IPUIPlugin
2025-05-06 13:59:42,348 [INFO] PluginManager:220 - loadIPPluginJar : add genericplugin
2025-05-06 13:59:42,351 [INFO] IPUIPlugin:80 - create IPUIPlugin
2025-05-06 13:59:42,352 [INFO] PluginManager:220 - loadIPPluginJar : add gfxmmu
2025-05-06 13:59:42,357 [INFO] IPUIPlugin:80 - create IPUIPlugin
2025-05-06 13:59:42,357 [INFO] PluginManager:220 - loadIPPluginJar : add gic
2025-05-06 13:59:42,362 [INFO] IPUIPlugin:80 - create IPUIPlugin
2025-05-06 13:59:42,362 [INFO] PluginManager:220 - loadIPPluginJar : add gpio
2025-05-06 13:59:42,365 [INFO] IPUIPlugin:80 - create IPUIPlugin
2025-05-06 13:59:42,365 [INFO] PluginManager:220 - loadIPPluginJar : add gtzc
2025-05-06 13:59:42,369 [INFO] IPUIPlugin:80 - create IPUIPlugin
2025-05-06 13:59:42,369 [INFO] PluginManager:220 - loadIPPluginJar : add hash
2025-05-06 13:59:42,372 [INFO] IPUIPlugin:80 - create IPUIPlugin
2025-05-06 13:59:42,372 [INFO] PluginManager:220 - loadIPPluginJar : add i2c
2025-05-06 13:59:42,374 [INFO] IPUIPlugin:80 - create IPUIPlugin
2025-05-06 13:59:42,374 [INFO] PluginManager:220 - loadIPPluginJar : add i2s
2025-05-06 13:59:42,377 [INFO] IPUIPlugin:80 - create IPUIPlugin
2025-05-06 13:59:42,377 [INFO] PluginManager:220 - loadIPPluginJar : add i3c
2025-05-06 13:59:42,381 [INFO] IPUIPlugin:80 - create IPUIPlugin
2025-05-06 13:59:42,381 [INFO] PluginManager:220 - loadIPPluginJar : add ipddr
2025-05-06 13:59:42,389 [INFO] IPUIPlugin:80 - create IPUIPlugin
2025-05-06 13:59:42,389 [INFO] PluginManager:220 - loadIPPluginJar : add linkedlist
2025-05-06 13:59:42,393 [INFO] IPUIPlugin:80 - create IPUIPlugin
2025-05-06 13:59:42,393 [INFO] PluginManager:220 - loadIPPluginJar : add lorawan
2025-05-06 13:59:42,394 [INFO] IPUIPlugin:80 - create IPUIPlugin
2025-05-06 13:59:42,394 [INFO] PluginManager:220 - loadIPPluginJar : add ltdc
2025-05-06 13:59:42,400 [INFO] IPUIPlugin:80 - create IPUIPlugin
2025-05-06 13:59:42,400 [INFO] PluginManager:220 - loadIPPluginJar : add mdma
2025-05-06 13:59:42,404 [INFO] IPUIPlugin:80 - create IPUIPlugin
2025-05-06 13:59:42,404 [INFO] PluginManager:220 - loadIPPluginJar : add nvic
2025-05-06 13:59:42,407 [INFO] IPUIPlugin:80 - create IPUIPlugin
2025-05-06 13:59:42,407 [INFO] PluginManager:220 - loadIPPluginJar : add opamp
2025-05-06 13:59:42,410 [INFO] IPUIPlugin:80 - create IPUIPlugin
2025-05-06 13:59:42,410 [INFO] PluginManager:220 - loadIPPluginJar : add openamp
2025-05-06 13:59:42,413 [INFO] IPUIPlugin:80 - create IPUIPlugin
2025-05-06 13:59:42,414 [INFO] PluginManager:220 - loadIPPluginJar : add pdm2pcm
2025-05-06 13:59:42,419 [INFO] IPUIPlugin:80 - create IPUIPlugin
2025-05-06 13:59:42,421 [INFO] PluginManager:220 - loadIPPluginJar : add plateformsettings
2025-05-06 13:59:42,423 [INFO] IPUIPlugin:80 - create IPUIPlugin
2025-05-06 13:59:42,423 [INFO] PluginManager:220 - loadIPPluginJar : add quadspi
2025-05-06 13:59:42,424 [INFO] IPUIPlugin:80 - create IPUIPlugin
2025-05-06 13:59:42,426 [INFO] PluginManager:220 - loadIPPluginJar : add radio
2025-05-06 13:59:42,430 [INFO] IPUIPlugin:80 - create IPUIPlugin
2025-05-06 13:59:42,430 [INFO] PluginManager:220 - loadIPPluginJar : add resmgrutility
2025-05-06 13:59:42,431 [INFO] IPUIPlugin:80 - create IPUIPlugin
2025-05-06 13:59:42,431 [INFO] PluginManager:220 - loadIPPluginJar : add sai
2025-05-06 13:59:42,435 [INFO] IPUIPlugin:80 - create IPUIPlugin
2025-05-06 13:59:42,435 [INFO] PluginManager:220 - loadIPPluginJar : add spi
2025-05-06 13:59:42,440 [INFO] IPUIPlugin:80 - create IPUIPlugin
2025-05-06 13:59:42,440 [INFO] PluginManager:220 - loadIPPluginJar : add stm32_wpan
2025-05-06 13:59:42,442 [INFO] IPUIPlugin:80 - create IPUIPlugin
2025-05-06 13:59:42,442 [INFO] PluginManager:220 - loadIPPluginJar : add tim
2025-05-06 13:59:42,445 [INFO] IPUIPlugin:80 - create IPUIPlugin
2025-05-06 13:59:42,445 [INFO] PluginManager:220 - loadIPPluginJar : add touchsensing
2025-05-06 13:59:42,446 [INFO] IPUIPlugin:80 - create IPUIPlugin
2025-05-06 13:59:42,446 [INFO] PluginManager:220 - loadIPPluginJar : add tracer_emb
2025-05-06 13:59:42,448 [INFO] IPUIPlugin:80 - create IPUIPlugin
2025-05-06 13:59:42,448 [INFO] PluginManager:220 - loadIPPluginJar : add ts
2025-05-06 13:59:42,449 [INFO] IPUIPlugin:80 - create IPUIPlugin
2025-05-06 13:59:42,449 [INFO] PluginManager:220 - loadIPPluginJar : add tsc
2025-05-06 13:59:42,450 [INFO] IPUIPlugin:80 - create IPUIPlugin
2025-05-06 13:59:42,450 [INFO] PluginManager:220 - loadIPPluginJar : add ucpd
2025-05-06 13:59:42,453 [INFO] IPUIPlugin:80 - create IPUIPlugin
2025-05-06 13:59:42,453 [INFO] PluginManager:220 - loadIPPluginJar : add usart
2025-05-06 13:59:42,456 [INFO] IPUIPlugin:80 - create IPUIPlugin
2025-05-06 13:59:42,457 [INFO] PluginManager:220 - loadIPPluginJar : add usbx
2025-05-06 13:59:42,569 [FATAL] Updater:351 - Updater called before beeing initialized
2025-05-06 13:59:42,625 [INFO] RulesReader:64 - Compatibility file has been processed (302 Rules)
2025-05-06 13:59:42,634 [INFO] RulesReader:64 - Compatibility file has been processed (302 Rules)
2025-05-06 13:59:42,641 [INFO] CADModel:165 - CPN selected for project level
2025-05-06 13:59:42,641 [INFO] CADModel:114 - Register for checkConnection events
2025-05-06 13:59:42,642 [FATAL] Updater:351 - Updater called before beeing initialized
2025-05-06 13:59:42,642 [ERROR] CADModel:125 - Updater not yet initialized, retry later 
2025-05-06 13:59:42,801 [FATAL] Updater:351 - Updater called before beeing initialized
2025-05-06 13:59:42,803 [INFO] CADModel:165 - CPN selected for project level
2025-05-06 13:59:42,803 [INFO] CADModel:114 - Register for checkConnection events
2025-05-06 13:59:42,803 [FATAL] Updater:351 - Updater called before beeing initialized
2025-05-06 13:59:42,803 [ERROR] CADModel:125 - Updater not yet initialized, retry later 
2025-05-06 13:59:42,807 [FATAL] Updater:351 - Updater called before beeing initialized
2025-05-06 13:59:42,898 [FATAL] Updater:351 - Updater called before beeing initialized
2025-05-06 13:59:42,903 [INFO] DbMcusAds:53 - JSON generation date=Thu Mar 06 15:54:22 CET 2025 (1741272862078)
2025-05-06 13:59:42,903 [FATAL] Updater:351 - Updater called before beeing initialized
2025-05-06 13:59:42,940 [WARN] DetailPanel:346 - Failed to get advertising image, set to default
2025-05-06 13:59:43,127 [FATAL] Updater:351 - Updater called before beeing initialized
2025-05-06 13:59:43,129 [FATAL] Updater:351 - Updater called before beeing initialized
2025-05-06 13:59:43,129 [FATAL] Updater:351 - Updater called before beeing initialized
2025-05-06 13:59:43,129 [WARN] DetailPanel:346 - Failed to get advertising image, set to default
2025-05-06 13:59:43,130 [FATAL] Updater:351 - Updater called before beeing initialized
2025-05-06 13:59:43,172 [ERROR] Updater:1198 - MainUpdater not yet initialized. External WinMGr cannot be set.
2025-05-06 13:59:43,174 [INFO] Updater:1134 - Updater Version found : 6.14.1
2025-05-06 13:59:43,197 [INFO] ApplicationProperties:184 - Using Application install path: C:\ST\STM32CubeIDE_1.16.1\STM32CubeIDE\plugins\com.st.stm32cube.common.mx_6.14.1.202504091515
2025-05-06 13:59:43,558 [INFO] MainUpdater:2872 - connection check result : 10
2025-05-06 13:59:43,559 [INFO] MainUpdater:3566 - Updater definition file requires update
2025-05-06 13:59:43,560 [INFO] MainUpdater:289 - Updater Check For Update Now.
2025-05-06 13:59:43,560 [INFO] MicroXplorer:498 - Change Database Version : DB.6.0.141
2025-05-06 13:59:43,565 [INFO] McuFinderGlobals:63 - Set McuFinder mode to 2 (CubeIDE integrated)
2025-05-06 13:59:43,566 [INFO] UserAuth:484 - Internet connection configuration mode: 1
2025-05-06 13:59:43,585 [INFO] JxBrowserEngine:152 - Initiate JxBrowser Engine with user profile folder
2025-05-06 13:59:43,699 [INFO] ServerAccessManage:473 - Download File updaters.zip
2025-05-06 13:59:43,862 [INFO] FileExtend:242 - Unzip File : updaters.zip
2025-05-06 13:59:43,862 [INFO] FileExtend:257 - Standard Zip Deflate
2025-05-06 13:59:44,138 [INFO] ServerAccessManage:473 - Download File PacksControlFlags.xml
2025-05-06 13:59:44,202 [INFO] ServerAccessManage:473 - Download File cubemx.pidx
2025-05-06 13:59:44,704 [INFO] ServerAccessManage:473 - Download File STMicroelectronics.X-CUBE-FREERTOS.pdsc
2025-05-06 13:59:44,795 [WARN] MainUpdater:1193 - Updater busy. Cannot search thirdparties
2025-05-06 13:59:44,795 [INFO] ThirdPartyUpdaterWithRetryManager:96 - Updater plugin is busy. [1/15]
2025-05-06 13:59:45,242 [INFO] ServerAccessManage:473 - Download File STMicroelectronics.X-CUBE-NFC7.pdsc
2025-05-06 13:59:45,324 [INFO] WebApp:169 - Instantiating new browser for Auth
2025-05-06 13:59:46,121 [WARN] PackLoader:240 - Cannot read IP mode file for STMicroelectronics.X-CUBE-FREERTOS.1.3.1
2025-05-06 13:59:46,132 [WARN] PackLoader:240 - Cannot read IP mode file for STMicroelectronics.X-CUBE-NFC7.2.0.0
2025-05-06 13:59:46,135 [INFO] PopulateThirdPartyThread:66 - Ending populate Thread
2025-05-06 13:59:46,136 [INFO] ThirdParty:1030 - CMSIS Pack Vendor :STMicroelectronics X-CUBE-FREERTOS 1.3.1
2025-05-06 13:59:46,137 [INFO] ThirdParty:1030 - CMSIS Pack Vendor :STMicroelectronics X-CUBE-NFC7 2.0.0
2025-05-06 13:59:46,137 [INFO] LoadServerUpdatesThread:375 - End of LoadServerUpdate Thread
2025-05-06 13:59:46,243 [INFO] CheckServerUpdateThread:120 - End of CheckServer Thread
2025-05-06 13:59:46,325 [INFO] WebApp:463 - Apply proxy settings
2025-05-06 13:59:46,325 [INFO] WebApp:548 - Chromium requires no authentication
2025-05-06 13:59:46,336 [INFO] WebApp:491 - Direct internet connection detected
2025-05-06 13:59:46,362 [INFO] WebApp:894 - Register for checkConnection events
2025-05-06 13:59:46,364 [INFO] WebApp:463 - Apply proxy settings
2025-05-06 13:59:46,364 [INFO] WebApp:548 - Chromium requires no authentication
2025-05-06 13:59:46,364 [INFO] WebApp:491 - Direct internet connection detected
2025-05-06 13:59:46,522 [INFO] WebApp:225 - Starting web application
2025-05-06 13:59:46,522 [INFO] WebApp:593 - Web application path used C:\ST\STM32CubeIDE_1.16.1\STM32CubeIDE\plugins\com.st.stm32cube.common.mx_6.14.1.202504091515\db\plugins\mcufinder\reactClient1\index.html
2025-05-06 13:59:46,639 [INFO] WebApp:191 - Connection restablished
2025-05-06 13:59:46,717 [INFO] UserAuth:484 - Internet connection configuration mode: 1
2025-05-06 13:59:47,730 [ERROR] LogOutputStream:75 - [STDERR_REDIRECT] 
