2024-12-18 11:02:45,720 [INFO] Activator:176 - 


2024-12-18 11:02:45,725 [INFO] Activator:177 - !SESSION log4j initialized
2024-12-18 11:02:52,703 [INFO] LogOutputStream:77 - [STDOUT_REDIRECT] 
2024-12-18 11:02:55,002 [INFO] ApplicationProperties:184 - Using Application install path: C:\ST\STM32CubeIDE_1.16.1\STM32CubeIDE\plugins\com.st.stm32cube.common.mx_6.12.1.202409122256
2024-12-18 11:02:55,020 [INFO] DbMcusXml:78 - Set database path to: C:\ST\STM32CubeIDE_1.16.1\STM32CubeIDE\plugins\com.st.stm32cube.common.mx_6.12.1.202409122256\\db\/mcu/
2024-12-18 11:02:55,020 [INFO] ApiDb:274 - Set plugin database path to: C:\ST\STM32CubeIDE_1.16.1\STM32CubeIDE\plugins\com.st.stm32cube.common.mx_6.12.1.202409122256\\db\/plugins/boardmanager/
2024-12-18 11:02:55,021 [WARN] ApiDb:259 - Overriding images path with different value:  => C:\ST\STM32CubeIDE_1.16.1\STM32CubeIDE\plugins\com.st.stm32cube.common.mx_6.12.1.202409122256\\db\/plugins/mcufinder/images/
2024-12-18 11:02:55,029 [INFO] ApiDb:250 - Set database path to: C:\Users\utente\.stmcufinder\plugins\mcufinder//mcu/
2024-12-18 11:02:55,030 [INFO] DbMcusAds:125 - Set database path to: C:\Users\utente\.stmcufinder\plugins\mcufinder//mcu/
2024-12-18 11:02:55,033 [INFO] CrossReferenceDbSqlite:203 - Set database path to: C:\Users\utente\.stmcufinder\plugins\mcufinder//mcu/cs/
2024-12-18 11:02:55,148 [INFO] RulesReader:64 - Compatibility file has been processed (297 Rules)
2024-12-18 11:02:55,230 [INFO] DbMcusXml:78 - Set database path to: C:\ST\STM32CubeIDE_1.16.1\STM32CubeIDE\plugins\com.st.stm32cube.common.mx_6.12.1.202409122256\\db\/mcu/
2024-12-18 11:02:55,231 [INFO] ApiDb:274 - Set plugin database path to: C:\ST\STM32CubeIDE_1.16.1\STM32CubeIDE\plugins\com.st.stm32cube.common.mx_6.12.1.202409122256\\db\/plugins/boardmanager/
2024-12-18 11:02:55,231 [INFO] ApiDb:261 - Set plugin images path to: C:\ST\STM32CubeIDE_1.16.1\STM32CubeIDE\plugins\com.st.stm32cube.common.mx_6.12.1.202409122256\\db\/plugins/mcufinder/images/
2024-12-18 11:02:55,231 [WARN] DbFile:41 - Overriding database path with different value: C:\Users\utente\.stmcufinder\plugins\mcufinder/ => C:\Users\utente\.stmcufinder\plugins\mcufinder
2024-12-18 11:02:55,231 [INFO] ApiDb:250 - Set database path to: C:\Users\utente\.stmcufinder\plugins\mcufinder//mcu/
2024-12-18 11:02:55,231 [WARN] DbFile:41 - Overriding database path with different value: C:\Users\utente\.stmcufinder\plugins\mcufinder/ => C:\Users\utente\.stmcufinder\plugins\mcufinder
2024-12-18 11:02:55,231 [INFO] DbMcusAds:125 - Set database path to: C:\Users\utente\.stmcufinder\plugins\mcufinder//mcu/
2024-12-18 11:02:55,231 [WARN] DbFile:41 - Overriding database path with different value: C:\Users\utente\.stmcufinder\plugins\mcufinder/ => C:\Users\utente\.stmcufinder\plugins\mcufinder
2024-12-18 11:02:55,231 [WARN] DbFile:41 - Overriding database path with different value: C:\Users\utente\.stmcufinder\plugins\mcufinder/ => C:\Users\utente\.stmcufinder\plugins\mcufinder
2024-12-18 11:02:55,231 [INFO] CrossReferenceDbSqlite:203 - Set database path to: C:\Users\utente\.stmcufinder\plugins\mcufinder//mcu/cs/
2024-12-18 11:02:55,310 [INFO] MainPanel:268 - HeapMemory: 268435456
2024-12-18 11:02:55,409 [INFO] DbMcusXml:78 - Set database path to: C:\ST\STM32CubeIDE_1.16.1\STM32CubeIDE\plugins\com.st.stm32cube.common.mx_6.12.1.202409122256\\db\/mcu/
2024-12-18 11:02:55,409 [INFO] ApiDb:274 - Set plugin database path to: C:\ST\STM32CubeIDE_1.16.1\STM32CubeIDE\plugins\com.st.stm32cube.common.mx_6.12.1.202409122256\\db\/plugins/boardmanager/
2024-12-18 11:02:55,409 [INFO] ApiDb:261 - Set plugin images path to: C:\ST\STM32CubeIDE_1.16.1\STM32CubeIDE\plugins\com.st.stm32cube.common.mx_6.12.1.202409122256\\db\/plugins/mcufinder/images/
2024-12-18 11:02:55,409 [WARN] DbFile:41 - Overriding database path with different value: C:\Users\utente\.stmcufinder\plugins\mcufinder/ => C:\Users\utente\.stmcufinder\plugins\mcufinder
2024-12-18 11:02:55,409 [INFO] ApiDb:250 - Set database path to: C:\Users\utente\.stmcufinder\plugins\mcufinder//mcu/
2024-12-18 11:02:55,409 [WARN] DbFile:41 - Overriding database path with different value: C:\Users\utente\.stmcufinder\plugins\mcufinder/ => C:\Users\utente\.stmcufinder\plugins\mcufinder
2024-12-18 11:02:55,409 [INFO] DbMcusAds:125 - Set database path to: C:\Users\utente\.stmcufinder\plugins\mcufinder//mcu/
2024-12-18 11:02:55,409 [WARN] DbFile:41 - Overriding database path with different value: C:\Users\utente\.stmcufinder\plugins\mcufinder/ => C:\Users\utente\.stmcufinder\plugins\mcufinder
2024-12-18 11:02:55,409 [WARN] DbFile:41 - Overriding database path with different value: C:\Users\utente\.stmcufinder\plugins\mcufinder/ => C:\Users\utente\.stmcufinder\plugins\mcufinder
2024-12-18 11:02:55,410 [INFO] CrossReferenceDbSqlite:203 - Set database path to: C:\Users\utente\.stmcufinder\plugins\mcufinder//mcu/cs/
2024-12-18 11:02:55,424 [INFO] ApplicationProperties:184 - Using Application install path: C:\ST\STM32CubeIDE_1.16.1\STM32CubeIDE\plugins\com.st.stm32cube.common.mx_6.12.1.202409122256
2024-12-18 11:02:55,425 [INFO] PluginManage:196 - Search for loadable plugins [exclusion list=, ]
2024-12-18 11:02:55,426 [INFO] PluginManage:310 - Check plugin analytics
2024-12-18 11:02:55,573 [INFO] AnalyticsPlugin:253 - Accepted Software Licenses: 
2024-12-18 11:02:55,573 [INFO] AnalyticsPlugin:255 - Accepted CMSIS Pack Licenses: 
2024-12-18 11:02:55,573 [INFO] AnalyticsPlugin:257 - Accepted Firmware Licenses: 
2024-12-18 11:02:55,576 [INFO] PluginManage:359 - Loaded plugin analytics (category:tool,tabindex:-1)
2024-12-18 11:02:55,576 [INFO] PluginManage:310 - Check plugin cadmodel
2024-12-18 11:02:55,596 [INFO] CADModel:105 - Init CAD model plugin
2024-12-18 11:02:55,597 [INFO] PluginManage:359 - Loaded plugin cadmodel (category:power,tabindex:5)
2024-12-18 11:02:55,597 [INFO] PluginManage:310 - Check plugin clock
2024-12-18 11:02:55,619 [INFO] PluginManage:359 - Loaded plugin clock (category:base,tabindex:2)
2024-12-18 11:02:55,619 [INFO] PluginManage:310 - Check plugin ddr
2024-12-18 11:02:55,622 [INFO] PluginManage:359 - Loaded plugin ddr (category:tool,tabindex:6)
2024-12-18 11:02:55,622 [INFO] PluginManage:310 - Check plugin filemanager
2024-12-18 11:02:55,764 [INFO] PluginManage:359 - Loaded plugin filemanager (category:base,tabindex:10)
2024-12-18 11:02:55,764 [INFO] PluginManage:310 - Check plugin ipmanager
2024-12-18 11:02:55,769 [INFO] PluginManage:359 - Loaded plugin ipmanager (category:base,tabindex:5)
2024-12-18 11:02:55,769 [INFO] PluginManage:310 - Check plugin lpbam
2024-12-18 11:02:55,786 [INFO] PluginManage:359 - Loaded plugin lpbam (category:base,tabindex:0)
2024-12-18 11:02:55,786 [INFO] PluginManage:310 - Check plugin memorymap
2024-12-18 11:02:55,813 [INFO] PluginManage:359 - Loaded plugin memorymap (category:base,tabindex:4)
2024-12-18 11:02:55,813 [INFO] PluginManage:310 - Check plugin pinoutandconfiguration
2024-12-18 11:02:55,831 [INFO] PluginManage:359 - Loaded plugin pinoutandconfiguration (category:base,tabindex:1)
2024-12-18 11:02:55,832 [INFO] PluginManage:310 - Check plugin pinoutconfig
2024-12-18 11:02:55,923 [WARN] SupportedApi:132 - Cannot load RTOS API schema: s4s-elt-must-match.1: The content of 'definitions' must match (annotation?, (simpleType | complexType)?, (unique | key | keyref)*)). A problem was found starting at: attribute.
2024-12-18 11:02:56,044 [INFO] PluginManage:359 - Loaded plugin pinoutconfig (category:base,tabindex:0)
2024-12-18 11:02:56,044 [INFO] PluginManage:310 - Check plugin power
2024-12-18 11:02:56,062 [INFO] PluginManage:359 - Loaded plugin power (category:power,tabindex:4)
2024-12-18 11:02:56,063 [INFO] PluginManage:310 - Check plugin projectmanager
2024-12-18 11:02:56,080 [INFO] PluginManage:359 - Loaded plugin projectmanager (category:projectmanager,tabindex:4)
2024-12-18 11:02:56,080 [INFO] PluginManage:310 - Check plugin rif
2024-12-18 11:02:56,095 [INFO] PluginManage:359 - Loaded plugin rif (category:base,tabindex:3)
2024-12-18 11:02:56,095 [INFO] PluginManage:310 - Check plugin thirdparty
2024-12-18 11:02:56,381 [INFO] PluginManage:359 - Loaded plugin thirdparty (category:base,tabindex:-1)
2024-12-18 11:02:56,381 [WARN] IntegrityCheckThread:84 - waiting for thirdparty lock release [integrity check]
2024-12-18 11:02:56,382 [INFO] PluginManage:310 - Check plugin tools
2024-12-18 11:02:56,382 [INFO] IntegrityCheckThread:86 - entering critical section [integrity check]
2024-12-18 11:02:56,382 [INFO] ThirdPartyUpdaterWithRetryManager:70 - Updater plugin not ready yet. [1/15]
2024-12-18 11:02:56,411 [INFO] PluginManage:359 - Loaded plugin tools (category:base,tabindex:7)
2024-12-18 11:02:56,412 [INFO] PluginManage:310 - Check plugin tutovideos
2024-12-18 11:02:56,610 [INFO] PluginManage:359 - Loaded plugin tutovideos (category:base,tabindex:-1)
2024-12-18 11:02:56,610 [INFO] PluginManage:310 - Check plugin updater
2024-12-18 11:02:56,631 [INFO] PluginManage:359 - Loaded plugin updater (category:base,tabindex:12)
2024-12-18 11:02:56,631 [INFO] PluginManage:310 - Check plugin userauth
2024-12-18 11:02:56,637 [INFO] UserAuth:113 - Init User Auth plugin
2024-12-18 11:02:56,638 [INFO] PluginManage:359 - Loaded plugin userauth (category:base,tabindex:14)
2024-12-18 11:02:56,638 [INFO] PluginManage:283 - PluginManage : Loaded plugins [18]
2024-12-18 11:02:56,864 [INFO] PinOutPanel:1561 - setPackage(No Configuration,No Configuration)
2024-12-18 11:02:56,944 [INFO] CADModel:165 - CPN selected for project level
2024-12-18 11:02:56,944 [INFO] CADModel:114 - Register for checkConnection events
2024-12-18 11:02:56,972 [INFO] IPUIPlugin:80 - create IPUIPlugin
2024-12-18 11:02:56,972 [INFO] PluginManager:220 - loadIPPluginJar : add adc
2024-12-18 11:02:57,003 [INFO] IPUIPlugin:80 - create IPUIPlugin
2024-12-18 11:02:57,004 [INFO] PluginManager:220 - loadIPPluginJar : add aes
2024-12-18 11:02:57,066 [INFO] IPUIPlugin:80 - create IPUIPlugin
2024-12-18 11:02:57,066 [INFO] PluginManager:220 - loadIPPluginJar : add can
2024-12-18 11:02:57,088 [INFO] IPUIPlugin:80 - create IPUIPlugin
2024-12-18 11:02:57,089 [INFO] PluginManager:220 - loadIPPluginJar : add comp
2024-12-18 11:02:57,138 [INFO] IPUIPlugin:80 - create IPUIPlugin
2024-12-18 11:02:57,138 [INFO] PluginManager:220 - loadIPPluginJar : add cryp
2024-12-18 11:02:57,153 [INFO] IPUIPlugin:80 - create IPUIPlugin
2024-12-18 11:02:57,154 [INFO] PluginManager:220 - loadIPPluginJar : add ddr_ctrl_phy
2024-12-18 11:02:57,191 [INFO] IPUIPlugin:80 - create IPUIPlugin
2024-12-18 11:02:57,192 [INFO] PluginManager:220 - loadIPPluginJar : add dfsdm
2024-12-18 11:02:57,218 [INFO] IPUIPlugin:80 - create IPUIPlugin
2024-12-18 11:02:57,218 [INFO] PluginManager:220 - loadIPPluginJar : add dma
2024-12-18 11:02:57,286 [INFO] IPUIPlugin:80 - create IPUIPlugin
2024-12-18 11:02:57,286 [INFO] PluginManager:220 - loadIPPluginJar : add dma3
2024-12-18 11:02:57,341 [INFO] IPUIPlugin:80 - create IPUIPlugin
2024-12-18 11:02:57,341 [INFO] PluginManager:220 - loadIPPluginJar : add extmemmanager
2024-12-18 11:02:57,378 [INFO] IPUIPlugin:80 - create IPUIPlugin
2024-12-18 11:02:57,378 [INFO] PluginManager:220 - loadIPPluginJar : add fatfs
2024-12-18 11:02:57,445 [INFO] IPUIPlugin:80 - create IPUIPlugin
2024-12-18 11:02:57,445 [INFO] PluginManager:220 - loadIPPluginJar : add fmc
2024-12-18 11:02:57,462 [INFO] IPUIPlugin:80 - create IPUIPlugin
2024-12-18 11:02:57,462 [INFO] PluginManager:220 - loadIPPluginJar : add freertos
2024-12-18 11:02:57,491 [INFO] IPUIPlugin:80 - create IPUIPlugin
2024-12-18 11:02:57,491 [INFO] PluginManager:220 - loadIPPluginJar : add genericplugin
2024-12-18 11:02:57,576 [INFO] IPUIPlugin:80 - create IPUIPlugin
2024-12-18 11:02:57,576 [INFO] PluginManager:220 - loadIPPluginJar : add gfxmmu
2024-12-18 11:02:57,746 [INFO] IPUIPlugin:80 - create IPUIPlugin
2024-12-18 11:02:57,746 [INFO] PluginManager:220 - loadIPPluginJar : add gic
2024-12-18 11:02:57,758 [INFO] IPUIPlugin:80 - create IPUIPlugin
2024-12-18 11:02:57,758 [INFO] PluginManager:220 - loadIPPluginJar : add gpio
2024-12-18 11:02:57,839 [INFO] IPUIPlugin:80 - create IPUIPlugin
2024-12-18 11:02:57,839 [INFO] PluginManager:220 - loadIPPluginJar : add gtzc
2024-12-18 11:02:57,869 [INFO] IPUIPlugin:80 - create IPUIPlugin
2024-12-18 11:02:57,869 [INFO] PluginManager:220 - loadIPPluginJar : add hash
2024-12-18 11:02:57,947 [INFO] IPUIPlugin:80 - create IPUIPlugin
2024-12-18 11:02:57,947 [INFO] PluginManager:220 - loadIPPluginJar : add i2c
2024-12-18 11:02:57,991 [INFO] IPUIPlugin:80 - create IPUIPlugin
2024-12-18 11:02:57,991 [INFO] PluginManager:220 - loadIPPluginJar : add i2s
2024-12-18 11:02:58,036 [INFO] IPUIPlugin:80 - create IPUIPlugin
2024-12-18 11:02:58,036 [INFO] PluginManager:220 - loadIPPluginJar : add i3c
2024-12-18 11:02:58,181 [INFO] IPUIPlugin:80 - create IPUIPlugin
2024-12-18 11:02:58,181 [INFO] PluginManager:220 - loadIPPluginJar : add ipddr
2024-12-18 11:02:58,282 [INFO] IPUIPlugin:80 - create IPUIPlugin
2024-12-18 11:02:58,282 [INFO] PluginManager:220 - loadIPPluginJar : add linkedlist
2024-12-18 11:02:58,337 [INFO] IPUIPlugin:80 - create IPUIPlugin
2024-12-18 11:02:58,337 [INFO] PluginManager:220 - loadIPPluginJar : add lorawan
2024-12-18 11:02:58,384 [INFO] IPUIPlugin:80 - create IPUIPlugin
2024-12-18 11:02:58,384 [INFO] PluginManager:220 - loadIPPluginJar : add ltdc
2024-12-18 11:02:58,399 [INFO] IPUIPlugin:80 - create IPUIPlugin
2024-12-18 11:02:58,399 [INFO] PluginManager:220 - loadIPPluginJar : add mdma
2024-12-18 11:02:58,415 [INFO] IPUIPlugin:80 - create IPUIPlugin
2024-12-18 11:02:58,415 [INFO] PluginManager:220 - loadIPPluginJar : add nvic
2024-12-18 11:02:58,459 [INFO] IPUIPlugin:80 - create IPUIPlugin
2024-12-18 11:02:58,459 [INFO] PluginManager:220 - loadIPPluginJar : add opamp
2024-12-18 11:02:58,522 [INFO] IPUIPlugin:80 - create IPUIPlugin
2024-12-18 11:02:58,522 [INFO] PluginManager:220 - loadIPPluginJar : add openamp
2024-12-18 11:02:58,564 [INFO] IPUIPlugin:80 - create IPUIPlugin
2024-12-18 11:02:58,564 [INFO] PluginManager:220 - loadIPPluginJar : add pdm2pcm
2024-12-18 11:02:58,580 [INFO] IPUIPlugin:80 - create IPUIPlugin
2024-12-18 11:02:58,581 [INFO] PluginManager:220 - loadIPPluginJar : add plateformsettings
2024-12-18 11:02:58,601 [INFO] IPUIPlugin:80 - create IPUIPlugin
2024-12-18 11:02:58,602 [INFO] PluginManager:220 - loadIPPluginJar : add quadspi
2024-12-18 11:02:58,626 [INFO] IPUIPlugin:80 - create IPUIPlugin
2024-12-18 11:02:58,626 [INFO] PluginManager:220 - loadIPPluginJar : add radio
2024-12-18 11:02:58,639 [INFO] IPUIPlugin:80 - create IPUIPlugin
2024-12-18 11:02:58,639 [INFO] PluginManager:220 - loadIPPluginJar : add resmgrutility
2024-12-18 11:02:58,702 [INFO] IPUIPlugin:80 - create IPUIPlugin
2024-12-18 11:02:58,702 [INFO] PluginManager:220 - loadIPPluginJar : add sai
2024-12-18 11:02:58,756 [INFO] IPUIPlugin:80 - create IPUIPlugin
2024-12-18 11:02:58,757 [INFO] PluginManager:220 - loadIPPluginJar : add spi
2024-12-18 11:02:58,888 [INFO] IPUIPlugin:80 - create IPUIPlugin
2024-12-18 11:02:58,888 [INFO] PluginManager:220 - loadIPPluginJar : add stm32_wpan
2024-12-18 11:02:58,918 [INFO] IPUIPlugin:80 - create IPUIPlugin
2024-12-18 11:02:58,918 [INFO] PluginManager:220 - loadIPPluginJar : add tim
2024-12-18 11:02:59,024 [INFO] IPUIPlugin:80 - create IPUIPlugin
2024-12-18 11:02:59,025 [INFO] PluginManager:220 - loadIPPluginJar : add touchsensing
2024-12-18 11:02:59,051 [INFO] IPUIPlugin:80 - create IPUIPlugin
2024-12-18 11:02:59,051 [INFO] PluginManager:220 - loadIPPluginJar : add tracer_emb
2024-12-18 11:02:59,084 [INFO] IPUIPlugin:80 - create IPUIPlugin
2024-12-18 11:02:59,084 [INFO] PluginManager:220 - loadIPPluginJar : add ts
2024-12-18 11:02:59,107 [INFO] IPUIPlugin:80 - create IPUIPlugin
2024-12-18 11:02:59,107 [INFO] PluginManager:220 - loadIPPluginJar : add tsc
2024-12-18 11:02:59,131 [INFO] IPUIPlugin:80 - create IPUIPlugin
2024-12-18 11:02:59,131 [INFO] PluginManager:220 - loadIPPluginJar : add ucpd
2024-12-18 11:02:59,191 [INFO] IPUIPlugin:80 - create IPUIPlugin
2024-12-18 11:02:59,191 [INFO] PluginManager:220 - loadIPPluginJar : add usart
2024-12-18 11:02:59,246 [INFO] IPUIPlugin:80 - create IPUIPlugin
2024-12-18 11:02:59,246 [INFO] PluginManager:220 - loadIPPluginJar : add usbx
2024-12-18 11:02:59,370 [INFO] CADModel:165 - CPN selected for project level
2024-12-18 11:02:59,370 [INFO] CADModel:114 - Register for checkConnection events
2024-12-18 11:02:59,371 [FATAL] Updater:334 - Updater called before beeing initialized
2024-12-18 11:02:59,371 [ERROR] CADModel:125 - Updater not yet initialized, retry later 
2024-12-18 11:02:59,384 [INFO] ThirdPartyUpdaterWithRetryManager:70 - Updater plugin not ready yet. [2/15]
2024-12-18 11:02:59,490 [INFO] CADModel:165 - CPN selected for project level
2024-12-18 11:02:59,490 [INFO] CADModel:114 - Register for checkConnection events
2024-12-18 11:02:59,490 [FATAL] Updater:334 - Updater called before beeing initialized
2024-12-18 11:02:59,490 [ERROR] CADModel:125 - Updater not yet initialized, retry later 
2024-12-18 11:02:59,494 [FATAL] Updater:334 - Updater called before beeing initialized
2024-12-18 11:02:59,573 [FATAL] Updater:334 - Updater called before beeing initialized
2024-12-18 11:02:59,582 [INFO] DbMcusAds:53 - JSON generation date=Fri Sep 20 15:04:23 CEST 2024 (1726837463113)
2024-12-18 11:02:59,582 [FATAL] Updater:334 - Updater called before beeing initialized
2024-12-18 11:02:59,613 [WARN] DetailPanel:346 - Failed to get advertising image, set to default
2024-12-18 11:02:59,671 [FATAL] Updater:334 - Updater called before beeing initialized
2024-12-18 11:02:59,672 [FATAL] Updater:334 - Updater called before beeing initialized
2024-12-18 11:02:59,672 [FATAL] Updater:334 - Updater called before beeing initialized
2024-12-18 11:02:59,672 [WARN] DetailPanel:346 - Failed to get advertising image, set to default
2024-12-18 11:02:59,673 [FATAL] Updater:334 - Updater called before beeing initialized
2024-12-18 11:02:59,723 [ERROR] Updater:1164 - MainUpdater not yet initialized. External WinMGr cannot be set.
2024-12-18 11:02:59,734 [INFO] Updater:1100 - Updater Version found : 6.12.1
2024-12-18 11:02:59,753 [INFO] ApplicationProperties:184 - Using Application install path: C:\ST\STM32CubeIDE_1.16.1\STM32CubeIDE\plugins\com.st.stm32cube.common.mx_6.12.1.202409122256
2024-12-18 11:03:00,144 [INFO] MainUpdater:2873 - connection check result : 10
2024-12-18 11:03:00,145 [INFO] MainUpdater:290 - Updater Check For Update Now.
2024-12-18 11:03:00,145 [INFO] MicroXplorer:498 - Change Database Version : DB.6.0.121
2024-12-18 11:03:00,160 [INFO] McuFinderGlobals:63 - Set McuFinder mode to 2 (CubeIDE integrated)
2024-12-18 11:03:00,168 [INFO] UserAuth:417 - Internet connection configuration mode: 1
2024-12-18 11:03:00,204 [INFO] JxBrowserEngine:152 - Initiate JxBrowser Engine with user profile folder
2024-12-18 11:03:00,398 [INFO] CheckServerUpdateThread:120 - End of CheckServer Thread
2024-12-18 11:03:02,626 [WARN] PackLoader:240 - Cannot read IP mode file for STMicroelectronics.FP-SNS-MOTENVWB1.1.4.0
2024-12-18 11:03:02,647 [WARN] PackLoader:240 - Cannot read IP mode file for STMicroelectronics.FP-ATR-ASTRA1.2.0.1
2024-12-18 11:03:02,668 [WARN] PackLoader:240 - Cannot read IP mode file for STMicroelectronics.X-CUBE-SMBUS.2.1.0
2024-12-18 11:03:02,692 [WARN] PackLoader:240 - Cannot read IP mode file for STMicroelectronics.X-CUBE-WB05N.1.1.0
2024-12-18 11:03:02,748 [WARN] PackLoader:240 - Cannot read IP mode file for STMicroelectronics.X-CUBE-AZRTOS-F7.1.1.0
2024-12-18 11:03:02,879 [WARN] PackLoader:240 - Cannot read IP mode file for STMicroelectronics.X-CUBE-MEMS1.11.0.0
2024-12-18 11:03:03,061 [WARN] PackLoader:240 - Cannot read IP mode file for STMicroelectronics.FP-SNS-FLIGHT1.5.0.2
2024-12-18 11:03:03,080 [WARN] PackLoader:240 - Cannot read IP mode file for STMicroelectronics.X-CUBE-DISPLAY.3.0.0
2024-12-18 11:03:03,101 [WARN] PackLoader:240 - Cannot read IP mode file for STMicroelectronics.X-CUBE-BLE1.7.0.0
2024-12-18 11:03:03,124 [WARN] PackLoader:240 - Cannot read IP mode file for STMicroelectronics.X-CUBE-NFC10.1.0.0
2024-12-18 11:03:03,144 [WARN] PackLoader:240 - Cannot read IP mode file for STMicroelectronics.X-CUBE-BLEMGR.4.0.0
2024-12-18 11:03:03,164 [WARN] PackLoader:240 - Cannot read IP mode file for emotas.I-CUBE-CANOPEN.1.3.0
2024-12-18 11:03:03,187 [WARN] PackLoader:240 - Cannot read IP mode file for STMicroelectronics.X-CUBE-BLEMGR.3.1.0
2024-12-18 11:03:03,205 [WARN] PackLoader:240 - Cannot read IP mode file for STMicroelectronics.FP-SNS-SMARTAG2.1.2.0
2024-12-18 11:03:03,234 [INFO] LogOutputStream:77 - [STDOUT_REDIRECT] 1 : Invalid condition id : UX_CORESTACK_Condition cause : null
2024-12-18 11:03:03,234 [INFO] LogOutputStream:77 - [STDOUT_REDIRECT] 1 : Invalid condition id : UX_CORESTACK_Condition cause : null
2024-12-18 11:03:03,236 [INFO] LogOutputStream:77 - [STDOUT_REDIRECT] 1 : Invalid condition id : UX_CORESTACK_Condition cause : null
2024-12-18 11:03:03,238 [INFO] LogOutputStream:77 - [STDOUT_REDIRECT] 1 : Invalid condition id : UX_CORESTACK_Condition cause : null
2024-12-18 11:03:03,240 [INFO] LogOutputStream:77 - [STDOUT_REDIRECT] 1 : Invalid condition id : UX_CORESTACK_Condition cause : null
2024-12-18 11:03:03,244 [WARN] PackLoader:240 - Cannot read IP mode file for STMicroelectronics.X-CUBE-AZRTOS-WL.2.0.0
2024-12-18 11:03:03,263 [WARN] PackLoader:240 - Cannot read IP mode file for STMicroelectronics.FP-SNS-MOTENV1.5.0.0
2024-12-18 11:03:03,278 [WARN] PackLoader:240 - Cannot read IP mode file for wolfSSL.I-CUBE-wolfMQTT.1.19.0
2024-12-18 11:03:03,292 [WARN] PackLoader:240 - Cannot read IP mode file for WES.I-CUBE-Cesium.1.3.0
2024-12-18 11:03:03,310 [WARN] PackLoader:240 - Cannot read IP mode file for STMicroelectronics.X-CUBE-BLE2.3.3.0
2024-12-18 11:03:03,327 [WARN] PackLoader:240 - Cannot read IP mode file for STMicroelectronics.X-CUBE-NFC9.1.0.0
2024-12-18 11:03:03,347 [WARN] PackLoader:240 - Cannot read IP mode file for STMicroelectronics.X-CUBE-TCPP.4.1.0
2024-12-18 11:03:03,386 [WARN] PackLoader:240 - Cannot read IP mode file for STMicroelectronics.X-CUBE-AZRTOS-G0.1.1.0
2024-12-18 11:03:03,408 [WARN] PackLoader:240 - Cannot read IP mode file for STMicroelectronics.X-CUBE-SAFEA1.1.2.2
2024-12-18 11:03:03,425 [WARN] PackLoader:240 - Cannot read IP mode file for STMicroelectronics.X-CUBE-NFC4.3.0.0
2024-12-18 11:03:03,443 [WARN] PackLoader:240 - Cannot read IP mode file for EmbeddedOffice.I-CUBE-FS-RTOS.1.0.1
2024-12-18 11:03:03,443 [ERROR] ConditionMgr:805 - Attr not supported : Dmpu
2024-12-18 11:03:03,443 [ERROR] ConditionMgr:805 - Attr not supported : Dmpu
2024-12-18 11:03:03,443 [ERROR] ConditionMgr:805 - Attr not supported : Dmpu
2024-12-18 11:03:03,443 [ERROR] ConditionMgr:805 - Attr not supported : Dmpu
2024-12-18 11:03:03,443 [ERROR] ConditionMgr:805 - Attr not supported : Dmpu
2024-12-18 11:03:03,444 [ERROR] ConditionMgr:805 - Attr not supported : Dmpu
2024-12-18 11:03:03,444 [ERROR] ConditionMgr:805 - Attr not supported : Dmpu
2024-12-18 11:03:03,444 [ERROR] ConditionMgr:805 - Attr not supported : Dmpu
2024-12-18 11:03:03,444 [ERROR] ConditionMgr:805 - Attr not supported : Dmpu
2024-12-18 11:03:03,444 [ERROR] ConditionMgr:805 - Attr not supported : Dmpu
2024-12-18 11:03:03,444 [ERROR] ConditionMgr:805 - Attr not supported : Dmpu
2024-12-18 11:03:03,444 [ERROR] ConditionMgr:805 - Attr not supported : Dmpu
2024-12-18 11:03:03,444 [ERROR] ConditionMgr:805 - Attr not supported : Dmpu
2024-12-18 11:03:03,444 [ERROR] ConditionMgr:805 - Attr not supported : Dmpu
2024-12-18 11:03:03,444 [ERROR] ConditionMgr:805 - Attr not supported : Dmpu
2024-12-18 11:03:03,444 [ERROR] ConditionMgr:805 - Attr not supported : Dmpu
2024-12-18 11:03:03,444 [ERROR] ConditionMgr:805 - Attr not supported : Dmpu
2024-12-18 11:03:03,444 [ERROR] ConditionMgr:805 - Attr not supported : Dmpu
2024-12-18 11:03:03,444 [ERROR] ConditionMgr:805 - Attr not supported : Dmpu
2024-12-18 11:03:03,444 [ERROR] ConditionMgr:805 - Attr not supported : Dmpu
2024-12-18 11:03:03,444 [ERROR] ConditionMgr:805 - Attr not supported : Dmpu
2024-12-18 11:03:03,444 [ERROR] ConditionMgr:805 - Attr not supported : Dmpu
2024-12-18 11:03:03,444 [ERROR] ConditionMgr:805 - Attr not supported : Dmpu
2024-12-18 11:03:03,445 [ERROR] ConditionMgr:805 - Attr not supported : Dmpu
2024-12-18 11:03:03,445 [ERROR] ConditionMgr:805 - Attr not supported : Dmpu
2024-12-18 11:03:03,445 [ERROR] ConditionMgr:805 - Attr not supported : Dmpu
2024-12-18 11:03:03,445 [ERROR] ConditionMgr:805 - Attr not supported : Dmpu
2024-12-18 11:03:03,445 [ERROR] ConditionMgr:805 - Attr not supported : Dmpu
2024-12-18 11:03:03,445 [ERROR] ConditionMgr:805 - Attr not supported : Dmpu
2024-12-18 11:03:03,445 [ERROR] ConditionMgr:805 - Attr not supported : Dmpu
2024-12-18 11:03:03,445 [ERROR] ConditionMgr:805 - Attr not supported : Dmpu
2024-12-18 11:03:03,446 [ERROR] ConditionMgr:805 - Attr not supported : Dmpu
2024-12-18 11:03:03,446 [ERROR] ConditionMgr:805 - Attr not supported : Dmpu
2024-12-18 11:03:03,446 [ERROR] ConditionMgr:805 - Attr not supported : Dmpu
2024-12-18 11:03:03,446 [ERROR] ConditionMgr:805 - Attr not supported : Dmpu
2024-12-18 11:03:03,446 [ERROR] ConditionMgr:805 - Attr not supported : Dmpu
2024-12-18 11:03:03,446 [ERROR] ConditionMgr:805 - Attr not supported : Dmpu
2024-12-18 11:03:03,446 [ERROR] ConditionMgr:805 - Attr not supported : Dmpu
2024-12-18 11:03:03,446 [ERROR] ConditionMgr:805 - Attr not supported : Dmpu
2024-12-18 11:03:03,446 [ERROR] ConditionMgr:805 - Attr not supported : Dmpu
2024-12-18 11:03:03,446 [ERROR] ConditionMgr:805 - Attr not supported : Dmpu
2024-12-18 11:03:03,446 [ERROR] ConditionMgr:805 - Attr not supported : Dmpu
2024-12-18 11:03:03,447 [ERROR] ConditionMgr:805 - Attr not supported : Dmpu
2024-12-18 11:03:03,447 [ERROR] ConditionMgr:805 - Attr not supported : Dmpu
2024-12-18 11:03:03,447 [ERROR] ConditionMgr:805 - Attr not supported : Dmpu
2024-12-18 11:03:03,447 [ERROR] ConditionMgr:805 - Attr not supported : Dmpu
2024-12-18 11:03:03,447 [ERROR] ConditionMgr:805 - Attr not supported : Dmpu
2024-12-18 11:03:03,447 [ERROR] ConditionMgr:805 - Attr not supported : Dmpu
2024-12-18 11:03:03,447 [ERROR] ConditionMgr:805 - Attr not supported : Dmpu
2024-12-18 11:03:03,447 [ERROR] ConditionMgr:805 - Attr not supported : Dmpu
2024-12-18 11:03:03,447 [ERROR] ConditionMgr:805 - Attr not supported : Dmpu
2024-12-18 11:03:03,447 [ERROR] ConditionMgr:805 - Attr not supported : Dmpu
2024-12-18 11:03:03,447 [ERROR] ConditionMgr:805 - Attr not supported : Dmpu
2024-12-18 11:03:03,448 [ERROR] ConditionMgr:805 - Attr not supported : Dmpu
2024-12-18 11:03:03,448 [ERROR] ConditionMgr:805 - Attr not supported : Dmpu
2024-12-18 11:03:03,448 [ERROR] ConditionMgr:805 - Attr not supported : Dmpu
2024-12-18 11:03:03,448 [ERROR] ConditionMgr:805 - Attr not supported : Dmpu
2024-12-18 11:03:03,448 [ERROR] ConditionMgr:805 - Attr not supported : Dmpu
2024-12-18 11:03:03,448 [ERROR] ConditionMgr:805 - Attr not supported : Dmpu
2024-12-18 11:03:03,448 [ERROR] ConditionMgr:805 - Attr not supported : Dmpu
2024-12-18 11:03:03,448 [ERROR] ConditionMgr:805 - Attr not supported : Dmpu
2024-12-18 11:03:03,448 [ERROR] ConditionMgr:805 - Attr not supported : Dmpu
2024-12-18 11:03:03,449 [ERROR] ConditionMgr:805 - Attr not supported : Dmpu
2024-12-18 11:03:03,449 [ERROR] ConditionMgr:805 - Attr not supported : Dmpu
2024-12-18 11:03:03,464 [ERROR] Engine:466 - C:\Users\utente\.stm32cubemx\thirdparties\pdsc\STMicroelectronics.X-CUBE-TCPP.4.2.0.pdsc: PDSC version is not supported
2024-12-18 11:03:03,485 [WARN] PackLoader:240 - Cannot read IP mode file for RealThread.X-CUBE-RT-Thread_Nano.4.1.1
2024-12-18 11:03:03,503 [WARN] PackLoader:240 - Cannot read IP mode file for STMicroelectronics.FP-ATR-SIGFOX1.3.2.0
2024-12-18 11:03:03,519 [WARN] PackLoader:240 - Cannot read IP mode file for wolfSSL.I-CUBE-wolfSSL.5.7.2
2024-12-18 11:03:03,531 [WARN] ConditionMgr:438 - getConditionDescription Invalid condition id : Cortex-A Device cause : null
2024-12-18 11:03:03,558 [WARN] ConditionMgr:1039 - genDependencies : Invalid condition id : Cortex-A Device cause : null
2024-12-18 11:03:03,558 [WARN] ConditionMgr:1039 - genDependencies : Invalid condition id : Cortex-A Device cause : null
2024-12-18 11:03:03,558 [WARN] ConditionMgr:1039 - genDependencies : Invalid condition id : Cortex-A Device cause : null
2024-12-18 11:03:03,579 [WARN] PackLoader:240 - Cannot read IP mode file for STMicroelectronics.X-CUBE-EEPRMA1.5.1.0
2024-12-18 11:03:03,601 [WARN] PackLoader:240 - Cannot read IP mode file for ITTIA_DB.I-CUBE-ITTIADB.8.9.0
2024-12-18 11:03:03,650 [WARN] PackLoader:240 - Cannot read IP mode file for SEGGER.I-CUBE-embOS.1.3.1
2024-12-18 11:03:03,705 [WARN] PackLoader:240 - Cannot read IP mode file for STMicroelectronics.X-CUBE-ALGOBUILD.1.4.0
2024-12-18 11:03:03,722 [WARN] PackLoader:240 - Cannot read IP mode file for STMicroelectronics.X-CUBE-AI.9.1.0
2024-12-18 11:03:03,761 [WARN] PackLoader:240 - Cannot read IP mode file for STMicroelectronics.X-CUBE-AZRTOS-F4.1.1.0
2024-12-18 11:03:03,782 [WARN] PackLoader:240 - Cannot read IP mode file for STMicroelectronics.X-CUBE-ISPU.2.1.0
2024-12-18 11:03:03,802 [WARN] PackLoader:240 - Cannot read IP mode file for STMicroelectronics.X-CUBE-FREERTOS.1.2.0
2024-12-18 11:03:03,842 [WARN] PackLoader:240 - Cannot read IP mode file for STMicroelectronics.X-CUBE-AZRTOS-L5.2.0.0
2024-12-18 11:03:03,872 [WARN] PackLoader:240 - Cannot read IP mode file for STMicroelectronics.X-CUBE-NFC6.3.1.0
2024-12-18 11:03:03,891 [WARN] PackLoader:240 - Cannot read IP mode file for STMicroelectronics.X-CUBE-DPower.1.2.0
2024-12-18 11:03:03,906 [WARN] PackLoader:240 - Cannot read IP mode file for STMicroelectronics.X-CUBE-FREERTOS.1.3.0
2024-12-18 11:03:03,923 [WARN] PackLoader:240 - Cannot read IP mode file for STMicroelectronics.X-CUBE-NFC7.1.0.1
2024-12-18 11:03:03,971 [WARN] ConditionMgr:438 - getConditionDescription Invalid condition id : LAN8742 Phy interface Condition cause : null
2024-12-18 11:03:03,971 [WARN] PackLoader:240 - Cannot read IP mode file for STMicroelectronics.X-CUBE-AZRTOS-L4.2.0.0
2024-12-18 11:03:03,973 [WARN] ConditionMgr:1039 - genDependencies : Invalid condition id : LAN8742 Phy interface Condition cause : null
2024-12-18 11:03:03,973 [WARN] ConditionMgr:1039 - genDependencies : Invalid condition id : LAN8742 Phy interface Condition cause : null
2024-12-18 11:03:03,974 [WARN] ConditionMgr:1039 - genDependencies : Invalid condition id : LAN8742 Phy interface Condition cause : null
2024-12-18 11:03:03,994 [WARN] PackLoader:240 - Cannot read IP mode file for STMicroelectronics.X-CUBE-SFXS2LP1.4.0.0
2024-12-18 11:03:04,046 [WARN] PackLoader:240 - Cannot read IP mode file for STMicroelectronics.X-CUBE-AZRTOS-H7.3.3.0
2024-12-18 11:03:04,093 [WARN] PackLoader:240 - Cannot read IP mode file for STMicroelectronics.X-CUBE-IPS.3.0.0
2024-12-18 11:03:04,119 [WARN] ConditionMgr:438 - getConditionDescription Invalid condition id : UX DEVICE CLASS RTOS Condition cause : null
2024-12-18 11:03:04,119 [WARN] ConditionMgr:438 - getConditionDescription Invalid condition id : UX DEVICE CLASS RTOS Condition cause : null
2024-12-18 11:03:04,120 [WARN] PackLoader:240 - Cannot read IP mode file for STMicroelectronics.X-CUBE-AZRTOS-WB.2.0.0
2024-12-18 11:03:04,121 [WARN] ConditionMgr:1039 - genDependencies : Invalid condition id : UX DEVICE CLASS RTOS Condition cause : null
2024-12-18 11:03:04,121 [WARN] ConditionMgr:1039 - genDependencies : Invalid condition id : UX DEVICE CLASS RTOS Condition cause : null
2024-12-18 11:03:04,121 [WARN] ConditionMgr:1039 - genDependencies : Invalid condition id : UX DEVICE CLASS RTOS Condition cause : null
2024-12-18 11:03:04,121 [WARN] ConditionMgr:1039 - genDependencies : Invalid condition id : UX DEVICE CLASS RTOS Condition cause : null
2024-12-18 11:03:04,121 [WARN] ConditionMgr:1039 - genDependencies : Invalid condition id : UX DEVICE CLASS RTOS Condition cause : null
2024-12-18 11:03:04,136 [WARN] PackLoader:240 - Cannot read IP mode file for STMicroelectronics.X-CUBE-GNSS1.7.0.0
2024-12-18 11:03:04,155 [WARN] PackLoader:240 - Cannot read IP mode file for STMicroelectronics.FP-SNS-STBOX1.2.0.0
2024-12-18 11:03:04,177 [WARN] PackLoader:240 - Cannot read IP mode file for STMicroelectronics.X-CUBE-SUBG2.5.0.0
2024-12-18 11:03:04,190 [WARN] PackLoader:240 - Cannot read IP mode file for Cesanta.I-CUBE-Mongoose.7.13.0
2024-12-18 11:03:04,212 [WARN] PackLoader:240 - Cannot read IP mode file for STMicroelectronics.X-CUBE-AZRTOS-G4.2.0.0
2024-12-18 11:03:04,228 [WARN] PackLoader:240 - Cannot read IP mode file for STMicroelectronics.X-CUBE-ALS.1.0.2
2024-12-18 11:03:04,248 [WARN] PackLoader:240 - Cannot read IP mode file for STMicroelectronics.X-CUBE-TOUCHGFX.4.24.1
2024-12-18 11:03:04,264 [WARN] PackLoader:240 - Cannot read IP mode file for wolfSSL.I-CUBE-wolfTPM.3.4.0
2024-12-18 11:03:04,276 [WARN] PackLoader:240 - Cannot read IP mode file for portGmbH.I-Cube-SoM-uGOAL.1.1.0
2024-12-18 11:03:04,310 [WARN] PackLoader:240 - Cannot read IP mode file for STMicroelectronics.X-CUBE-AZRTOS-H7RS.1.0.0
2024-12-18 11:03:04,327 [WARN] PackLoader:240 - Cannot read IP mode file for STMicroelectronics.FP-ATR-ASTRA1.2.0.0
2024-12-18 11:03:04,348 [WARN] PackLoader:240 - Cannot read IP mode file for STMicroelectronics.X-CUBE-TOF1.3.4.2
2024-12-18 11:03:04,395 [WARN] PackLoader:240 - Cannot read IP mode file for Infineon.AIROC-Wi-Fi-Bluetooth-STM32.1.6.1
2024-12-18 11:03:04,413 [WARN] PackLoader:240 - Cannot read IP mode file for wolfSSL.I-CUBE-wolfSSH.1.4.17
2024-12-18 11:03:04,413 [INFO] ThirdParty:978 - Integrity check success = true
2024-12-18 11:03:04,413 [INFO] IntegrityCheckThread:100 - exiting critical section [integrity check]
2024-12-18 11:03:04,414 [INFO] IntegrityCheckThread:103 - End integrity checks thread
2024-12-18 11:03:07,105 [INFO] WebApp:167 - Instantiating new browser for Auth
2024-12-18 11:03:07,908 [INFO] WebApp:448 - Apply proxy settings
2024-12-18 11:03:07,909 [INFO] WebApp:533 - Chromium requires no authentication
2024-12-18 11:03:07,919 [INFO] WebApp:476 - Direct internet connection detected
2024-12-18 11:03:07,943 [INFO] WebApp:869 - Register for checkConnection events
2024-12-18 11:03:07,943 [INFO] WebApp:448 - Apply proxy settings
2024-12-18 11:03:07,943 [INFO] WebApp:533 - Chromium requires no authentication
2024-12-18 11:03:07,944 [INFO] WebApp:476 - Direct internet connection detected
2024-12-18 11:03:08,161 [INFO] WebApp:186 - Connection restablished
2024-12-18 11:03:08,195 [INFO] WebApp:220 - Starting web application
2024-12-18 11:03:08,195 [INFO] WebApp:578 - Web application path used C:\ST\STM32CubeIDE_1.16.1\STM32CubeIDE\plugins\com.st.stm32cube.common.mx_6.12.1.202409122256\db\plugins\mcufinder\reactClient1\index.html
2024-12-18 11:03:08,371 [INFO] UserAuth:417 - Internet connection configuration mode: 1
2024-12-18 11:04:26,454 [ERROR] LogOutputStream:75 - [STDERR_REDIRECT] 
2024-12-18 21:35:11,105 [INFO] Activator:176 - 


2024-12-18 21:35:11,105 [INFO] Activator:177 - !SESSION log4j initialized
2024-12-18 21:35:16,384 [INFO] LogOutputStream:77 - [STDOUT_REDIRECT] 
2024-12-18 21:35:18,418 [INFO] ApplicationProperties:184 - Using Application install path: C:\ST\STM32CubeIDE_1.16.1\STM32CubeIDE\plugins\com.st.stm32cube.common.mx_6.12.1.202409122256
2024-12-18 21:35:18,437 [INFO] DbMcusXml:78 - Set database path to: C:\ST\STM32CubeIDE_1.16.1\STM32CubeIDE\plugins\com.st.stm32cube.common.mx_6.12.1.202409122256\\db\/mcu/
2024-12-18 21:35:18,437 [INFO] ApiDb:274 - Set plugin database path to: C:\ST\STM32CubeIDE_1.16.1\STM32CubeIDE\plugins\com.st.stm32cube.common.mx_6.12.1.202409122256\\db\/plugins/boardmanager/
2024-12-18 21:35:18,437 [WARN] ApiDb:259 - Overriding images path with different value:  => C:\ST\STM32CubeIDE_1.16.1\STM32CubeIDE\plugins\com.st.stm32cube.common.mx_6.12.1.202409122256\\db\/plugins/mcufinder/images/
2024-12-18 21:35:18,443 [INFO] ApiDb:250 - Set database path to: C:\Users\utente\.stmcufinder\plugins\mcufinder//mcu/
2024-12-18 21:35:18,445 [INFO] DbMcusAds:125 - Set database path to: C:\Users\utente\.stmcufinder\plugins\mcufinder//mcu/
2024-12-18 21:35:18,446 [INFO] CrossReferenceDbSqlite:203 - Set database path to: C:\Users\utente\.stmcufinder\plugins\mcufinder//mcu/cs/
2024-12-18 21:35:18,551 [INFO] RulesReader:64 - Compatibility file has been processed (297 Rules)
2024-12-18 21:35:18,606 [INFO] DbMcusXml:78 - Set database path to: C:\ST\STM32CubeIDE_1.16.1\STM32CubeIDE\plugins\com.st.stm32cube.common.mx_6.12.1.202409122256\\db\/mcu/
2024-12-18 21:35:18,606 [INFO] ApiDb:274 - Set plugin database path to: C:\ST\STM32CubeIDE_1.16.1\STM32CubeIDE\plugins\com.st.stm32cube.common.mx_6.12.1.202409122256\\db\/plugins/boardmanager/
2024-12-18 21:35:18,606 [INFO] ApiDb:261 - Set plugin images path to: C:\ST\STM32CubeIDE_1.16.1\STM32CubeIDE\plugins\com.st.stm32cube.common.mx_6.12.1.202409122256\\db\/plugins/mcufinder/images/
2024-12-18 21:35:18,606 [WARN] DbFile:41 - Overriding database path with different value: C:\Users\utente\.stmcufinder\plugins\mcufinder/ => C:\Users\utente\.stmcufinder\plugins\mcufinder
2024-12-18 21:35:18,606 [INFO] ApiDb:250 - Set database path to: C:\Users\utente\.stmcufinder\plugins\mcufinder//mcu/
2024-12-18 21:35:18,606 [WARN] DbFile:41 - Overriding database path with different value: C:\Users\utente\.stmcufinder\plugins\mcufinder/ => C:\Users\utente\.stmcufinder\plugins\mcufinder
2024-12-18 21:35:18,607 [INFO] DbMcusAds:125 - Set database path to: C:\Users\utente\.stmcufinder\plugins\mcufinder//mcu/
2024-12-18 21:35:18,607 [WARN] DbFile:41 - Overriding database path with different value: C:\Users\utente\.stmcufinder\plugins\mcufinder/ => C:\Users\utente\.stmcufinder\plugins\mcufinder
2024-12-18 21:35:18,607 [WARN] DbFile:41 - Overriding database path with different value: C:\Users\utente\.stmcufinder\plugins\mcufinder/ => C:\Users\utente\.stmcufinder\plugins\mcufinder
2024-12-18 21:35:18,607 [INFO] CrossReferenceDbSqlite:203 - Set database path to: C:\Users\utente\.stmcufinder\plugins\mcufinder//mcu/cs/
2024-12-18 21:35:18,674 [INFO] MainPanel:268 - HeapMemory: 268435456
2024-12-18 21:35:18,797 [INFO] DbMcusXml:78 - Set database path to: C:\ST\STM32CubeIDE_1.16.1\STM32CubeIDE\plugins\com.st.stm32cube.common.mx_6.12.1.202409122256\\db\/mcu/
2024-12-18 21:35:18,797 [INFO] ApiDb:274 - Set plugin database path to: C:\ST\STM32CubeIDE_1.16.1\STM32CubeIDE\plugins\com.st.stm32cube.common.mx_6.12.1.202409122256\\db\/plugins/boardmanager/
2024-12-18 21:35:18,797 [INFO] ApiDb:261 - Set plugin images path to: C:\ST\STM32CubeIDE_1.16.1\STM32CubeIDE\plugins\com.st.stm32cube.common.mx_6.12.1.202409122256\\db\/plugins/mcufinder/images/
2024-12-18 21:35:18,797 [WARN] DbFile:41 - Overriding database path with different value: C:\Users\utente\.stmcufinder\plugins\mcufinder/ => C:\Users\utente\.stmcufinder\plugins\mcufinder
2024-12-18 21:35:18,798 [INFO] ApiDb:250 - Set database path to: C:\Users\utente\.stmcufinder\plugins\mcufinder//mcu/
2024-12-18 21:35:18,798 [WARN] DbFile:41 - Overriding database path with different value: C:\Users\utente\.stmcufinder\plugins\mcufinder/ => C:\Users\utente\.stmcufinder\plugins\mcufinder
2024-12-18 21:35:18,798 [INFO] DbMcusAds:125 - Set database path to: C:\Users\utente\.stmcufinder\plugins\mcufinder//mcu/
2024-12-18 21:35:18,798 [WARN] DbFile:41 - Overriding database path with different value: C:\Users\utente\.stmcufinder\plugins\mcufinder/ => C:\Users\utente\.stmcufinder\plugins\mcufinder
2024-12-18 21:35:18,798 [WARN] DbFile:41 - Overriding database path with different value: C:\Users\utente\.stmcufinder\plugins\mcufinder/ => C:\Users\utente\.stmcufinder\plugins\mcufinder
2024-12-18 21:35:18,798 [INFO] CrossReferenceDbSqlite:203 - Set database path to: C:\Users\utente\.stmcufinder\plugins\mcufinder//mcu/cs/
2024-12-18 21:35:18,819 [INFO] ApplicationProperties:184 - Using Application install path: C:\ST\STM32CubeIDE_1.16.1\STM32CubeIDE\plugins\com.st.stm32cube.common.mx_6.12.1.202409122256
2024-12-18 21:35:18,821 [INFO] PluginManage:196 - Search for loadable plugins [exclusion list=, ]
2024-12-18 21:35:18,822 [INFO] PluginManage:310 - Check plugin analytics
2024-12-18 21:35:18,968 [INFO] AnalyticsPlugin:253 - Accepted Software Licenses: 
2024-12-18 21:35:18,968 [INFO] AnalyticsPlugin:255 - Accepted CMSIS Pack Licenses: 
2024-12-18 21:35:18,968 [INFO] AnalyticsPlugin:257 - Accepted Firmware Licenses: 
2024-12-18 21:35:18,972 [INFO] PluginManage:359 - Loaded plugin analytics (category:tool,tabindex:-1)
2024-12-18 21:35:18,972 [INFO] PluginManage:310 - Check plugin cadmodel
2024-12-18 21:35:18,987 [INFO] CADModel:105 - Init CAD model plugin
2024-12-18 21:35:18,987 [INFO] PluginManage:359 - Loaded plugin cadmodel (category:power,tabindex:5)
2024-12-18 21:35:18,989 [INFO] PluginManage:310 - Check plugin clock
2024-12-18 21:35:19,005 [INFO] PluginManage:359 - Loaded plugin clock (category:base,tabindex:2)
2024-12-18 21:35:19,006 [INFO] PluginManage:310 - Check plugin ddr
2024-12-18 21:35:19,007 [INFO] PluginManage:359 - Loaded plugin ddr (category:tool,tabindex:6)
2024-12-18 21:35:19,007 [INFO] PluginManage:310 - Check plugin filemanager
2024-12-18 21:35:19,141 [INFO] PluginManage:359 - Loaded plugin filemanager (category:base,tabindex:10)
2024-12-18 21:35:19,141 [INFO] PluginManage:310 - Check plugin ipmanager
2024-12-18 21:35:19,147 [INFO] PluginManage:359 - Loaded plugin ipmanager (category:base,tabindex:5)
2024-12-18 21:35:19,148 [INFO] PluginManage:310 - Check plugin lpbam
2024-12-18 21:35:19,163 [INFO] PluginManage:359 - Loaded plugin lpbam (category:base,tabindex:0)
2024-12-18 21:35:19,163 [INFO] PluginManage:310 - Check plugin memorymap
2024-12-18 21:35:19,184 [INFO] PluginManage:359 - Loaded plugin memorymap (category:base,tabindex:4)
2024-12-18 21:35:19,184 [INFO] PluginManage:310 - Check plugin pinoutandconfiguration
2024-12-18 21:35:19,200 [INFO] PluginManage:359 - Loaded plugin pinoutandconfiguration (category:base,tabindex:1)
2024-12-18 21:35:19,200 [INFO] PluginManage:310 - Check plugin pinoutconfig
2024-12-18 21:35:19,275 [WARN] SupportedApi:132 - Cannot load RTOS API schema: s4s-elt-must-match.1: The content of 'definitions' must match (annotation?, (simpleType | complexType)?, (unique | key | keyref)*)). A problem was found starting at: attribute.
2024-12-18 21:35:19,373 [INFO] PluginManage:359 - Loaded plugin pinoutconfig (category:base,tabindex:0)
2024-12-18 21:35:19,373 [INFO] PluginManage:310 - Check plugin power
2024-12-18 21:35:19,396 [INFO] PluginManage:359 - Loaded plugin power (category:power,tabindex:4)
2024-12-18 21:35:19,396 [INFO] PluginManage:310 - Check plugin projectmanager
2024-12-18 21:35:19,409 [INFO] PluginManage:359 - Loaded plugin projectmanager (category:projectmanager,tabindex:4)
2024-12-18 21:35:19,409 [INFO] PluginManage:310 - Check plugin rif
2024-12-18 21:35:19,425 [INFO] PluginManage:359 - Loaded plugin rif (category:base,tabindex:3)
2024-12-18 21:35:19,425 [INFO] PluginManage:310 - Check plugin thirdparty
2024-12-18 21:35:19,699 [INFO] PluginManage:359 - Loaded plugin thirdparty (category:base,tabindex:-1)
2024-12-18 21:35:19,699 [WARN] IntegrityCheckThread:84 - waiting for thirdparty lock release [integrity check]
2024-12-18 21:35:19,699 [INFO] PluginManage:310 - Check plugin tools
2024-12-18 21:35:19,700 [INFO] IntegrityCheckThread:86 - entering critical section [integrity check]
2024-12-18 21:35:19,700 [INFO] ThirdPartyUpdaterWithRetryManager:70 - Updater plugin not ready yet. [1/15]
2024-12-18 21:35:19,744 [INFO] PluginManage:359 - Loaded plugin tools (category:base,tabindex:7)
2024-12-18 21:35:19,744 [INFO] PluginManage:310 - Check plugin tutovideos
2024-12-18 21:35:19,887 [INFO] PluginManage:359 - Loaded plugin tutovideos (category:base,tabindex:-1)
2024-12-18 21:35:19,888 [INFO] PluginManage:310 - Check plugin updater
2024-12-18 21:35:19,903 [INFO] PluginManage:359 - Loaded plugin updater (category:base,tabindex:12)
2024-12-18 21:35:19,903 [INFO] PluginManage:310 - Check plugin userauth
2024-12-18 21:35:19,907 [INFO] UserAuth:113 - Init User Auth plugin
2024-12-18 21:35:19,907 [INFO] PluginManage:359 - Loaded plugin userauth (category:base,tabindex:14)
2024-12-18 21:35:19,908 [INFO] PluginManage:283 - PluginManage : Loaded plugins [18]
2024-12-18 21:35:20,075 [INFO] PinOutPanel:1561 - setPackage(No Configuration,No Configuration)
2024-12-18 21:35:20,158 [INFO] CADModel:165 - CPN selected for project level
2024-12-18 21:35:20,158 [INFO] CADModel:114 - Register for checkConnection events
2024-12-18 21:35:20,183 [INFO] IPUIPlugin:80 - create IPUIPlugin
2024-12-18 21:35:20,183 [INFO] PluginManager:220 - loadIPPluginJar : add adc
2024-12-18 21:35:20,214 [INFO] IPUIPlugin:80 - create IPUIPlugin
2024-12-18 21:35:20,214 [INFO] PluginManager:220 - loadIPPluginJar : add aes
2024-12-18 21:35:20,251 [INFO] IPUIPlugin:80 - create IPUIPlugin
2024-12-18 21:35:20,251 [INFO] PluginManager:220 - loadIPPluginJar : add can
2024-12-18 21:35:20,253 [INFO] IPUIPlugin:80 - create IPUIPlugin
2024-12-18 21:35:20,254 [INFO] PluginManager:220 - loadIPPluginJar : add comp
2024-12-18 21:35:20,286 [INFO] IPUIPlugin:80 - create IPUIPlugin
2024-12-18 21:35:20,286 [INFO] PluginManager:220 - loadIPPluginJar : add cryp
2024-12-18 21:35:20,296 [INFO] IPUIPlugin:80 - create IPUIPlugin
2024-12-18 21:35:20,297 [INFO] PluginManager:220 - loadIPPluginJar : add ddr_ctrl_phy
2024-12-18 21:35:20,323 [INFO] IPUIPlugin:80 - create IPUIPlugin
2024-12-18 21:35:20,323 [INFO] PluginManager:220 - loadIPPluginJar : add dfsdm
2024-12-18 21:35:20,338 [INFO] IPUIPlugin:80 - create IPUIPlugin
2024-12-18 21:35:20,338 [INFO] PluginManager:220 - loadIPPluginJar : add dma
2024-12-18 21:35:20,379 [INFO] IPUIPlugin:80 - create IPUIPlugin
2024-12-18 21:35:20,379 [INFO] PluginManager:220 - loadIPPluginJar : add dma3
2024-12-18 21:35:20,422 [INFO] IPUIPlugin:80 - create IPUIPlugin
2024-12-18 21:35:20,423 [INFO] PluginManager:220 - loadIPPluginJar : add extmemmanager
2024-12-18 21:35:20,442 [INFO] IPUIPlugin:80 - create IPUIPlugin
2024-12-18 21:35:20,442 [INFO] PluginManager:220 - loadIPPluginJar : add fatfs
2024-12-18 21:35:20,488 [INFO] IPUIPlugin:80 - create IPUIPlugin
2024-12-18 21:35:20,488 [INFO] PluginManager:220 - loadIPPluginJar : add fmc
2024-12-18 21:35:20,510 [INFO] IPUIPlugin:80 - create IPUIPlugin
2024-12-18 21:35:20,510 [INFO] PluginManager:220 - loadIPPluginJar : add freertos
2024-12-18 21:35:20,536 [INFO] IPUIPlugin:80 - create IPUIPlugin
2024-12-18 21:35:20,536 [INFO] PluginManager:220 - loadIPPluginJar : add genericplugin
2024-12-18 21:35:20,613 [INFO] IPUIPlugin:80 - create IPUIPlugin
2024-12-18 21:35:20,614 [INFO] PluginManager:220 - loadIPPluginJar : add gfxmmu
2024-12-18 21:35:20,711 [INFO] IPUIPlugin:80 - create IPUIPlugin
2024-12-18 21:35:20,712 [INFO] PluginManager:220 - loadIPPluginJar : add gic
2024-12-18 21:35:20,725 [INFO] IPUIPlugin:80 - create IPUIPlugin
2024-12-18 21:35:20,725 [INFO] PluginManager:220 - loadIPPluginJar : add gpio
2024-12-18 21:35:20,801 [INFO] IPUIPlugin:80 - create IPUIPlugin
2024-12-18 21:35:20,801 [INFO] PluginManager:220 - loadIPPluginJar : add gtzc
2024-12-18 21:35:20,829 [INFO] IPUIPlugin:80 - create IPUIPlugin
2024-12-18 21:35:20,829 [INFO] PluginManager:220 - loadIPPluginJar : add hash
2024-12-18 21:35:20,880 [INFO] IPUIPlugin:80 - create IPUIPlugin
2024-12-18 21:35:20,880 [INFO] PluginManager:220 - loadIPPluginJar : add i2c
2024-12-18 21:35:20,914 [INFO] IPUIPlugin:80 - create IPUIPlugin
2024-12-18 21:35:20,914 [INFO] PluginManager:220 - loadIPPluginJar : add i2s
2024-12-18 21:35:20,951 [INFO] IPUIPlugin:80 - create IPUIPlugin
2024-12-18 21:35:20,951 [INFO] PluginManager:220 - loadIPPluginJar : add i3c
2024-12-18 21:35:21,036 [INFO] IPUIPlugin:80 - create IPUIPlugin
2024-12-18 21:35:21,037 [INFO] PluginManager:220 - loadIPPluginJar : add ipddr
2024-12-18 21:35:21,111 [INFO] IPUIPlugin:80 - create IPUIPlugin
2024-12-18 21:35:21,111 [INFO] PluginManager:220 - loadIPPluginJar : add linkedlist
2024-12-18 21:35:21,139 [INFO] IPUIPlugin:80 - create IPUIPlugin
2024-12-18 21:35:21,139 [INFO] PluginManager:220 - loadIPPluginJar : add lorawan
2024-12-18 21:35:21,169 [INFO] IPUIPlugin:80 - create IPUIPlugin
2024-12-18 21:35:21,169 [INFO] PluginManager:220 - loadIPPluginJar : add ltdc
2024-12-18 21:35:21,183 [INFO] IPUIPlugin:80 - create IPUIPlugin
2024-12-18 21:35:21,183 [INFO] PluginManager:220 - loadIPPluginJar : add mdma
2024-12-18 21:35:21,193 [INFO] IPUIPlugin:80 - create IPUIPlugin
2024-12-18 21:35:21,193 [INFO] PluginManager:220 - loadIPPluginJar : add nvic
2024-12-18 21:35:21,230 [INFO] IPUIPlugin:80 - create IPUIPlugin
2024-12-18 21:35:21,230 [INFO] PluginManager:220 - loadIPPluginJar : add opamp
2024-12-18 21:35:21,283 [INFO] IPUIPlugin:80 - create IPUIPlugin
2024-12-18 21:35:21,284 [INFO] PluginManager:220 - loadIPPluginJar : add openamp
2024-12-18 21:35:21,318 [INFO] IPUIPlugin:80 - create IPUIPlugin
2024-12-18 21:35:21,318 [INFO] PluginManager:220 - loadIPPluginJar : add pdm2pcm
2024-12-18 21:35:21,334 [INFO] IPUIPlugin:80 - create IPUIPlugin
2024-12-18 21:35:21,336 [INFO] PluginManager:220 - loadIPPluginJar : add plateformsettings
2024-12-18 21:35:21,362 [INFO] IPUIPlugin:80 - create IPUIPlugin
2024-12-18 21:35:21,362 [INFO] PluginManager:220 - loadIPPluginJar : add quadspi
2024-12-18 21:35:21,386 [INFO] IPUIPlugin:80 - create IPUIPlugin
2024-12-18 21:35:21,387 [INFO] PluginManager:220 - loadIPPluginJar : add radio
2024-12-18 21:35:21,398 [INFO] IPUIPlugin:80 - create IPUIPlugin
2024-12-18 21:35:21,399 [INFO] PluginManager:220 - loadIPPluginJar : add resmgrutility
2024-12-18 21:35:21,443 [INFO] IPUIPlugin:80 - create IPUIPlugin
2024-12-18 21:35:21,443 [INFO] PluginManager:220 - loadIPPluginJar : add sai
2024-12-18 21:35:21,476 [INFO] IPUIPlugin:80 - create IPUIPlugin
2024-12-18 21:35:21,476 [INFO] PluginManager:220 - loadIPPluginJar : add spi
2024-12-18 21:35:21,538 [INFO] IPUIPlugin:80 - create IPUIPlugin
2024-12-18 21:35:21,540 [INFO] PluginManager:220 - loadIPPluginJar : add stm32_wpan
2024-12-18 21:35:21,560 [INFO] IPUIPlugin:80 - create IPUIPlugin
2024-12-18 21:35:21,560 [INFO] PluginManager:220 - loadIPPluginJar : add tim
2024-12-18 21:35:21,613 [INFO] IPUIPlugin:80 - create IPUIPlugin
2024-12-18 21:35:21,613 [INFO] PluginManager:220 - loadIPPluginJar : add touchsensing
2024-12-18 21:35:21,636 [INFO] IPUIPlugin:80 - create IPUIPlugin
2024-12-18 21:35:21,637 [INFO] PluginManager:220 - loadIPPluginJar : add tracer_emb
2024-12-18 21:35:21,639 [INFO] IPUIPlugin:80 - create IPUIPlugin
2024-12-18 21:35:21,639 [INFO] PluginManager:220 - loadIPPluginJar : add ts
2024-12-18 21:35:21,661 [INFO] IPUIPlugin:80 - create IPUIPlugin
2024-12-18 21:35:21,662 [INFO] PluginManager:220 - loadIPPluginJar : add tsc
2024-12-18 21:35:21,684 [INFO] IPUIPlugin:80 - create IPUIPlugin
2024-12-18 21:35:21,684 [INFO] PluginManager:220 - loadIPPluginJar : add ucpd
2024-12-18 21:35:21,732 [INFO] IPUIPlugin:80 - create IPUIPlugin
2024-12-18 21:35:21,733 [INFO] PluginManager:220 - loadIPPluginJar : add usart
2024-12-18 21:35:21,768 [INFO] IPUIPlugin:80 - create IPUIPlugin
2024-12-18 21:35:21,768 [INFO] PluginManager:220 - loadIPPluginJar : add usbx
2024-12-18 21:35:21,881 [INFO] CADModel:165 - CPN selected for project level
2024-12-18 21:35:21,881 [INFO] CADModel:114 - Register for checkConnection events
2024-12-18 21:35:21,881 [FATAL] Updater:334 - Updater called before beeing initialized
2024-12-18 21:35:21,881 [ERROR] CADModel:125 - Updater not yet initialized, retry later 
2024-12-18 21:35:21,985 [INFO] CADModel:165 - CPN selected for project level
2024-12-18 21:35:21,985 [INFO] CADModel:114 - Register for checkConnection events
2024-12-18 21:35:21,985 [FATAL] Updater:334 - Updater called before beeing initialized
2024-12-18 21:35:21,985 [ERROR] CADModel:125 - Updater not yet initialized, retry later 
2024-12-18 21:35:21,988 [FATAL] Updater:334 - Updater called before beeing initialized
2024-12-18 21:35:22,075 [FATAL] Updater:334 - Updater called before beeing initialized
2024-12-18 21:35:22,085 [INFO] DbMcusAds:53 - JSON generation date=Fri Sep 20 15:04:23 CEST 2024 (1726837463113)
2024-12-18 21:35:22,086 [FATAL] Updater:334 - Updater called before beeing initialized
2024-12-18 21:35:22,112 [WARN] DetailPanel:346 - Failed to get advertising image, set to default
2024-12-18 21:35:22,180 [FATAL] Updater:334 - Updater called before beeing initialized
2024-12-18 21:35:22,181 [FATAL] Updater:334 - Updater called before beeing initialized
2024-12-18 21:35:22,181 [FATAL] Updater:334 - Updater called before beeing initialized
2024-12-18 21:35:22,181 [WARN] DetailPanel:346 - Failed to get advertising image, set to default
2024-12-18 21:35:22,182 [FATAL] Updater:334 - Updater called before beeing initialized
2024-12-18 21:35:22,241 [ERROR] Updater:1164 - MainUpdater not yet initialized. External WinMGr cannot be set.
2024-12-18 21:35:22,244 [INFO] Updater:1100 - Updater Version found : 6.12.1
2024-12-18 21:35:22,260 [INFO] ApplicationProperties:184 - Using Application install path: C:\ST\STM32CubeIDE_1.16.1\STM32CubeIDE\plugins\com.st.stm32cube.common.mx_6.12.1.202409122256
2024-12-18 21:35:22,638 [INFO] MainUpdater:2873 - connection check result : 10
2024-12-18 21:35:22,639 [INFO] MainUpdater:290 - Updater Check For Update Now.
2024-12-18 21:35:22,639 [INFO] MicroXplorer:498 - Change Database Version : DB.6.0.121
2024-12-18 21:35:22,657 [INFO] McuFinderGlobals:63 - Set McuFinder mode to 2 (CubeIDE integrated)
2024-12-18 21:35:22,666 [INFO] UserAuth:417 - Internet connection configuration mode: 1
2024-12-18 21:35:22,693 [INFO] JxBrowserEngine:152 - Initiate JxBrowser Engine with user profile folder
2024-12-18 21:35:22,702 [WARN] MainUpdater:1194 - Updater busy. Cannot search thirdparties
2024-12-18 21:35:22,702 [INFO] ThirdPartyUpdaterWithRetryManager:96 - Updater plugin is busy. [1/15]
2024-12-18 21:35:22,958 [INFO] CheckServerUpdateThread:120 - End of CheckServer Thread
2024-12-18 21:35:25,898 [WARN] PackLoader:240 - Cannot read IP mode file for STMicroelectronics.FP-SNS-MOTENVWB1.1.4.0
2024-12-18 21:35:25,905 [WARN] PackLoader:240 - Cannot read IP mode file for STMicroelectronics.FP-ATR-ASTRA1.2.0.1
2024-12-18 21:35:25,920 [WARN] PackLoader:240 - Cannot read IP mode file for STMicroelectronics.X-CUBE-SMBUS.2.1.0
2024-12-18 21:35:25,935 [WARN] PackLoader:240 - Cannot read IP mode file for STMicroelectronics.X-CUBE-WB05N.1.1.0
2024-12-18 21:35:25,974 [WARN] PackLoader:240 - Cannot read IP mode file for STMicroelectronics.X-CUBE-AZRTOS-F7.1.1.0
2024-12-18 21:35:26,063 [WARN] PackLoader:240 - Cannot read IP mode file for STMicroelectronics.X-CUBE-MEMS1.11.0.0
2024-12-18 21:35:26,307 [WARN] PackLoader:240 - Cannot read IP mode file for STMicroelectronics.FP-SNS-FLIGHT1.5.0.2
2024-12-18 21:35:26,327 [WARN] PackLoader:240 - Cannot read IP mode file for STMicroelectronics.X-CUBE-DISPLAY.3.0.0
2024-12-18 21:35:26,349 [WARN] PackLoader:240 - Cannot read IP mode file for STMicroelectronics.X-CUBE-BLE1.7.0.0
2024-12-18 21:35:26,368 [WARN] PackLoader:240 - Cannot read IP mode file for STMicroelectronics.X-CUBE-NFC10.1.0.0
2024-12-18 21:35:26,390 [WARN] PackLoader:240 - Cannot read IP mode file for STMicroelectronics.X-CUBE-BLEMGR.4.0.0
2024-12-18 21:35:26,409 [WARN] PackLoader:240 - Cannot read IP mode file for emotas.I-CUBE-CANOPEN.1.3.0
2024-12-18 21:35:26,430 [WARN] PackLoader:240 - Cannot read IP mode file for STMicroelectronics.X-CUBE-BLEMGR.3.1.0
2024-12-18 21:35:26,448 [WARN] PackLoader:240 - Cannot read IP mode file for STMicroelectronics.FP-SNS-SMARTAG2.1.2.0
2024-12-18 21:35:26,470 [INFO] LogOutputStream:77 - [STDOUT_REDIRECT] 1 : Invalid condition id : UX_CORESTACK_Condition cause : null
2024-12-18 21:35:26,471 [INFO] LogOutputStream:77 - [STDOUT_REDIRECT] 1 : Invalid condition id : UX_CORESTACK_Condition cause : null
2024-12-18 21:35:26,472 [INFO] LogOutputStream:77 - [STDOUT_REDIRECT] 1 : Invalid condition id : UX_CORESTACK_Condition cause : null
2024-12-18 21:35:26,472 [INFO] LogOutputStream:77 - [STDOUT_REDIRECT] 1 : Invalid condition id : UX_CORESTACK_Condition cause : null
2024-12-18 21:35:26,475 [INFO] LogOutputStream:77 - [STDOUT_REDIRECT] 1 : Invalid condition id : UX_CORESTACK_Condition cause : null
2024-12-18 21:35:26,478 [WARN] PackLoader:240 - Cannot read IP mode file for STMicroelectronics.X-CUBE-AZRTOS-WL.2.0.0
2024-12-18 21:35:26,496 [WARN] PackLoader:240 - Cannot read IP mode file for STMicroelectronics.FP-SNS-MOTENV1.5.0.0
2024-12-18 21:35:26,501 [WARN] PackLoader:240 - Cannot read IP mode file for wolfSSL.I-CUBE-wolfMQTT.1.19.0
2024-12-18 21:35:26,520 [WARN] PackLoader:240 - Cannot read IP mode file for WES.I-CUBE-Cesium.1.3.0
2024-12-18 21:35:26,540 [WARN] PackLoader:240 - Cannot read IP mode file for STMicroelectronics.X-CUBE-BLE2.3.3.0
2024-12-18 21:35:26,559 [WARN] PackLoader:240 - Cannot read IP mode file for STMicroelectronics.X-CUBE-NFC9.1.0.0
2024-12-18 21:35:26,581 [WARN] PackLoader:240 - Cannot read IP mode file for STMicroelectronics.X-CUBE-TCPP.4.1.0
2024-12-18 21:35:26,613 [WARN] PackLoader:240 - Cannot read IP mode file for STMicroelectronics.X-CUBE-AZRTOS-G0.1.1.0
2024-12-18 21:35:26,634 [WARN] PackLoader:240 - Cannot read IP mode file for STMicroelectronics.X-CUBE-SAFEA1.1.2.2
2024-12-18 21:35:26,658 [WARN] PackLoader:240 - Cannot read IP mode file for STMicroelectronics.X-CUBE-NFC4.3.0.0
2024-12-18 21:35:26,681 [WARN] PackLoader:240 - Cannot read IP mode file for EmbeddedOffice.I-CUBE-FS-RTOS.1.0.1
2024-12-18 21:35:26,682 [ERROR] ConditionMgr:805 - Attr not supported : Dmpu
2024-12-18 21:35:26,682 [ERROR] ConditionMgr:805 - Attr not supported : Dmpu
2024-12-18 21:35:26,682 [ERROR] ConditionMgr:805 - Attr not supported : Dmpu
2024-12-18 21:35:26,682 [ERROR] ConditionMgr:805 - Attr not supported : Dmpu
2024-12-18 21:35:26,682 [ERROR] ConditionMgr:805 - Attr not supported : Dmpu
2024-12-18 21:35:26,682 [ERROR] ConditionMgr:805 - Attr not supported : Dmpu
2024-12-18 21:35:26,682 [ERROR] ConditionMgr:805 - Attr not supported : Dmpu
2024-12-18 21:35:26,682 [ERROR] ConditionMgr:805 - Attr not supported : Dmpu
2024-12-18 21:35:26,682 [ERROR] ConditionMgr:805 - Attr not supported : Dmpu
2024-12-18 21:35:26,682 [ERROR] ConditionMgr:805 - Attr not supported : Dmpu
2024-12-18 21:35:26,682 [ERROR] ConditionMgr:805 - Attr not supported : Dmpu
2024-12-18 21:35:26,682 [ERROR] ConditionMgr:805 - Attr not supported : Dmpu
2024-12-18 21:35:26,682 [ERROR] ConditionMgr:805 - Attr not supported : Dmpu
2024-12-18 21:35:26,682 [ERROR] ConditionMgr:805 - Attr not supported : Dmpu
2024-12-18 21:35:26,682 [ERROR] ConditionMgr:805 - Attr not supported : Dmpu
2024-12-18 21:35:26,682 [ERROR] ConditionMgr:805 - Attr not supported : Dmpu
2024-12-18 21:35:26,682 [ERROR] ConditionMgr:805 - Attr not supported : Dmpu
2024-12-18 21:35:26,683 [ERROR] ConditionMgr:805 - Attr not supported : Dmpu
2024-12-18 21:35:26,683 [ERROR] ConditionMgr:805 - Attr not supported : Dmpu
2024-12-18 21:35:26,683 [ERROR] ConditionMgr:805 - Attr not supported : Dmpu
2024-12-18 21:35:26,683 [ERROR] ConditionMgr:805 - Attr not supported : Dmpu
2024-12-18 21:35:26,683 [ERROR] ConditionMgr:805 - Attr not supported : Dmpu
2024-12-18 21:35:26,683 [ERROR] ConditionMgr:805 - Attr not supported : Dmpu
2024-12-18 21:35:26,683 [ERROR] ConditionMgr:805 - Attr not supported : Dmpu
2024-12-18 21:35:26,683 [ERROR] ConditionMgr:805 - Attr not supported : Dmpu
2024-12-18 21:35:26,683 [ERROR] ConditionMgr:805 - Attr not supported : Dmpu
2024-12-18 21:35:26,683 [ERROR] ConditionMgr:805 - Attr not supported : Dmpu
2024-12-18 21:35:26,683 [ERROR] ConditionMgr:805 - Attr not supported : Dmpu
2024-12-18 21:35:26,683 [ERROR] ConditionMgr:805 - Attr not supported : Dmpu
2024-12-18 21:35:26,683 [ERROR] ConditionMgr:805 - Attr not supported : Dmpu
2024-12-18 21:35:26,683 [ERROR] ConditionMgr:805 - Attr not supported : Dmpu
2024-12-18 21:35:26,683 [ERROR] ConditionMgr:805 - Attr not supported : Dmpu
2024-12-18 21:35:26,683 [ERROR] ConditionMgr:805 - Attr not supported : Dmpu
2024-12-18 21:35:26,683 [ERROR] ConditionMgr:805 - Attr not supported : Dmpu
2024-12-18 21:35:26,685 [ERROR] ConditionMgr:805 - Attr not supported : Dmpu
2024-12-18 21:35:26,685 [ERROR] ConditionMgr:805 - Attr not supported : Dmpu
2024-12-18 21:35:26,685 [ERROR] ConditionMgr:805 - Attr not supported : Dmpu
2024-12-18 21:35:26,685 [ERROR] ConditionMgr:805 - Attr not supported : Dmpu
2024-12-18 21:35:26,685 [ERROR] ConditionMgr:805 - Attr not supported : Dmpu
2024-12-18 21:35:26,685 [ERROR] ConditionMgr:805 - Attr not supported : Dmpu
2024-12-18 21:35:26,685 [ERROR] ConditionMgr:805 - Attr not supported : Dmpu
2024-12-18 21:35:26,685 [ERROR] ConditionMgr:805 - Attr not supported : Dmpu
2024-12-18 21:35:26,685 [ERROR] ConditionMgr:805 - Attr not supported : Dmpu
2024-12-18 21:35:26,685 [ERROR] ConditionMgr:805 - Attr not supported : Dmpu
2024-12-18 21:35:26,686 [ERROR] ConditionMgr:805 - Attr not supported : Dmpu
2024-12-18 21:35:26,686 [ERROR] ConditionMgr:805 - Attr not supported : Dmpu
2024-12-18 21:35:26,686 [ERROR] ConditionMgr:805 - Attr not supported : Dmpu
2024-12-18 21:35:26,686 [ERROR] ConditionMgr:805 - Attr not supported : Dmpu
2024-12-18 21:35:26,686 [ERROR] ConditionMgr:805 - Attr not supported : Dmpu
2024-12-18 21:35:26,686 [ERROR] ConditionMgr:805 - Attr not supported : Dmpu
2024-12-18 21:35:26,686 [ERROR] ConditionMgr:805 - Attr not supported : Dmpu
2024-12-18 21:35:26,686 [ERROR] ConditionMgr:805 - Attr not supported : Dmpu
2024-12-18 21:35:26,686 [ERROR] ConditionMgr:805 - Attr not supported : Dmpu
2024-12-18 21:35:26,686 [ERROR] ConditionMgr:805 - Attr not supported : Dmpu
2024-12-18 21:35:26,686 [ERROR] ConditionMgr:805 - Attr not supported : Dmpu
2024-12-18 21:35:26,686 [ERROR] ConditionMgr:805 - Attr not supported : Dmpu
2024-12-18 21:35:26,686 [ERROR] ConditionMgr:805 - Attr not supported : Dmpu
2024-12-18 21:35:26,686 [ERROR] ConditionMgr:805 - Attr not supported : Dmpu
2024-12-18 21:35:26,687 [ERROR] ConditionMgr:805 - Attr not supported : Dmpu
2024-12-18 21:35:26,687 [ERROR] ConditionMgr:805 - Attr not supported : Dmpu
2024-12-18 21:35:26,687 [ERROR] ConditionMgr:805 - Attr not supported : Dmpu
2024-12-18 21:35:26,687 [ERROR] ConditionMgr:805 - Attr not supported : Dmpu
2024-12-18 21:35:26,687 [ERROR] ConditionMgr:805 - Attr not supported : Dmpu
2024-12-18 21:35:26,687 [ERROR] ConditionMgr:805 - Attr not supported : Dmpu
2024-12-18 21:35:26,702 [ERROR] Engine:466 - C:\Users\utente\.stm32cubemx\thirdparties\pdsc\STMicroelectronics.X-CUBE-TCPP.4.2.0.pdsc: PDSC version is not supported
2024-12-18 21:35:26,717 [WARN] PackLoader:240 - Cannot read IP mode file for RealThread.X-CUBE-RT-Thread_Nano.4.1.1
2024-12-18 21:35:26,731 [WARN] PackLoader:240 - Cannot read IP mode file for STMicroelectronics.FP-ATR-SIGFOX1.3.2.0
2024-12-18 21:35:26,745 [WARN] PackLoader:240 - Cannot read IP mode file for wolfSSL.I-CUBE-wolfSSL.5.7.2
2024-12-18 21:35:26,758 [WARN] ConditionMgr:438 - getConditionDescription Invalid condition id : Cortex-A Device cause : null
2024-12-18 21:35:26,783 [WARN] ConditionMgr:1039 - genDependencies : Invalid condition id : Cortex-A Device cause : null
2024-12-18 21:35:26,783 [WARN] ConditionMgr:1039 - genDependencies : Invalid condition id : Cortex-A Device cause : null
2024-12-18 21:35:26,783 [WARN] ConditionMgr:1039 - genDependencies : Invalid condition id : Cortex-A Device cause : null
2024-12-18 21:35:26,802 [WARN] PackLoader:240 - Cannot read IP mode file for STMicroelectronics.X-CUBE-EEPRMA1.5.1.0
2024-12-18 21:35:26,824 [WARN] PackLoader:240 - Cannot read IP mode file for ITTIA_DB.I-CUBE-ITTIADB.8.9.0
2024-12-18 21:35:26,876 [WARN] PackLoader:240 - Cannot read IP mode file for SEGGER.I-CUBE-embOS.1.3.1
2024-12-18 21:35:26,936 [WARN] PackLoader:240 - Cannot read IP mode file for STMicroelectronics.X-CUBE-ALGOBUILD.1.4.0
2024-12-18 21:35:26,953 [WARN] PackLoader:240 - Cannot read IP mode file for STMicroelectronics.X-CUBE-AI.9.1.0
2024-12-18 21:35:26,982 [WARN] PackLoader:240 - Cannot read IP mode file for STMicroelectronics.X-CUBE-AZRTOS-F4.1.1.0
2024-12-18 21:35:27,001 [WARN] PackLoader:240 - Cannot read IP mode file for STMicroelectronics.X-CUBE-ISPU.2.1.0
2024-12-18 21:35:27,016 [WARN] PackLoader:240 - Cannot read IP mode file for STMicroelectronics.X-CUBE-FREERTOS.1.2.0
2024-12-18 21:35:27,046 [WARN] PackLoader:240 - Cannot read IP mode file for STMicroelectronics.X-CUBE-AZRTOS-L5.2.0.0
2024-12-18 21:35:27,068 [WARN] PackLoader:240 - Cannot read IP mode file for STMicroelectronics.X-CUBE-NFC6.3.1.0
2024-12-18 21:35:27,084 [WARN] PackLoader:240 - Cannot read IP mode file for STMicroelectronics.X-CUBE-DPower.1.2.0
2024-12-18 21:35:27,100 [WARN] PackLoader:240 - Cannot read IP mode file for STMicroelectronics.X-CUBE-FREERTOS.1.3.0
2024-12-18 21:35:27,118 [WARN] PackLoader:240 - Cannot read IP mode file for STMicroelectronics.X-CUBE-NFC7.1.0.1
2024-12-18 21:35:27,162 [WARN] ConditionMgr:438 - getConditionDescription Invalid condition id : LAN8742 Phy interface Condition cause : null
2024-12-18 21:35:27,163 [WARN] PackLoader:240 - Cannot read IP mode file for STMicroelectronics.X-CUBE-AZRTOS-L4.2.0.0
2024-12-18 21:35:27,164 [WARN] ConditionMgr:1039 - genDependencies : Invalid condition id : LAN8742 Phy interface Condition cause : null
2024-12-18 21:35:27,164 [WARN] ConditionMgr:1039 - genDependencies : Invalid condition id : LAN8742 Phy interface Condition cause : null
2024-12-18 21:35:27,165 [WARN] ConditionMgr:1039 - genDependencies : Invalid condition id : LAN8742 Phy interface Condition cause : null
2024-12-18 21:35:27,188 [WARN] PackLoader:240 - Cannot read IP mode file for STMicroelectronics.X-CUBE-SFXS2LP1.4.0.0
2024-12-18 21:35:27,230 [WARN] PackLoader:240 - Cannot read IP mode file for STMicroelectronics.X-CUBE-AZRTOS-H7.3.3.0
2024-12-18 21:35:27,256 [WARN] PackLoader:240 - Cannot read IP mode file for STMicroelectronics.X-CUBE-IPS.3.0.0
2024-12-18 21:35:27,286 [WARN] ConditionMgr:438 - getConditionDescription Invalid condition id : UX DEVICE CLASS RTOS Condition cause : null
2024-12-18 21:35:27,286 [WARN] ConditionMgr:438 - getConditionDescription Invalid condition id : UX DEVICE CLASS RTOS Condition cause : null
2024-12-18 21:35:27,288 [WARN] PackLoader:240 - Cannot read IP mode file for STMicroelectronics.X-CUBE-AZRTOS-WB.2.0.0
2024-12-18 21:35:27,288 [WARN] ConditionMgr:1039 - genDependencies : Invalid condition id : UX DEVICE CLASS RTOS Condition cause : null
2024-12-18 21:35:27,288 [WARN] ConditionMgr:1039 - genDependencies : Invalid condition id : UX DEVICE CLASS RTOS Condition cause : null
2024-12-18 21:35:27,288 [WARN] ConditionMgr:1039 - genDependencies : Invalid condition id : UX DEVICE CLASS RTOS Condition cause : null
2024-12-18 21:35:27,289 [WARN] ConditionMgr:1039 - genDependencies : Invalid condition id : UX DEVICE CLASS RTOS Condition cause : null
2024-12-18 21:35:27,289 [WARN] ConditionMgr:1039 - genDependencies : Invalid condition id : UX DEVICE CLASS RTOS Condition cause : null
2024-12-18 21:35:27,304 [WARN] PackLoader:240 - Cannot read IP mode file for STMicroelectronics.X-CUBE-GNSS1.7.0.0
2024-12-18 21:35:27,324 [WARN] PackLoader:240 - Cannot read IP mode file for STMicroelectronics.FP-SNS-STBOX1.2.0.0
2024-12-18 21:35:27,347 [WARN] PackLoader:240 - Cannot read IP mode file for STMicroelectronics.X-CUBE-SUBG2.5.0.0
2024-12-18 21:35:27,366 [WARN] PackLoader:240 - Cannot read IP mode file for Cesanta.I-CUBE-Mongoose.7.13.0
2024-12-18 21:35:27,390 [WARN] PackLoader:240 - Cannot read IP mode file for STMicroelectronics.X-CUBE-AZRTOS-G4.2.0.0
2024-12-18 21:35:27,407 [WARN] PackLoader:240 - Cannot read IP mode file for STMicroelectronics.X-CUBE-ALS.1.0.2
2024-12-18 21:35:27,423 [WARN] PackLoader:240 - Cannot read IP mode file for STMicroelectronics.X-CUBE-TOUCHGFX.4.24.1
2024-12-18 21:35:27,438 [WARN] PackLoader:240 - Cannot read IP mode file for wolfSSL.I-CUBE-wolfTPM.3.4.0
2024-12-18 21:35:27,453 [WARN] PackLoader:240 - Cannot read IP mode file for portGmbH.I-Cube-SoM-uGOAL.1.1.0
2024-12-18 21:35:27,478 [WARN] PackLoader:240 - Cannot read IP mode file for STMicroelectronics.X-CUBE-AZRTOS-H7RS.1.0.0
2024-12-18 21:35:27,493 [WARN] PackLoader:240 - Cannot read IP mode file for STMicroelectronics.FP-ATR-ASTRA1.2.0.0
2024-12-18 21:35:27,514 [WARN] PackLoader:240 - Cannot read IP mode file for STMicroelectronics.X-CUBE-TOF1.3.4.2
2024-12-18 21:35:27,553 [WARN] PackLoader:240 - Cannot read IP mode file for Infineon.AIROC-Wi-Fi-Bluetooth-STM32.1.6.1
2024-12-18 21:35:27,569 [WARN] PackLoader:240 - Cannot read IP mode file for wolfSSL.I-CUBE-wolfSSH.1.4.17
2024-12-18 21:35:27,570 [INFO] ThirdParty:978 - Integrity check success = true
2024-12-18 21:35:27,570 [INFO] IntegrityCheckThread:100 - exiting critical section [integrity check]
2024-12-18 21:35:27,570 [INFO] IntegrityCheckThread:103 - End integrity checks thread
2024-12-18 21:35:29,115 [INFO] WebApp:167 - Instantiating new browser for Auth
2024-12-18 21:35:29,836 [INFO] WebApp:448 - Apply proxy settings
2024-12-18 21:35:29,836 [INFO] WebApp:533 - Chromium requires no authentication
2024-12-18 21:35:29,844 [INFO] WebApp:476 - Direct internet connection detected
2024-12-18 21:35:29,868 [INFO] WebApp:869 - Register for checkConnection events
2024-12-18 21:35:29,868 [INFO] WebApp:448 - Apply proxy settings
2024-12-18 21:35:29,868 [INFO] WebApp:533 - Chromium requires no authentication
2024-12-18 21:35:29,868 [INFO] WebApp:476 - Direct internet connection detected
2024-12-18 21:35:29,997 [INFO] WebApp:220 - Starting web application
2024-12-18 21:35:29,997 [INFO] WebApp:578 - Web application path used C:\ST\STM32CubeIDE_1.16.1\STM32CubeIDE\plugins\com.st.stm32cube.common.mx_6.12.1.202409122256\db\plugins\mcufinder\reactClient1\index.html
2024-12-18 21:35:30,205 [INFO] WebApp:186 - Connection restablished
2024-12-18 21:35:30,312 [INFO] UserAuth:417 - Internet connection configuration mode: 1
2024-12-18 21:36:00,458 [INFO] WebApp:189 - Connection lost
2024-12-18 21:36:00,633 [INFO] WebApp:186 - Connection restablished
2024-12-18 21:37:58,450 [INFO] WebApp:189 - Connection lost
2024-12-18 21:37:58,703 [INFO] WebApp:186 - Connection restablished
2024-12-18 21:39:08,955 [INFO] WebApp:189 - Connection lost
2024-12-18 21:39:09,128 [INFO] WebApp:186 - Connection restablished
2024-12-18 21:39:43,444 [INFO] WebApp:189 - Connection lost
2024-12-18 21:39:43,635 [INFO] WebApp:186 - Connection restablished
2024-12-18 21:40:04,376 [ERROR] LogOutputStream:75 - [STDERR_REDIRECT] 
