2024-12-13 01:11:46,318 [ERROR] LogOutputStream:75 - [STDERR_REDIRECT] 
2024-12-13 19:55:28,398 [INFO] Activator:176 - 


2024-12-13 19:55:28,398 [INFO] Activator:177 - !SESSION log4j initialized
2024-12-13 19:55:34,089 [INFO] LogOutputStream:77 - [STDOUT_REDIRECT] 
2024-12-13 19:55:38,500 [INFO] ApplicationProperties:184 - Using Application install path: C:\ST\STM32CubeIDE_1.16.1\STM32CubeIDE\plugins\com.st.stm32cube.common.mx_6.12.1.202409122256
2024-12-13 19:55:38,517 [INFO] DbMcusXml:78 - Set database path to: C:\ST\STM32CubeIDE_1.16.1\STM32CubeIDE\plugins\com.st.stm32cube.common.mx_6.12.1.202409122256\\db\/mcu/
2024-12-13 19:55:38,518 [INFO] ApiDb:274 - Set plugin database path to: C:\ST\STM32CubeIDE_1.16.1\STM32CubeIDE\plugins\com.st.stm32cube.common.mx_6.12.1.202409122256\\db\/plugins/boardmanager/
2024-12-13 19:55:38,518 [WARN] ApiDb:259 - Overriding images path with different value:  => C:\ST\STM32CubeIDE_1.16.1\STM32CubeIDE\plugins\com.st.stm32cube.common.mx_6.12.1.202409122256\\db\/plugins/mcufinder/images/
2024-12-13 19:55:38,526 [INFO] ApiDb:250 - Set database path to: C:\Users\utente\.stmcufinder\plugins\mcufinder//mcu/
2024-12-13 19:55:38,529 [INFO] DbMcusAds:125 - Set database path to: C:\Users\utente\.stmcufinder\plugins\mcufinder//mcu/
2024-12-13 19:55:38,531 [INFO] CrossReferenceDbSqlite:203 - Set database path to: C:\Users\utente\.stmcufinder\plugins\mcufinder//mcu/cs/
2024-12-13 19:55:38,633 [INFO] RulesReader:64 - Compatibility file has been processed (297 Rules)
2024-12-13 19:55:38,699 [INFO] DbMcusXml:78 - Set database path to: C:\ST\STM32CubeIDE_1.16.1\STM32CubeIDE\plugins\com.st.stm32cube.common.mx_6.12.1.202409122256\\db\/mcu/
2024-12-13 19:55:38,699 [INFO] ApiDb:274 - Set plugin database path to: C:\ST\STM32CubeIDE_1.16.1\STM32CubeIDE\plugins\com.st.stm32cube.common.mx_6.12.1.202409122256\\db\/plugins/boardmanager/
2024-12-13 19:55:38,699 [INFO] ApiDb:261 - Set plugin images path to: C:\ST\STM32CubeIDE_1.16.1\STM32CubeIDE\plugins\com.st.stm32cube.common.mx_6.12.1.202409122256\\db\/plugins/mcufinder/images/
2024-12-13 19:55:38,699 [WARN] DbFile:41 - Overriding database path with different value: C:\Users\utente\.stmcufinder\plugins\mcufinder/ => C:\Users\utente\.stmcufinder\plugins\mcufinder
2024-12-13 19:55:38,699 [INFO] ApiDb:250 - Set database path to: C:\Users\utente\.stmcufinder\plugins\mcufinder//mcu/
2024-12-13 19:55:38,699 [WARN] DbFile:41 - Overriding database path with different value: C:\Users\utente\.stmcufinder\plugins\mcufinder/ => C:\Users\utente\.stmcufinder\plugins\mcufinder
2024-12-13 19:55:38,699 [INFO] DbMcusAds:125 - Set database path to: C:\Users\utente\.stmcufinder\plugins\mcufinder//mcu/
2024-12-13 19:55:38,700 [WARN] DbFile:41 - Overriding database path with different value: C:\Users\utente\.stmcufinder\plugins\mcufinder/ => C:\Users\utente\.stmcufinder\plugins\mcufinder
2024-12-13 19:55:38,700 [WARN] DbFile:41 - Overriding database path with different value: C:\Users\utente\.stmcufinder\plugins\mcufinder/ => C:\Users\utente\.stmcufinder\plugins\mcufinder
2024-12-13 19:55:38,700 [INFO] CrossReferenceDbSqlite:203 - Set database path to: C:\Users\utente\.stmcufinder\plugins\mcufinder//mcu/cs/
2024-12-13 19:55:38,775 [INFO] MainPanel:268 - HeapMemory: 268435456
2024-12-13 19:55:38,882 [INFO] DbMcusXml:78 - Set database path to: C:\ST\STM32CubeIDE_1.16.1\STM32CubeIDE\plugins\com.st.stm32cube.common.mx_6.12.1.202409122256\\db\/mcu/
2024-12-13 19:55:38,882 [INFO] ApiDb:274 - Set plugin database path to: C:\ST\STM32CubeIDE_1.16.1\STM32CubeIDE\plugins\com.st.stm32cube.common.mx_6.12.1.202409122256\\db\/plugins/boardmanager/
2024-12-13 19:55:38,882 [INFO] ApiDb:261 - Set plugin images path to: C:\ST\STM32CubeIDE_1.16.1\STM32CubeIDE\plugins\com.st.stm32cube.common.mx_6.12.1.202409122256\\db\/plugins/mcufinder/images/
2024-12-13 19:55:38,882 [WARN] DbFile:41 - Overriding database path with different value: C:\Users\utente\.stmcufinder\plugins\mcufinder/ => C:\Users\utente\.stmcufinder\plugins\mcufinder
2024-12-13 19:55:38,882 [INFO] ApiDb:250 - Set database path to: C:\Users\utente\.stmcufinder\plugins\mcufinder//mcu/
2024-12-13 19:55:38,882 [WARN] DbFile:41 - Overriding database path with different value: C:\Users\utente\.stmcufinder\plugins\mcufinder/ => C:\Users\utente\.stmcufinder\plugins\mcufinder
2024-12-13 19:55:38,882 [INFO] DbMcusAds:125 - Set database path to: C:\Users\utente\.stmcufinder\plugins\mcufinder//mcu/
2024-12-13 19:55:38,883 [WARN] DbFile:41 - Overriding database path with different value: C:\Users\utente\.stmcufinder\plugins\mcufinder/ => C:\Users\utente\.stmcufinder\plugins\mcufinder
2024-12-13 19:55:38,883 [WARN] DbFile:41 - Overriding database path with different value: C:\Users\utente\.stmcufinder\plugins\mcufinder/ => C:\Users\utente\.stmcufinder\plugins\mcufinder
2024-12-13 19:55:38,883 [INFO] CrossReferenceDbSqlite:203 - Set database path to: C:\Users\utente\.stmcufinder\plugins\mcufinder//mcu/cs/
2024-12-13 19:55:38,897 [INFO] ApplicationProperties:184 - Using Application install path: C:\ST\STM32CubeIDE_1.16.1\STM32CubeIDE\plugins\com.st.stm32cube.common.mx_6.12.1.202409122256
2024-12-13 19:55:38,898 [INFO] PluginManage:196 - Search for loadable plugins [exclusion list=, ]
2024-12-13 19:55:38,900 [INFO] PluginManage:310 - Check plugin analytics
2024-12-13 19:55:39,058 [INFO] AnalyticsPlugin:253 - Accepted Software Licenses: 
2024-12-13 19:55:39,058 [INFO] AnalyticsPlugin:255 - Accepted CMSIS Pack Licenses: 
2024-12-13 19:55:39,059 [INFO] AnalyticsPlugin:257 - Accepted Firmware Licenses: 
2024-12-13 19:55:39,060 [INFO] PluginManage:359 - Loaded plugin analytics (category:tool,tabindex:-1)
2024-12-13 19:55:39,061 [INFO] PluginManage:310 - Check plugin cadmodel
2024-12-13 19:55:39,078 [INFO] CADModel:105 - Init CAD model plugin
2024-12-13 19:55:39,078 [INFO] PluginManage:359 - Loaded plugin cadmodel (category:power,tabindex:5)
2024-12-13 19:55:39,078 [INFO] PluginManage:310 - Check plugin clock
2024-12-13 19:55:39,101 [INFO] PluginManage:359 - Loaded plugin clock (category:base,tabindex:2)
2024-12-13 19:55:39,101 [INFO] PluginManage:310 - Check plugin ddr
2024-12-13 19:55:39,104 [INFO] PluginManage:359 - Loaded plugin ddr (category:tool,tabindex:6)
2024-12-13 19:55:39,105 [INFO] PluginManage:310 - Check plugin filemanager
2024-12-13 19:55:39,246 [INFO] PluginManage:359 - Loaded plugin filemanager (category:base,tabindex:10)
2024-12-13 19:55:39,247 [INFO] PluginManage:310 - Check plugin ipmanager
2024-12-13 19:55:39,252 [INFO] PluginManage:359 - Loaded plugin ipmanager (category:base,tabindex:5)
2024-12-13 19:55:39,252 [INFO] PluginManage:310 - Check plugin lpbam
2024-12-13 19:55:39,269 [INFO] PluginManage:359 - Loaded plugin lpbam (category:base,tabindex:0)
2024-12-13 19:55:39,270 [INFO] PluginManage:310 - Check plugin memorymap
2024-12-13 19:55:39,295 [INFO] PluginManage:359 - Loaded plugin memorymap (category:base,tabindex:4)
2024-12-13 19:55:39,295 [INFO] PluginManage:310 - Check plugin pinoutandconfiguration
2024-12-13 19:55:39,311 [INFO] PluginManage:359 - Loaded plugin pinoutandconfiguration (category:base,tabindex:1)
2024-12-13 19:55:39,311 [INFO] PluginManage:310 - Check plugin pinoutconfig
2024-12-13 19:55:39,407 [WARN] SupportedApi:132 - Cannot load RTOS API schema: s4s-elt-must-match.1: The content of 'definitions' must match (annotation?, (simpleType | complexType)?, (unique | key | keyref)*)). A problem was found starting at: attribute.
2024-12-13 19:55:39,534 [INFO] PluginManage:359 - Loaded plugin pinoutconfig (category:base,tabindex:0)
2024-12-13 19:55:39,534 [INFO] PluginManage:310 - Check plugin power
2024-12-13 19:55:39,554 [INFO] PluginManage:359 - Loaded plugin power (category:power,tabindex:4)
2024-12-13 19:55:39,555 [INFO] PluginManage:310 - Check plugin projectmanager
2024-12-13 19:55:39,569 [INFO] PluginManage:359 - Loaded plugin projectmanager (category:projectmanager,tabindex:4)
2024-12-13 19:55:39,570 [INFO] PluginManage:310 - Check plugin rif
2024-12-13 19:55:39,586 [INFO] PluginManage:359 - Loaded plugin rif (category:base,tabindex:3)
2024-12-13 19:55:39,586 [INFO] PluginManage:310 - Check plugin thirdparty
2024-12-13 19:55:39,850 [INFO] PluginManage:359 - Loaded plugin thirdparty (category:base,tabindex:-1)
2024-12-13 19:55:39,850 [INFO] PluginManage:310 - Check plugin tools
2024-12-13 19:55:39,850 [WARN] IntegrityCheckThread:84 - waiting for thirdparty lock release [integrity check]
2024-12-13 19:55:39,850 [INFO] IntegrityCheckThread:86 - entering critical section [integrity check]
2024-12-13 19:55:39,851 [INFO] ThirdPartyUpdaterWithRetryManager:70 - Updater plugin not ready yet. [1/15]
2024-12-13 19:55:39,881 [INFO] PluginManage:359 - Loaded plugin tools (category:base,tabindex:7)
2024-12-13 19:55:39,881 [INFO] PluginManage:310 - Check plugin tutovideos
2024-12-13 19:55:40,095 [INFO] PluginManage:359 - Loaded plugin tutovideos (category:base,tabindex:-1)
2024-12-13 19:55:40,096 [INFO] PluginManage:310 - Check plugin updater
2024-12-13 19:55:40,113 [INFO] PluginManage:359 - Loaded plugin updater (category:base,tabindex:12)
2024-12-13 19:55:40,113 [INFO] PluginManage:310 - Check plugin userauth
2024-12-13 19:55:40,120 [INFO] UserAuth:113 - Init User Auth plugin
2024-12-13 19:55:40,120 [INFO] PluginManage:359 - Loaded plugin userauth (category:base,tabindex:14)
2024-12-13 19:55:40,121 [INFO] PluginManage:283 - PluginManage : Loaded plugins [18]
2024-12-13 19:55:40,313 [INFO] PinOutPanel:1561 - setPackage(No Configuration,No Configuration)
2024-12-13 19:55:40,385 [INFO] CADModel:165 - CPN selected for project level
2024-12-13 19:55:40,385 [INFO] CADModel:114 - Register for checkConnection events
2024-12-13 19:55:40,412 [INFO] IPUIPlugin:80 - create IPUIPlugin
2024-12-13 19:55:40,413 [INFO] PluginManager:220 - loadIPPluginJar : add adc
2024-12-13 19:55:40,443 [INFO] IPUIPlugin:80 - create IPUIPlugin
2024-12-13 19:55:40,443 [INFO] PluginManager:220 - loadIPPluginJar : add aes
2024-12-13 19:55:40,477 [INFO] IPUIPlugin:80 - create IPUIPlugin
2024-12-13 19:55:40,477 [INFO] PluginManager:220 - loadIPPluginJar : add can
2024-12-13 19:55:40,527 [INFO] IPUIPlugin:80 - create IPUIPlugin
2024-12-13 19:55:40,527 [INFO] PluginManager:220 - loadIPPluginJar : add comp
2024-12-13 19:55:40,554 [INFO] IPUIPlugin:80 - create IPUIPlugin
2024-12-13 19:55:40,554 [INFO] PluginManager:220 - loadIPPluginJar : add cryp
2024-12-13 19:55:40,567 [INFO] IPUIPlugin:80 - create IPUIPlugin
2024-12-13 19:55:40,567 [INFO] PluginManager:220 - loadIPPluginJar : add ddr_ctrl_phy
2024-12-13 19:55:40,591 [INFO] IPUIPlugin:80 - create IPUIPlugin
2024-12-13 19:55:40,591 [INFO] PluginManager:220 - loadIPPluginJar : add dfsdm
2024-12-13 19:55:40,606 [INFO] IPUIPlugin:80 - create IPUIPlugin
2024-12-13 19:55:40,606 [INFO] PluginManager:220 - loadIPPluginJar : add dma
2024-12-13 19:55:40,649 [INFO] IPUIPlugin:80 - create IPUIPlugin
2024-12-13 19:55:40,650 [INFO] PluginManager:220 - loadIPPluginJar : add dma3
2024-12-13 19:55:40,687 [INFO] IPUIPlugin:80 - create IPUIPlugin
2024-12-13 19:55:40,687 [INFO] PluginManager:220 - loadIPPluginJar : add extmemmanager
2024-12-13 19:55:40,714 [INFO] IPUIPlugin:80 - create IPUIPlugin
2024-12-13 19:55:40,715 [INFO] PluginManager:220 - loadIPPluginJar : add fatfs
2024-12-13 19:55:40,768 [INFO] IPUIPlugin:80 - create IPUIPlugin
2024-12-13 19:55:40,768 [INFO] PluginManager:220 - loadIPPluginJar : add fmc
2024-12-13 19:55:40,787 [INFO] IPUIPlugin:80 - create IPUIPlugin
2024-12-13 19:55:40,787 [INFO] PluginManager:220 - loadIPPluginJar : add freertos
2024-12-13 19:55:40,806 [INFO] IPUIPlugin:80 - create IPUIPlugin
2024-12-13 19:55:40,806 [INFO] PluginManager:220 - loadIPPluginJar : add genericplugin
2024-12-13 19:55:40,922 [INFO] IPUIPlugin:80 - create IPUIPlugin
2024-12-13 19:55:40,923 [INFO] PluginManager:220 - loadIPPluginJar : add gfxmmu
2024-12-13 19:55:41,108 [INFO] IPUIPlugin:80 - create IPUIPlugin
2024-12-13 19:55:41,108 [INFO] PluginManager:220 - loadIPPluginJar : add gic
2024-12-13 19:55:41,125 [INFO] IPUIPlugin:80 - create IPUIPlugin
2024-12-13 19:55:41,125 [INFO] PluginManager:220 - loadIPPluginJar : add gpio
2024-12-13 19:55:41,241 [INFO] IPUIPlugin:80 - create IPUIPlugin
2024-12-13 19:55:41,241 [INFO] PluginManager:220 - loadIPPluginJar : add gtzc
2024-12-13 19:55:41,275 [INFO] IPUIPlugin:80 - create IPUIPlugin
2024-12-13 19:55:41,276 [INFO] PluginManager:220 - loadIPPluginJar : add hash
2024-12-13 19:55:41,370 [INFO] IPUIPlugin:80 - create IPUIPlugin
2024-12-13 19:55:41,370 [INFO] PluginManager:220 - loadIPPluginJar : add i2c
2024-12-13 19:55:41,402 [INFO] IPUIPlugin:80 - create IPUIPlugin
2024-12-13 19:55:41,402 [INFO] PluginManager:220 - loadIPPluginJar : add i2s
2024-12-13 19:55:41,440 [INFO] IPUIPlugin:80 - create IPUIPlugin
2024-12-13 19:55:41,440 [INFO] PluginManager:220 - loadIPPluginJar : add i3c
2024-12-13 19:55:41,540 [INFO] IPUIPlugin:80 - create IPUIPlugin
2024-12-13 19:55:41,540 [INFO] PluginManager:220 - loadIPPluginJar : add ipddr
2024-12-13 19:55:41,659 [INFO] IPUIPlugin:80 - create IPUIPlugin
2024-12-13 19:55:41,660 [INFO] PluginManager:220 - loadIPPluginJar : add linkedlist
2024-12-13 19:55:41,688 [INFO] IPUIPlugin:80 - create IPUIPlugin
2024-12-13 19:55:41,688 [INFO] PluginManager:220 - loadIPPluginJar : add lorawan
2024-12-13 19:55:41,753 [INFO] IPUIPlugin:80 - create IPUIPlugin
2024-12-13 19:55:41,753 [INFO] PluginManager:220 - loadIPPluginJar : add ltdc
2024-12-13 19:55:41,775 [INFO] IPUIPlugin:80 - create IPUIPlugin
2024-12-13 19:55:41,775 [INFO] PluginManager:220 - loadIPPluginJar : add mdma
2024-12-13 19:55:41,797 [INFO] IPUIPlugin:80 - create IPUIPlugin
2024-12-13 19:55:41,797 [INFO] PluginManager:220 - loadIPPluginJar : add nvic
2024-12-13 19:55:41,832 [INFO] IPUIPlugin:80 - create IPUIPlugin
2024-12-13 19:55:41,832 [INFO] PluginManager:220 - loadIPPluginJar : add opamp
2024-12-13 19:55:41,944 [INFO] IPUIPlugin:80 - create IPUIPlugin
2024-12-13 19:55:41,945 [INFO] PluginManager:220 - loadIPPluginJar : add openamp
2024-12-13 19:55:42,011 [INFO] IPUIPlugin:80 - create IPUIPlugin
2024-12-13 19:55:42,011 [INFO] PluginManager:220 - loadIPPluginJar : add pdm2pcm
2024-12-13 19:55:42,032 [INFO] IPUIPlugin:80 - create IPUIPlugin
2024-12-13 19:55:42,033 [INFO] PluginManager:220 - loadIPPluginJar : add plateformsettings
2024-12-13 19:55:42,054 [INFO] IPUIPlugin:80 - create IPUIPlugin
2024-12-13 19:55:42,054 [INFO] PluginManager:220 - loadIPPluginJar : add quadspi
2024-12-13 19:55:42,080 [INFO] IPUIPlugin:80 - create IPUIPlugin
2024-12-13 19:55:42,080 [INFO] PluginManager:220 - loadIPPluginJar : add radio
2024-12-13 19:55:42,093 [INFO] IPUIPlugin:80 - create IPUIPlugin
2024-12-13 19:55:42,093 [INFO] PluginManager:220 - loadIPPluginJar : add resmgrutility
2024-12-13 19:55:42,133 [INFO] IPUIPlugin:80 - create IPUIPlugin
2024-12-13 19:55:42,133 [INFO] PluginManager:220 - loadIPPluginJar : add sai
2024-12-13 19:55:42,163 [INFO] IPUIPlugin:80 - create IPUIPlugin
2024-12-13 19:55:42,163 [INFO] PluginManager:220 - loadIPPluginJar : add spi
2024-12-13 19:55:42,257 [INFO] IPUIPlugin:80 - create IPUIPlugin
2024-12-13 19:55:42,257 [INFO] PluginManager:220 - loadIPPluginJar : add stm32_wpan
2024-12-13 19:55:42,296 [INFO] IPUIPlugin:80 - create IPUIPlugin
2024-12-13 19:55:42,297 [INFO] PluginManager:220 - loadIPPluginJar : add tim
2024-12-13 19:55:42,358 [INFO] IPUIPlugin:80 - create IPUIPlugin
2024-12-13 19:55:42,358 [INFO] PluginManager:220 - loadIPPluginJar : add touchsensing
2024-12-13 19:55:42,379 [INFO] IPUIPlugin:80 - create IPUIPlugin
2024-12-13 19:55:42,379 [INFO] PluginManager:220 - loadIPPluginJar : add tracer_emb
2024-12-13 19:55:42,400 [INFO] IPUIPlugin:80 - create IPUIPlugin
2024-12-13 19:55:42,400 [INFO] PluginManager:220 - loadIPPluginJar : add ts
2024-12-13 19:55:42,416 [INFO] IPUIPlugin:80 - create IPUIPlugin
2024-12-13 19:55:42,416 [INFO] PluginManager:220 - loadIPPluginJar : add tsc
2024-12-13 19:55:42,447 [INFO] IPUIPlugin:80 - create IPUIPlugin
2024-12-13 19:55:42,447 [INFO] PluginManager:220 - loadIPPluginJar : add ucpd
2024-12-13 19:55:42,478 [INFO] IPUIPlugin:80 - create IPUIPlugin
2024-12-13 19:55:42,478 [INFO] PluginManager:220 - loadIPPluginJar : add usart
2024-12-13 19:55:42,525 [INFO] IPUIPlugin:80 - create IPUIPlugin
2024-12-13 19:55:42,525 [INFO] PluginManager:220 - loadIPPluginJar : add usbx
2024-12-13 19:55:42,681 [INFO] CADModel:165 - CPN selected for project level
2024-12-13 19:55:42,681 [INFO] CADModel:114 - Register for checkConnection events
2024-12-13 19:55:42,681 [FATAL] Updater:334 - Updater called before beeing initialized
2024-12-13 19:55:42,681 [ERROR] CADModel:125 - Updater not yet initialized, retry later 
2024-12-13 19:55:42,853 [INFO] ThirdPartyUpdaterWithRetryManager:70 - Updater plugin not ready yet. [2/15]
2024-12-13 19:55:42,900 [INFO] CADModel:165 - CPN selected for project level
2024-12-13 19:55:42,900 [INFO] CADModel:114 - Register for checkConnection events
2024-12-13 19:55:42,900 [FATAL] Updater:334 - Updater called before beeing initialized
2024-12-13 19:55:42,900 [ERROR] CADModel:125 - Updater not yet initialized, retry later 
2024-12-13 19:55:42,900 [FATAL] Updater:334 - Updater called before beeing initialized
2024-12-13 19:55:43,041 [FATAL] Updater:334 - Updater called before beeing initialized
2024-12-13 19:55:43,057 [INFO] DbMcusAds:53 - JSON generation date=Fri Sep 20 15:04:23 CEST 2024 (1726837463113)
2024-12-13 19:55:43,057 [FATAL] Updater:334 - Updater called before beeing initialized
2024-12-13 19:55:43,088 [WARN] DetailPanel:346 - Failed to get advertising image, set to default
2024-12-13 19:55:43,167 [FATAL] Updater:334 - Updater called before beeing initialized
2024-12-13 19:55:43,167 [FATAL] Updater:334 - Updater called before beeing initialized
2024-12-13 19:55:43,167 [FATAL] Updater:334 - Updater called before beeing initialized
2024-12-13 19:55:43,167 [WARN] DetailPanel:346 - Failed to get advertising image, set to default
2024-12-13 19:55:43,182 [FATAL] Updater:334 - Updater called before beeing initialized
2024-12-13 19:55:43,245 [ERROR] Updater:1164 - MainUpdater not yet initialized. External WinMGr cannot be set.
2024-12-13 19:55:43,245 [INFO] Updater:1100 - Updater Version found : 6.12.1
2024-12-13 19:55:43,277 [INFO] ApplicationProperties:184 - Using Application install path: C:\ST\STM32CubeIDE_1.16.1\STM32CubeIDE\plugins\com.st.stm32cube.common.mx_6.12.1.202409122256
2024-12-13 19:55:43,897 [INFO] MainUpdater:2873 - connection check result : 10
2024-12-13 19:55:43,897 [INFO] MainUpdater:290 - Updater Check For Update Now.
2024-12-13 19:55:43,897 [INFO] MicroXplorer:498 - Change Database Version : DB.6.0.121
2024-12-13 19:55:43,922 [INFO] McuFinderGlobals:63 - Set McuFinder mode to 2 (CubeIDE integrated)
2024-12-13 19:55:43,927 [INFO] UserAuth:417 - Internet connection configuration mode: 1
2024-12-13 19:55:43,959 [INFO] JxBrowserEngine:152 - Initiate JxBrowser Engine with user profile folder
2024-12-13 19:55:44,243 [INFO] CheckServerUpdateThread:120 - End of CheckServer Thread
2024-12-13 19:55:46,109 [WARN] PackLoader:240 - Cannot read IP mode file for STMicroelectronics.FP-SNS-MOTENVWB1.1.4.0
2024-12-13 19:55:46,124 [WARN] PackLoader:240 - Cannot read IP mode file for STMicroelectronics.FP-ATR-ASTRA1.2.0.1
2024-12-13 19:55:46,140 [WARN] PackLoader:240 - Cannot read IP mode file for STMicroelectronics.X-CUBE-SMBUS.2.1.0
2024-12-13 19:55:46,156 [WARN] PackLoader:240 - Cannot read IP mode file for STMicroelectronics.X-CUBE-WB05N.1.1.0
2024-12-13 19:55:46,203 [WARN] PackLoader:240 - Cannot read IP mode file for STMicroelectronics.X-CUBE-AZRTOS-F7.1.1.0
2024-12-13 19:55:46,298 [WARN] PackLoader:240 - Cannot read IP mode file for STMicroelectronics.X-CUBE-MEMS1.11.0.0
2024-12-13 19:55:46,519 [WARN] PackLoader:240 - Cannot read IP mode file for STMicroelectronics.FP-SNS-FLIGHT1.5.0.2
2024-12-13 19:55:46,551 [WARN] PackLoader:240 - Cannot read IP mode file for STMicroelectronics.X-CUBE-DISPLAY.3.0.0
2024-12-13 19:55:46,566 [WARN] PackLoader:240 - Cannot read IP mode file for STMicroelectronics.X-CUBE-BLE1.7.0.0
2024-12-13 19:55:46,582 [WARN] PackLoader:240 - Cannot read IP mode file for STMicroelectronics.X-CUBE-NFC10.1.0.0
2024-12-13 19:55:46,614 [WARN] PackLoader:240 - Cannot read IP mode file for STMicroelectronics.X-CUBE-BLEMGR.4.0.0
2024-12-13 19:55:46,645 [WARN] PackLoader:240 - Cannot read IP mode file for emotas.I-CUBE-CANOPEN.1.3.0
2024-12-13 19:55:46,661 [WARN] PackLoader:240 - Cannot read IP mode file for STMicroelectronics.X-CUBE-BLEMGR.3.1.0
2024-12-13 19:55:46,677 [WARN] PackLoader:240 - Cannot read IP mode file for STMicroelectronics.FP-SNS-SMARTAG2.1.2.0
2024-12-13 19:55:46,708 [INFO] LogOutputStream:77 - [STDOUT_REDIRECT] 1 : Invalid condition id : UX_CORESTACK_Condition cause : null
2024-12-13 19:55:46,708 [INFO] LogOutputStream:77 - [STDOUT_REDIRECT] 1 : Invalid condition id : UX_CORESTACK_Condition cause : null
2024-12-13 19:55:46,708 [INFO] LogOutputStream:77 - [STDOUT_REDIRECT] 1 : Invalid condition id : UX_CORESTACK_Condition cause : null
2024-12-13 19:55:46,708 [INFO] LogOutputStream:77 - [STDOUT_REDIRECT] 1 : Invalid condition id : UX_CORESTACK_Condition cause : null
2024-12-13 19:55:46,708 [INFO] LogOutputStream:77 - [STDOUT_REDIRECT] 1 : Invalid condition id : UX_CORESTACK_Condition cause : null
2024-12-13 19:55:46,708 [WARN] PackLoader:240 - Cannot read IP mode file for STMicroelectronics.X-CUBE-AZRTOS-WL.2.0.0
2024-12-13 19:55:46,724 [WARN] PackLoader:240 - Cannot read IP mode file for STMicroelectronics.FP-SNS-MOTENV1.5.0.0
2024-12-13 19:55:46,740 [WARN] PackLoader:240 - Cannot read IP mode file for wolfSSL.I-CUBE-wolfMQTT.1.19.0
2024-12-13 19:55:46,788 [WARN] PackLoader:240 - Cannot read IP mode file for WES.I-CUBE-Cesium.1.3.0
2024-12-13 19:55:46,804 [WARN] PackLoader:240 - Cannot read IP mode file for STMicroelectronics.X-CUBE-BLE2.3.3.0
2024-12-13 19:55:46,819 [WARN] PackLoader:240 - Cannot read IP mode file for STMicroelectronics.X-CUBE-NFC9.1.0.0
2024-12-13 19:55:46,835 [WARN] PackLoader:240 - Cannot read IP mode file for STMicroelectronics.X-CUBE-TCPP.4.1.0
2024-12-13 19:55:46,867 [WARN] PackLoader:240 - Cannot read IP mode file for STMicroelectronics.X-CUBE-AZRTOS-G0.1.1.0
2024-12-13 19:55:46,883 [WARN] PackLoader:240 - Cannot read IP mode file for STMicroelectronics.X-CUBE-SAFEA1.1.2.2
2024-12-13 19:55:46,898 [WARN] PackLoader:240 - Cannot read IP mode file for STMicroelectronics.X-CUBE-NFC4.3.0.0
2024-12-13 19:55:46,930 [WARN] PackLoader:240 - Cannot read IP mode file for EmbeddedOffice.I-CUBE-FS-RTOS.1.0.1
2024-12-13 19:55:46,930 [ERROR] ConditionMgr:805 - Attr not supported : Dmpu
2024-12-13 19:55:46,930 [ERROR] ConditionMgr:805 - Attr not supported : Dmpu
2024-12-13 19:55:46,930 [ERROR] ConditionMgr:805 - Attr not supported : Dmpu
2024-12-13 19:55:46,930 [ERROR] ConditionMgr:805 - Attr not supported : Dmpu
2024-12-13 19:55:46,930 [ERROR] ConditionMgr:805 - Attr not supported : Dmpu
2024-12-13 19:55:46,930 [ERROR] ConditionMgr:805 - Attr not supported : Dmpu
2024-12-13 19:55:46,930 [ERROR] ConditionMgr:805 - Attr not supported : Dmpu
2024-12-13 19:55:46,930 [ERROR] ConditionMgr:805 - Attr not supported : Dmpu
2024-12-13 19:55:46,930 [ERROR] ConditionMgr:805 - Attr not supported : Dmpu
2024-12-13 19:55:46,930 [ERROR] ConditionMgr:805 - Attr not supported : Dmpu
2024-12-13 19:55:46,930 [ERROR] ConditionMgr:805 - Attr not supported : Dmpu
2024-12-13 19:55:46,930 [ERROR] ConditionMgr:805 - Attr not supported : Dmpu
2024-12-13 19:55:46,930 [ERROR] ConditionMgr:805 - Attr not supported : Dmpu
2024-12-13 19:55:46,930 [ERROR] ConditionMgr:805 - Attr not supported : Dmpu
2024-12-13 19:55:46,930 [ERROR] ConditionMgr:805 - Attr not supported : Dmpu
2024-12-13 19:55:46,930 [ERROR] ConditionMgr:805 - Attr not supported : Dmpu
2024-12-13 19:55:46,930 [ERROR] ConditionMgr:805 - Attr not supported : Dmpu
2024-12-13 19:55:46,930 [ERROR] ConditionMgr:805 - Attr not supported : Dmpu
2024-12-13 19:55:46,930 [ERROR] ConditionMgr:805 - Attr not supported : Dmpu
2024-12-13 19:55:46,930 [ERROR] ConditionMgr:805 - Attr not supported : Dmpu
2024-12-13 19:55:46,930 [ERROR] ConditionMgr:805 - Attr not supported : Dmpu
2024-12-13 19:55:46,930 [ERROR] ConditionMgr:805 - Attr not supported : Dmpu
2024-12-13 19:55:46,930 [ERROR] ConditionMgr:805 - Attr not supported : Dmpu
2024-12-13 19:55:46,930 [ERROR] ConditionMgr:805 - Attr not supported : Dmpu
2024-12-13 19:55:46,930 [ERROR] ConditionMgr:805 - Attr not supported : Dmpu
2024-12-13 19:55:46,930 [ERROR] ConditionMgr:805 - Attr not supported : Dmpu
2024-12-13 19:55:46,930 [ERROR] ConditionMgr:805 - Attr not supported : Dmpu
2024-12-13 19:55:46,930 [ERROR] ConditionMgr:805 - Attr not supported : Dmpu
2024-12-13 19:55:46,930 [ERROR] ConditionMgr:805 - Attr not supported : Dmpu
2024-12-13 19:55:46,930 [ERROR] ConditionMgr:805 - Attr not supported : Dmpu
2024-12-13 19:55:46,930 [ERROR] ConditionMgr:805 - Attr not supported : Dmpu
2024-12-13 19:55:46,930 [ERROR] ConditionMgr:805 - Attr not supported : Dmpu
2024-12-13 19:55:46,930 [ERROR] ConditionMgr:805 - Attr not supported : Dmpu
2024-12-13 19:55:46,930 [ERROR] ConditionMgr:805 - Attr not supported : Dmpu
2024-12-13 19:55:46,930 [ERROR] ConditionMgr:805 - Attr not supported : Dmpu
2024-12-13 19:55:46,930 [ERROR] ConditionMgr:805 - Attr not supported : Dmpu
2024-12-13 19:55:46,930 [ERROR] ConditionMgr:805 - Attr not supported : Dmpu
2024-12-13 19:55:46,930 [ERROR] ConditionMgr:805 - Attr not supported : Dmpu
2024-12-13 19:55:46,930 [ERROR] ConditionMgr:805 - Attr not supported : Dmpu
2024-12-13 19:55:46,930 [ERROR] ConditionMgr:805 - Attr not supported : Dmpu
2024-12-13 19:55:46,930 [ERROR] ConditionMgr:805 - Attr not supported : Dmpu
2024-12-13 19:55:46,930 [ERROR] ConditionMgr:805 - Attr not supported : Dmpu
2024-12-13 19:55:46,930 [ERROR] ConditionMgr:805 - Attr not supported : Dmpu
2024-12-13 19:55:46,930 [ERROR] ConditionMgr:805 - Attr not supported : Dmpu
2024-12-13 19:55:46,930 [ERROR] ConditionMgr:805 - Attr not supported : Dmpu
2024-12-13 19:55:46,930 [ERROR] ConditionMgr:805 - Attr not supported : Dmpu
2024-12-13 19:55:46,930 [ERROR] ConditionMgr:805 - Attr not supported : Dmpu
2024-12-13 19:55:46,930 [ERROR] ConditionMgr:805 - Attr not supported : Dmpu
2024-12-13 19:55:46,930 [ERROR] ConditionMgr:805 - Attr not supported : Dmpu
2024-12-13 19:55:46,930 [ERROR] ConditionMgr:805 - Attr not supported : Dmpu
2024-12-13 19:55:46,930 [ERROR] ConditionMgr:805 - Attr not supported : Dmpu
2024-12-13 19:55:46,930 [ERROR] ConditionMgr:805 - Attr not supported : Dmpu
2024-12-13 19:55:46,930 [ERROR] ConditionMgr:805 - Attr not supported : Dmpu
2024-12-13 19:55:46,930 [ERROR] ConditionMgr:805 - Attr not supported : Dmpu
2024-12-13 19:55:46,930 [ERROR] ConditionMgr:805 - Attr not supported : Dmpu
2024-12-13 19:55:46,930 [ERROR] ConditionMgr:805 - Attr not supported : Dmpu
2024-12-13 19:55:46,930 [ERROR] ConditionMgr:805 - Attr not supported : Dmpu
2024-12-13 19:55:46,930 [ERROR] ConditionMgr:805 - Attr not supported : Dmpu
2024-12-13 19:55:46,930 [ERROR] ConditionMgr:805 - Attr not supported : Dmpu
2024-12-13 19:55:46,930 [ERROR] ConditionMgr:805 - Attr not supported : Dmpu
2024-12-13 19:55:46,930 [ERROR] ConditionMgr:805 - Attr not supported : Dmpu
2024-12-13 19:55:46,930 [ERROR] ConditionMgr:805 - Attr not supported : Dmpu
2024-12-13 19:55:46,930 [ERROR] ConditionMgr:805 - Attr not supported : Dmpu
2024-12-13 19:55:46,930 [ERROR] ConditionMgr:805 - Attr not supported : Dmpu
2024-12-13 19:55:46,946 [WARN] PackLoader:240 - Cannot read IP mode file for RealThread.X-CUBE-RT-Thread_Nano.4.1.1
2024-12-13 19:55:46,962 [WARN] PackLoader:240 - Cannot read IP mode file for STMicroelectronics.FP-ATR-SIGFOX1.3.2.0
2024-12-13 19:55:46,978 [WARN] PackLoader:240 - Cannot read IP mode file for wolfSSL.I-CUBE-wolfSSL.5.7.2
2024-12-13 19:55:46,993 [WARN] ConditionMgr:438 - getConditionDescription Invalid condition id : Cortex-A Device cause : null
2024-12-13 19:55:47,009 [WARN] ConditionMgr:1039 - genDependencies : Invalid condition id : Cortex-A Device cause : null
2024-12-13 19:55:47,009 [WARN] ConditionMgr:1039 - genDependencies : Invalid condition id : Cortex-A Device cause : null
2024-12-13 19:55:47,009 [WARN] ConditionMgr:1039 - genDependencies : Invalid condition id : Cortex-A Device cause : null
2024-12-13 19:55:47,025 [WARN] PackLoader:240 - Cannot read IP mode file for STMicroelectronics.X-CUBE-EEPRMA1.5.1.0
2024-12-13 19:55:47,057 [WARN] PackLoader:240 - Cannot read IP mode file for ITTIA_DB.I-CUBE-ITTIADB.8.9.0
2024-12-13 19:55:47,105 [WARN] PackLoader:240 - Cannot read IP mode file for SEGGER.I-CUBE-embOS.1.3.1
2024-12-13 19:55:47,152 [WARN] PackLoader:240 - Cannot read IP mode file for STMicroelectronics.X-CUBE-ALGOBUILD.1.4.0
2024-12-13 19:55:47,184 [WARN] PackLoader:240 - Cannot read IP mode file for STMicroelectronics.X-CUBE-AI.9.1.0
2024-12-13 19:55:47,199 [WARN] PackLoader:240 - Cannot read IP mode file for STMicroelectronics.X-CUBE-AZRTOS-F4.1.1.0
2024-12-13 19:55:47,215 [WARN] PackLoader:240 - Cannot read IP mode file for STMicroelectronics.X-CUBE-ISPU.2.1.0
2024-12-13 19:55:47,230 [WARN] PackLoader:240 - Cannot read IP mode file for STMicroelectronics.X-CUBE-FREERTOS.1.2.0
2024-12-13 19:55:47,263 [WARN] PackLoader:240 - Cannot read IP mode file for STMicroelectronics.X-CUBE-AZRTOS-L5.2.0.0
2024-12-13 19:55:47,294 [WARN] PackLoader:240 - Cannot read IP mode file for STMicroelectronics.X-CUBE-NFC6.3.1.0
2024-12-13 19:55:47,310 [WARN] PackLoader:240 - Cannot read IP mode file for STMicroelectronics.X-CUBE-DPower.1.2.0
2024-12-13 19:55:47,326 [WARN] PackLoader:240 - Cannot read IP mode file for STMicroelectronics.X-CUBE-NFC7.1.0.1
2024-12-13 19:55:47,358 [WARN] ConditionMgr:438 - getConditionDescription Invalid condition id : LAN8742 Phy interface Condition cause : null
2024-12-13 19:55:47,358 [WARN] PackLoader:240 - Cannot read IP mode file for STMicroelectronics.X-CUBE-AZRTOS-L4.2.0.0
2024-12-13 19:55:47,358 [WARN] ConditionMgr:1039 - genDependencies : Invalid condition id : LAN8742 Phy interface Condition cause : null
2024-12-13 19:55:47,358 [WARN] ConditionMgr:1039 - genDependencies : Invalid condition id : LAN8742 Phy interface Condition cause : null
2024-12-13 19:55:47,358 [WARN] ConditionMgr:1039 - genDependencies : Invalid condition id : LAN8742 Phy interface Condition cause : null
2024-12-13 19:55:47,374 [WARN] PackLoader:240 - Cannot read IP mode file for STMicroelectronics.X-CUBE-SFXS2LP1.4.0.0
2024-12-13 19:55:47,405 [WARN] PackLoader:240 - Cannot read IP mode file for STMicroelectronics.X-CUBE-AZRTOS-H7.3.3.0
2024-12-13 19:55:47,453 [WARN] PackLoader:240 - Cannot read IP mode file for STMicroelectronics.X-CUBE-IPS.3.0.0
2024-12-13 19:55:47,484 [WARN] ConditionMgr:438 - getConditionDescription Invalid condition id : UX DEVICE CLASS RTOS Condition cause : null
2024-12-13 19:55:47,484 [WARN] ConditionMgr:438 - getConditionDescription Invalid condition id : UX DEVICE CLASS RTOS Condition cause : null
2024-12-13 19:55:47,484 [WARN] PackLoader:240 - Cannot read IP mode file for STMicroelectronics.X-CUBE-AZRTOS-WB.2.0.0
2024-12-13 19:55:47,484 [WARN] ConditionMgr:1039 - genDependencies : Invalid condition id : UX DEVICE CLASS RTOS Condition cause : null
2024-12-13 19:55:47,484 [WARN] ConditionMgr:1039 - genDependencies : Invalid condition id : UX DEVICE CLASS RTOS Condition cause : null
2024-12-13 19:55:47,484 [WARN] ConditionMgr:1039 - genDependencies : Invalid condition id : UX DEVICE CLASS RTOS Condition cause : null
2024-12-13 19:55:47,484 [WARN] ConditionMgr:1039 - genDependencies : Invalid condition id : UX DEVICE CLASS RTOS Condition cause : null
2024-12-13 19:55:47,484 [WARN] ConditionMgr:1039 - genDependencies : Invalid condition id : UX DEVICE CLASS RTOS Condition cause : null
2024-12-13 19:55:47,516 [WARN] PackLoader:240 - Cannot read IP mode file for STMicroelectronics.X-CUBE-GNSS1.7.0.0
2024-12-13 19:55:47,532 [WARN] PackLoader:240 - Cannot read IP mode file for STMicroelectronics.FP-SNS-STBOX1.2.0.0
2024-12-13 19:55:47,547 [WARN] PackLoader:240 - Cannot read IP mode file for STMicroelectronics.X-CUBE-SUBG2.5.0.0
2024-12-13 19:55:47,579 [WARN] PackLoader:240 - Cannot read IP mode file for Cesanta.I-CUBE-Mongoose.7.13.0
2024-12-13 19:55:47,611 [WARN] PackLoader:240 - Cannot read IP mode file for STMicroelectronics.X-CUBE-AZRTOS-G4.2.0.0
2024-12-13 19:55:47,626 [WARN] PackLoader:240 - Cannot read IP mode file for STMicroelectronics.X-CUBE-ALS.1.0.2
2024-12-13 19:55:47,642 [WARN] PackLoader:240 - Cannot read IP mode file for STMicroelectronics.X-CUBE-TOUCHGFX.4.24.1
2024-12-13 19:55:47,642 [WARN] PackLoader:240 - Cannot read IP mode file for wolfSSL.I-CUBE-wolfTPM.3.4.0
2024-12-13 19:55:47,674 [WARN] PackLoader:240 - Cannot read IP mode file for portGmbH.I-Cube-SoM-uGOAL.1.1.0
2024-12-13 19:55:47,690 [WARN] PackLoader:240 - Cannot read IP mode file for STMicroelectronics.X-CUBE-AZRTOS-H7RS.1.0.0
2024-12-13 19:55:47,705 [WARN] PackLoader:240 - Cannot read IP mode file for STMicroelectronics.FP-ATR-ASTRA1.2.0.0
2024-12-13 19:55:47,737 [WARN] PackLoader:240 - Cannot read IP mode file for STMicroelectronics.X-CUBE-TOF1.3.4.2
2024-12-13 19:55:47,800 [WARN] PackLoader:240 - Cannot read IP mode file for Infineon.AIROC-Wi-Fi-Bluetooth-STM32.1.6.1
2024-12-13 19:55:47,816 [WARN] PackLoader:240 - Cannot read IP mode file for wolfSSL.I-CUBE-wolfSSH.1.4.17
2024-12-13 19:55:47,816 [INFO] ThirdParty:978 - Integrity check success = true
2024-12-13 19:55:47,816 [INFO] IntegrityCheckThread:100 - exiting critical section [integrity check]
2024-12-13 19:55:47,816 [INFO] IntegrityCheckThread:103 - End integrity checks thread
2024-12-13 19:55:50,874 [INFO] WebApp:167 - Instantiating new browser for Auth
2024-12-13 19:55:51,726 [INFO] WebApp:448 - Apply proxy settings
2024-12-13 19:55:51,726 [INFO] WebApp:533 - Chromium requires no authentication
2024-12-13 19:55:51,729 [INFO] WebApp:476 - Direct internet connection detected
2024-12-13 19:55:51,763 [INFO] WebApp:869 - Register for checkConnection events
2024-12-13 19:55:51,763 [INFO] WebApp:448 - Apply proxy settings
2024-12-13 19:55:51,763 [INFO] WebApp:533 - Chromium requires no authentication
2024-12-13 19:55:51,763 [INFO] WebApp:476 - Direct internet connection detected
2024-12-13 19:55:52,012 [INFO] WebApp:220 - Starting web application
2024-12-13 19:55:52,012 [INFO] WebApp:578 - Web application path used C:\ST\STM32CubeIDE_1.16.1\STM32CubeIDE\plugins\com.st.stm32cube.common.mx_6.12.1.202409122256\db\plugins\mcufinder\reactClient1\index.html
2024-12-13 19:55:52,151 [INFO] UserAuth:417 - Internet connection configuration mode: 1
2024-12-13 19:55:54,158 [INFO] WebApp:186 - Connection restablished
2024-12-13 19:55:55,045 [INFO] WebApp:189 - Connection lost
2024-12-13 19:55:55,177 [INFO] WebApp:186 - Connection restablished
2024-12-13 19:55:57,461 [INFO] WebApp:189 - Connection lost
2024-12-13 19:55:57,591 [INFO] WebApp:186 - Connection restablished
2024-12-13 19:56:02,965 [INFO] WebApp:189 - Connection lost
2024-12-13 19:56:03,068 [INFO] WebApp:186 - Connection restablished
2024-12-13 19:56:50,960 [INFO] WebApp:189 - Connection lost
2024-12-13 19:56:51,109 [INFO] WebApp:186 - Connection restablished
2024-12-13 20:01:24,473 [INFO] WebApp:189 - Connection lost
2024-12-13 20:01:24,635 [INFO] WebApp:186 - Connection restablished
2024-12-13 20:02:31,505 [INFO] WebApp:189 - Connection lost
2024-12-13 20:02:31,684 [INFO] WebApp:186 - Connection restablished
2024-12-13 20:06:49,006 [INFO] WebApp:189 - Connection lost
2024-12-13 20:06:49,169 [INFO] WebApp:186 - Connection restablished
2024-12-13 20:27:58,005 [INFO] WebApp:189 - Connection lost
2024-12-13 20:27:58,182 [INFO] WebApp:186 - Connection restablished
2024-12-13 20:28:33,003 [INFO] WebApp:189 - Connection lost
2024-12-13 20:28:33,173 [INFO] WebApp:186 - Connection restablished
2024-12-13 20:28:45,478 [INFO] WebApp:189 - Connection lost
2024-12-13 20:28:45,624 [INFO] WebApp:186 - Connection restablished
2024-12-13 20:29:18,466 [INFO] WebApp:189 - Connection lost
2024-12-13 20:29:18,631 [INFO] WebApp:186 - Connection restablished
2024-12-13 20:30:18,503 [INFO] WebApp:189 - Connection lost
2024-12-13 20:30:18,677 [INFO] WebApp:186 - Connection restablished
2024-12-13 20:30:57,476 [INFO] WebApp:189 - Connection lost
2024-12-13 20:30:57,658 [INFO] WebApp:186 - Connection restablished
2024-12-13 20:31:13,000 [INFO] WebApp:189 - Connection lost
2024-12-13 20:31:13,188 [INFO] WebApp:186 - Connection restablished
2024-12-13 22:24:31,974 [INFO] WebApp:189 - Connection lost
2024-12-13 22:24:32,146 [INFO] WebApp:186 - Connection restablished
2024-12-13 22:25:31,970 [INFO] WebApp:189 - Connection lost
2024-12-13 22:25:32,122 [INFO] WebApp:186 - Connection restablished
2024-12-13 22:47:54,487 [INFO] WebApp:189 - Connection lost
2024-12-13 22:47:54,827 [INFO] WebApp:186 - Connection restablished
2024-12-13 22:54:33,978 [INFO] WebApp:189 - Connection lost
2024-12-13 22:54:34,161 [INFO] WebApp:186 - Connection restablished
2024-12-13 23:17:25,467 [INFO] WebApp:189 - Connection lost
2024-12-13 23:17:25,630 [INFO] WebApp:186 - Connection restablished
2024-12-13 23:21:06,964 [INFO] WebApp:189 - Connection lost
2024-12-13 23:21:07,139 [INFO] WebApp:186 - Connection restablished
2024-12-13 23:23:00,032 [ERROR] LogOutputStream:75 - [STDERR_REDIRECT] 
