2024-12-17 08:59:27,177 [INFO] Activator:176 - 


2024-12-17 08:59:27,185 [INFO] Activator:177 - !SESSION log4j initialized
2024-12-17 08:59:34,388 [INFO] LogOutputStream:77 - [STDOUT_REDIRECT] 
2024-12-17 08:59:39,800 [INFO] ApplicationProperties:184 - Using Application install path: C:\ST\STM32CubeIDE_1.16.1\STM32CubeIDE\plugins\com.st.stm32cube.common.mx_6.12.1.202409122256
2024-12-17 08:59:39,842 [INFO] DbMcusXml:78 - Set database path to: C:\ST\STM32CubeIDE_1.16.1\STM32CubeIDE\plugins\com.st.stm32cube.common.mx_6.12.1.202409122256\\db\/mcu/
2024-12-17 08:59:39,842 [INFO] ApiDb:274 - Set plugin database path to: C:\ST\STM32CubeIDE_1.16.1\STM32CubeIDE\plugins\com.st.stm32cube.common.mx_6.12.1.202409122256\\db\/plugins/boardmanager/
2024-12-17 08:59:39,850 [WARN] ApiDb:259 - Overriding images path with different value:  => C:\ST\STM32CubeIDE_1.16.1\STM32CubeIDE\plugins\com.st.stm32cube.common.mx_6.12.1.202409122256\\db\/plugins/mcufinder/images/
2024-12-17 08:59:39,866 [INFO] ApiDb:250 - Set database path to: C:\Users\utente\.stmcufinder\plugins\mcufinder//mcu/
2024-12-17 08:59:39,866 [INFO] DbMcusAds:125 - Set database path to: C:\Users\utente\.stmcufinder\plugins\mcufinder//mcu/
2024-12-17 08:59:39,874 [INFO] CrossReferenceDbSqlite:203 - Set database path to: C:\Users\utente\.stmcufinder\plugins\mcufinder//mcu/cs/
2024-12-17 08:59:40,188 [INFO] RulesReader:64 - Compatibility file has been processed (297 Rules)
2024-12-17 08:59:40,377 [INFO] DbMcusXml:78 - Set database path to: C:\ST\STM32CubeIDE_1.16.1\STM32CubeIDE\plugins\com.st.stm32cube.common.mx_6.12.1.202409122256\\db\/mcu/
2024-12-17 08:59:40,377 [INFO] ApiDb:274 - Set plugin database path to: C:\ST\STM32CubeIDE_1.16.1\STM32CubeIDE\plugins\com.st.stm32cube.common.mx_6.12.1.202409122256\\db\/plugins/boardmanager/
2024-12-17 08:59:40,377 [INFO] ApiDb:261 - Set plugin images path to: C:\ST\STM32CubeIDE_1.16.1\STM32CubeIDE\plugins\com.st.stm32cube.common.mx_6.12.1.202409122256\\db\/plugins/mcufinder/images/
2024-12-17 08:59:40,377 [WARN] DbFile:41 - Overriding database path with different value: C:\Users\utente\.stmcufinder\plugins\mcufinder/ => C:\Users\utente\.stmcufinder\plugins\mcufinder
2024-12-17 08:59:40,377 [INFO] ApiDb:250 - Set database path to: C:\Users\utente\.stmcufinder\plugins\mcufinder//mcu/
2024-12-17 08:59:40,377 [WARN] DbFile:41 - Overriding database path with different value: C:\Users\utente\.stmcufinder\plugins\mcufinder/ => C:\Users\utente\.stmcufinder\plugins\mcufinder
2024-12-17 08:59:40,377 [INFO] DbMcusAds:125 - Set database path to: C:\Users\utente\.stmcufinder\plugins\mcufinder//mcu/
2024-12-17 08:59:40,377 [WARN] DbFile:41 - Overriding database path with different value: C:\Users\utente\.stmcufinder\plugins\mcufinder/ => C:\Users\utente\.stmcufinder\plugins\mcufinder
2024-12-17 08:59:40,377 [WARN] DbFile:41 - Overriding database path with different value: C:\Users\utente\.stmcufinder\plugins\mcufinder/ => C:\Users\utente\.stmcufinder\plugins\mcufinder
2024-12-17 08:59:40,377 [INFO] CrossReferenceDbSqlite:203 - Set database path to: C:\Users\utente\.stmcufinder\plugins\mcufinder//mcu/cs/
2024-12-17 08:59:40,600 [INFO] MainPanel:268 - HeapMemory: 268435456
2024-12-17 08:59:40,863 [INFO] DbMcusXml:78 - Set database path to: C:\ST\STM32CubeIDE_1.16.1\STM32CubeIDE\plugins\com.st.stm32cube.common.mx_6.12.1.202409122256\\db\/mcu/
2024-12-17 08:59:40,863 [INFO] ApiDb:274 - Set plugin database path to: C:\ST\STM32CubeIDE_1.16.1\STM32CubeIDE\plugins\com.st.stm32cube.common.mx_6.12.1.202409122256\\db\/plugins/boardmanager/
2024-12-17 08:59:40,863 [INFO] ApiDb:261 - Set plugin images path to: C:\ST\STM32CubeIDE_1.16.1\STM32CubeIDE\plugins\com.st.stm32cube.common.mx_6.12.1.202409122256\\db\/plugins/mcufinder/images/
2024-12-17 08:59:40,863 [WARN] DbFile:41 - Overriding database path with different value: C:\Users\utente\.stmcufinder\plugins\mcufinder/ => C:\Users\utente\.stmcufinder\plugins\mcufinder
2024-12-17 08:59:40,863 [INFO] ApiDb:250 - Set database path to: C:\Users\utente\.stmcufinder\plugins\mcufinder//mcu/
2024-12-17 08:59:40,863 [WARN] DbFile:41 - Overriding database path with different value: C:\Users\utente\.stmcufinder\plugins\mcufinder/ => C:\Users\utente\.stmcufinder\plugins\mcufinder
2024-12-17 08:59:40,870 [INFO] DbMcusAds:125 - Set database path to: C:\Users\utente\.stmcufinder\plugins\mcufinder//mcu/
2024-12-17 08:59:40,870 [WARN] DbFile:41 - Overriding database path with different value: C:\Users\utente\.stmcufinder\plugins\mcufinder/ => C:\Users\utente\.stmcufinder\plugins\mcufinder
2024-12-17 08:59:40,870 [WARN] DbFile:41 - Overriding database path with different value: C:\Users\utente\.stmcufinder\plugins\mcufinder/ => C:\Users\utente\.stmcufinder\plugins\mcufinder
2024-12-17 08:59:40,870 [INFO] CrossReferenceDbSqlite:203 - Set database path to: C:\Users\utente\.stmcufinder\plugins\mcufinder//mcu/cs/
2024-12-17 08:59:40,909 [INFO] ApplicationProperties:184 - Using Application install path: C:\ST\STM32CubeIDE_1.16.1\STM32CubeIDE\plugins\com.st.stm32cube.common.mx_6.12.1.202409122256
2024-12-17 08:59:40,909 [INFO] PluginManage:196 - Search for loadable plugins [exclusion list=, ]
2024-12-17 08:59:40,917 [INFO] PluginManage:310 - Check plugin analytics
2024-12-17 08:59:41,364 [INFO] AnalyticsPlugin:253 - Accepted Software Licenses: 
2024-12-17 08:59:41,364 [INFO] AnalyticsPlugin:255 - Accepted CMSIS Pack Licenses: 
2024-12-17 08:59:41,364 [INFO] AnalyticsPlugin:257 - Accepted Firmware Licenses: 
2024-12-17 08:59:41,364 [INFO] PluginManage:359 - Loaded plugin analytics (category:tool,tabindex:-1)
2024-12-17 08:59:41,372 [INFO] PluginManage:310 - Check plugin cadmodel
2024-12-17 08:59:41,388 [INFO] CADModel:105 - Init CAD model plugin
2024-12-17 08:59:41,388 [INFO] PluginManage:359 - Loaded plugin cadmodel (category:power,tabindex:5)
2024-12-17 08:59:41,388 [INFO] PluginManage:310 - Check plugin clock
2024-12-17 08:59:41,426 [INFO] PluginManage:359 - Loaded plugin clock (category:base,tabindex:2)
2024-12-17 08:59:41,426 [INFO] PluginManage:310 - Check plugin ddr
2024-12-17 08:59:41,428 [INFO] PluginManage:359 - Loaded plugin ddr (category:tool,tabindex:6)
2024-12-17 08:59:41,428 [INFO] PluginManage:310 - Check plugin filemanager
2024-12-17 08:59:41,827 [INFO] PluginManage:359 - Loaded plugin filemanager (category:base,tabindex:10)
2024-12-17 08:59:41,827 [INFO] PluginManage:310 - Check plugin ipmanager
2024-12-17 08:59:41,843 [INFO] PluginManage:359 - Loaded plugin ipmanager (category:base,tabindex:5)
2024-12-17 08:59:41,843 [INFO] PluginManage:310 - Check plugin lpbam
2024-12-17 08:59:41,867 [INFO] PluginManage:359 - Loaded plugin lpbam (category:base,tabindex:0)
2024-12-17 08:59:41,867 [INFO] PluginManage:310 - Check plugin memorymap
2024-12-17 08:59:41,909 [INFO] PluginManage:359 - Loaded plugin memorymap (category:base,tabindex:4)
2024-12-17 08:59:41,909 [INFO] PluginManage:310 - Check plugin pinoutandconfiguration
2024-12-17 08:59:41,948 [INFO] PluginManage:359 - Loaded plugin pinoutandconfiguration (category:base,tabindex:1)
2024-12-17 08:59:41,948 [INFO] PluginManage:310 - Check plugin pinoutconfig
2024-12-17 08:59:42,164 [WARN] SupportedApi:132 - Cannot load RTOS API schema: s4s-elt-must-match.1: The content of 'definitions' must match (annotation?, (simpleType | complexType)?, (unique | key | keyref)*)). A problem was found starting at: attribute.
2024-12-17 08:59:42,497 [INFO] PluginManage:359 - Loaded plugin pinoutconfig (category:base,tabindex:0)
2024-12-17 08:59:42,497 [INFO] PluginManage:310 - Check plugin power
2024-12-17 08:59:42,528 [INFO] PluginManage:359 - Loaded plugin power (category:power,tabindex:4)
2024-12-17 08:59:42,528 [INFO] PluginManage:310 - Check plugin projectmanager
2024-12-17 08:59:42,575 [INFO] PluginManage:359 - Loaded plugin projectmanager (category:projectmanager,tabindex:4)
2024-12-17 08:59:42,575 [INFO] PluginManage:310 - Check plugin rif
2024-12-17 08:59:42,603 [INFO] PluginManage:359 - Loaded plugin rif (category:base,tabindex:3)
2024-12-17 08:59:42,603 [INFO] PluginManage:310 - Check plugin thirdparty
2024-12-17 08:59:43,071 [INFO] PluginManage:359 - Loaded plugin thirdparty (category:base,tabindex:-1)
2024-12-17 08:59:43,071 [WARN] IntegrityCheckThread:84 - waiting for thirdparty lock release [integrity check]
2024-12-17 08:59:43,071 [INFO] PluginManage:310 - Check plugin tools
2024-12-17 08:59:43,071 [INFO] IntegrityCheckThread:86 - entering critical section [integrity check]
2024-12-17 08:59:43,071 [INFO] ThirdPartyUpdaterWithRetryManager:70 - Updater plugin not ready yet. [1/15]
2024-12-17 08:59:43,102 [INFO] PluginManage:359 - Loaded plugin tools (category:base,tabindex:7)
2024-12-17 08:59:43,102 [INFO] PluginManage:310 - Check plugin tutovideos
2024-12-17 08:59:43,579 [INFO] PluginManage:359 - Loaded plugin tutovideos (category:base,tabindex:-1)
2024-12-17 08:59:43,579 [INFO] PluginManage:310 - Check plugin updater
2024-12-17 08:59:43,612 [INFO] PluginManage:359 - Loaded plugin updater (category:base,tabindex:12)
2024-12-17 08:59:43,612 [INFO] PluginManage:310 - Check plugin userauth
2024-12-17 08:59:43,630 [INFO] UserAuth:113 - Init User Auth plugin
2024-12-17 08:59:43,630 [INFO] PluginManage:359 - Loaded plugin userauth (category:base,tabindex:14)
2024-12-17 08:59:43,630 [INFO] PluginManage:283 - PluginManage : Loaded plugins [18]
2024-12-17 08:59:44,131 [INFO] PinOutPanel:1561 - setPackage(No Configuration,No Configuration)
2024-12-17 08:59:44,373 [INFO] CADModel:165 - CPN selected for project level
2024-12-17 08:59:44,373 [INFO] CADModel:114 - Register for checkConnection events
2024-12-17 08:59:44,422 [INFO] IPUIPlugin:80 - create IPUIPlugin
2024-12-17 08:59:44,422 [INFO] PluginManager:220 - loadIPPluginJar : add adc
2024-12-17 08:59:44,462 [INFO] IPUIPlugin:80 - create IPUIPlugin
2024-12-17 08:59:44,463 [INFO] PluginManager:220 - loadIPPluginJar : add aes
2024-12-17 08:59:44,569 [INFO] IPUIPlugin:80 - create IPUIPlugin
2024-12-17 08:59:44,569 [INFO] PluginManager:220 - loadIPPluginJar : add can
2024-12-17 08:59:44,632 [INFO] IPUIPlugin:80 - create IPUIPlugin
2024-12-17 08:59:44,632 [INFO] PluginManager:220 - loadIPPluginJar : add comp
2024-12-17 08:59:44,765 [INFO] IPUIPlugin:80 - create IPUIPlugin
2024-12-17 08:59:44,765 [INFO] PluginManager:220 - loadIPPluginJar : add cryp
2024-12-17 08:59:44,796 [INFO] IPUIPlugin:80 - create IPUIPlugin
2024-12-17 08:59:44,796 [INFO] PluginManager:220 - loadIPPluginJar : add ddr_ctrl_phy
2024-12-17 08:59:44,829 [INFO] IPUIPlugin:80 - create IPUIPlugin
2024-12-17 08:59:44,829 [INFO] PluginManager:220 - loadIPPluginJar : add dfsdm
2024-12-17 08:59:44,846 [INFO] IPUIPlugin:80 - create IPUIPlugin
2024-12-17 08:59:44,850 [INFO] PluginManager:220 - loadIPPluginJar : add dma
2024-12-17 08:59:44,893 [INFO] IPUIPlugin:80 - create IPUIPlugin
2024-12-17 08:59:44,893 [INFO] PluginManager:220 - loadIPPluginJar : add dma3
2024-12-17 08:59:45,010 [INFO] IPUIPlugin:80 - create IPUIPlugin
2024-12-17 08:59:45,010 [INFO] PluginManager:220 - loadIPPluginJar : add extmemmanager
2024-12-17 08:59:45,063 [INFO] IPUIPlugin:80 - create IPUIPlugin
2024-12-17 08:59:45,063 [INFO] PluginManager:220 - loadIPPluginJar : add fatfs
2024-12-17 08:59:45,191 [INFO] IPUIPlugin:80 - create IPUIPlugin
2024-12-17 08:59:45,191 [INFO] PluginManager:220 - loadIPPluginJar : add fmc
2024-12-17 08:59:45,228 [INFO] IPUIPlugin:80 - create IPUIPlugin
2024-12-17 08:59:45,228 [INFO] PluginManager:220 - loadIPPluginJar : add freertos
2024-12-17 08:59:45,249 [INFO] IPUIPlugin:80 - create IPUIPlugin
2024-12-17 08:59:45,249 [INFO] PluginManager:220 - loadIPPluginJar : add genericplugin
2024-12-17 08:59:45,436 [INFO] IPUIPlugin:80 - create IPUIPlugin
2024-12-17 08:59:45,436 [INFO] PluginManager:220 - loadIPPluginJar : add gfxmmu
2024-12-17 08:59:45,786 [INFO] IPUIPlugin:80 - create IPUIPlugin
2024-12-17 08:59:45,786 [INFO] PluginManager:220 - loadIPPluginJar : add gic
2024-12-17 08:59:45,814 [INFO] IPUIPlugin:80 - create IPUIPlugin
2024-12-17 08:59:45,814 [INFO] PluginManager:220 - loadIPPluginJar : add gpio
2024-12-17 08:59:46,025 [INFO] IPUIPlugin:80 - create IPUIPlugin
2024-12-17 08:59:46,025 [INFO] PluginManager:220 - loadIPPluginJar : add gtzc
2024-12-17 08:59:46,087 [INFO] ThirdPartyUpdaterWithRetryManager:70 - Updater plugin not ready yet. [2/15]
2024-12-17 08:59:46,119 [INFO] IPUIPlugin:80 - create IPUIPlugin
2024-12-17 08:59:46,119 [INFO] PluginManager:220 - loadIPPluginJar : add hash
2024-12-17 08:59:46,281 [INFO] IPUIPlugin:80 - create IPUIPlugin
2024-12-17 08:59:46,281 [INFO] PluginManager:220 - loadIPPluginJar : add i2c
2024-12-17 08:59:46,389 [INFO] IPUIPlugin:80 - create IPUIPlugin
2024-12-17 08:59:46,389 [INFO] PluginManager:220 - loadIPPluginJar : add i2s
2024-12-17 08:59:46,486 [INFO] IPUIPlugin:80 - create IPUIPlugin
2024-12-17 08:59:46,486 [INFO] PluginManager:220 - loadIPPluginJar : add i3c
2024-12-17 08:59:46,699 [INFO] IPUIPlugin:80 - create IPUIPlugin
2024-12-17 08:59:46,699 [INFO] PluginManager:220 - loadIPPluginJar : add ipddr
2024-12-17 08:59:46,899 [INFO] IPUIPlugin:80 - create IPUIPlugin
2024-12-17 08:59:46,901 [INFO] PluginManager:220 - loadIPPluginJar : add linkedlist
2024-12-17 08:59:46,944 [INFO] IPUIPlugin:80 - create IPUIPlugin
2024-12-17 08:59:46,944 [INFO] PluginManager:220 - loadIPPluginJar : add lorawan
2024-12-17 08:59:47,040 [INFO] IPUIPlugin:80 - create IPUIPlugin
2024-12-17 08:59:47,041 [INFO] PluginManager:220 - loadIPPluginJar : add ltdc
2024-12-17 08:59:47,075 [INFO] IPUIPlugin:80 - create IPUIPlugin
2024-12-17 08:59:47,075 [INFO] PluginManager:220 - loadIPPluginJar : add mdma
2024-12-17 08:59:47,106 [INFO] IPUIPlugin:80 - create IPUIPlugin
2024-12-17 08:59:47,106 [INFO] PluginManager:220 - loadIPPluginJar : add nvic
2024-12-17 08:59:47,153 [INFO] IPUIPlugin:80 - create IPUIPlugin
2024-12-17 08:59:47,153 [INFO] PluginManager:220 - loadIPPluginJar : add opamp
2024-12-17 08:59:47,238 [INFO] IPUIPlugin:80 - create IPUIPlugin
2024-12-17 08:59:47,238 [INFO] PluginManager:220 - loadIPPluginJar : add openamp
2024-12-17 08:59:47,389 [INFO] IPUIPlugin:80 - create IPUIPlugin
2024-12-17 08:59:47,389 [INFO] PluginManager:220 - loadIPPluginJar : add pdm2pcm
2024-12-17 08:59:47,422 [INFO] IPUIPlugin:80 - create IPUIPlugin
2024-12-17 08:59:47,432 [INFO] PluginManager:220 - loadIPPluginJar : add plateformsettings
2024-12-17 08:59:47,452 [INFO] IPUIPlugin:80 - create IPUIPlugin
2024-12-17 08:59:47,452 [INFO] PluginManager:220 - loadIPPluginJar : add quadspi
2024-12-17 08:59:47,534 [INFO] IPUIPlugin:80 - create IPUIPlugin
2024-12-17 08:59:47,536 [INFO] PluginManager:220 - loadIPPluginJar : add radio
2024-12-17 08:59:47,564 [INFO] IPUIPlugin:80 - create IPUIPlugin
2024-12-17 08:59:47,564 [INFO] PluginManager:220 - loadIPPluginJar : add resmgrutility
2024-12-17 08:59:47,690 [INFO] IPUIPlugin:80 - create IPUIPlugin
2024-12-17 08:59:47,690 [INFO] PluginManager:220 - loadIPPluginJar : add sai
2024-12-17 08:59:47,784 [INFO] IPUIPlugin:80 - create IPUIPlugin
2024-12-17 08:59:47,784 [INFO] PluginManager:220 - loadIPPluginJar : add spi
2024-12-17 08:59:47,973 [INFO] IPUIPlugin:80 - create IPUIPlugin
2024-12-17 08:59:47,973 [INFO] PluginManager:220 - loadIPPluginJar : add stm32_wpan
2024-12-17 08:59:48,052 [INFO] IPUIPlugin:80 - create IPUIPlugin
2024-12-17 08:59:48,052 [INFO] PluginManager:220 - loadIPPluginJar : add tim
2024-12-17 08:59:48,209 [INFO] IPUIPlugin:80 - create IPUIPlugin
2024-12-17 08:59:48,209 [INFO] PluginManager:220 - loadIPPluginJar : add touchsensing
2024-12-17 08:59:48,274 [INFO] IPUIPlugin:80 - create IPUIPlugin
2024-12-17 08:59:48,274 [INFO] PluginManager:220 - loadIPPluginJar : add tracer_emb
2024-12-17 08:59:48,340 [INFO] IPUIPlugin:80 - create IPUIPlugin
2024-12-17 08:59:48,340 [INFO] PluginManager:220 - loadIPPluginJar : add ts
2024-12-17 08:59:48,398 [INFO] IPUIPlugin:80 - create IPUIPlugin
2024-12-17 08:59:48,398 [INFO] PluginManager:220 - loadIPPluginJar : add tsc
2024-12-17 08:59:48,459 [INFO] IPUIPlugin:80 - create IPUIPlugin
2024-12-17 08:59:48,459 [INFO] PluginManager:220 - loadIPPluginJar : add ucpd
2024-12-17 08:59:48,627 [INFO] IPUIPlugin:80 - create IPUIPlugin
2024-12-17 08:59:48,627 [INFO] PluginManager:220 - loadIPPluginJar : add usart
2024-12-17 08:59:48,677 [INFO] IPUIPlugin:80 - create IPUIPlugin
2024-12-17 08:59:48,677 [INFO] PluginManager:220 - loadIPPluginJar : add usbx
2024-12-17 08:59:48,893 [INFO] CADModel:165 - CPN selected for project level
2024-12-17 08:59:48,893 [INFO] CADModel:114 - Register for checkConnection events
2024-12-17 08:59:48,893 [FATAL] Updater:334 - Updater called before beeing initialized
2024-12-17 08:59:48,893 [ERROR] CADModel:125 - Updater not yet initialized, retry later 
2024-12-17 08:59:49,092 [INFO] ThirdPartyUpdaterWithRetryManager:70 - Updater plugin not ready yet. [3/15]
2024-12-17 08:59:49,215 [INFO] CADModel:165 - CPN selected for project level
2024-12-17 08:59:49,215 [INFO] CADModel:114 - Register for checkConnection events
2024-12-17 08:59:49,215 [FATAL] Updater:334 - Updater called before beeing initialized
2024-12-17 08:59:49,215 [ERROR] CADModel:125 - Updater not yet initialized, retry later 
2024-12-17 08:59:49,223 [FATAL] Updater:334 - Updater called before beeing initialized
2024-12-17 08:59:49,463 [FATAL] Updater:334 - Updater called before beeing initialized
2024-12-17 08:59:49,488 [INFO] DbMcusAds:53 - JSON generation date=Fri Sep 20 15:04:23 CEST 2024 (1726837463113)
2024-12-17 08:59:49,488 [FATAL] Updater:334 - Updater called before beeing initialized
2024-12-17 08:59:49,586 [WARN] DetailPanel:346 - Failed to get advertising image, set to default
2024-12-17 08:59:49,809 [FATAL] Updater:334 - Updater called before beeing initialized
2024-12-17 08:59:49,813 [FATAL] Updater:334 - Updater called before beeing initialized
2024-12-17 08:59:49,813 [FATAL] Updater:334 - Updater called before beeing initialized
2024-12-17 08:59:49,813 [WARN] DetailPanel:346 - Failed to get advertising image, set to default
2024-12-17 08:59:49,813 [FATAL] Updater:334 - Updater called before beeing initialized
2024-12-17 08:59:49,917 [ERROR] Updater:1164 - MainUpdater not yet initialized. External WinMGr cannot be set.
2024-12-17 08:59:49,932 [INFO] Updater:1100 - Updater Version found : 6.12.1
2024-12-17 08:59:49,978 [INFO] ApplicationProperties:184 - Using Application install path: C:\ST\STM32CubeIDE_1.16.1\STM32CubeIDE\plugins\com.st.stm32cube.common.mx_6.12.1.202409122256
2024-12-17 08:59:50,802 [INFO] MainUpdater:2873 - connection check result : 10
2024-12-17 08:59:50,802 [INFO] MainUpdater:290 - Updater Check For Update Now.
2024-12-17 08:59:50,802 [INFO] MicroXplorer:498 - Change Database Version : DB.6.0.121
2024-12-17 08:59:50,825 [INFO] McuFinderGlobals:63 - Set McuFinder mode to 2 (CubeIDE integrated)
2024-12-17 08:59:50,833 [INFO] UserAuth:417 - Internet connection configuration mode: 1
2024-12-17 08:59:50,873 [INFO] JxBrowserEngine:152 - Initiate JxBrowser Engine with user profile folder
2024-12-17 08:59:51,200 [INFO] CheckServerUpdateThread:120 - End of CheckServer Thread
2024-12-17 08:59:52,605 [WARN] PackLoader:240 - Cannot read IP mode file for STMicroelectronics.FP-SNS-MOTENVWB1.1.4.0
2024-12-17 08:59:52,637 [WARN] PackLoader:240 - Cannot read IP mode file for STMicroelectronics.FP-ATR-ASTRA1.2.0.1
2024-12-17 08:59:52,669 [WARN] PackLoader:240 - Cannot read IP mode file for STMicroelectronics.X-CUBE-SMBUS.2.1.0
2024-12-17 08:59:52,685 [WARN] PackLoader:240 - Cannot read IP mode file for STMicroelectronics.X-CUBE-WB05N.1.1.0
2024-12-17 08:59:52,798 [WARN] PackLoader:240 - Cannot read IP mode file for STMicroelectronics.X-CUBE-AZRTOS-F7.1.1.0
2024-12-17 08:59:53,021 [WARN] PackLoader:240 - Cannot read IP mode file for STMicroelectronics.X-CUBE-MEMS1.11.0.0
2024-12-17 08:59:53,476 [WARN] PackLoader:240 - Cannot read IP mode file for STMicroelectronics.FP-SNS-FLIGHT1.5.0.2
2024-12-17 08:59:53,487 [WARN] PackLoader:240 - Cannot read IP mode file for STMicroelectronics.X-CUBE-DISPLAY.3.0.0
2024-12-17 08:59:53,519 [WARN] PackLoader:240 - Cannot read IP mode file for STMicroelectronics.X-CUBE-BLE1.7.0.0
2024-12-17 08:59:53,565 [WARN] PackLoader:240 - Cannot read IP mode file for STMicroelectronics.X-CUBE-NFC10.1.0.0
2024-12-17 08:59:53,598 [WARN] PackLoader:240 - Cannot read IP mode file for STMicroelectronics.X-CUBE-BLEMGR.4.0.0
2024-12-17 08:59:53,643 [WARN] PackLoader:240 - Cannot read IP mode file for emotas.I-CUBE-CANOPEN.1.3.0
2024-12-17 08:59:53,684 [WARN] PackLoader:240 - Cannot read IP mode file for STMicroelectronics.X-CUBE-BLEMGR.3.1.0
2024-12-17 08:59:53,721 [WARN] PackLoader:240 - Cannot read IP mode file for STMicroelectronics.FP-SNS-SMARTAG2.1.2.0
2024-12-17 08:59:53,769 [INFO] LogOutputStream:77 - [STDOUT_REDIRECT] 1 : Invalid condition id : UX_CORESTACK_Condition cause : null
2024-12-17 08:59:53,769 [INFO] LogOutputStream:77 - [STDOUT_REDIRECT] 1 : Invalid condition id : UX_CORESTACK_Condition cause : null
2024-12-17 08:59:53,776 [INFO] LogOutputStream:77 - [STDOUT_REDIRECT] 1 : Invalid condition id : UX_CORESTACK_Condition cause : null
2024-12-17 08:59:53,776 [INFO] LogOutputStream:77 - [STDOUT_REDIRECT] 1 : Invalid condition id : UX_CORESTACK_Condition cause : null
2024-12-17 08:59:53,776 [INFO] LogOutputStream:77 - [STDOUT_REDIRECT] 1 : Invalid condition id : UX_CORESTACK_Condition cause : null
2024-12-17 08:59:53,785 [WARN] PackLoader:240 - Cannot read IP mode file for STMicroelectronics.X-CUBE-AZRTOS-WL.2.0.0
2024-12-17 08:59:53,817 [WARN] PackLoader:240 - Cannot read IP mode file for STMicroelectronics.FP-SNS-MOTENV1.5.0.0
2024-12-17 08:59:53,850 [WARN] PackLoader:240 - Cannot read IP mode file for wolfSSL.I-CUBE-wolfMQTT.1.19.0
2024-12-17 08:59:53,886 [WARN] PackLoader:240 - Cannot read IP mode file for WES.I-CUBE-Cesium.1.3.0
2024-12-17 08:59:53,909 [WARN] PackLoader:240 - Cannot read IP mode file for STMicroelectronics.X-CUBE-BLE2.3.3.0
2024-12-17 08:59:53,921 [WARN] PackLoader:240 - Cannot read IP mode file for STMicroelectronics.X-CUBE-NFC9.1.0.0
2024-12-17 08:59:53,936 [WARN] PackLoader:240 - Cannot read IP mode file for STMicroelectronics.X-CUBE-TCPP.4.1.0
2024-12-17 08:59:54,000 [WARN] PackLoader:240 - Cannot read IP mode file for STMicroelectronics.X-CUBE-AZRTOS-G0.1.1.0
2024-12-17 08:59:54,063 [WARN] PackLoader:240 - Cannot read IP mode file for STMicroelectronics.X-CUBE-SAFEA1.1.2.2
2024-12-17 08:59:54,089 [WARN] PackLoader:240 - Cannot read IP mode file for STMicroelectronics.X-CUBE-NFC4.3.0.0
2024-12-17 08:59:54,129 [WARN] PackLoader:240 - Cannot read IP mode file for EmbeddedOffice.I-CUBE-FS-RTOS.1.0.1
2024-12-17 08:59:54,129 [ERROR] ConditionMgr:805 - Attr not supported : Dmpu
2024-12-17 08:59:54,129 [ERROR] ConditionMgr:805 - Attr not supported : Dmpu
2024-12-17 08:59:54,129 [ERROR] ConditionMgr:805 - Attr not supported : Dmpu
2024-12-17 08:59:54,129 [ERROR] ConditionMgr:805 - Attr not supported : Dmpu
2024-12-17 08:59:54,129 [ERROR] ConditionMgr:805 - Attr not supported : Dmpu
2024-12-17 08:59:54,129 [ERROR] ConditionMgr:805 - Attr not supported : Dmpu
2024-12-17 08:59:54,129 [ERROR] ConditionMgr:805 - Attr not supported : Dmpu
2024-12-17 08:59:54,129 [ERROR] ConditionMgr:805 - Attr not supported : Dmpu
2024-12-17 08:59:54,129 [ERROR] ConditionMgr:805 - Attr not supported : Dmpu
2024-12-17 08:59:54,129 [ERROR] ConditionMgr:805 - Attr not supported : Dmpu
2024-12-17 08:59:54,129 [ERROR] ConditionMgr:805 - Attr not supported : Dmpu
2024-12-17 08:59:54,129 [ERROR] ConditionMgr:805 - Attr not supported : Dmpu
2024-12-17 08:59:54,129 [ERROR] ConditionMgr:805 - Attr not supported : Dmpu
2024-12-17 08:59:54,129 [ERROR] ConditionMgr:805 - Attr not supported : Dmpu
2024-12-17 08:59:54,129 [ERROR] ConditionMgr:805 - Attr not supported : Dmpu
2024-12-17 08:59:54,129 [ERROR] ConditionMgr:805 - Attr not supported : Dmpu
2024-12-17 08:59:54,129 [ERROR] ConditionMgr:805 - Attr not supported : Dmpu
2024-12-17 08:59:54,129 [ERROR] ConditionMgr:805 - Attr not supported : Dmpu
2024-12-17 08:59:54,137 [ERROR] ConditionMgr:805 - Attr not supported : Dmpu
2024-12-17 08:59:54,137 [ERROR] ConditionMgr:805 - Attr not supported : Dmpu
2024-12-17 08:59:54,137 [ERROR] ConditionMgr:805 - Attr not supported : Dmpu
2024-12-17 08:59:54,137 [ERROR] ConditionMgr:805 - Attr not supported : Dmpu
2024-12-17 08:59:54,137 [ERROR] ConditionMgr:805 - Attr not supported : Dmpu
2024-12-17 08:59:54,137 [ERROR] ConditionMgr:805 - Attr not supported : Dmpu
2024-12-17 08:59:54,137 [ERROR] ConditionMgr:805 - Attr not supported : Dmpu
2024-12-17 08:59:54,137 [ERROR] ConditionMgr:805 - Attr not supported : Dmpu
2024-12-17 08:59:54,137 [ERROR] ConditionMgr:805 - Attr not supported : Dmpu
2024-12-17 08:59:54,137 [ERROR] ConditionMgr:805 - Attr not supported : Dmpu
2024-12-17 08:59:54,137 [ERROR] ConditionMgr:805 - Attr not supported : Dmpu
2024-12-17 08:59:54,137 [ERROR] ConditionMgr:805 - Attr not supported : Dmpu
2024-12-17 08:59:54,137 [ERROR] ConditionMgr:805 - Attr not supported : Dmpu
2024-12-17 08:59:54,137 [ERROR] ConditionMgr:805 - Attr not supported : Dmpu
2024-12-17 08:59:54,137 [ERROR] ConditionMgr:805 - Attr not supported : Dmpu
2024-12-17 08:59:54,137 [ERROR] ConditionMgr:805 - Attr not supported : Dmpu
2024-12-17 08:59:54,137 [ERROR] ConditionMgr:805 - Attr not supported : Dmpu
2024-12-17 08:59:54,137 [ERROR] ConditionMgr:805 - Attr not supported : Dmpu
2024-12-17 08:59:54,137 [ERROR] ConditionMgr:805 - Attr not supported : Dmpu
2024-12-17 08:59:54,137 [ERROR] ConditionMgr:805 - Attr not supported : Dmpu
2024-12-17 08:59:54,137 [ERROR] ConditionMgr:805 - Attr not supported : Dmpu
2024-12-17 08:59:54,137 [ERROR] ConditionMgr:805 - Attr not supported : Dmpu
2024-12-17 08:59:54,137 [ERROR] ConditionMgr:805 - Attr not supported : Dmpu
2024-12-17 08:59:54,137 [ERROR] ConditionMgr:805 - Attr not supported : Dmpu
2024-12-17 08:59:54,137 [ERROR] ConditionMgr:805 - Attr not supported : Dmpu
2024-12-17 08:59:54,137 [ERROR] ConditionMgr:805 - Attr not supported : Dmpu
2024-12-17 08:59:54,137 [ERROR] ConditionMgr:805 - Attr not supported : Dmpu
2024-12-17 08:59:54,137 [ERROR] ConditionMgr:805 - Attr not supported : Dmpu
2024-12-17 08:59:54,137 [ERROR] ConditionMgr:805 - Attr not supported : Dmpu
2024-12-17 08:59:54,137 [ERROR] ConditionMgr:805 - Attr not supported : Dmpu
2024-12-17 08:59:54,137 [ERROR] ConditionMgr:805 - Attr not supported : Dmpu
2024-12-17 08:59:54,142 [ERROR] ConditionMgr:805 - Attr not supported : Dmpu
2024-12-17 08:59:54,142 [ERROR] ConditionMgr:805 - Attr not supported : Dmpu
2024-12-17 08:59:54,142 [ERROR] ConditionMgr:805 - Attr not supported : Dmpu
2024-12-17 08:59:54,142 [ERROR] ConditionMgr:805 - Attr not supported : Dmpu
2024-12-17 08:59:54,142 [ERROR] ConditionMgr:805 - Attr not supported : Dmpu
2024-12-17 08:59:54,142 [ERROR] ConditionMgr:805 - Attr not supported : Dmpu
2024-12-17 08:59:54,142 [ERROR] ConditionMgr:805 - Attr not supported : Dmpu
2024-12-17 08:59:54,142 [ERROR] ConditionMgr:805 - Attr not supported : Dmpu
2024-12-17 08:59:54,142 [ERROR] ConditionMgr:805 - Attr not supported : Dmpu
2024-12-17 08:59:54,142 [ERROR] ConditionMgr:805 - Attr not supported : Dmpu
2024-12-17 08:59:54,142 [ERROR] ConditionMgr:805 - Attr not supported : Dmpu
2024-12-17 08:59:54,142 [ERROR] ConditionMgr:805 - Attr not supported : Dmpu
2024-12-17 08:59:54,142 [ERROR] ConditionMgr:805 - Attr not supported : Dmpu
2024-12-17 08:59:54,142 [ERROR] ConditionMgr:805 - Attr not supported : Dmpu
2024-12-17 08:59:54,142 [ERROR] ConditionMgr:805 - Attr not supported : Dmpu
2024-12-17 08:59:54,168 [ERROR] Engine:466 - C:\Users\utente\.stm32cubemx\thirdparties\pdsc\STMicroelectronics.X-CUBE-TCPP.4.2.0.pdsc: PDSC version is not supported
2024-12-17 08:59:54,184 [WARN] PackLoader:240 - Cannot read IP mode file for RealThread.X-CUBE-RT-Thread_Nano.4.1.1
2024-12-17 08:59:54,216 [WARN] PackLoader:240 - Cannot read IP mode file for STMicroelectronics.FP-ATR-SIGFOX1.3.2.0
2024-12-17 08:59:54,249 [WARN] PackLoader:240 - Cannot read IP mode file for wolfSSL.I-CUBE-wolfSSL.5.7.2
2024-12-17 08:59:54,264 [WARN] ConditionMgr:438 - getConditionDescription Invalid condition id : Cortex-A Device cause : null
2024-12-17 08:59:54,314 [WARN] ConditionMgr:1039 - genDependencies : Invalid condition id : Cortex-A Device cause : null
2024-12-17 08:59:54,314 [WARN] ConditionMgr:1039 - genDependencies : Invalid condition id : Cortex-A Device cause : null
2024-12-17 08:59:54,314 [WARN] ConditionMgr:1039 - genDependencies : Invalid condition id : Cortex-A Device cause : null
2024-12-17 08:59:54,349 [WARN] PackLoader:240 - Cannot read IP mode file for STMicroelectronics.X-CUBE-EEPRMA1.5.1.0
2024-12-17 08:59:54,376 [WARN] PackLoader:240 - Cannot read IP mode file for ITTIA_DB.I-CUBE-ITTIADB.8.9.0
2024-12-17 08:59:54,466 [WARN] PackLoader:240 - Cannot read IP mode file for SEGGER.I-CUBE-embOS.1.3.1
2024-12-17 08:59:54,614 [WARN] PackLoader:240 - Cannot read IP mode file for STMicroelectronics.X-CUBE-ALGOBUILD.1.4.0
2024-12-17 08:59:54,638 [WARN] PackLoader:240 - Cannot read IP mode file for STMicroelectronics.X-CUBE-AI.9.1.0
2024-12-17 08:59:54,686 [WARN] PackLoader:240 - Cannot read IP mode file for STMicroelectronics.X-CUBE-AZRTOS-F4.1.1.0
2024-12-17 08:59:54,746 [WARN] PackLoader:240 - Cannot read IP mode file for STMicroelectronics.X-CUBE-ISPU.2.1.0
2024-12-17 08:59:54,773 [WARN] PackLoader:240 - Cannot read IP mode file for STMicroelectronics.X-CUBE-FREERTOS.1.2.0
2024-12-17 08:59:54,838 [WARN] PackLoader:240 - Cannot read IP mode file for STMicroelectronics.X-CUBE-AZRTOS-L5.2.0.0
2024-12-17 08:59:54,870 [WARN] PackLoader:240 - Cannot read IP mode file for STMicroelectronics.X-CUBE-NFC6.3.1.0
2024-12-17 08:59:54,901 [WARN] PackLoader:240 - Cannot read IP mode file for STMicroelectronics.X-CUBE-DPower.1.2.0
2024-12-17 08:59:54,933 [WARN] PackLoader:240 - Cannot read IP mode file for STMicroelectronics.X-CUBE-FREERTOS.1.3.0
2024-12-17 08:59:54,982 [WARN] PackLoader:240 - Cannot read IP mode file for STMicroelectronics.X-CUBE-NFC7.1.0.1
2024-12-17 08:59:55,038 [WARN] ConditionMgr:438 - getConditionDescription Invalid condition id : LAN8742 Phy interface Condition cause : null
2024-12-17 08:59:55,038 [WARN] PackLoader:240 - Cannot read IP mode file for STMicroelectronics.X-CUBE-AZRTOS-L4.2.0.0
2024-12-17 08:59:55,038 [WARN] ConditionMgr:1039 - genDependencies : Invalid condition id : LAN8742 Phy interface Condition cause : null
2024-12-17 08:59:55,038 [WARN] ConditionMgr:1039 - genDependencies : Invalid condition id : LAN8742 Phy interface Condition cause : null
2024-12-17 08:59:55,038 [WARN] ConditionMgr:1039 - genDependencies : Invalid condition id : LAN8742 Phy interface Condition cause : null
2024-12-17 08:59:55,078 [WARN] PackLoader:240 - Cannot read IP mode file for STMicroelectronics.X-CUBE-SFXS2LP1.4.0.0
2024-12-17 08:59:55,151 [WARN] PackLoader:240 - Cannot read IP mode file for STMicroelectronics.X-CUBE-AZRTOS-H7.3.3.0
2024-12-17 08:59:55,198 [WARN] PackLoader:240 - Cannot read IP mode file for STMicroelectronics.X-CUBE-IPS.3.0.0
2024-12-17 08:59:55,259 [WARN] ConditionMgr:438 - getConditionDescription Invalid condition id : UX DEVICE CLASS RTOS Condition cause : null
2024-12-17 08:59:55,259 [WARN] ConditionMgr:438 - getConditionDescription Invalid condition id : UX DEVICE CLASS RTOS Condition cause : null
2024-12-17 08:59:55,263 [WARN] PackLoader:240 - Cannot read IP mode file for STMicroelectronics.X-CUBE-AZRTOS-WB.2.0.0
2024-12-17 08:59:55,263 [WARN] ConditionMgr:1039 - genDependencies : Invalid condition id : UX DEVICE CLASS RTOS Condition cause : null
2024-12-17 08:59:55,263 [WARN] ConditionMgr:1039 - genDependencies : Invalid condition id : UX DEVICE CLASS RTOS Condition cause : null
2024-12-17 08:59:55,263 [WARN] ConditionMgr:1039 - genDependencies : Invalid condition id : UX DEVICE CLASS RTOS Condition cause : null
2024-12-17 08:59:55,263 [WARN] ConditionMgr:1039 - genDependencies : Invalid condition id : UX DEVICE CLASS RTOS Condition cause : null
2024-12-17 08:59:55,263 [WARN] ConditionMgr:1039 - genDependencies : Invalid condition id : UX DEVICE CLASS RTOS Condition cause : null
2024-12-17 08:59:55,284 [WARN] PackLoader:240 - Cannot read IP mode file for STMicroelectronics.X-CUBE-GNSS1.7.0.0
2024-12-17 08:59:55,309 [WARN] PackLoader:240 - Cannot read IP mode file for STMicroelectronics.FP-SNS-STBOX1.2.0.0
2024-12-17 08:59:55,351 [WARN] PackLoader:240 - Cannot read IP mode file for STMicroelectronics.X-CUBE-SUBG2.5.0.0
2024-12-17 08:59:55,382 [WARN] PackLoader:240 - Cannot read IP mode file for Cesanta.I-CUBE-Mongoose.7.13.0
2024-12-17 08:59:55,455 [WARN] PackLoader:240 - Cannot read IP mode file for STMicroelectronics.X-CUBE-AZRTOS-G4.2.0.0
2024-12-17 08:59:55,480 [WARN] PackLoader:240 - Cannot read IP mode file for STMicroelectronics.X-CUBE-ALS.1.0.2
2024-12-17 08:59:55,514 [WARN] PackLoader:240 - Cannot read IP mode file for STMicroelectronics.X-CUBE-TOUCHGFX.4.24.1
2024-12-17 08:59:55,529 [WARN] PackLoader:240 - Cannot read IP mode file for wolfSSL.I-CUBE-wolfTPM.3.4.0
2024-12-17 08:59:55,550 [WARN] PackLoader:240 - Cannot read IP mode file for portGmbH.I-Cube-SoM-uGOAL.1.1.0
2024-12-17 08:59:55,603 [WARN] PackLoader:240 - Cannot read IP mode file for STMicroelectronics.X-CUBE-AZRTOS-H7RS.1.0.0
2024-12-17 08:59:55,618 [WARN] PackLoader:240 - Cannot read IP mode file for STMicroelectronics.FP-ATR-ASTRA1.2.0.0
2024-12-17 08:59:55,683 [WARN] PackLoader:240 - Cannot read IP mode file for STMicroelectronics.X-CUBE-TOF1.3.4.2
2024-12-17 08:59:55,785 [WARN] PackLoader:240 - Cannot read IP mode file for Infineon.AIROC-Wi-Fi-Bluetooth-STM32.1.6.1
2024-12-17 08:59:55,816 [WARN] PackLoader:240 - Cannot read IP mode file for wolfSSL.I-CUBE-wolfSSH.1.4.17
2024-12-17 08:59:55,816 [INFO] ThirdParty:978 - Integrity check success = true
2024-12-17 08:59:55,816 [INFO] IntegrityCheckThread:100 - exiting critical section [integrity check]
2024-12-17 08:59:55,816 [INFO] IntegrityCheckThread:103 - End integrity checks thread
2024-12-17 09:00:04,575 [INFO] WebApp:167 - Instantiating new browser for Auth
2024-12-17 09:00:05,795 [INFO] WebApp:448 - Apply proxy settings
2024-12-17 09:00:05,796 [INFO] WebApp:533 - Chromium requires no authentication
2024-12-17 09:00:05,810 [INFO] WebApp:476 - Direct internet connection detected
2024-12-17 09:00:05,866 [INFO] WebApp:869 - Register for checkConnection events
2024-12-17 09:00:05,866 [INFO] WebApp:448 - Apply proxy settings
2024-12-17 09:00:05,866 [INFO] WebApp:533 - Chromium requires no authentication
2024-12-17 09:00:05,866 [INFO] WebApp:476 - Direct internet connection detected
2024-12-17 09:00:06,081 [INFO] WebApp:186 - Connection restablished
2024-12-17 09:00:06,248 [INFO] WebApp:220 - Starting web application
2024-12-17 09:00:06,251 [INFO] WebApp:578 - Web application path used C:\ST\STM32CubeIDE_1.16.1\STM32CubeIDE\plugins\com.st.stm32cube.common.mx_6.12.1.202409122256\db\plugins\mcufinder\reactClient1\index.html
2024-12-17 09:00:06,500 [INFO] UserAuth:417 - Internet connection configuration mode: 1
2024-12-17 09:07:52,463 [INFO] WebApp:189 - Connection lost
2024-12-17 09:07:52,634 [INFO] WebApp:186 - Connection restablished
2024-12-17 10:14:15,422 [INFO] WebApp:189 - Connection lost
2024-12-17 10:14:15,597 [INFO] WebApp:186 - Connection restablished
2024-12-17 10:17:07,448 [INFO] WebApp:189 - Connection lost
2024-12-17 10:17:08,621 [INFO] WebApp:186 - Connection restablished
2024-12-17 10:17:26,484 [INFO] WebApp:189 - Connection lost
2024-12-17 10:17:26,639 [INFO] WebApp:186 - Connection restablished
2024-12-17 10:23:29,463 [INFO] WebApp:189 - Connection lost
2024-12-17 10:23:30,647 [INFO] WebApp:186 - Connection restablished
2024-12-17 10:23:47,452 [INFO] WebApp:189 - Connection lost
2024-12-17 10:23:47,589 [INFO] WebApp:186 - Connection restablished
2024-12-17 10:29:05,463 [INFO] WebApp:189 - Connection lost
2024-12-17 10:29:06,648 [INFO] WebApp:186 - Connection restablished
2024-12-17 10:29:23,966 [INFO] WebApp:189 - Connection lost
2024-12-17 10:29:24,109 [INFO] WebApp:186 - Connection restablished
2024-12-17 10:30:57,853 [ERROR] LogOutputStream:75 - [STDERR_REDIRECT] 
2024-12-17 10:38:28,062 [INFO] Activator:176 - 


2024-12-17 10:38:28,063 [INFO] Activator:177 - !SESSION log4j initialized
2024-12-17 10:38:31,829 [INFO] LogOutputStream:77 - [STDOUT_REDIRECT] 
2024-12-17 10:38:32,891 [INFO] ApplicationProperties:184 - Using Application install path: C:\ST\STM32CubeIDE_1.16.1\STM32CubeIDE\plugins\com.st.stm32cube.common.mx_6.12.1.202409122256
2024-12-17 10:38:32,904 [INFO] DbMcusXml:78 - Set database path to: C:\ST\STM32CubeIDE_1.16.1\STM32CubeIDE\plugins\com.st.stm32cube.common.mx_6.12.1.202409122256\\db\/mcu/
2024-12-17 10:38:32,904 [INFO] ApiDb:274 - Set plugin database path to: C:\ST\STM32CubeIDE_1.16.1\STM32CubeIDE\plugins\com.st.stm32cube.common.mx_6.12.1.202409122256\\db\/plugins/boardmanager/
2024-12-17 10:38:32,904 [WARN] ApiDb:259 - Overriding images path with different value:  => C:\ST\STM32CubeIDE_1.16.1\STM32CubeIDE\plugins\com.st.stm32cube.common.mx_6.12.1.202409122256\\db\/plugins/mcufinder/images/
2024-12-17 10:38:32,909 [INFO] ApiDb:250 - Set database path to: C:\Users\utente\.stmcufinder\plugins\mcufinder//mcu/
2024-12-17 10:38:32,910 [INFO] DbMcusAds:125 - Set database path to: C:\Users\utente\.stmcufinder\plugins\mcufinder//mcu/
2024-12-17 10:38:32,911 [INFO] CrossReferenceDbSqlite:203 - Set database path to: C:\Users\utente\.stmcufinder\plugins\mcufinder//mcu/cs/
2024-12-17 10:38:32,991 [INFO] RulesReader:64 - Compatibility file has been processed (297 Rules)
2024-12-17 10:38:33,033 [INFO] DbMcusXml:78 - Set database path to: C:\ST\STM32CubeIDE_1.16.1\STM32CubeIDE\plugins\com.st.stm32cube.common.mx_6.12.1.202409122256\\db\/mcu/
2024-12-17 10:38:33,033 [INFO] ApiDb:274 - Set plugin database path to: C:\ST\STM32CubeIDE_1.16.1\STM32CubeIDE\plugins\com.st.stm32cube.common.mx_6.12.1.202409122256\\db\/plugins/boardmanager/
2024-12-17 10:38:33,033 [INFO] ApiDb:261 - Set plugin images path to: C:\ST\STM32CubeIDE_1.16.1\STM32CubeIDE\plugins\com.st.stm32cube.common.mx_6.12.1.202409122256\\db\/plugins/mcufinder/images/
2024-12-17 10:38:33,033 [WARN] DbFile:41 - Overriding database path with different value: C:\Users\utente\.stmcufinder\plugins\mcufinder/ => C:\Users\utente\.stmcufinder\plugins\mcufinder
2024-12-17 10:38:33,033 [INFO] ApiDb:250 - Set database path to: C:\Users\utente\.stmcufinder\plugins\mcufinder//mcu/
2024-12-17 10:38:33,033 [WARN] DbFile:41 - Overriding database path with different value: C:\Users\utente\.stmcufinder\plugins\mcufinder/ => C:\Users\utente\.stmcufinder\plugins\mcufinder
2024-12-17 10:38:33,034 [INFO] DbMcusAds:125 - Set database path to: C:\Users\utente\.stmcufinder\plugins\mcufinder//mcu/
2024-12-17 10:38:33,034 [WARN] DbFile:41 - Overriding database path with different value: C:\Users\utente\.stmcufinder\plugins\mcufinder/ => C:\Users\utente\.stmcufinder\plugins\mcufinder
2024-12-17 10:38:33,034 [WARN] DbFile:41 - Overriding database path with different value: C:\Users\utente\.stmcufinder\plugins\mcufinder/ => C:\Users\utente\.stmcufinder\plugins\mcufinder
2024-12-17 10:38:33,034 [INFO] CrossReferenceDbSqlite:203 - Set database path to: C:\Users\utente\.stmcufinder\plugins\mcufinder//mcu/cs/
2024-12-17 10:38:33,092 [INFO] MainPanel:268 - HeapMemory: 268435456
2024-12-17 10:38:33,169 [INFO] DbMcusXml:78 - Set database path to: C:\ST\STM32CubeIDE_1.16.1\STM32CubeIDE\plugins\com.st.stm32cube.common.mx_6.12.1.202409122256\\db\/mcu/
2024-12-17 10:38:33,173 [INFO] ApiDb:274 - Set plugin database path to: C:\ST\STM32CubeIDE_1.16.1\STM32CubeIDE\plugins\com.st.stm32cube.common.mx_6.12.1.202409122256\\db\/plugins/boardmanager/
2024-12-17 10:38:33,173 [INFO] ApiDb:261 - Set plugin images path to: C:\ST\STM32CubeIDE_1.16.1\STM32CubeIDE\plugins\com.st.stm32cube.common.mx_6.12.1.202409122256\\db\/plugins/mcufinder/images/
2024-12-17 10:38:33,174 [WARN] DbFile:41 - Overriding database path with different value: C:\Users\utente\.stmcufinder\plugins\mcufinder/ => C:\Users\utente\.stmcufinder\plugins\mcufinder
2024-12-17 10:38:33,174 [INFO] ApiDb:250 - Set database path to: C:\Users\utente\.stmcufinder\plugins\mcufinder//mcu/
2024-12-17 10:38:33,174 [WARN] DbFile:41 - Overriding database path with different value: C:\Users\utente\.stmcufinder\plugins\mcufinder/ => C:\Users\utente\.stmcufinder\plugins\mcufinder
2024-12-17 10:38:33,174 [INFO] DbMcusAds:125 - Set database path to: C:\Users\utente\.stmcufinder\plugins\mcufinder//mcu/
2024-12-17 10:38:33,174 [WARN] DbFile:41 - Overriding database path with different value: C:\Users\utente\.stmcufinder\plugins\mcufinder/ => C:\Users\utente\.stmcufinder\plugins\mcufinder
2024-12-17 10:38:33,174 [WARN] DbFile:41 - Overriding database path with different value: C:\Users\utente\.stmcufinder\plugins\mcufinder/ => C:\Users\utente\.stmcufinder\plugins\mcufinder
2024-12-17 10:38:33,174 [INFO] CrossReferenceDbSqlite:203 - Set database path to: C:\Users\utente\.stmcufinder\plugins\mcufinder//mcu/cs/
2024-12-17 10:38:33,193 [INFO] ApplicationProperties:184 - Using Application install path: C:\ST\STM32CubeIDE_1.16.1\STM32CubeIDE\plugins\com.st.stm32cube.common.mx_6.12.1.202409122256
2024-12-17 10:38:33,194 [INFO] PluginManage:196 - Search for loadable plugins [exclusion list=, ]
2024-12-17 10:38:33,194 [INFO] PluginManage:310 - Check plugin analytics
2024-12-17 10:38:33,311 [INFO] AnalyticsPlugin:253 - Accepted Software Licenses: 
2024-12-17 10:38:33,311 [INFO] AnalyticsPlugin:255 - Accepted CMSIS Pack Licenses: 
2024-12-17 10:38:33,311 [INFO] AnalyticsPlugin:257 - Accepted Firmware Licenses: 
2024-12-17 10:38:33,313 [INFO] PluginManage:359 - Loaded plugin analytics (category:tool,tabindex:-1)
2024-12-17 10:38:33,313 [INFO] PluginManage:310 - Check plugin cadmodel
2024-12-17 10:38:33,326 [INFO] CADModel:105 - Init CAD model plugin
2024-12-17 10:38:33,326 [INFO] PluginManage:359 - Loaded plugin cadmodel (category:power,tabindex:5)
2024-12-17 10:38:33,326 [INFO] PluginManage:310 - Check plugin clock
2024-12-17 10:38:33,341 [INFO] PluginManage:359 - Loaded plugin clock (category:base,tabindex:2)
2024-12-17 10:38:33,341 [INFO] PluginManage:310 - Check plugin ddr
2024-12-17 10:38:33,342 [INFO] PluginManage:359 - Loaded plugin ddr (category:tool,tabindex:6)
2024-12-17 10:38:33,342 [INFO] PluginManage:310 - Check plugin filemanager
2024-12-17 10:38:33,456 [INFO] PluginManage:359 - Loaded plugin filemanager (category:base,tabindex:10)
2024-12-17 10:38:33,456 [INFO] PluginManage:310 - Check plugin ipmanager
2024-12-17 10:38:33,461 [INFO] PluginManage:359 - Loaded plugin ipmanager (category:base,tabindex:5)
2024-12-17 10:38:33,461 [INFO] PluginManage:310 - Check plugin lpbam
2024-12-17 10:38:33,474 [INFO] PluginManage:359 - Loaded plugin lpbam (category:base,tabindex:0)
2024-12-17 10:38:33,474 [INFO] PluginManage:310 - Check plugin memorymap
2024-12-17 10:38:33,491 [INFO] PluginManage:359 - Loaded plugin memorymap (category:base,tabindex:4)
2024-12-17 10:38:33,491 [INFO] PluginManage:310 - Check plugin pinoutandconfiguration
2024-12-17 10:38:33,506 [INFO] PluginManage:359 - Loaded plugin pinoutandconfiguration (category:base,tabindex:1)
2024-12-17 10:38:33,506 [INFO] PluginManage:310 - Check plugin pinoutconfig
2024-12-17 10:38:33,579 [WARN] SupportedApi:132 - Cannot load RTOS API schema: s4s-elt-must-match.1: The content of 'definitions' must match (annotation?, (simpleType | complexType)?, (unique | key | keyref)*)). A problem was found starting at: attribute.
2024-12-17 10:38:33,668 [INFO] PluginManage:359 - Loaded plugin pinoutconfig (category:base,tabindex:0)
2024-12-17 10:38:33,669 [INFO] PluginManage:310 - Check plugin power
2024-12-17 10:38:33,684 [INFO] PluginManage:359 - Loaded plugin power (category:power,tabindex:4)
2024-12-17 10:38:33,684 [INFO] PluginManage:310 - Check plugin projectmanager
2024-12-17 10:38:33,694 [INFO] PluginManage:359 - Loaded plugin projectmanager (category:projectmanager,tabindex:4)
2024-12-17 10:38:33,696 [INFO] PluginManage:310 - Check plugin rif
2024-12-17 10:38:33,708 [INFO] PluginManage:359 - Loaded plugin rif (category:base,tabindex:3)
2024-12-17 10:38:33,709 [INFO] PluginManage:310 - Check plugin thirdparty
2024-12-17 10:38:33,933 [INFO] PluginManage:359 - Loaded plugin thirdparty (category:base,tabindex:-1)
2024-12-17 10:38:33,933 [INFO] PluginManage:310 - Check plugin tools
2024-12-17 10:38:33,933 [WARN] IntegrityCheckThread:84 - waiting for thirdparty lock release [integrity check]
2024-12-17 10:38:33,933 [INFO] IntegrityCheckThread:86 - entering critical section [integrity check]
2024-12-17 10:38:33,933 [INFO] ThirdPartyUpdaterWithRetryManager:70 - Updater plugin not ready yet. [1/15]
2024-12-17 10:38:33,968 [INFO] PluginManage:359 - Loaded plugin tools (category:base,tabindex:7)
2024-12-17 10:38:33,968 [INFO] PluginManage:310 - Check plugin tutovideos
2024-12-17 10:38:34,093 [INFO] PluginManage:359 - Loaded plugin tutovideos (category:base,tabindex:-1)
2024-12-17 10:38:34,094 [INFO] PluginManage:310 - Check plugin updater
2024-12-17 10:38:34,104 [INFO] PluginManage:359 - Loaded plugin updater (category:base,tabindex:12)
2024-12-17 10:38:34,106 [INFO] PluginManage:310 - Check plugin userauth
2024-12-17 10:38:34,109 [INFO] UserAuth:113 - Init User Auth plugin
2024-12-17 10:38:34,109 [INFO] PluginManage:359 - Loaded plugin userauth (category:base,tabindex:14)
2024-12-17 10:38:34,110 [INFO] PluginManage:283 - PluginManage : Loaded plugins [18]
2024-12-17 10:38:34,260 [INFO] PinOutPanel:1561 - setPackage(No Configuration,No Configuration)
2024-12-17 10:38:34,327 [INFO] CADModel:165 - CPN selected for project level
2024-12-17 10:38:34,327 [INFO] CADModel:114 - Register for checkConnection events
2024-12-17 10:38:34,348 [INFO] IPUIPlugin:80 - create IPUIPlugin
2024-12-17 10:38:34,348 [INFO] PluginManager:220 - loadIPPluginJar : add adc
2024-12-17 10:38:34,378 [INFO] IPUIPlugin:80 - create IPUIPlugin
2024-12-17 10:38:34,378 [INFO] PluginManager:220 - loadIPPluginJar : add aes
2024-12-17 10:38:34,412 [INFO] IPUIPlugin:80 - create IPUIPlugin
2024-12-17 10:38:34,413 [INFO] PluginManager:220 - loadIPPluginJar : add can
2024-12-17 10:38:34,434 [INFO] IPUIPlugin:80 - create IPUIPlugin
2024-12-17 10:38:34,434 [INFO] PluginManager:220 - loadIPPluginJar : add comp
2024-12-17 10:38:34,463 [INFO] IPUIPlugin:80 - create IPUIPlugin
2024-12-17 10:38:34,463 [INFO] PluginManager:220 - loadIPPluginJar : add cryp
2024-12-17 10:38:34,472 [INFO] IPUIPlugin:80 - create IPUIPlugin
2024-12-17 10:38:34,472 [INFO] PluginManager:220 - loadIPPluginJar : add ddr_ctrl_phy
2024-12-17 10:38:34,498 [INFO] IPUIPlugin:80 - create IPUIPlugin
2024-12-17 10:38:34,498 [INFO] PluginManager:220 - loadIPPluginJar : add dfsdm
2024-12-17 10:38:34,510 [INFO] IPUIPlugin:80 - create IPUIPlugin
2024-12-17 10:38:34,510 [INFO] PluginManager:220 - loadIPPluginJar : add dma
2024-12-17 10:38:34,551 [INFO] IPUIPlugin:80 - create IPUIPlugin
2024-12-17 10:38:34,551 [INFO] PluginManager:220 - loadIPPluginJar : add dma3
2024-12-17 10:38:34,589 [INFO] IPUIPlugin:80 - create IPUIPlugin
2024-12-17 10:38:34,589 [INFO] PluginManager:220 - loadIPPluginJar : add extmemmanager
2024-12-17 10:38:34,607 [INFO] IPUIPlugin:80 - create IPUIPlugin
2024-12-17 10:38:34,608 [INFO] PluginManager:220 - loadIPPluginJar : add fatfs
2024-12-17 10:38:34,649 [INFO] IPUIPlugin:80 - create IPUIPlugin
2024-12-17 10:38:34,649 [INFO] PluginManager:220 - loadIPPluginJar : add fmc
2024-12-17 10:38:34,661 [INFO] IPUIPlugin:80 - create IPUIPlugin
2024-12-17 10:38:34,661 [INFO] PluginManager:220 - loadIPPluginJar : add freertos
2024-12-17 10:38:34,680 [INFO] IPUIPlugin:80 - create IPUIPlugin
2024-12-17 10:38:34,680 [INFO] PluginManager:220 - loadIPPluginJar : add genericplugin
2024-12-17 10:38:34,759 [INFO] IPUIPlugin:80 - create IPUIPlugin
2024-12-17 10:38:34,759 [INFO] PluginManager:220 - loadIPPluginJar : add gfxmmu
2024-12-17 10:38:34,866 [INFO] IPUIPlugin:80 - create IPUIPlugin
2024-12-17 10:38:34,866 [INFO] PluginManager:220 - loadIPPluginJar : add gic
2024-12-17 10:38:34,878 [INFO] IPUIPlugin:80 - create IPUIPlugin
2024-12-17 10:38:34,878 [INFO] PluginManager:220 - loadIPPluginJar : add gpio
2024-12-17 10:38:34,954 [INFO] IPUIPlugin:80 - create IPUIPlugin
2024-12-17 10:38:34,954 [INFO] PluginManager:220 - loadIPPluginJar : add gtzc
2024-12-17 10:38:34,981 [INFO] IPUIPlugin:80 - create IPUIPlugin
2024-12-17 10:38:34,981 [INFO] PluginManager:220 - loadIPPluginJar : add hash
2024-12-17 10:38:35,025 [INFO] IPUIPlugin:80 - create IPUIPlugin
2024-12-17 10:38:35,025 [INFO] PluginManager:220 - loadIPPluginJar : add i2c
2024-12-17 10:38:35,057 [INFO] IPUIPlugin:80 - create IPUIPlugin
2024-12-17 10:38:35,057 [INFO] PluginManager:220 - loadIPPluginJar : add i2s
2024-12-17 10:38:35,093 [INFO] IPUIPlugin:80 - create IPUIPlugin
2024-12-17 10:38:35,093 [INFO] PluginManager:220 - loadIPPluginJar : add i3c
2024-12-17 10:38:35,177 [INFO] IPUIPlugin:80 - create IPUIPlugin
2024-12-17 10:38:35,177 [INFO] PluginManager:220 - loadIPPluginJar : add ipddr
2024-12-17 10:38:35,253 [INFO] IPUIPlugin:80 - create IPUIPlugin
2024-12-17 10:38:35,253 [INFO] PluginManager:220 - loadIPPluginJar : add linkedlist
2024-12-17 10:38:35,283 [INFO] IPUIPlugin:80 - create IPUIPlugin
2024-12-17 10:38:35,283 [INFO] PluginManager:220 - loadIPPluginJar : add lorawan
2024-12-17 10:38:35,317 [INFO] IPUIPlugin:80 - create IPUIPlugin
2024-12-17 10:38:35,317 [INFO] PluginManager:220 - loadIPPluginJar : add ltdc
2024-12-17 10:38:35,329 [INFO] IPUIPlugin:80 - create IPUIPlugin
2024-12-17 10:38:35,329 [INFO] PluginManager:220 - loadIPPluginJar : add mdma
2024-12-17 10:38:35,339 [INFO] IPUIPlugin:80 - create IPUIPlugin
2024-12-17 10:38:35,339 [INFO] PluginManager:220 - loadIPPluginJar : add nvic
2024-12-17 10:38:35,371 [INFO] IPUIPlugin:80 - create IPUIPlugin
2024-12-17 10:38:35,371 [INFO] PluginManager:220 - loadIPPluginJar : add opamp
2024-12-17 10:38:35,427 [INFO] IPUIPlugin:80 - create IPUIPlugin
2024-12-17 10:38:35,428 [INFO] PluginManager:220 - loadIPPluginJar : add openamp
2024-12-17 10:38:35,463 [INFO] IPUIPlugin:80 - create IPUIPlugin
2024-12-17 10:38:35,463 [INFO] PluginManager:220 - loadIPPluginJar : add pdm2pcm
2024-12-17 10:38:35,475 [INFO] IPUIPlugin:80 - create IPUIPlugin
2024-12-17 10:38:35,476 [INFO] PluginManager:220 - loadIPPluginJar : add plateformsettings
2024-12-17 10:38:35,496 [INFO] IPUIPlugin:80 - create IPUIPlugin
2024-12-17 10:38:35,496 [INFO] PluginManager:220 - loadIPPluginJar : add quadspi
2024-12-17 10:38:35,519 [INFO] IPUIPlugin:80 - create IPUIPlugin
2024-12-17 10:38:35,520 [INFO] PluginManager:220 - loadIPPluginJar : add radio
2024-12-17 10:38:35,530 [INFO] IPUIPlugin:80 - create IPUIPlugin
2024-12-17 10:38:35,530 [INFO] PluginManager:220 - loadIPPluginJar : add resmgrutility
2024-12-17 10:38:35,574 [INFO] IPUIPlugin:80 - create IPUIPlugin
2024-12-17 10:38:35,574 [INFO] PluginManager:220 - loadIPPluginJar : add sai
2024-12-17 10:38:35,606 [INFO] IPUIPlugin:80 - create IPUIPlugin
2024-12-17 10:38:35,606 [INFO] PluginManager:220 - loadIPPluginJar : add spi
2024-12-17 10:38:35,665 [INFO] IPUIPlugin:80 - create IPUIPlugin
2024-12-17 10:38:35,665 [INFO] PluginManager:220 - loadIPPluginJar : add stm32_wpan
2024-12-17 10:38:35,686 [INFO] IPUIPlugin:80 - create IPUIPlugin
2024-12-17 10:38:35,686 [INFO] PluginManager:220 - loadIPPluginJar : add tim
2024-12-17 10:38:35,737 [INFO] IPUIPlugin:80 - create IPUIPlugin
2024-12-17 10:38:35,737 [INFO] PluginManager:220 - loadIPPluginJar : add touchsensing
2024-12-17 10:38:35,758 [INFO] IPUIPlugin:80 - create IPUIPlugin
2024-12-17 10:38:35,758 [INFO] PluginManager:220 - loadIPPluginJar : add tracer_emb
2024-12-17 10:38:35,778 [INFO] IPUIPlugin:80 - create IPUIPlugin
2024-12-17 10:38:35,778 [INFO] PluginManager:220 - loadIPPluginJar : add ts
2024-12-17 10:38:35,798 [INFO] IPUIPlugin:80 - create IPUIPlugin
2024-12-17 10:38:35,798 [INFO] PluginManager:220 - loadIPPluginJar : add tsc
2024-12-17 10:38:35,818 [INFO] IPUIPlugin:80 - create IPUIPlugin
2024-12-17 10:38:35,818 [INFO] PluginManager:220 - loadIPPluginJar : add ucpd
2024-12-17 10:38:35,858 [INFO] IPUIPlugin:80 - create IPUIPlugin
2024-12-17 10:38:35,858 [INFO] PluginManager:220 - loadIPPluginJar : add usart
2024-12-17 10:38:35,895 [INFO] IPUIPlugin:80 - create IPUIPlugin
2024-12-17 10:38:35,895 [INFO] PluginManager:220 - loadIPPluginJar : add usbx
2024-12-17 10:38:36,008 [INFO] CADModel:165 - CPN selected for project level
2024-12-17 10:38:36,008 [INFO] CADModel:114 - Register for checkConnection events
2024-12-17 10:38:36,008 [FATAL] Updater:334 - Updater called before beeing initialized
2024-12-17 10:38:36,008 [ERROR] CADModel:125 - Updater not yet initialized, retry later 
2024-12-17 10:38:36,094 [INFO] CADModel:165 - CPN selected for project level
2024-12-17 10:38:36,094 [INFO] CADModel:114 - Register for checkConnection events
2024-12-17 10:38:36,094 [FATAL] Updater:334 - Updater called before beeing initialized
2024-12-17 10:38:36,094 [ERROR] CADModel:125 - Updater not yet initialized, retry later 
2024-12-17 10:38:36,097 [FATAL] Updater:334 - Updater called before beeing initialized
2024-12-17 10:38:36,175 [FATAL] Updater:334 - Updater called before beeing initialized
2024-12-17 10:38:36,187 [INFO] DbMcusAds:53 - JSON generation date=Fri Sep 20 15:04:23 CEST 2024 (1726837463113)
2024-12-17 10:38:36,187 [FATAL] Updater:334 - Updater called before beeing initialized
2024-12-17 10:38:36,211 [WARN] DetailPanel:346 - Failed to get advertising image, set to default
2024-12-17 10:38:36,278 [FATAL] Updater:334 - Updater called before beeing initialized
2024-12-17 10:38:36,279 [FATAL] Updater:334 - Updater called before beeing initialized
2024-12-17 10:38:36,279 [FATAL] Updater:334 - Updater called before beeing initialized
2024-12-17 10:38:36,279 [WARN] DetailPanel:346 - Failed to get advertising image, set to default
2024-12-17 10:38:36,280 [FATAL] Updater:334 - Updater called before beeing initialized
2024-12-17 10:38:36,332 [ERROR] Updater:1164 - MainUpdater not yet initialized. External WinMGr cannot be set.
2024-12-17 10:38:36,342 [INFO] Updater:1100 - Updater Version found : 6.12.1
2024-12-17 10:38:36,357 [INFO] ApplicationProperties:184 - Using Application install path: C:\ST\STM32CubeIDE_1.16.1\STM32CubeIDE\plugins\com.st.stm32cube.common.mx_6.12.1.202409122256
2024-12-17 10:38:36,634 [INFO] MainUpdater:2873 - connection check result : 10
2024-12-17 10:38:36,636 [INFO] MainUpdater:290 - Updater Check For Update Now.
2024-12-17 10:38:36,637 [INFO] MicroXplorer:498 - Change Database Version : DB.6.0.121
2024-12-17 10:38:36,662 [INFO] McuFinderGlobals:63 - Set McuFinder mode to 2 (CubeIDE integrated)
2024-12-17 10:38:36,670 [INFO] UserAuth:417 - Internet connection configuration mode: 1
2024-12-17 10:38:36,697 [INFO] JxBrowserEngine:152 - Initiate JxBrowser Engine with user profile folder
2024-12-17 10:38:36,908 [INFO] CheckServerUpdateThread:120 - End of CheckServer Thread
2024-12-17 10:38:37,074 [WARN] PackLoader:240 - Cannot read IP mode file for STMicroelectronics.FP-SNS-MOTENVWB1.1.4.0
2024-12-17 10:38:37,093 [WARN] PackLoader:240 - Cannot read IP mode file for STMicroelectronics.FP-ATR-ASTRA1.2.0.1
2024-12-17 10:38:37,114 [WARN] PackLoader:240 - Cannot read IP mode file for STMicroelectronics.X-CUBE-SMBUS.2.1.0
2024-12-17 10:38:37,129 [WARN] PackLoader:240 - Cannot read IP mode file for STMicroelectronics.X-CUBE-WB05N.1.1.0
2024-12-17 10:38:37,174 [WARN] PackLoader:240 - Cannot read IP mode file for STMicroelectronics.X-CUBE-AZRTOS-F7.1.1.0
2024-12-17 10:38:37,255 [WARN] PackLoader:240 - Cannot read IP mode file for STMicroelectronics.X-CUBE-MEMS1.11.0.0
2024-12-17 10:38:37,374 [WARN] PackLoader:240 - Cannot read IP mode file for STMicroelectronics.FP-SNS-FLIGHT1.5.0.2
2024-12-17 10:38:37,391 [WARN] PackLoader:240 - Cannot read IP mode file for STMicroelectronics.X-CUBE-DISPLAY.3.0.0
2024-12-17 10:38:37,412 [WARN] PackLoader:240 - Cannot read IP mode file for STMicroelectronics.X-CUBE-BLE1.7.0.0
2024-12-17 10:38:37,428 [WARN] PackLoader:240 - Cannot read IP mode file for STMicroelectronics.X-CUBE-NFC10.1.0.0
2024-12-17 10:38:37,457 [WARN] PackLoader:240 - Cannot read IP mode file for STMicroelectronics.X-CUBE-BLEMGR.4.0.0
2024-12-17 10:38:37,478 [WARN] PackLoader:240 - Cannot read IP mode file for emotas.I-CUBE-CANOPEN.1.3.0
2024-12-17 10:38:37,500 [WARN] PackLoader:240 - Cannot read IP mode file for STMicroelectronics.X-CUBE-BLEMGR.3.1.0
2024-12-17 10:38:37,527 [WARN] PackLoader:240 - Cannot read IP mode file for STMicroelectronics.FP-SNS-SMARTAG2.1.2.0
2024-12-17 10:38:37,569 [INFO] LogOutputStream:77 - [STDOUT_REDIRECT] 1 : Invalid condition id : UX_CORESTACK_Condition cause : null
2024-12-17 10:38:37,570 [INFO] LogOutputStream:77 - [STDOUT_REDIRECT] 1 : Invalid condition id : UX_CORESTACK_Condition cause : null
2024-12-17 10:38:37,570 [INFO] LogOutputStream:77 - [STDOUT_REDIRECT] 1 : Invalid condition id : UX_CORESTACK_Condition cause : null
2024-12-17 10:38:37,571 [INFO] LogOutputStream:77 - [STDOUT_REDIRECT] 1 : Invalid condition id : UX_CORESTACK_Condition cause : null
2024-12-17 10:38:37,572 [INFO] LogOutputStream:77 - [STDOUT_REDIRECT] 1 : Invalid condition id : UX_CORESTACK_Condition cause : null
2024-12-17 10:38:37,576 [WARN] PackLoader:240 - Cannot read IP mode file for STMicroelectronics.X-CUBE-AZRTOS-WL.2.0.0
2024-12-17 10:38:37,593 [WARN] PackLoader:240 - Cannot read IP mode file for STMicroelectronics.FP-SNS-MOTENV1.5.0.0
2024-12-17 10:38:37,608 [WARN] PackLoader:240 - Cannot read IP mode file for wolfSSL.I-CUBE-wolfMQTT.1.19.0
2024-12-17 10:38:37,626 [WARN] PackLoader:240 - Cannot read IP mode file for WES.I-CUBE-Cesium.1.3.0
2024-12-17 10:38:37,641 [WARN] PackLoader:240 - Cannot read IP mode file for STMicroelectronics.X-CUBE-BLE2.3.3.0
2024-12-17 10:38:37,656 [WARN] PackLoader:240 - Cannot read IP mode file for STMicroelectronics.X-CUBE-NFC9.1.0.0
2024-12-17 10:38:37,671 [WARN] PackLoader:240 - Cannot read IP mode file for STMicroelectronics.X-CUBE-TCPP.4.1.0
2024-12-17 10:38:37,697 [WARN] PackLoader:240 - Cannot read IP mode file for STMicroelectronics.X-CUBE-AZRTOS-G0.1.1.0
2024-12-17 10:38:37,718 [WARN] PackLoader:240 - Cannot read IP mode file for STMicroelectronics.X-CUBE-SAFEA1.1.2.2
2024-12-17 10:38:37,733 [WARN] PackLoader:240 - Cannot read IP mode file for STMicroelectronics.X-CUBE-NFC4.3.0.0
2024-12-17 10:38:37,749 [WARN] PackLoader:240 - Cannot read IP mode file for EmbeddedOffice.I-CUBE-FS-RTOS.1.0.1
2024-12-17 10:38:37,750 [ERROR] ConditionMgr:805 - Attr not supported : Dmpu
2024-12-17 10:38:37,750 [ERROR] ConditionMgr:805 - Attr not supported : Dmpu
2024-12-17 10:38:37,750 [ERROR] ConditionMgr:805 - Attr not supported : Dmpu
2024-12-17 10:38:37,750 [ERROR] ConditionMgr:805 - Attr not supported : Dmpu
2024-12-17 10:38:37,750 [ERROR] ConditionMgr:805 - Attr not supported : Dmpu
2024-12-17 10:38:37,750 [ERROR] ConditionMgr:805 - Attr not supported : Dmpu
2024-12-17 10:38:37,750 [ERROR] ConditionMgr:805 - Attr not supported : Dmpu
2024-12-17 10:38:37,750 [ERROR] ConditionMgr:805 - Attr not supported : Dmpu
2024-12-17 10:38:37,750 [ERROR] ConditionMgr:805 - Attr not supported : Dmpu
2024-12-17 10:38:37,750 [ERROR] ConditionMgr:805 - Attr not supported : Dmpu
2024-12-17 10:38:37,750 [ERROR] ConditionMgr:805 - Attr not supported : Dmpu
2024-12-17 10:38:37,750 [ERROR] ConditionMgr:805 - Attr not supported : Dmpu
2024-12-17 10:38:37,750 [ERROR] ConditionMgr:805 - Attr not supported : Dmpu
2024-12-17 10:38:37,750 [ERROR] ConditionMgr:805 - Attr not supported : Dmpu
2024-12-17 10:38:37,750 [ERROR] ConditionMgr:805 - Attr not supported : Dmpu
2024-12-17 10:38:37,750 [ERROR] ConditionMgr:805 - Attr not supported : Dmpu
2024-12-17 10:38:37,750 [ERROR] ConditionMgr:805 - Attr not supported : Dmpu
2024-12-17 10:38:37,750 [ERROR] ConditionMgr:805 - Attr not supported : Dmpu
2024-12-17 10:38:37,750 [ERROR] ConditionMgr:805 - Attr not supported : Dmpu
2024-12-17 10:38:37,750 [ERROR] ConditionMgr:805 - Attr not supported : Dmpu
2024-12-17 10:38:37,750 [ERROR] ConditionMgr:805 - Attr not supported : Dmpu
2024-12-17 10:38:37,750 [ERROR] ConditionMgr:805 - Attr not supported : Dmpu
2024-12-17 10:38:37,750 [ERROR] ConditionMgr:805 - Attr not supported : Dmpu
2024-12-17 10:38:37,750 [ERROR] ConditionMgr:805 - Attr not supported : Dmpu
2024-12-17 10:38:37,750 [ERROR] ConditionMgr:805 - Attr not supported : Dmpu
2024-12-17 10:38:37,750 [ERROR] ConditionMgr:805 - Attr not supported : Dmpu
2024-12-17 10:38:37,751 [ERROR] ConditionMgr:805 - Attr not supported : Dmpu
2024-12-17 10:38:37,751 [ERROR] ConditionMgr:805 - Attr not supported : Dmpu
2024-12-17 10:38:37,751 [ERROR] ConditionMgr:805 - Attr not supported : Dmpu
2024-12-17 10:38:37,751 [ERROR] ConditionMgr:805 - Attr not supported : Dmpu
2024-12-17 10:38:37,751 [ERROR] ConditionMgr:805 - Attr not supported : Dmpu
2024-12-17 10:38:37,751 [ERROR] ConditionMgr:805 - Attr not supported : Dmpu
2024-12-17 10:38:37,751 [ERROR] ConditionMgr:805 - Attr not supported : Dmpu
2024-12-17 10:38:37,751 [ERROR] ConditionMgr:805 - Attr not supported : Dmpu
2024-12-17 10:38:37,751 [ERROR] ConditionMgr:805 - Attr not supported : Dmpu
2024-12-17 10:38:37,751 [ERROR] ConditionMgr:805 - Attr not supported : Dmpu
2024-12-17 10:38:37,751 [ERROR] ConditionMgr:805 - Attr not supported : Dmpu
2024-12-17 10:38:37,751 [ERROR] ConditionMgr:805 - Attr not supported : Dmpu
2024-12-17 10:38:37,751 [ERROR] ConditionMgr:805 - Attr not supported : Dmpu
2024-12-17 10:38:37,751 [ERROR] ConditionMgr:805 - Attr not supported : Dmpu
2024-12-17 10:38:37,751 [ERROR] ConditionMgr:805 - Attr not supported : Dmpu
2024-12-17 10:38:37,751 [ERROR] ConditionMgr:805 - Attr not supported : Dmpu
2024-12-17 10:38:37,751 [ERROR] ConditionMgr:805 - Attr not supported : Dmpu
2024-12-17 10:38:37,751 [ERROR] ConditionMgr:805 - Attr not supported : Dmpu
2024-12-17 10:38:37,751 [ERROR] ConditionMgr:805 - Attr not supported : Dmpu
2024-12-17 10:38:37,751 [ERROR] ConditionMgr:805 - Attr not supported : Dmpu
2024-12-17 10:38:37,751 [ERROR] ConditionMgr:805 - Attr not supported : Dmpu
2024-12-17 10:38:37,751 [ERROR] ConditionMgr:805 - Attr not supported : Dmpu
2024-12-17 10:38:37,752 [ERROR] ConditionMgr:805 - Attr not supported : Dmpu
2024-12-17 10:38:37,752 [ERROR] ConditionMgr:805 - Attr not supported : Dmpu
2024-12-17 10:38:37,752 [ERROR] ConditionMgr:805 - Attr not supported : Dmpu
2024-12-17 10:38:37,752 [ERROR] ConditionMgr:805 - Attr not supported : Dmpu
2024-12-17 10:38:37,752 [ERROR] ConditionMgr:805 - Attr not supported : Dmpu
2024-12-17 10:38:37,752 [ERROR] ConditionMgr:805 - Attr not supported : Dmpu
2024-12-17 10:38:37,752 [ERROR] ConditionMgr:805 - Attr not supported : Dmpu
2024-12-17 10:38:37,752 [ERROR] ConditionMgr:805 - Attr not supported : Dmpu
2024-12-17 10:38:37,752 [ERROR] ConditionMgr:805 - Attr not supported : Dmpu
2024-12-17 10:38:37,752 [ERROR] ConditionMgr:805 - Attr not supported : Dmpu
2024-12-17 10:38:37,752 [ERROR] ConditionMgr:805 - Attr not supported : Dmpu
2024-12-17 10:38:37,752 [ERROR] ConditionMgr:805 - Attr not supported : Dmpu
2024-12-17 10:38:37,752 [ERROR] ConditionMgr:805 - Attr not supported : Dmpu
2024-12-17 10:38:37,752 [ERROR] ConditionMgr:805 - Attr not supported : Dmpu
2024-12-17 10:38:37,752 [ERROR] ConditionMgr:805 - Attr not supported : Dmpu
2024-12-17 10:38:37,752 [ERROR] ConditionMgr:805 - Attr not supported : Dmpu
2024-12-17 10:38:37,766 [ERROR] Engine:466 - C:\Users\utente\.stm32cubemx\thirdparties\pdsc\STMicroelectronics.X-CUBE-TCPP.4.2.0.pdsc: PDSC version is not supported
2024-12-17 10:38:37,776 [WARN] PackLoader:240 - Cannot read IP mode file for RealThread.X-CUBE-RT-Thread_Nano.4.1.1
2024-12-17 10:38:37,790 [WARN] PackLoader:240 - Cannot read IP mode file for STMicroelectronics.FP-ATR-SIGFOX1.3.2.0
2024-12-17 10:38:37,804 [WARN] PackLoader:240 - Cannot read IP mode file for wolfSSL.I-CUBE-wolfSSL.5.7.2
2024-12-17 10:38:37,818 [WARN] ConditionMgr:438 - getConditionDescription Invalid condition id : Cortex-A Device cause : null
2024-12-17 10:38:37,842 [WARN] ConditionMgr:1039 - genDependencies : Invalid condition id : Cortex-A Device cause : null
2024-12-17 10:38:37,842 [WARN] ConditionMgr:1039 - genDependencies : Invalid condition id : Cortex-A Device cause : null
2024-12-17 10:38:37,842 [WARN] ConditionMgr:1039 - genDependencies : Invalid condition id : Cortex-A Device cause : null
2024-12-17 10:38:37,855 [WARN] PackLoader:240 - Cannot read IP mode file for STMicroelectronics.X-CUBE-EEPRMA1.5.1.0
2024-12-17 10:38:37,873 [WARN] PackLoader:240 - Cannot read IP mode file for ITTIA_DB.I-CUBE-ITTIADB.8.9.0
2024-12-17 10:38:37,906 [WARN] PackLoader:240 - Cannot read IP mode file for SEGGER.I-CUBE-embOS.1.3.1
2024-12-17 10:38:37,944 [WARN] PackLoader:240 - Cannot read IP mode file for STMicroelectronics.X-CUBE-ALGOBUILD.1.4.0
2024-12-17 10:38:37,960 [WARN] PackLoader:240 - Cannot read IP mode file for STMicroelectronics.X-CUBE-AI.9.1.0
2024-12-17 10:38:37,986 [WARN] PackLoader:240 - Cannot read IP mode file for STMicroelectronics.X-CUBE-AZRTOS-F4.1.1.0
2024-12-17 10:38:38,004 [WARN] PackLoader:240 - Cannot read IP mode file for STMicroelectronics.X-CUBE-ISPU.2.1.0
2024-12-17 10:38:38,017 [WARN] PackLoader:240 - Cannot read IP mode file for STMicroelectronics.X-CUBE-FREERTOS.1.2.0
2024-12-17 10:38:38,040 [WARN] PackLoader:240 - Cannot read IP mode file for STMicroelectronics.X-CUBE-AZRTOS-L5.2.0.0
2024-12-17 10:38:38,058 [WARN] PackLoader:240 - Cannot read IP mode file for STMicroelectronics.X-CUBE-NFC6.3.1.0
2024-12-17 10:38:38,073 [WARN] PackLoader:240 - Cannot read IP mode file for STMicroelectronics.X-CUBE-DPower.1.2.0
2024-12-17 10:38:38,088 [WARN] PackLoader:240 - Cannot read IP mode file for STMicroelectronics.X-CUBE-FREERTOS.1.3.0
2024-12-17 10:38:38,104 [WARN] PackLoader:240 - Cannot read IP mode file for STMicroelectronics.X-CUBE-NFC7.1.0.1
2024-12-17 10:38:38,134 [WARN] ConditionMgr:438 - getConditionDescription Invalid condition id : LAN8742 Phy interface Condition cause : null
2024-12-17 10:38:38,134 [WARN] PackLoader:240 - Cannot read IP mode file for STMicroelectronics.X-CUBE-AZRTOS-L4.2.0.0
2024-12-17 10:38:38,136 [WARN] ConditionMgr:1039 - genDependencies : Invalid condition id : LAN8742 Phy interface Condition cause : null
2024-12-17 10:38:38,136 [WARN] ConditionMgr:1039 - genDependencies : Invalid condition id : LAN8742 Phy interface Condition cause : null
2024-12-17 10:38:38,136 [WARN] ConditionMgr:1039 - genDependencies : Invalid condition id : LAN8742 Phy interface Condition cause : null
2024-12-17 10:38:38,151 [WARN] PackLoader:240 - Cannot read IP mode file for STMicroelectronics.X-CUBE-SFXS2LP1.4.0.0
2024-12-17 10:38:38,184 [WARN] PackLoader:240 - Cannot read IP mode file for STMicroelectronics.X-CUBE-AZRTOS-H7.3.3.0
2024-12-17 10:38:38,206 [WARN] PackLoader:240 - Cannot read IP mode file for STMicroelectronics.X-CUBE-IPS.3.0.0
2024-12-17 10:38:38,233 [WARN] ConditionMgr:438 - getConditionDescription Invalid condition id : UX DEVICE CLASS RTOS Condition cause : null
2024-12-17 10:38:38,233 [WARN] ConditionMgr:438 - getConditionDescription Invalid condition id : UX DEVICE CLASS RTOS Condition cause : null
2024-12-17 10:38:38,235 [WARN] PackLoader:240 - Cannot read IP mode file for STMicroelectronics.X-CUBE-AZRTOS-WB.2.0.0
2024-12-17 10:38:38,236 [WARN] ConditionMgr:1039 - genDependencies : Invalid condition id : UX DEVICE CLASS RTOS Condition cause : null
2024-12-17 10:38:38,236 [WARN] ConditionMgr:1039 - genDependencies : Invalid condition id : UX DEVICE CLASS RTOS Condition cause : null
2024-12-17 10:38:38,236 [WARN] ConditionMgr:1039 - genDependencies : Invalid condition id : UX DEVICE CLASS RTOS Condition cause : null
2024-12-17 10:38:38,236 [WARN] ConditionMgr:1039 - genDependencies : Invalid condition id : UX DEVICE CLASS RTOS Condition cause : null
2024-12-17 10:38:38,236 [WARN] ConditionMgr:1039 - genDependencies : Invalid condition id : UX DEVICE CLASS RTOS Condition cause : null
2024-12-17 10:38:38,250 [WARN] PackLoader:240 - Cannot read IP mode file for STMicroelectronics.X-CUBE-GNSS1.7.0.0
2024-12-17 10:38:38,267 [WARN] PackLoader:240 - Cannot read IP mode file for STMicroelectronics.FP-SNS-STBOX1.2.0.0
2024-12-17 10:38:38,284 [WARN] PackLoader:240 - Cannot read IP mode file for STMicroelectronics.X-CUBE-SUBG2.5.0.0
2024-12-17 10:38:38,302 [WARN] PackLoader:240 - Cannot read IP mode file for Cesanta.I-CUBE-Mongoose.7.13.0
2024-12-17 10:38:38,322 [WARN] PackLoader:240 - Cannot read IP mode file for STMicroelectronics.X-CUBE-AZRTOS-G4.2.0.0
2024-12-17 10:38:38,337 [WARN] PackLoader:240 - Cannot read IP mode file for STMicroelectronics.X-CUBE-ALS.1.0.2
2024-12-17 10:38:38,351 [WARN] PackLoader:240 - Cannot read IP mode file for STMicroelectronics.X-CUBE-TOUCHGFX.4.24.1
2024-12-17 10:38:38,366 [WARN] PackLoader:240 - Cannot read IP mode file for wolfSSL.I-CUBE-wolfTPM.3.4.0
2024-12-17 10:38:38,377 [WARN] PackLoader:240 - Cannot read IP mode file for portGmbH.I-Cube-SoM-uGOAL.1.1.0
2024-12-17 10:38:38,397 [WARN] PackLoader:240 - Cannot read IP mode file for STMicroelectronics.X-CUBE-AZRTOS-H7RS.1.0.0
2024-12-17 10:38:38,410 [WARN] PackLoader:240 - Cannot read IP mode file for STMicroelectronics.FP-ATR-ASTRA1.2.0.0
2024-12-17 10:38:38,429 [WARN] PackLoader:240 - Cannot read IP mode file for STMicroelectronics.X-CUBE-TOF1.3.4.2
2024-12-17 10:38:38,463 [WARN] PackLoader:240 - Cannot read IP mode file for Infineon.AIROC-Wi-Fi-Bluetooth-STM32.1.6.1
2024-12-17 10:38:38,480 [WARN] PackLoader:240 - Cannot read IP mode file for wolfSSL.I-CUBE-wolfSSH.1.4.17
2024-12-17 10:38:38,480 [INFO] ThirdParty:978 - Integrity check success = true
2024-12-17 10:38:38,481 [INFO] IntegrityCheckThread:100 - exiting critical section [integrity check]
2024-12-17 10:38:38,481 [INFO] IntegrityCheckThread:103 - End integrity checks thread
2024-12-17 10:38:41,229 [INFO] WebApp:167 - Instantiating new browser for Auth
2024-12-17 10:38:41,730 [INFO] WebApp:448 - Apply proxy settings
2024-12-17 10:38:41,730 [INFO] WebApp:533 - Chromium requires no authentication
2024-12-17 10:38:41,741 [INFO] WebApp:476 - Direct internet connection detected
2024-12-17 10:38:41,755 [INFO] WebApp:869 - Register for checkConnection events
2024-12-17 10:38:41,755 [INFO] WebApp:448 - Apply proxy settings
2024-12-17 10:38:41,755 [INFO] WebApp:533 - Chromium requires no authentication
2024-12-17 10:38:41,756 [INFO] WebApp:476 - Direct internet connection detected
2024-12-17 10:38:41,866 [INFO] WebApp:220 - Starting web application
2024-12-17 10:38:41,867 [INFO] WebApp:578 - Web application path used C:\ST\STM32CubeIDE_1.16.1\STM32CubeIDE\plugins\com.st.stm32cube.common.mx_6.12.1.202409122256\db\plugins\mcufinder\reactClient1\index.html
2024-12-17 10:38:42,012 [INFO] WebApp:186 - Connection restablished
2024-12-17 10:38:42,048 [INFO] UserAuth:417 - Internet connection configuration mode: 1
2024-12-17 10:54:07,952 [INFO] WebApp:189 - Connection lost
2024-12-17 10:54:08,127 [INFO] WebApp:186 - Connection restablished
2024-12-17 10:54:24,943 [INFO] WebApp:189 - Connection lost
2024-12-17 10:54:25,084 [INFO] WebApp:186 - Connection restablished
2024-12-17 11:00:49,940 [INFO] WebApp:189 - Connection lost
2024-12-17 11:00:51,137 [INFO] WebApp:186 - Connection restablished
2024-12-17 11:01:02,449 [INFO] WebApp:189 - Connection lost
2024-12-17 11:01:02,593 [INFO] WebApp:186 - Connection restablished
2024-12-17 11:07:43,448 [INFO] WebApp:189 - Connection lost
2024-12-17 11:07:44,632 [INFO] WebApp:186 - Connection restablished
2024-12-17 11:08:01,446 [INFO] WebApp:189 - Connection lost
2024-12-17 11:08:01,586 [INFO] WebApp:186 - Connection restablished
2024-12-17 11:09:13,967 [INFO] WebApp:189 - Connection lost
2024-12-17 11:09:15,169 [INFO] WebApp:186 - Connection restablished
2024-12-17 11:09:41,454 [INFO] WebApp:189 - Connection lost
2024-12-17 11:09:41,612 [INFO] WebApp:186 - Connection restablished
2024-12-17 11:13:01,949 [INFO] WebApp:189 - Connection lost
2024-12-17 11:13:03,147 [INFO] WebApp:186 - Connection restablished
2024-12-17 11:14:33,966 [INFO] WebApp:189 - Connection lost
2024-12-17 11:14:34,124 [INFO] WebApp:186 - Connection restablished
2024-12-17 11:16:01,956 [INFO] WebApp:189 - Connection lost
2024-12-17 11:16:03,139 [INFO] WebApp:186 - Connection restablished
2024-12-17 11:21:15,948 [INFO] WebApp:189 - Connection lost
2024-12-17 11:21:16,131 [INFO] WebApp:186 - Connection restablished
2024-12-17 11:27:27,955 [INFO] WebApp:189 - Connection lost
2024-12-17 11:27:28,137 [INFO] WebApp:186 - Connection restablished
2024-12-17 11:27:28,473 [ERROR] LogOutputStream:75 - [STDERR_REDIRECT] 
