2025-05-20 14:36:39,728 [INFO] Activator:176 - 


2025-05-20 14:36:39,736 [INFO] Activator:177 - !SESSION log4j initialized
2025-05-20 14:36:45,098 [INFO] LogOutputStream:77 - [STDOUT_REDIRECT] 
2025-05-20 14:36:47,039 [INFO] ApplicationProperties:184 - Using Application install path: C:\ST\STM32CubeIDE_1.16.1\STM32CubeIDE\plugins\com.st.stm32cube.common.mx_6.14.1.202504091515
2025-05-20 14:36:47,061 [INFO] DbMcusXml:78 - Set database path to: C:\ST\STM32CubeIDE_1.16.1\STM32CubeIDE\plugins\com.st.stm32cube.common.mx_6.14.1.202504091515\\db\/mcu/
2025-05-20 14:36:47,061 [INFO] ApiDb:274 - Set plugin database path to: C:\ST\STM32CubeIDE_1.16.1\STM32CubeIDE\plugins\com.st.stm32cube.common.mx_6.14.1.202504091515\\db\/plugins/boardmanager/
2025-05-20 14:36:47,062 [WARN] ApiDb:259 - Overriding images path with different value:  => C:\ST\STM32CubeIDE_1.16.1\STM32CubeIDE\plugins\com.st.stm32cube.common.mx_6.14.1.202504091515\\db\/plugins/mcufinder/images/
2025-05-20 14:36:47,074 [INFO] ApiDb:250 - Set database path to: C:\Users\utente\.stmcufinder\plugins\mcufinder//mcu/
2025-05-20 14:36:47,076 [INFO] DbMcusAds:125 - Set database path to: C:\Users\utente\.stmcufinder\plugins\mcufinder//mcu/
2025-05-20 14:36:47,079 [INFO] CrossReferenceDbSqlite:203 - Set database path to: C:\Users\utente\.stmcufinder\plugins\mcufinder//mcu/cs/
2025-05-20 14:36:47,248 [INFO] RulesReader:64 - Compatibility file has been processed (302 Rules)
2025-05-20 14:36:47,347 [INFO] DbMcusXml:78 - Set database path to: C:\ST\STM32CubeIDE_1.16.1\STM32CubeIDE\plugins\com.st.stm32cube.common.mx_6.14.1.202504091515\\db\/mcu/
2025-05-20 14:36:47,347 [INFO] ApiDb:274 - Set plugin database path to: C:\ST\STM32CubeIDE_1.16.1\STM32CubeIDE\plugins\com.st.stm32cube.common.mx_6.14.1.202504091515\\db\/plugins/boardmanager/
2025-05-20 14:36:47,348 [INFO] ApiDb:261 - Set plugin images path to: C:\ST\STM32CubeIDE_1.16.1\STM32CubeIDE\plugins\com.st.stm32cube.common.mx_6.14.1.202504091515\\db\/plugins/mcufinder/images/
2025-05-20 14:36:47,348 [WARN] DbFile:41 - Overriding database path with different value: C:\Users\utente\.stmcufinder\plugins\mcufinder/ => C:\Users\utente\.stmcufinder\plugins\mcufinder
2025-05-20 14:36:47,348 [INFO] ApiDb:250 - Set database path to: C:\Users\utente\.stmcufinder\plugins\mcufinder//mcu/
2025-05-20 14:36:47,348 [WARN] DbFile:41 - Overriding database path with different value: C:\Users\utente\.stmcufinder\plugins\mcufinder/ => C:\Users\utente\.stmcufinder\plugins\mcufinder
2025-05-20 14:36:47,348 [INFO] DbMcusAds:125 - Set database path to: C:\Users\utente\.stmcufinder\plugins\mcufinder//mcu/
2025-05-20 14:36:47,348 [WARN] DbFile:41 - Overriding database path with different value: C:\Users\utente\.stmcufinder\plugins\mcufinder/ => C:\Users\utente\.stmcufinder\plugins\mcufinder
2025-05-20 14:36:47,348 [WARN] DbFile:41 - Overriding database path with different value: C:\Users\utente\.stmcufinder\plugins\mcufinder/ => C:\Users\utente\.stmcufinder\plugins\mcufinder
2025-05-20 14:36:47,348 [INFO] CrossReferenceDbSqlite:203 - Set database path to: C:\Users\utente\.stmcufinder\plugins\mcufinder//mcu/cs/
2025-05-20 14:36:47,454 [INFO] MainPanel:272 - HeapMemory: 282066944
2025-05-20 14:36:47,654 [INFO] DbMcusXml:78 - Set database path to: C:\ST\STM32CubeIDE_1.16.1\STM32CubeIDE\plugins\com.st.stm32cube.common.mx_6.14.1.202504091515\\db\/mcu/
2025-05-20 14:36:47,655 [INFO] ApiDb:274 - Set plugin database path to: C:\ST\STM32CubeIDE_1.16.1\STM32CubeIDE\plugins\com.st.stm32cube.common.mx_6.14.1.202504091515\\db\/plugins/boardmanager/
2025-05-20 14:36:47,655 [INFO] ApiDb:261 - Set plugin images path to: C:\ST\STM32CubeIDE_1.16.1\STM32CubeIDE\plugins\com.st.stm32cube.common.mx_6.14.1.202504091515\\db\/plugins/mcufinder/images/
2025-05-20 14:36:47,655 [WARN] DbFile:41 - Overriding database path with different value: C:\Users\utente\.stmcufinder\plugins\mcufinder/ => C:\Users\utente\.stmcufinder\plugins\mcufinder
2025-05-20 14:36:47,655 [INFO] ApiDb:250 - Set database path to: C:\Users\utente\.stmcufinder\plugins\mcufinder//mcu/
2025-05-20 14:36:47,655 [WARN] DbFile:41 - Overriding database path with different value: C:\Users\utente\.stmcufinder\plugins\mcufinder/ => C:\Users\utente\.stmcufinder\plugins\mcufinder
2025-05-20 14:36:47,655 [INFO] DbMcusAds:125 - Set database path to: C:\Users\utente\.stmcufinder\plugins\mcufinder//mcu/
2025-05-20 14:36:47,655 [WARN] DbFile:41 - Overriding database path with different value: C:\Users\utente\.stmcufinder\plugins\mcufinder/ => C:\Users\utente\.stmcufinder\plugins\mcufinder
2025-05-20 14:36:47,655 [WARN] DbFile:41 - Overriding database path with different value: C:\Users\utente\.stmcufinder\plugins\mcufinder/ => C:\Users\utente\.stmcufinder\plugins\mcufinder
2025-05-20 14:36:47,657 [INFO] CrossReferenceDbSqlite:203 - Set database path to: C:\Users\utente\.stmcufinder\plugins\mcufinder//mcu/cs/
2025-05-20 14:36:47,678 [INFO] ApplicationProperties:184 - Using Application install path: C:\ST\STM32CubeIDE_1.16.1\STM32CubeIDE\plugins\com.st.stm32cube.common.mx_6.14.1.202504091515
2025-05-20 14:36:47,680 [INFO] PluginManage:196 - Search for loadable plugins [exclusion list=, ]
2025-05-20 14:36:47,682 [INFO] PluginManage:310 - Check plugin analytics
2025-05-20 14:36:47,927 [INFO] AnalyticsPlugin:253 - Accepted Software Licenses: 
2025-05-20 14:36:47,927 [INFO] AnalyticsPlugin:255 - Accepted CMSIS Pack Licenses: 
2025-05-20 14:36:47,927 [INFO] AnalyticsPlugin:257 - Accepted Firmware Licenses: 
2025-05-20 14:36:47,931 [INFO] PluginManage:359 - Loaded plugin analytics (category:tool,tabindex:-1)
2025-05-20 14:36:47,931 [INFO] PluginManage:310 - Check plugin cadmodel
2025-05-20 14:36:47,941 [INFO] CADModel:105 - Init CAD model plugin
2025-05-20 14:36:47,941 [INFO] PluginManage:359 - Loaded plugin cadmodel (category:power,tabindex:5)
2025-05-20 14:36:47,942 [INFO] PluginManage:310 - Check plugin clock
2025-05-20 14:36:47,954 [INFO] PluginManage:359 - Loaded plugin clock (category:base,tabindex:2)
2025-05-20 14:36:47,954 [INFO] PluginManage:310 - Check plugin ddr
2025-05-20 14:36:47,957 [INFO] PluginManage:359 - Loaded plugin ddr (category:tool,tabindex:6)
2025-05-20 14:36:47,957 [INFO] PluginManage:310 - Check plugin filemanager
2025-05-20 14:36:48,168 [INFO] PluginManage:359 - Loaded plugin filemanager (category:base,tabindex:10)
2025-05-20 14:36:48,168 [INFO] PluginManage:310 - Check plugin ipmanager
2025-05-20 14:36:48,175 [INFO] PluginManage:359 - Loaded plugin ipmanager (category:base,tabindex:5)
2025-05-20 14:36:48,175 [INFO] PluginManage:310 - Check plugin lpbam
2025-05-20 14:36:48,186 [INFO] PluginManage:359 - Loaded plugin lpbam (category:base,tabindex:0)
2025-05-20 14:36:48,186 [INFO] PluginManage:310 - Check plugin memorymap
2025-05-20 14:36:48,206 [INFO] PluginManage:359 - Loaded plugin memorymap (category:base,tabindex:4)
2025-05-20 14:36:48,206 [INFO] PluginManage:310 - Check plugin pinoutandconfiguration
2025-05-20 14:36:48,220 [INFO] PluginManage:359 - Loaded plugin pinoutandconfiguration (category:base,tabindex:1)
2025-05-20 14:36:48,220 [INFO] PluginManage:310 - Check plugin pinoutconfig
2025-05-20 14:36:48,331 [WARN] SupportedApi:132 - Cannot load RTOS API schema: s4s-elt-must-match.1: The content of 'definitions' must match (annotation?, (simpleType | complexType)?, (unique | key | keyref)*)). A problem was found starting at: attribute.
2025-05-20 14:36:48,521 [INFO] PluginManage:359 - Loaded plugin pinoutconfig (category:base,tabindex:0)
2025-05-20 14:36:48,521 [INFO] PluginManage:310 - Check plugin power
2025-05-20 14:36:48,533 [INFO] PluginManage:359 - Loaded plugin power (category:power,tabindex:4)
2025-05-20 14:36:48,533 [INFO] PluginManage:310 - Check plugin projectmanager
2025-05-20 14:36:48,551 [INFO] PluginManage:359 - Loaded plugin projectmanager (category:projectmanager,tabindex:4)
2025-05-20 14:36:48,551 [INFO] PluginManage:310 - Check plugin rif
2025-05-20 14:36:48,563 [INFO] PluginManage:359 - Loaded plugin rif (category:base,tabindex:3)
2025-05-20 14:36:48,563 [INFO] PluginManage:310 - Check plugin thirdparty
2025-05-20 14:36:48,739 [INFO] PluginManage:359 - Loaded plugin thirdparty (category:base,tabindex:-1)
2025-05-20 14:36:48,739 [WARN] IntegrityCheckThread:84 - waiting for thirdparty lock release [integrity check]
2025-05-20 14:36:48,739 [INFO] PluginManage:310 - Check plugin tools
2025-05-20 14:36:48,739 [INFO] IntegrityCheckThread:86 - entering critical section [integrity check]
2025-05-20 14:36:48,740 [INFO] ThirdPartyUpdaterWithRetryManager:70 - Updater plugin not ready yet. [1/15]
2025-05-20 14:36:48,742 [INFO] PluginManage:359 - Loaded plugin tools (category:base,tabindex:7)
2025-05-20 14:36:48,743 [INFO] PluginManage:310 - Check plugin tutovideos
2025-05-20 14:36:49,172 [INFO] PluginManage:359 - Loaded plugin tutovideos (category:base,tabindex:-1)
2025-05-20 14:36:49,172 [INFO] PluginManage:310 - Check plugin updater
2025-05-20 14:36:49,202 [INFO] PluginManage:359 - Loaded plugin updater (category:base,tabindex:12)
2025-05-20 14:36:49,203 [INFO] PluginManage:310 - Check plugin userauth
2025-05-20 14:36:49,207 [INFO] UserAuth:118 - Init User Auth plugin
2025-05-20 14:36:49,208 [INFO] PluginManage:359 - Loaded plugin userauth (category:base,tabindex:14)
2025-05-20 14:36:49,209 [INFO] PluginManage:283 - PluginManage : Loaded plugins [18]
2025-05-20 14:36:49,492 [INFO] PinOutPanel:1589 - setPackage(No Configuration,No Configuration)
2025-05-20 14:36:49,599 [INFO] CADModel:165 - CPN selected for project level
2025-05-20 14:36:49,599 [INFO] CADModel:114 - Register for checkConnection events
2025-05-20 14:36:49,620 [INFO] IPUIPlugin:80 - create IPUIPlugin
2025-05-20 14:36:49,621 [INFO] PluginManager:220 - loadIPPluginJar : add adc
2025-05-20 14:36:49,625 [INFO] IPUIPlugin:80 - create IPUIPlugin
2025-05-20 14:36:49,625 [INFO] PluginManager:220 - loadIPPluginJar : add aes
2025-05-20 14:36:49,628 [INFO] IPUIPlugin:80 - create IPUIPlugin
2025-05-20 14:36:49,628 [INFO] PluginManager:220 - loadIPPluginJar : add can
2025-05-20 14:36:49,631 [INFO] IPUIPlugin:80 - create IPUIPlugin
2025-05-20 14:36:49,631 [INFO] PluginManager:220 - loadIPPluginJar : add comp
2025-05-20 14:36:49,634 [INFO] IPUIPlugin:80 - create IPUIPlugin
2025-05-20 14:36:49,634 [INFO] PluginManager:220 - loadIPPluginJar : add cryp
2025-05-20 14:36:49,638 [INFO] IPUIPlugin:80 - create IPUIPlugin
2025-05-20 14:36:49,638 [INFO] PluginManager:220 - loadIPPluginJar : add ddr_ctrl_phy
2025-05-20 14:36:49,642 [INFO] IPUIPlugin:80 - create IPUIPlugin
2025-05-20 14:36:49,642 [INFO] PluginManager:220 - loadIPPluginJar : add dfsdm
2025-05-20 14:36:49,651 [INFO] IPUIPlugin:80 - create IPUIPlugin
2025-05-20 14:36:49,652 [INFO] PluginManager:220 - loadIPPluginJar : add dma
2025-05-20 14:36:49,656 [INFO] IPUIPlugin:80 - create IPUIPlugin
2025-05-20 14:36:49,656 [INFO] PluginManager:220 - loadIPPluginJar : add dma3
2025-05-20 14:36:49,660 [INFO] IPUIPlugin:80 - create IPUIPlugin
2025-05-20 14:36:49,660 [INFO] PluginManager:220 - loadIPPluginJar : add extmemmanager
2025-05-20 14:36:49,662 [INFO] IPUIPlugin:80 - create IPUIPlugin
2025-05-20 14:36:49,662 [INFO] PluginManager:220 - loadIPPluginJar : add fatfs
2025-05-20 14:36:49,667 [INFO] IPUIPlugin:80 - create IPUIPlugin
2025-05-20 14:36:49,667 [INFO] PluginManager:220 - loadIPPluginJar : add fmc
2025-05-20 14:36:49,675 [INFO] IPUIPlugin:80 - create IPUIPlugin
2025-05-20 14:36:49,676 [INFO] PluginManager:220 - loadIPPluginJar : add freertos
2025-05-20 14:36:49,677 [INFO] IPUIPlugin:80 - create IPUIPlugin
2025-05-20 14:36:49,677 [INFO] PluginManager:220 - loadIPPluginJar : add genericplugin
2025-05-20 14:36:49,680 [INFO] IPUIPlugin:80 - create IPUIPlugin
2025-05-20 14:36:49,680 [INFO] PluginManager:220 - loadIPPluginJar : add gfxmmu
2025-05-20 14:36:49,685 [INFO] IPUIPlugin:80 - create IPUIPlugin
2025-05-20 14:36:49,686 [INFO] PluginManager:220 - loadIPPluginJar : add gic
2025-05-20 14:36:49,690 [INFO] IPUIPlugin:80 - create IPUIPlugin
2025-05-20 14:36:49,692 [INFO] PluginManager:220 - loadIPPluginJar : add gpio
2025-05-20 14:36:49,695 [INFO] IPUIPlugin:80 - create IPUIPlugin
2025-05-20 14:36:49,695 [INFO] PluginManager:220 - loadIPPluginJar : add gtzc
2025-05-20 14:36:49,698 [INFO] IPUIPlugin:80 - create IPUIPlugin
2025-05-20 14:36:49,698 [INFO] PluginManager:220 - loadIPPluginJar : add hash
2025-05-20 14:36:49,702 [INFO] IPUIPlugin:80 - create IPUIPlugin
2025-05-20 14:36:49,702 [INFO] PluginManager:220 - loadIPPluginJar : add i2c
2025-05-20 14:36:49,706 [INFO] IPUIPlugin:80 - create IPUIPlugin
2025-05-20 14:36:49,706 [INFO] PluginManager:220 - loadIPPluginJar : add i2s
2025-05-20 14:36:49,711 [INFO] IPUIPlugin:80 - create IPUIPlugin
2025-05-20 14:36:49,711 [INFO] PluginManager:220 - loadIPPluginJar : add i3c
2025-05-20 14:36:49,715 [INFO] IPUIPlugin:80 - create IPUIPlugin
2025-05-20 14:36:49,715 [INFO] PluginManager:220 - loadIPPluginJar : add ipddr
2025-05-20 14:36:49,723 [INFO] IPUIPlugin:80 - create IPUIPlugin
2025-05-20 14:36:49,723 [INFO] PluginManager:220 - loadIPPluginJar : add linkedlist
2025-05-20 14:36:49,728 [INFO] IPUIPlugin:80 - create IPUIPlugin
2025-05-20 14:36:49,728 [INFO] PluginManager:220 - loadIPPluginJar : add lorawan
2025-05-20 14:36:49,731 [INFO] IPUIPlugin:80 - create IPUIPlugin
2025-05-20 14:36:49,731 [INFO] PluginManager:220 - loadIPPluginJar : add ltdc
2025-05-20 14:36:49,740 [INFO] IPUIPlugin:80 - create IPUIPlugin
2025-05-20 14:36:49,740 [INFO] PluginManager:220 - loadIPPluginJar : add mdma
2025-05-20 14:36:49,743 [INFO] IPUIPlugin:80 - create IPUIPlugin
2025-05-20 14:36:49,743 [INFO] PluginManager:220 - loadIPPluginJar : add nvic
2025-05-20 14:36:49,748 [INFO] IPUIPlugin:80 - create IPUIPlugin
2025-05-20 14:36:49,748 [INFO] PluginManager:220 - loadIPPluginJar : add opamp
2025-05-20 14:36:49,764 [INFO] IPUIPlugin:80 - create IPUIPlugin
2025-05-20 14:36:49,764 [INFO] PluginManager:220 - loadIPPluginJar : add openamp
2025-05-20 14:36:49,767 [INFO] IPUIPlugin:80 - create IPUIPlugin
2025-05-20 14:36:49,767 [INFO] PluginManager:220 - loadIPPluginJar : add pdm2pcm
2025-05-20 14:36:49,774 [INFO] IPUIPlugin:80 - create IPUIPlugin
2025-05-20 14:36:49,777 [INFO] PluginManager:220 - loadIPPluginJar : add plateformsettings
2025-05-20 14:36:49,779 [INFO] IPUIPlugin:80 - create IPUIPlugin
2025-05-20 14:36:49,779 [INFO] PluginManager:220 - loadIPPluginJar : add quadspi
2025-05-20 14:36:49,782 [INFO] IPUIPlugin:80 - create IPUIPlugin
2025-05-20 14:36:49,785 [INFO] PluginManager:220 - loadIPPluginJar : add radio
2025-05-20 14:36:49,791 [INFO] IPUIPlugin:80 - create IPUIPlugin
2025-05-20 14:36:49,791 [INFO] PluginManager:220 - loadIPPluginJar : add resmgrutility
2025-05-20 14:36:49,796 [INFO] IPUIPlugin:80 - create IPUIPlugin
2025-05-20 14:36:49,796 [INFO] PluginManager:220 - loadIPPluginJar : add sai
2025-05-20 14:36:49,799 [INFO] IPUIPlugin:80 - create IPUIPlugin
2025-05-20 14:36:49,799 [INFO] PluginManager:220 - loadIPPluginJar : add spi
2025-05-20 14:36:49,807 [INFO] IPUIPlugin:80 - create IPUIPlugin
2025-05-20 14:36:49,807 [INFO] PluginManager:220 - loadIPPluginJar : add stm32_wpan
2025-05-20 14:36:49,809 [INFO] IPUIPlugin:80 - create IPUIPlugin
2025-05-20 14:36:49,809 [INFO] PluginManager:220 - loadIPPluginJar : add tim
2025-05-20 14:36:49,812 [INFO] IPUIPlugin:80 - create IPUIPlugin
2025-05-20 14:36:49,812 [INFO] PluginManager:220 - loadIPPluginJar : add touchsensing
2025-05-20 14:36:49,815 [INFO] IPUIPlugin:80 - create IPUIPlugin
2025-05-20 14:36:49,815 [INFO] PluginManager:220 - loadIPPluginJar : add tracer_emb
2025-05-20 14:36:49,818 [INFO] IPUIPlugin:80 - create IPUIPlugin
2025-05-20 14:36:49,818 [INFO] PluginManager:220 - loadIPPluginJar : add ts
2025-05-20 14:36:49,821 [INFO] IPUIPlugin:80 - create IPUIPlugin
2025-05-20 14:36:49,821 [INFO] PluginManager:220 - loadIPPluginJar : add tsc
2025-05-20 14:36:49,824 [INFO] IPUIPlugin:80 - create IPUIPlugin
2025-05-20 14:36:49,824 [INFO] PluginManager:220 - loadIPPluginJar : add ucpd
2025-05-20 14:36:49,827 [INFO] IPUIPlugin:80 - create IPUIPlugin
2025-05-20 14:36:49,827 [INFO] PluginManager:220 - loadIPPluginJar : add usart
2025-05-20 14:36:49,832 [INFO] IPUIPlugin:80 - create IPUIPlugin
2025-05-20 14:36:49,832 [INFO] PluginManager:220 - loadIPPluginJar : add usbx
2025-05-20 14:36:49,976 [FATAL] Updater:351 - Updater called before beeing initialized
2025-05-20 14:36:50,019 [INFO] RulesReader:64 - Compatibility file has been processed (302 Rules)
2025-05-20 14:36:50,038 [INFO] RulesReader:64 - Compatibility file has been processed (302 Rules)
2025-05-20 14:36:50,045 [INFO] CADModel:165 - CPN selected for project level
2025-05-20 14:36:50,046 [INFO] CADModel:114 - Register for checkConnection events
2025-05-20 14:36:50,046 [FATAL] Updater:351 - Updater called before beeing initialized
2025-05-20 14:36:50,046 [ERROR] CADModel:125 - Updater not yet initialized, retry later 
2025-05-20 14:36:50,248 [FATAL] Updater:351 - Updater called before beeing initialized
2025-05-20 14:36:50,251 [INFO] CADModel:165 - CPN selected for project level
2025-05-20 14:36:50,251 [INFO] CADModel:114 - Register for checkConnection events
2025-05-20 14:36:50,251 [FATAL] Updater:351 - Updater called before beeing initialized
2025-05-20 14:36:50,251 [ERROR] CADModel:125 - Updater not yet initialized, retry later 
2025-05-20 14:36:50,257 [FATAL] Updater:351 - Updater called before beeing initialized
2025-05-20 14:36:50,455 [FATAL] Updater:351 - Updater called before beeing initialized
2025-05-20 14:36:50,460 [INFO] DbMcusAds:53 - JSON generation date=Wed May 07 11:07:55 CEST 2025 (1746608875679)
2025-05-20 14:36:50,460 [FATAL] Updater:351 - Updater called before beeing initialized
2025-05-20 14:36:50,509 [WARN] DetailPanel:346 - Failed to get advertising image, set to default
2025-05-20 14:36:50,821 [FATAL] Updater:351 - Updater called before beeing initialized
2025-05-20 14:36:50,825 [FATAL] Updater:351 - Updater called before beeing initialized
2025-05-20 14:36:50,825 [FATAL] Updater:351 - Updater called before beeing initialized
2025-05-20 14:36:50,825 [WARN] DetailPanel:346 - Failed to get advertising image, set to default
2025-05-20 14:36:50,826 [FATAL] Updater:351 - Updater called before beeing initialized
2025-05-20 14:36:50,887 [ERROR] Updater:1198 - MainUpdater not yet initialized. External WinMGr cannot be set.
2025-05-20 14:36:50,889 [INFO] Updater:1134 - Updater Version found : 6.14.1
2025-05-20 14:36:50,911 [INFO] ApplicationProperties:184 - Using Application install path: C:\ST\STM32CubeIDE_1.16.1\STM32CubeIDE\plugins\com.st.stm32cube.common.mx_6.14.1.202504091515
2025-05-20 14:36:51,327 [INFO] MainUpdater:2872 - connection check result : 10
2025-05-20 14:36:51,328 [INFO] MainUpdater:3566 - Updater definition file requires update
2025-05-20 14:36:51,330 [INFO] MainUpdater:289 - Updater Check For Update Now.
2025-05-20 14:36:51,330 [INFO] MicroXplorer:498 - Change Database Version : DB.6.0.141
2025-05-20 14:36:51,343 [INFO] McuFinderGlobals:63 - Set McuFinder mode to 2 (CubeIDE integrated)
2025-05-20 14:36:51,345 [INFO] UserAuth:484 - Internet connection configuration mode: 1
2025-05-20 14:36:51,391 [INFO] JxBrowserEngine:152 - Initiate JxBrowser Engine with user profile folder
2025-05-20 14:36:51,512 [INFO] ServerAccessManage:473 - Download File updaters.zip
2025-05-20 14:36:51,720 [INFO] FileExtend:242 - Unzip File : updaters.zip
2025-05-20 14:36:51,720 [INFO] FileExtend:257 - Standard Zip Deflate
2025-05-20 14:36:51,741 [WARN] MainUpdater:1193 - Updater busy. Cannot search thirdparties
2025-05-20 14:36:51,741 [INFO] ThirdPartyUpdaterWithRetryManager:96 - Updater plugin is busy. [1/15]
2025-05-20 14:36:52,424 [INFO] ServerAccessManage:473 - Download File PacksControlFlags.xml
2025-05-20 14:36:52,570 [INFO] ServerAccessManage:473 - Download File cubemx.pidx
2025-05-20 14:36:53,023 [INFO] LoadServerUpdatesThread:375 - End of LoadServerUpdate Thread
2025-05-20 14:36:53,284 [INFO] CheckServerUpdateThread:120 - End of CheckServer Thread
2025-05-20 14:36:53,776 [INFO] WebApp:169 - Instantiating new browser for Auth
2025-05-20 14:36:55,122 [INFO] WebApp:463 - Apply proxy settings
2025-05-20 14:36:55,122 [INFO] WebApp:548 - Chromium requires no authentication
2025-05-20 14:36:55,140 [INFO] WebApp:491 - Direct internet connection detected
2025-05-20 14:36:55,194 [INFO] WebApp:894 - Register for checkConnection events
2025-05-20 14:36:55,194 [INFO] WebApp:463 - Apply proxy settings
2025-05-20 14:36:55,194 [INFO] WebApp:548 - Chromium requires no authentication
2025-05-20 14:36:55,195 [INFO] WebApp:491 - Direct internet connection detected
2025-05-20 14:36:55,269 [WARN] PackLoader:240 - Cannot read IP mode file for STMicroelectronics.FP-SNS-MOTENVWB1.1.4.0
2025-05-20 14:36:55,290 [WARN] PackLoader:240 - Cannot read IP mode file for STMicroelectronics.FP-ATR-ASTRA1.2.0.2
2025-05-20 14:36:55,300 [WARN] PackLoader:240 - Cannot read IP mode file for STMicroelectronics.FP-ATR-ASTRA1.2.0.1
2025-05-20 14:36:55,320 [WARN] PackLoader:240 - Cannot read IP mode file for STMicroelectronics.X-CUBE-SMBUS.2.1.0
2025-05-20 14:36:55,339 [WARN] PackLoader:240 - Cannot read IP mode file for STMicroelectronics.X-CUBE-WB05N.1.1.0
2025-05-20 14:36:55,402 [WARN] PackLoader:240 - Cannot read IP mode file for STMicroelectronics.X-CUBE-AZRTOS-F7.1.1.0
2025-05-20 14:36:55,412 [INFO] WebApp:191 - Connection restablished
2025-05-20 14:36:55,511 [WARN] PackLoader:240 - Cannot read IP mode file for STMicroelectronics.X-CUBE-MEMS1.11.0.0
2025-05-20 14:36:55,929 [WARN] PackLoader:240 - Cannot read IP mode file for STMicroelectronics.FP-SNS-FLIGHT1.5.0.2
2025-05-20 14:36:55,943 [WARN] PackLoader:240 - Cannot read IP mode file for STMicroelectronics.X-CUBE-DISPLAY.3.0.0
2025-05-20 14:36:55,956 [WARN] PackLoader:240 - Cannot read IP mode file for STMicroelectronics.X-CUBE-BLE1.7.0.0
2025-05-20 14:36:55,971 [WARN] PackLoader:240 - Cannot read IP mode file for STMicroelectronics.X-CUBE-NFC10.1.0.0
2025-05-20 14:36:56,000 [WARN] PackLoader:240 - Cannot read IP mode file for STMicroelectronics.X-CUBE-BLEMGR.4.0.0
2025-05-20 14:36:56,019 [WARN] PackLoader:240 - Cannot read IP mode file for emotas.I-CUBE-CANOPEN.1.3.0
2025-05-20 14:36:56,045 [WARN] PackLoader:240 - Cannot read IP mode file for STMicroelectronics.X-CUBE-BLEMGR.3.1.0
2025-05-20 14:36:56,057 [WARN] PackLoader:240 - Cannot read IP mode file for STMicroelectronics.X-CUBE-AI.10.0.0
2025-05-20 14:36:56,064 [WARN] PackLoader:240 - Cannot read IP mode file for STMicroelectronics.FP-SNS-SMARTAG2.1.2.0
2025-05-20 14:36:56,072 [WARN] PackLoader:240 - Cannot read IP mode file for STMicroelectronics.FP-SNS-FLIGHT1.5.1.0
2025-05-20 14:36:56,187 [WARN] PackLoader:240 - Cannot read IP mode file for STMicroelectronics.X-CUBE-MEMS1.11.1.0
2025-05-20 14:36:56,218 [INFO] WebApp:225 - Starting web application
2025-05-20 14:36:56,218 [INFO] WebApp:593 - Web application path used C:\ST\STM32CubeIDE_1.16.1\STM32CubeIDE\plugins\com.st.stm32cube.common.mx_6.14.1.202504091515\db\plugins\mcufinder\reactClient1\index.html
2025-05-20 14:36:56,452 [INFO] LogOutputStream:77 - [STDOUT_REDIRECT] 1 : Invalid condition id : UX_CORESTACK_Condition cause : null
2025-05-20 14:36:56,453 [INFO] LogOutputStream:77 - [STDOUT_REDIRECT] 1 : Invalid condition id : UX_CORESTACK_Condition cause : null
2025-05-20 14:36:56,454 [INFO] UserAuth:484 - Internet connection configuration mode: 1
2025-05-20 14:36:56,455 [INFO] LogOutputStream:77 - [STDOUT_REDIRECT] 1 : Invalid condition id : UX_CORESTACK_Condition cause : null
2025-05-20 14:36:56,458 [INFO] LogOutputStream:77 - [STDOUT_REDIRECT] 1 : Invalid condition id : UX_CORESTACK_Condition cause : null
2025-05-20 14:36:56,460 [INFO] LogOutputStream:77 - [STDOUT_REDIRECT] 1 : Invalid condition id : UX_CORESTACK_Condition cause : null
2025-05-20 14:36:56,468 [WARN] PackLoader:240 - Cannot read IP mode file for STMicroelectronics.X-CUBE-AZRTOS-WL.2.0.0
2025-05-20 14:36:56,480 [WARN] PackLoader:240 - Cannot read IP mode file for STMicroelectronics.FP-SNS-MOTENV1.5.0.0
2025-05-20 14:36:56,492 [WARN] PackLoader:240 - Cannot read IP mode file for wolfSSL.I-CUBE-wolfMQTT.1.19.0
2025-05-20 14:36:56,505 [WARN] PackLoader:240 - Cannot read IP mode file for WES.I-CUBE-Cesium.1.3.0
2025-05-20 14:36:56,513 [WARN] PackLoader:240 - Cannot read IP mode file for STMicroelectronics.X-CUBE-BLE2.3.3.0
2025-05-20 14:36:56,527 [WARN] PackLoader:240 - Cannot read IP mode file for STMicroelectronics.X-CUBE-NFC9.1.0.0
2025-05-20 14:36:56,537 [WARN] PackLoader:240 - Cannot read IP mode file for STMicroelectronics.X-CUBE-BLE1.7.1.0
2025-05-20 14:36:56,546 [WARN] PackLoader:240 - Cannot read IP mode file for STMicroelectronics.X-CUBE-TCPP.4.1.0
2025-05-20 14:36:56,675 [WARN] PackLoader:240 - Cannot read IP mode file for STMicroelectronics.X-CUBE-MEMS1.11.2.0
2025-05-20 14:36:56,983 [WARN] PackLoader:240 - Cannot read IP mode file for STMicroelectronics.X-CUBE-AZRTOS-G0.1.1.0
2025-05-20 14:36:57,021 [WARN] PackLoader:240 - Cannot read IP mode file for STMicroelectronics.X-CUBE-SAFEA1.1.2.2
2025-05-20 14:36:57,034 [WARN] PackLoader:240 - Cannot read IP mode file for STMicroelectronics.X-CUBE-NFC4.3.0.0
2025-05-20 14:36:57,051 [WARN] PackLoader:240 - Cannot read IP mode file for EmbeddedOffice.I-CUBE-FS-RTOS.1.0.1
2025-05-20 14:36:57,059 [WARN] PackLoader:240 - Cannot read IP mode file for STMicroelectronics.X-CUBE-WB05N.2.0.0
2025-05-20 14:36:57,070 [WARN] PackLoader:240 - Cannot read IP mode file for STMicroelectronics.X-CUBE-TCPP.4.2.0
2025-05-20 14:36:57,084 [WARN] PackLoader:240 - Cannot read IP mode file for RealThread.X-CUBE-RT-Thread_Nano.4.1.1
2025-05-20 14:36:57,090 [WARN] PackLoader:240 - Cannot read IP mode file for STMicroelectronics.FP-ATR-SIGFOX1.3.2.0
2025-05-20 14:36:57,098 [WARN] PackLoader:240 - Cannot read IP mode file for wolfSSL.I-CUBE-wolfSSL.5.7.2
2025-05-20 14:36:57,106 [WARN] ConditionMgr:438 - getConditionDescription Invalid condition id : Cortex-A Device cause : null
2025-05-20 14:36:57,127 [WARN] ConditionMgr:1044 - genDependencies : Invalid condition id : Cortex-A Device cause : null
2025-05-20 14:36:57,127 [WARN] ConditionMgr:1044 - genDependencies : Invalid condition id : Cortex-A Device cause : null
2025-05-20 14:36:57,127 [WARN] ConditionMgr:1044 - genDependencies : Invalid condition id : Cortex-A Device cause : null
2025-05-20 14:36:57,142 [WARN] PackLoader:240 - Cannot read IP mode file for STMicroelectronics.X-CUBE-EEPRMA1.5.1.0
2025-05-20 14:36:57,157 [WARN] PackLoader:240 - Cannot read IP mode file for ITTIA_DB.I-CUBE-ITTIADB.8.9.0
2025-05-20 14:36:57,213 [WARN] PackLoader:240 - Cannot read IP mode file for SEGGER.I-CUBE-embOS.1.3.1
2025-05-20 14:36:57,280 [WARN] PackLoader:240 - Cannot read IP mode file for STMicroelectronics.X-CUBE-ALGOBUILD.1.4.0
2025-05-20 14:36:57,461 [WARN] PackLoader:240 - Cannot read IP mode file for STMicroelectronics.X-CUBE-AI.9.1.0
2025-05-20 14:36:57,502 [WARN] PackLoader:240 - Cannot read IP mode file for STMicroelectronics.X-CUBE-AZRTOS-F4.1.1.0
2025-05-20 14:36:57,517 [WARN] PackLoader:240 - Cannot read IP mode file for Avnet-IotConnect.X-CUBE-IoTC-DA16k-PMOD.1.0.0
2025-05-20 14:36:57,525 [WARN] PackLoader:240 - Cannot read IP mode file for STMicroelectronics.X-CUBE-ISPU.2.1.0
2025-05-20 14:36:57,535 [WARN] PackLoader:240 - Cannot read IP mode file for STMicroelectronics.X-CUBE-FREERTOS.1.2.0
2025-05-20 14:36:57,568 [WARN] PackLoader:240 - Cannot read IP mode file for STMicroelectronics.X-CUBE-AZRTOS-L5.2.0.0
2025-05-20 14:36:57,587 [WARN] PackLoader:240 - Cannot read IP mode file for STMicroelectronics.X-CUBE-NFC6.3.1.0
2025-05-20 14:36:57,601 [WARN] PackLoader:240 - Cannot read IP mode file for STMicroelectronics.X-CUBE-DPower.1.2.0
2025-05-20 14:36:57,613 [WARN] PackLoader:240 - Cannot read IP mode file for STMicroelectronics.X-CUBE-FREERTOS.1.3.1
2025-05-20 14:36:57,620 [WARN] PackLoader:240 - Cannot read IP mode file for STMicroelectronics.X-CUBE-FREERTOS.1.3.0
2025-05-20 14:36:57,629 [WARN] PackLoader:240 - Cannot read IP mode file for STMicroelectronics.X-CUBE-NFC7.1.0.1
2025-05-20 14:36:57,638 [WARN] PackLoader:240 - Cannot read IP mode file for STMicroelectronics.X-CUBE-DPower.1.3.0
2025-05-20 14:36:57,670 [WARN] ConditionMgr:438 - getConditionDescription Invalid condition id : LAN8742 Phy interface Condition cause : null
2025-05-20 14:36:57,672 [WARN] PackLoader:240 - Cannot read IP mode file for STMicroelectronics.X-CUBE-AZRTOS-L4.2.0.0
2025-05-20 14:36:57,673 [WARN] ConditionMgr:1044 - genDependencies : Invalid condition id : LAN8742 Phy interface Condition cause : null
2025-05-20 14:36:57,673 [WARN] ConditionMgr:1044 - genDependencies : Invalid condition id : LAN8742 Phy interface Condition cause : null
2025-05-20 14:36:57,674 [WARN] ConditionMgr:1044 - genDependencies : Invalid condition id : LAN8742 Phy interface Condition cause : null
2025-05-20 14:36:57,688 [WARN] PackLoader:240 - Cannot read IP mode file for STMicroelectronics.X-CUBE-SFXS2LP1.4.0.0
2025-05-20 14:36:57,730 [WARN] PackLoader:240 - Cannot read IP mode file for STMicroelectronics.X-CUBE-AZRTOS-H7.3.3.0
2025-05-20 14:36:57,754 [WARN] PackLoader:240 - Cannot read IP mode file for STMicroelectronics.X-CUBE-IPS.3.0.0
2025-05-20 14:36:57,784 [WARN] ConditionMgr:438 - getConditionDescription Invalid condition id : UX DEVICE CLASS RTOS Condition cause : null
2025-05-20 14:36:57,784 [WARN] ConditionMgr:438 - getConditionDescription Invalid condition id : UX DEVICE CLASS RTOS Condition cause : null
2025-05-20 14:36:57,789 [WARN] PackLoader:240 - Cannot read IP mode file for STMicroelectronics.X-CUBE-AZRTOS-WB.2.0.0
2025-05-20 14:36:57,791 [WARN] ConditionMgr:1044 - genDependencies : Invalid condition id : UX DEVICE CLASS RTOS Condition cause : null
2025-05-20 14:36:57,791 [WARN] ConditionMgr:1044 - genDependencies : Invalid condition id : UX DEVICE CLASS RTOS Condition cause : null
2025-05-20 14:36:57,792 [WARN] ConditionMgr:1044 - genDependencies : Invalid condition id : UX DEVICE CLASS RTOS Condition cause : null
2025-05-20 14:36:57,793 [WARN] ConditionMgr:1044 - genDependencies : Invalid condition id : UX DEVICE CLASS RTOS Condition cause : null
2025-05-20 14:36:57,793 [WARN] ConditionMgr:1044 - genDependencies : Invalid condition id : UX DEVICE CLASS RTOS Condition cause : null
2025-05-20 14:36:57,805 [WARN] PackLoader:240 - Cannot read IP mode file for STMicroelectronics.X-CUBE-GNSS1.7.0.0
2025-05-20 14:36:57,816 [WARN] PackLoader:240 - Cannot read IP mode file for STMicroelectronics.X-CUBE-GNSS1.7.0.1
2025-05-20 14:36:57,824 [WARN] PackLoader:240 - Cannot read IP mode file for STMicroelectronics.X-CUBE-TOUCHGFX.4.25.0
2025-05-20 14:36:57,837 [WARN] PackLoader:240 - Cannot read IP mode file for STMicroelectronics.FP-SNS-STBOX1.2.0.0
2025-05-20 14:36:57,860 [WARN] PackLoader:240 - Cannot read IP mode file for STMicroelectronics.X-CUBE-SUBG2.5.0.0
2025-05-20 14:36:57,898 [WARN] PackLoader:240 - Cannot read IP mode file for STMicroelectronics.X-CUBE-AZRTOS-H7RS.1.1.0
2025-05-20 14:36:57,913 [WARN] PackLoader:240 - Cannot read IP mode file for Cesanta.I-CUBE-Mongoose.7.13.0
2025-05-20 14:36:57,937 [WARN] PackLoader:240 - Cannot read IP mode file for STMicroelectronics.X-CUBE-AZRTOS-G4.2.0.0
2025-05-20 14:36:57,951 [WARN] PackLoader:240 - Cannot read IP mode file for STMicroelectronics.X-CUBE-NFC7.2.0.0
2025-05-20 14:36:57,972 [WARN] PackLoader:240 - Cannot read IP mode file for STMicroelectronics.X-CUBE-IPS.3.1.0
2025-05-20 14:36:57,996 [WARN] PackLoader:240 - Cannot read IP mode file for STMicroelectronics.X-CUBE-ALS.1.0.2
2025-05-20 14:36:58,004 [WARN] PackLoader:240 - Cannot read IP mode file for STMicroelectronics.X-CUBE-TOUCHGFX.4.24.2
2025-05-20 14:36:58,012 [WARN] PackLoader:240 - Cannot read IP mode file for STMicroelectronics.X-CUBE-TOUCHGFX.4.24.1
2025-05-20 14:36:58,020 [WARN] PackLoader:240 - Cannot read IP mode file for wolfSSL.I-CUBE-wolfTPM.3.4.0
2025-05-20 14:36:58,031 [WARN] PackLoader:240 - Cannot read IP mode file for portGmbH.I-Cube-SoM-uGOAL.1.1.0
2025-05-20 14:36:58,058 [WARN] PackLoader:240 - Cannot read IP mode file for STMicroelectronics.X-CUBE-AZRTOS-H7RS.1.0.0
2025-05-20 14:36:58,066 [WARN] PackLoader:240 - Cannot read IP mode file for STMicroelectronics.FP-ATR-ASTRA1.2.0.0
2025-05-20 14:36:58,081 [WARN] PackLoader:240 - Cannot read IP mode file for STMicroelectronics.X-CUBE-TOF1.3.4.2
2025-05-20 14:36:58,106 [WARN] PackLoader:240 - Cannot read IP mode file for STMicroelectronics.X-CUBE-TOF1.3.4.3
2025-05-20 14:36:58,156 [WARN] PackLoader:240 - Cannot read IP mode file for Infineon.AIROC-Wi-Fi-Bluetooth-STM32.1.6.1
2025-05-20 14:36:58,171 [WARN] PackLoader:240 - Cannot read IP mode file for wolfSSL.I-CUBE-wolfSSH.1.4.17
2025-05-20 14:36:58,172 [INFO] ThirdParty:978 - Integrity check success = true
2025-05-20 14:36:58,172 [INFO] IntegrityCheckThread:100 - exiting critical section [integrity check]
2025-05-20 14:36:58,172 [INFO] IntegrityCheckThread:103 - End integrity checks thread
2025-05-20 15:11:17,706 [ERROR] LogOutputStream:75 - [STDERR_REDIRECT] 
