2025-05-13 15:17:15,658 [INFO] Activator:176 - 


2025-05-13 15:17:15,665 [INFO] Activator:177 - !SESSION log4j initialized
2025-05-13 15:17:20,141 [INFO] LogOutputStream:77 - [STDOUT_REDIRECT] 
2025-05-13 15:17:21,613 [INFO] ApplicationProperties:184 - Using Application install path: C:\ST\STM32CubeIDE_1.16.1\STM32CubeIDE\plugins\com.st.stm32cube.common.mx_6.14.1.202504091515
2025-05-13 15:17:21,640 [INFO] DbMcusXml:78 - Set database path to: C:\ST\STM32CubeIDE_1.16.1\STM32CubeIDE\plugins\com.st.stm32cube.common.mx_6.14.1.202504091515\\db\/mcu/
2025-05-13 15:17:21,641 [INFO] ApiDb:274 - Set plugin database path to: C:\ST\STM32CubeIDE_1.16.1\STM32CubeIDE\plugins\com.st.stm32cube.common.mx_6.14.1.202504091515\\db\/plugins/boardmanager/
2025-05-13 15:17:21,641 [WARN] ApiDb:259 - Overriding images path with different value:  => C:\ST\STM32CubeIDE_1.16.1\STM32CubeIDE\plugins\com.st.stm32cube.common.mx_6.14.1.202504091515\\db\/plugins/mcufinder/images/
2025-05-13 15:17:21,656 [INFO] ApiDb:250 - Set database path to: C:\Users\utente\.stmcufinder\plugins\mcufinder//mcu/
2025-05-13 15:17:21,658 [INFO] DbMcusAds:125 - Set database path to: C:\Users\utente\.stmcufinder\plugins\mcufinder//mcu/
2025-05-13 15:17:21,661 [INFO] CrossReferenceDbSqlite:203 - Set database path to: C:\Users\utente\.stmcufinder\plugins\mcufinder//mcu/cs/
2025-05-13 15:17:21,878 [INFO] RulesReader:64 - Compatibility file has been processed (302 Rules)
2025-05-13 15:17:22,032 [INFO] DbMcusXml:78 - Set database path to: C:\ST\STM32CubeIDE_1.16.1\STM32CubeIDE\plugins\com.st.stm32cube.common.mx_6.14.1.202504091515\\db\/mcu/
2025-05-13 15:17:22,032 [INFO] ApiDb:274 - Set plugin database path to: C:\ST\STM32CubeIDE_1.16.1\STM32CubeIDE\plugins\com.st.stm32cube.common.mx_6.14.1.202504091515\\db\/plugins/boardmanager/
2025-05-13 15:17:22,032 [INFO] ApiDb:261 - Set plugin images path to: C:\ST\STM32CubeIDE_1.16.1\STM32CubeIDE\plugins\com.st.stm32cube.common.mx_6.14.1.202504091515\\db\/plugins/mcufinder/images/
2025-05-13 15:17:22,033 [WARN] DbFile:41 - Overriding database path with different value: C:\Users\utente\.stmcufinder\plugins\mcufinder/ => C:\Users\utente\.stmcufinder\plugins\mcufinder
2025-05-13 15:17:22,033 [INFO] ApiDb:250 - Set database path to: C:\Users\utente\.stmcufinder\plugins\mcufinder//mcu/
2025-05-13 15:17:22,033 [WARN] DbFile:41 - Overriding database path with different value: C:\Users\utente\.stmcufinder\plugins\mcufinder/ => C:\Users\utente\.stmcufinder\plugins\mcufinder
2025-05-13 15:17:22,033 [INFO] DbMcusAds:125 - Set database path to: C:\Users\utente\.stmcufinder\plugins\mcufinder//mcu/
2025-05-13 15:17:22,033 [WARN] DbFile:41 - Overriding database path with different value: C:\Users\utente\.stmcufinder\plugins\mcufinder/ => C:\Users\utente\.stmcufinder\plugins\mcufinder
2025-05-13 15:17:22,033 [WARN] DbFile:41 - Overriding database path with different value: C:\Users\utente\.stmcufinder\plugins\mcufinder/ => C:\Users\utente\.stmcufinder\plugins\mcufinder
2025-05-13 15:17:22,033 [INFO] CrossReferenceDbSqlite:203 - Set database path to: C:\Users\utente\.stmcufinder\plugins\mcufinder//mcu/cs/
2025-05-13 15:17:22,148 [INFO] MainPanel:272 - HeapMemory: 268435456
2025-05-13 15:17:22,407 [INFO] DbMcusXml:78 - Set database path to: C:\ST\STM32CubeIDE_1.16.1\STM32CubeIDE\plugins\com.st.stm32cube.common.mx_6.14.1.202504091515\\db\/mcu/
2025-05-13 15:17:22,407 [INFO] ApiDb:274 - Set plugin database path to: C:\ST\STM32CubeIDE_1.16.1\STM32CubeIDE\plugins\com.st.stm32cube.common.mx_6.14.1.202504091515\\db\/plugins/boardmanager/
2025-05-13 15:17:22,408 [INFO] ApiDb:261 - Set plugin images path to: C:\ST\STM32CubeIDE_1.16.1\STM32CubeIDE\plugins\com.st.stm32cube.common.mx_6.14.1.202504091515\\db\/plugins/mcufinder/images/
2025-05-13 15:17:22,408 [WARN] DbFile:41 - Overriding database path with different value: C:\Users\utente\.stmcufinder\plugins\mcufinder/ => C:\Users\utente\.stmcufinder\plugins\mcufinder
2025-05-13 15:17:22,408 [INFO] ApiDb:250 - Set database path to: C:\Users\utente\.stmcufinder\plugins\mcufinder//mcu/
2025-05-13 15:17:22,408 [WARN] DbFile:41 - Overriding database path with different value: C:\Users\utente\.stmcufinder\plugins\mcufinder/ => C:\Users\utente\.stmcufinder\plugins\mcufinder
2025-05-13 15:17:22,408 [INFO] DbMcusAds:125 - Set database path to: C:\Users\utente\.stmcufinder\plugins\mcufinder//mcu/
2025-05-13 15:17:22,408 [WARN] DbFile:41 - Overriding database path with different value: C:\Users\utente\.stmcufinder\plugins\mcufinder/ => C:\Users\utente\.stmcufinder\plugins\mcufinder
2025-05-13 15:17:22,409 [WARN] DbFile:41 - Overriding database path with different value: C:\Users\utente\.stmcufinder\plugins\mcufinder/ => C:\Users\utente\.stmcufinder\plugins\mcufinder
2025-05-13 15:17:22,409 [INFO] CrossReferenceDbSqlite:203 - Set database path to: C:\Users\utente\.stmcufinder\plugins\mcufinder//mcu/cs/
2025-05-13 15:17:22,436 [INFO] ApplicationProperties:184 - Using Application install path: C:\ST\STM32CubeIDE_1.16.1\STM32CubeIDE\plugins\com.st.stm32cube.common.mx_6.14.1.202504091515
2025-05-13 15:17:22,439 [INFO] PluginManage:196 - Search for loadable plugins [exclusion list=, ]
2025-05-13 15:17:22,441 [INFO] PluginManage:310 - Check plugin analytics
2025-05-13 15:17:22,729 [INFO] AnalyticsPlugin:253 - Accepted Software Licenses: 
2025-05-13 15:17:22,730 [INFO] AnalyticsPlugin:255 - Accepted CMSIS Pack Licenses: 
2025-05-13 15:17:22,730 [INFO] AnalyticsPlugin:257 - Accepted Firmware Licenses: 
2025-05-13 15:17:22,733 [INFO] PluginManage:359 - Loaded plugin analytics (category:tool,tabindex:-1)
2025-05-13 15:17:22,733 [INFO] PluginManage:310 - Check plugin cadmodel
2025-05-13 15:17:22,747 [INFO] CADModel:105 - Init CAD model plugin
2025-05-13 15:17:22,747 [INFO] PluginManage:359 - Loaded plugin cadmodel (category:power,tabindex:5)
2025-05-13 15:17:22,748 [INFO] PluginManage:310 - Check plugin clock
2025-05-13 15:17:22,762 [INFO] PluginManage:359 - Loaded plugin clock (category:base,tabindex:2)
2025-05-13 15:17:22,763 [INFO] PluginManage:310 - Check plugin ddr
2025-05-13 15:17:22,768 [INFO] PluginManage:359 - Loaded plugin ddr (category:tool,tabindex:6)
2025-05-13 15:17:22,768 [INFO] PluginManage:310 - Check plugin filemanager
2025-05-13 15:17:23,174 [INFO] PluginManage:359 - Loaded plugin filemanager (category:base,tabindex:10)
2025-05-13 15:17:23,184 [INFO] PluginManage:310 - Check plugin ipmanager
2025-05-13 15:17:23,198 [INFO] PluginManage:359 - Loaded plugin ipmanager (category:base,tabindex:5)
2025-05-13 15:17:23,198 [INFO] PluginManage:310 - Check plugin lpbam
2025-05-13 15:17:23,209 [INFO] PluginManage:359 - Loaded plugin lpbam (category:base,tabindex:0)
2025-05-13 15:17:23,209 [INFO] PluginManage:310 - Check plugin memorymap
2025-05-13 15:17:23,403 [INFO] PluginManage:359 - Loaded plugin memorymap (category:base,tabindex:4)
2025-05-13 15:17:23,404 [INFO] PluginManage:310 - Check plugin pinoutandconfiguration
2025-05-13 15:17:23,504 [INFO] PluginManage:359 - Loaded plugin pinoutandconfiguration (category:base,tabindex:1)
2025-05-13 15:17:23,505 [INFO] PluginManage:310 - Check plugin pinoutconfig
2025-05-13 15:17:24,326 [WARN] SupportedApi:132 - Cannot load RTOS API schema: s4s-elt-must-match.1: The content of 'definitions' must match (annotation?, (simpleType | complexType)?, (unique | key | keyref)*)). A problem was found starting at: attribute.
2025-05-13 15:17:25,039 [INFO] PluginManage:359 - Loaded plugin pinoutconfig (category:base,tabindex:0)
2025-05-13 15:17:25,039 [INFO] PluginManage:310 - Check plugin power
2025-05-13 15:17:25,092 [INFO] PluginManage:359 - Loaded plugin power (category:power,tabindex:4)
2025-05-13 15:17:25,092 [INFO] PluginManage:310 - Check plugin projectmanager
2025-05-13 15:17:25,188 [INFO] PluginManage:359 - Loaded plugin projectmanager (category:projectmanager,tabindex:4)
2025-05-13 15:17:25,188 [INFO] PluginManage:310 - Check plugin rif
2025-05-13 15:17:25,207 [INFO] PluginManage:359 - Loaded plugin rif (category:base,tabindex:3)
2025-05-13 15:17:25,208 [INFO] PluginManage:310 - Check plugin thirdparty
2025-05-13 15:17:25,535 [INFO] PluginManage:359 - Loaded plugin thirdparty (category:base,tabindex:-1)
2025-05-13 15:17:25,535 [INFO] PluginManage:310 - Check plugin tools
2025-05-13 15:17:25,535 [WARN] IntegrityCheckThread:84 - waiting for thirdparty lock release [integrity check]
2025-05-13 15:17:25,536 [INFO] IntegrityCheckThread:86 - entering critical section [integrity check]
2025-05-13 15:17:25,536 [INFO] ThirdPartyUpdaterWithRetryManager:70 - Updater plugin not ready yet. [1/15]
2025-05-13 15:17:25,538 [INFO] PluginManage:359 - Loaded plugin tools (category:base,tabindex:7)
2025-05-13 15:17:25,538 [INFO] PluginManage:310 - Check plugin tutovideos
2025-05-13 15:17:26,027 [INFO] PluginManage:359 - Loaded plugin tutovideos (category:base,tabindex:-1)
2025-05-13 15:17:26,027 [INFO] PluginManage:310 - Check plugin updater
2025-05-13 15:17:26,052 [INFO] PluginManage:359 - Loaded plugin updater (category:base,tabindex:12)
2025-05-13 15:17:26,053 [INFO] PluginManage:310 - Check plugin userauth
2025-05-13 15:17:26,056 [INFO] UserAuth:118 - Init User Auth plugin
2025-05-13 15:17:26,057 [INFO] PluginManage:359 - Loaded plugin userauth (category:base,tabindex:14)
2025-05-13 15:17:26,058 [INFO] PluginManage:283 - PluginManage : Loaded plugins [18]
2025-05-13 15:17:26,469 [INFO] PinOutPanel:1589 - setPackage(No Configuration,No Configuration)
2025-05-13 15:17:26,619 [INFO] CADModel:165 - CPN selected for project level
2025-05-13 15:17:26,619 [INFO] CADModel:114 - Register for checkConnection events
2025-05-13 15:17:26,643 [INFO] IPUIPlugin:80 - create IPUIPlugin
2025-05-13 15:17:26,643 [INFO] PluginManager:220 - loadIPPluginJar : add adc
2025-05-13 15:17:26,647 [INFO] IPUIPlugin:80 - create IPUIPlugin
2025-05-13 15:17:26,647 [INFO] PluginManager:220 - loadIPPluginJar : add aes
2025-05-13 15:17:26,650 [INFO] IPUIPlugin:80 - create IPUIPlugin
2025-05-13 15:17:26,651 [INFO] PluginManager:220 - loadIPPluginJar : add can
2025-05-13 15:17:26,653 [INFO] IPUIPlugin:80 - create IPUIPlugin
2025-05-13 15:17:26,653 [INFO] PluginManager:220 - loadIPPluginJar : add comp
2025-05-13 15:17:26,657 [INFO] IPUIPlugin:80 - create IPUIPlugin
2025-05-13 15:17:26,657 [INFO] PluginManager:220 - loadIPPluginJar : add cryp
2025-05-13 15:17:26,661 [INFO] IPUIPlugin:80 - create IPUIPlugin
2025-05-13 15:17:26,661 [INFO] PluginManager:220 - loadIPPluginJar : add ddr_ctrl_phy
2025-05-13 15:17:26,664 [INFO] IPUIPlugin:80 - create IPUIPlugin
2025-05-13 15:17:26,665 [INFO] PluginManager:220 - loadIPPluginJar : add dfsdm
2025-05-13 15:17:26,670 [INFO] IPUIPlugin:80 - create IPUIPlugin
2025-05-13 15:17:26,671 [INFO] PluginManager:220 - loadIPPluginJar : add dma
2025-05-13 15:17:26,674 [INFO] IPUIPlugin:80 - create IPUIPlugin
2025-05-13 15:17:26,675 [INFO] PluginManager:220 - loadIPPluginJar : add dma3
2025-05-13 15:17:26,682 [INFO] IPUIPlugin:80 - create IPUIPlugin
2025-05-13 15:17:26,682 [INFO] PluginManager:220 - loadIPPluginJar : add extmemmanager
2025-05-13 15:17:26,684 [INFO] IPUIPlugin:80 - create IPUIPlugin
2025-05-13 15:17:26,684 [INFO] PluginManager:220 - loadIPPluginJar : add fatfs
2025-05-13 15:17:26,691 [INFO] IPUIPlugin:80 - create IPUIPlugin
2025-05-13 15:17:26,691 [INFO] PluginManager:220 - loadIPPluginJar : add fmc
2025-05-13 15:17:26,697 [INFO] IPUIPlugin:80 - create IPUIPlugin
2025-05-13 15:17:26,698 [INFO] PluginManager:220 - loadIPPluginJar : add freertos
2025-05-13 15:17:26,700 [INFO] IPUIPlugin:80 - create IPUIPlugin
2025-05-13 15:17:26,700 [INFO] PluginManager:220 - loadIPPluginJar : add genericplugin
2025-05-13 15:17:26,701 [INFO] IPUIPlugin:80 - create IPUIPlugin
2025-05-13 15:17:26,701 [INFO] PluginManager:220 - loadIPPluginJar : add gfxmmu
2025-05-13 15:17:26,706 [INFO] IPUIPlugin:80 - create IPUIPlugin
2025-05-13 15:17:26,707 [INFO] PluginManager:220 - loadIPPluginJar : add gic
2025-05-13 15:17:26,710 [INFO] IPUIPlugin:80 - create IPUIPlugin
2025-05-13 15:17:26,710 [INFO] PluginManager:220 - loadIPPluginJar : add gpio
2025-05-13 15:17:26,713 [INFO] IPUIPlugin:80 - create IPUIPlugin
2025-05-13 15:17:26,713 [INFO] PluginManager:220 - loadIPPluginJar : add gtzc
2025-05-13 15:17:26,716 [INFO] IPUIPlugin:80 - create IPUIPlugin
2025-05-13 15:17:26,716 [INFO] PluginManager:220 - loadIPPluginJar : add hash
2025-05-13 15:17:26,719 [INFO] IPUIPlugin:80 - create IPUIPlugin
2025-05-13 15:17:26,719 [INFO] PluginManager:220 - loadIPPluginJar : add i2c
2025-05-13 15:17:26,722 [INFO] IPUIPlugin:80 - create IPUIPlugin
2025-05-13 15:17:26,722 [INFO] PluginManager:220 - loadIPPluginJar : add i2s
2025-05-13 15:17:26,725 [INFO] IPUIPlugin:80 - create IPUIPlugin
2025-05-13 15:17:26,725 [INFO] PluginManager:220 - loadIPPluginJar : add i3c
2025-05-13 15:17:26,729 [INFO] IPUIPlugin:80 - create IPUIPlugin
2025-05-13 15:17:26,729 [INFO] PluginManager:220 - loadIPPluginJar : add ipddr
2025-05-13 15:17:26,738 [INFO] IPUIPlugin:80 - create IPUIPlugin
2025-05-13 15:17:26,738 [INFO] PluginManager:220 - loadIPPluginJar : add linkedlist
2025-05-13 15:17:26,742 [INFO] IPUIPlugin:80 - create IPUIPlugin
2025-05-13 15:17:26,742 [INFO] PluginManager:220 - loadIPPluginJar : add lorawan
2025-05-13 15:17:26,745 [INFO] IPUIPlugin:80 - create IPUIPlugin
2025-05-13 15:17:26,745 [INFO] PluginManager:220 - loadIPPluginJar : add ltdc
2025-05-13 15:17:26,750 [INFO] IPUIPlugin:80 - create IPUIPlugin
2025-05-13 15:17:26,750 [INFO] PluginManager:220 - loadIPPluginJar : add mdma
2025-05-13 15:17:26,754 [INFO] IPUIPlugin:80 - create IPUIPlugin
2025-05-13 15:17:26,754 [INFO] PluginManager:220 - loadIPPluginJar : add nvic
2025-05-13 15:17:26,759 [INFO] IPUIPlugin:80 - create IPUIPlugin
2025-05-13 15:17:26,759 [INFO] PluginManager:220 - loadIPPluginJar : add opamp
2025-05-13 15:17:26,763 [INFO] IPUIPlugin:80 - create IPUIPlugin
2025-05-13 15:17:26,763 [INFO] PluginManager:220 - loadIPPluginJar : add openamp
2025-05-13 15:17:26,775 [INFO] IPUIPlugin:80 - create IPUIPlugin
2025-05-13 15:17:26,775 [INFO] PluginManager:220 - loadIPPluginJar : add pdm2pcm
2025-05-13 15:17:26,788 [INFO] IPUIPlugin:80 - create IPUIPlugin
2025-05-13 15:17:26,794 [INFO] PluginManager:220 - loadIPPluginJar : add plateformsettings
2025-05-13 15:17:26,799 [INFO] IPUIPlugin:80 - create IPUIPlugin
2025-05-13 15:17:26,799 [INFO] PluginManager:220 - loadIPPluginJar : add quadspi
2025-05-13 15:17:26,816 [INFO] IPUIPlugin:80 - create IPUIPlugin
2025-05-13 15:17:26,824 [INFO] PluginManager:220 - loadIPPluginJar : add radio
2025-05-13 15:17:26,831 [INFO] IPUIPlugin:80 - create IPUIPlugin
2025-05-13 15:17:26,831 [INFO] PluginManager:220 - loadIPPluginJar : add resmgrutility
2025-05-13 15:17:26,835 [INFO] IPUIPlugin:80 - create IPUIPlugin
2025-05-13 15:17:26,835 [INFO] PluginManager:220 - loadIPPluginJar : add sai
2025-05-13 15:17:26,838 [INFO] IPUIPlugin:80 - create IPUIPlugin
2025-05-13 15:17:26,838 [INFO] PluginManager:220 - loadIPPluginJar : add spi
2025-05-13 15:17:26,845 [INFO] IPUIPlugin:80 - create IPUIPlugin
2025-05-13 15:17:26,845 [INFO] PluginManager:220 - loadIPPluginJar : add stm32_wpan
2025-05-13 15:17:26,848 [INFO] IPUIPlugin:80 - create IPUIPlugin
2025-05-13 15:17:26,848 [INFO] PluginManager:220 - loadIPPluginJar : add tim
2025-05-13 15:17:26,852 [INFO] IPUIPlugin:80 - create IPUIPlugin
2025-05-13 15:17:26,853 [INFO] PluginManager:220 - loadIPPluginJar : add touchsensing
2025-05-13 15:17:26,855 [INFO] IPUIPlugin:80 - create IPUIPlugin
2025-05-13 15:17:26,855 [INFO] PluginManager:220 - loadIPPluginJar : add tracer_emb
2025-05-13 15:17:26,859 [INFO] IPUIPlugin:80 - create IPUIPlugin
2025-05-13 15:17:26,859 [INFO] PluginManager:220 - loadIPPluginJar : add ts
2025-05-13 15:17:26,861 [INFO] IPUIPlugin:80 - create IPUIPlugin
2025-05-13 15:17:26,862 [INFO] PluginManager:220 - loadIPPluginJar : add tsc
2025-05-13 15:17:26,866 [INFO] IPUIPlugin:80 - create IPUIPlugin
2025-05-13 15:17:26,866 [INFO] PluginManager:220 - loadIPPluginJar : add ucpd
2025-05-13 15:17:26,871 [INFO] IPUIPlugin:80 - create IPUIPlugin
2025-05-13 15:17:26,871 [INFO] PluginManager:220 - loadIPPluginJar : add usart
2025-05-13 15:17:26,874 [INFO] IPUIPlugin:80 - create IPUIPlugin
2025-05-13 15:17:26,875 [INFO] PluginManager:220 - loadIPPluginJar : add usbx
2025-05-13 15:17:27,034 [FATAL] Updater:351 - Updater called before beeing initialized
2025-05-13 15:17:27,062 [INFO] RulesReader:64 - Compatibility file has been processed (302 Rules)
2025-05-13 15:17:27,076 [INFO] RulesReader:64 - Compatibility file has been processed (302 Rules)
2025-05-13 15:17:27,087 [INFO] CADModel:165 - CPN selected for project level
2025-05-13 15:17:27,087 [INFO] CADModel:114 - Register for checkConnection events
2025-05-13 15:17:27,087 [FATAL] Updater:351 - Updater called before beeing initialized
2025-05-13 15:17:27,087 [ERROR] CADModel:125 - Updater not yet initialized, retry later 
2025-05-13 15:17:27,265 [FATAL] Updater:351 - Updater called before beeing initialized
2025-05-13 15:17:27,267 [INFO] CADModel:165 - CPN selected for project level
2025-05-13 15:17:27,268 [INFO] CADModel:114 - Register for checkConnection events
2025-05-13 15:17:27,268 [FATAL] Updater:351 - Updater called before beeing initialized
2025-05-13 15:17:27,268 [ERROR] CADModel:125 - Updater not yet initialized, retry later 
2025-05-13 15:17:27,272 [FATAL] Updater:351 - Updater called before beeing initialized
2025-05-13 15:17:27,355 [FATAL] Updater:351 - Updater called before beeing initialized
2025-05-13 15:17:27,359 [INFO] DbMcusAds:53 - JSON generation date=Thu Mar 06 15:54:22 CET 2025 (1741272862078)
2025-05-13 15:17:27,359 [FATAL] Updater:351 - Updater called before beeing initialized
2025-05-13 15:17:27,391 [WARN] DetailPanel:346 - Failed to get advertising image, set to default
2025-05-13 15:17:27,588 [FATAL] Updater:351 - Updater called before beeing initialized
2025-05-13 15:17:27,590 [FATAL] Updater:351 - Updater called before beeing initialized
2025-05-13 15:17:27,590 [FATAL] Updater:351 - Updater called before beeing initialized
2025-05-13 15:17:27,590 [WARN] DetailPanel:346 - Failed to get advertising image, set to default
2025-05-13 15:17:27,591 [FATAL] Updater:351 - Updater called before beeing initialized
2025-05-13 15:17:27,623 [ERROR] Updater:1198 - MainUpdater not yet initialized. External WinMGr cannot be set.
2025-05-13 15:17:27,625 [INFO] Updater:1134 - Updater Version found : 6.14.1
2025-05-13 15:17:27,643 [INFO] ApplicationProperties:184 - Using Application install path: C:\ST\STM32CubeIDE_1.16.1\STM32CubeIDE\plugins\com.st.stm32cube.common.mx_6.14.1.202504091515
2025-05-13 15:17:28,000 [INFO] MainUpdater:2872 - connection check result : 10
2025-05-13 15:17:28,000 [INFO] MainUpdater:3566 - Updater definition file requires update
2025-05-13 15:17:28,000 [INFO] MainUpdater:289 - Updater Check For Update Now.
2025-05-13 15:17:28,000 [INFO] MicroXplorer:498 - Change Database Version : DB.6.0.141
2025-05-13 15:17:28,005 [INFO] McuFinderGlobals:63 - Set McuFinder mode to 2 (CubeIDE integrated)
2025-05-13 15:17:28,006 [INFO] UserAuth:484 - Internet connection configuration mode: 1
2025-05-13 15:17:28,026 [INFO] JxBrowserEngine:152 - Initiate JxBrowser Engine with user profile folder
2025-05-13 15:17:28,137 [INFO] ServerAccessManage:473 - Download File updaters.zip
2025-05-13 15:17:28,236 [INFO] FileExtend:242 - Unzip File : updaters.zip
2025-05-13 15:17:28,236 [INFO] FileExtend:257 - Standard Zip Deflate
2025-05-13 15:17:28,481 [INFO] ServerAccessManage:473 - Download File PacksControlFlags.xml
2025-05-13 15:17:28,537 [WARN] MainUpdater:1193 - Updater busy. Cannot search thirdparties
2025-05-13 15:17:28,537 [INFO] ThirdPartyUpdaterWithRetryManager:96 - Updater plugin is busy. [1/15]
2025-05-13 15:17:28,596 [INFO] ServerAccessManage:473 - Download File cubemx.pidx
2025-05-13 15:17:28,735 [INFO] LoadServerUpdatesThread:375 - End of LoadServerUpdate Thread
2025-05-13 15:17:28,899 [INFO] CheckServerUpdateThread:120 - End of CheckServer Thread
2025-05-13 15:17:30,075 [INFO] WebApp:169 - Instantiating new browser for Auth
2025-05-13 15:17:31,762 [INFO] WebApp:463 - Apply proxy settings
2025-05-13 15:17:31,762 [INFO] WebApp:548 - Chromium requires no authentication
2025-05-13 15:17:31,960 [INFO] WebApp:491 - Direct internet connection detected
2025-05-13 15:17:32,271 [INFO] WebApp:894 - Register for checkConnection events
2025-05-13 15:17:32,271 [INFO] WebApp:463 - Apply proxy settings
2025-05-13 15:17:32,271 [INFO] WebApp:548 - Chromium requires no authentication
2025-05-13 15:17:32,282 [INFO] WebApp:491 - Direct internet connection detected
2025-05-13 15:17:33,445 [INFO] WebApp:191 - Connection restablished
2025-05-13 15:17:34,331 [WARN] PackLoader:240 - Cannot read IP mode file for STMicroelectronics.FP-SNS-MOTENVWB1.1.4.0
2025-05-13 15:17:34,357 [WARN] PackLoader:240 - Cannot read IP mode file for STMicroelectronics.FP-ATR-ASTRA1.2.0.2
2025-05-13 15:17:34,373 [WARN] PackLoader:240 - Cannot read IP mode file for STMicroelectronics.FP-ATR-ASTRA1.2.0.1
2025-05-13 15:17:34,385 [WARN] PackLoader:240 - Cannot read IP mode file for STMicroelectronics.X-CUBE-SMBUS.2.1.0
2025-05-13 15:17:34,401 [WARN] PackLoader:240 - Cannot read IP mode file for STMicroelectronics.X-CUBE-WB05N.1.1.0
2025-05-13 15:17:34,593 [WARN] PackLoader:240 - Cannot read IP mode file for STMicroelectronics.X-CUBE-AZRTOS-F7.1.1.0
2025-05-13 15:17:34,789 [INFO] WebApp:225 - Starting web application
2025-05-13 15:17:34,789 [INFO] WebApp:593 - Web application path used C:\ST\STM32CubeIDE_1.16.1\STM32CubeIDE\plugins\com.st.stm32cube.common.mx_6.14.1.202504091515\db\plugins\mcufinder\reactClient1\index.html
2025-05-13 15:17:34,811 [WARN] PackLoader:240 - Cannot read IP mode file for STMicroelectronics.X-CUBE-MEMS1.11.0.0
2025-05-13 15:17:35,448 [WARN] PackLoader:240 - Cannot read IP mode file for STMicroelectronics.FP-SNS-FLIGHT1.5.0.2
2025-05-13 15:17:35,458 [WARN] PackLoader:240 - Cannot read IP mode file for STMicroelectronics.X-CUBE-DISPLAY.3.0.0
2025-05-13 15:17:35,470 [WARN] PackLoader:240 - Cannot read IP mode file for STMicroelectronics.X-CUBE-BLE1.7.0.0
2025-05-13 15:17:35,516 [WARN] PackLoader:240 - Cannot read IP mode file for STMicroelectronics.X-CUBE-NFC10.1.0.0
2025-05-13 15:17:35,574 [WARN] PackLoader:240 - Cannot read IP mode file for STMicroelectronics.X-CUBE-BLEMGR.4.0.0
2025-05-13 15:17:35,585 [WARN] PackLoader:240 - Cannot read IP mode file for emotas.I-CUBE-CANOPEN.1.3.0
2025-05-13 15:17:35,626 [WARN] PackLoader:240 - Cannot read IP mode file for STMicroelectronics.X-CUBE-BLEMGR.3.1.0
2025-05-13 15:17:35,633 [WARN] PackLoader:240 - Cannot read IP mode file for STMicroelectronics.X-CUBE-AI.10.0.0
2025-05-13 15:17:35,638 [WARN] PackLoader:240 - Cannot read IP mode file for STMicroelectronics.FP-SNS-SMARTAG2.1.2.0
2025-05-13 15:17:35,642 [WARN] PackLoader:240 - Cannot read IP mode file for STMicroelectronics.FP-SNS-FLIGHT1.5.1.0
2025-05-13 15:17:35,717 [WARN] PackLoader:240 - Cannot read IP mode file for STMicroelectronics.X-CUBE-MEMS1.11.1.0
2025-05-13 15:17:36,063 [INFO] LogOutputStream:77 - [STDOUT_REDIRECT] 1 : Invalid condition id : UX_CORESTACK_Condition cause : null
2025-05-13 15:17:36,064 [INFO] LogOutputStream:77 - [STDOUT_REDIRECT] 1 : Invalid condition id : UX_CORESTACK_Condition cause : null
2025-05-13 15:17:36,066 [INFO] LogOutputStream:77 - [STDOUT_REDIRECT] 1 : Invalid condition id : UX_CORESTACK_Condition cause : null
2025-05-13 15:17:36,069 [INFO] LogOutputStream:77 - [STDOUT_REDIRECT] 1 : Invalid condition id : UX_CORESTACK_Condition cause : null
2025-05-13 15:17:36,070 [INFO] LogOutputStream:77 - [STDOUT_REDIRECT] 1 : Invalid condition id : UX_CORESTACK_Condition cause : null
2025-05-13 15:17:36,075 [WARN] PackLoader:240 - Cannot read IP mode file for STMicroelectronics.X-CUBE-AZRTOS-WL.2.0.0
2025-05-13 15:17:36,082 [WARN] PackLoader:240 - Cannot read IP mode file for STMicroelectronics.FP-SNS-MOTENV1.5.0.0
2025-05-13 15:17:36,112 [WARN] PackLoader:240 - Cannot read IP mode file for wolfSSL.I-CUBE-wolfMQTT.1.19.0
2025-05-13 15:17:36,203 [WARN] PackLoader:240 - Cannot read IP mode file for WES.I-CUBE-Cesium.1.3.0
2025-05-13 15:17:36,259 [WARN] PackLoader:240 - Cannot read IP mode file for STMicroelectronics.X-CUBE-BLE2.3.3.0
2025-05-13 15:17:36,267 [WARN] PackLoader:240 - Cannot read IP mode file for STMicroelectronics.X-CUBE-NFC9.1.0.0
2025-05-13 15:17:36,280 [WARN] PackLoader:240 - Cannot read IP mode file for STMicroelectronics.X-CUBE-BLE1.7.1.0
2025-05-13 15:17:36,299 [WARN] PackLoader:240 - Cannot read IP mode file for STMicroelectronics.X-CUBE-TCPP.4.1.0
2025-05-13 15:17:36,403 [WARN] PackLoader:240 - Cannot read IP mode file for STMicroelectronics.X-CUBE-MEMS1.11.2.0
2025-05-13 15:17:36,674 [WARN] PackLoader:240 - Cannot read IP mode file for STMicroelectronics.X-CUBE-AZRTOS-G0.1.1.0
2025-05-13 15:17:36,681 [WARN] PackLoader:240 - Cannot read IP mode file for STMicroelectronics.X-CUBE-SAFEA1.1.2.2
2025-05-13 15:17:36,687 [WARN] PackLoader:240 - Cannot read IP mode file for STMicroelectronics.X-CUBE-NFC4.3.0.0
2025-05-13 15:17:36,695 [WARN] PackLoader:240 - Cannot read IP mode file for EmbeddedOffice.I-CUBE-FS-RTOS.1.0.1
2025-05-13 15:17:36,700 [WARN] PackLoader:240 - Cannot read IP mode file for STMicroelectronics.X-CUBE-WB05N.2.0.0
2025-05-13 15:17:36,723 [WARN] PackLoader:240 - Cannot read IP mode file for STMicroelectronics.X-CUBE-TCPP.4.2.0
2025-05-13 15:17:36,744 [WARN] PackLoader:240 - Cannot read IP mode file for RealThread.X-CUBE-RT-Thread_Nano.4.1.1
2025-05-13 15:17:36,750 [WARN] PackLoader:240 - Cannot read IP mode file for STMicroelectronics.FP-ATR-SIGFOX1.3.2.0
2025-05-13 15:17:36,754 [WARN] PackLoader:240 - Cannot read IP mode file for wolfSSL.I-CUBE-wolfSSL.5.7.2
2025-05-13 15:17:36,759 [WARN] ConditionMgr:438 - getConditionDescription Invalid condition id : Cortex-A Device cause : null
2025-05-13 15:17:36,788 [WARN] ConditionMgr:1044 - genDependencies : Invalid condition id : Cortex-A Device cause : null
2025-05-13 15:17:36,788 [WARN] ConditionMgr:1044 - genDependencies : Invalid condition id : Cortex-A Device cause : null
2025-05-13 15:17:36,788 [WARN] ConditionMgr:1044 - genDependencies : Invalid condition id : Cortex-A Device cause : null
2025-05-13 15:17:36,824 [WARN] PackLoader:240 - Cannot read IP mode file for STMicroelectronics.X-CUBE-EEPRMA1.5.1.0
2025-05-13 15:17:36,833 [WARN] PackLoader:240 - Cannot read IP mode file for ITTIA_DB.I-CUBE-ITTIADB.8.9.0
2025-05-13 15:17:36,865 [WARN] PackLoader:240 - Cannot read IP mode file for SEGGER.I-CUBE-embOS.1.3.1
2025-05-13 15:17:36,904 [WARN] PackLoader:240 - Cannot read IP mode file for STMicroelectronics.X-CUBE-ALGOBUILD.1.4.0
2025-05-13 15:17:36,909 [WARN] PackLoader:240 - Cannot read IP mode file for STMicroelectronics.X-CUBE-AI.9.1.0
2025-05-13 15:17:36,930 [WARN] PackLoader:240 - Cannot read IP mode file for STMicroelectronics.X-CUBE-AZRTOS-F4.1.1.0
2025-05-13 15:17:36,939 [WARN] PackLoader:240 - Cannot read IP mode file for Avnet-IotConnect.X-CUBE-IoTC-DA16k-PMOD.1.0.0
2025-05-13 15:17:36,945 [WARN] PackLoader:240 - Cannot read IP mode file for STMicroelectronics.X-CUBE-ISPU.2.1.0
2025-05-13 15:17:36,954 [WARN] PackLoader:240 - Cannot read IP mode file for STMicroelectronics.X-CUBE-FREERTOS.1.2.0
2025-05-13 15:17:37,006 [WARN] PackLoader:240 - Cannot read IP mode file for STMicroelectronics.X-CUBE-AZRTOS-L5.2.0.0
2025-05-13 15:17:37,046 [WARN] PackLoader:240 - Cannot read IP mode file for STMicroelectronics.X-CUBE-NFC6.3.1.0
2025-05-13 15:17:37,056 [WARN] PackLoader:240 - Cannot read IP mode file for STMicroelectronics.X-CUBE-DPower.1.2.0
2025-05-13 15:17:37,062 [WARN] PackLoader:240 - Cannot read IP mode file for STMicroelectronics.X-CUBE-FREERTOS.1.3.1
2025-05-13 15:17:37,071 [WARN] PackLoader:240 - Cannot read IP mode file for STMicroelectronics.X-CUBE-FREERTOS.1.3.0
2025-05-13 15:17:37,093 [WARN] PackLoader:240 - Cannot read IP mode file for STMicroelectronics.X-CUBE-NFC7.1.0.1
2025-05-13 15:17:37,122 [WARN] PackLoader:240 - Cannot read IP mode file for STMicroelectronics.X-CUBE-DPower.1.3.0
2025-05-13 15:17:37,148 [WARN] ConditionMgr:438 - getConditionDescription Invalid condition id : LAN8742 Phy interface Condition cause : null
2025-05-13 15:17:37,149 [WARN] PackLoader:240 - Cannot read IP mode file for STMicroelectronics.X-CUBE-AZRTOS-L4.2.0.0
2025-05-13 15:17:37,151 [WARN] ConditionMgr:1044 - genDependencies : Invalid condition id : LAN8742 Phy interface Condition cause : null
2025-05-13 15:17:37,152 [WARN] ConditionMgr:1044 - genDependencies : Invalid condition id : LAN8742 Phy interface Condition cause : null
2025-05-13 15:17:37,155 [WARN] ConditionMgr:1044 - genDependencies : Invalid condition id : LAN8742 Phy interface Condition cause : null
2025-05-13 15:17:37,171 [WARN] PackLoader:240 - Cannot read IP mode file for STMicroelectronics.X-CUBE-SFXS2LP1.4.0.0
2025-05-13 15:17:37,232 [WARN] PackLoader:240 - Cannot read IP mode file for STMicroelectronics.X-CUBE-AZRTOS-H7.3.3.0
2025-05-13 15:17:37,268 [WARN] PackLoader:240 - Cannot read IP mode file for STMicroelectronics.X-CUBE-IPS.3.0.0
2025-05-13 15:17:37,392 [WARN] ConditionMgr:438 - getConditionDescription Invalid condition id : UX DEVICE CLASS RTOS Condition cause : null
2025-05-13 15:17:37,393 [WARN] ConditionMgr:438 - getConditionDescription Invalid condition id : UX DEVICE CLASS RTOS Condition cause : null
2025-05-13 15:17:37,395 [WARN] PackLoader:240 - Cannot read IP mode file for STMicroelectronics.X-CUBE-AZRTOS-WB.2.0.0
2025-05-13 15:17:37,395 [WARN] ConditionMgr:1044 - genDependencies : Invalid condition id : UX DEVICE CLASS RTOS Condition cause : null
2025-05-13 15:17:37,396 [WARN] ConditionMgr:1044 - genDependencies : Invalid condition id : UX DEVICE CLASS RTOS Condition cause : null
2025-05-13 15:17:37,396 [WARN] ConditionMgr:1044 - genDependencies : Invalid condition id : UX DEVICE CLASS RTOS Condition cause : null
2025-05-13 15:17:37,396 [WARN] ConditionMgr:1044 - genDependencies : Invalid condition id : UX DEVICE CLASS RTOS Condition cause : null
2025-05-13 15:17:37,397 [WARN] ConditionMgr:1044 - genDependencies : Invalid condition id : UX DEVICE CLASS RTOS Condition cause : null
2025-05-13 15:17:37,404 [WARN] PackLoader:240 - Cannot read IP mode file for STMicroelectronics.X-CUBE-GNSS1.7.0.0
2025-05-13 15:17:37,411 [WARN] PackLoader:240 - Cannot read IP mode file for STMicroelectronics.X-CUBE-GNSS1.7.0.1
2025-05-13 15:17:37,418 [WARN] PackLoader:240 - Cannot read IP mode file for STMicroelectronics.X-CUBE-TOUCHGFX.4.25.0
2025-05-13 15:17:37,495 [WARN] PackLoader:240 - Cannot read IP mode file for STMicroelectronics.FP-SNS-STBOX1.2.0.0
2025-05-13 15:17:37,508 [WARN] PackLoader:240 - Cannot read IP mode file for STMicroelectronics.X-CUBE-SUBG2.5.0.0
2025-05-13 15:17:37,559 [WARN] PackLoader:240 - Cannot read IP mode file for STMicroelectronics.X-CUBE-AZRTOS-H7RS.1.1.0
2025-05-13 15:17:37,735 [WARN] PackLoader:240 - Cannot read IP mode file for Cesanta.I-CUBE-Mongoose.7.13.0
2025-05-13 15:17:37,755 [WARN] PackLoader:240 - Cannot read IP mode file for STMicroelectronics.X-CUBE-AZRTOS-G4.2.0.0
2025-05-13 15:17:37,765 [WARN] PackLoader:240 - Cannot read IP mode file for STMicroelectronics.X-CUBE-NFC7.2.0.0
2025-05-13 15:17:37,916 [WARN] PackLoader:240 - Cannot read IP mode file for STMicroelectronics.X-CUBE-IPS.3.1.0
2025-05-13 15:17:37,926 [WARN] PackLoader:240 - Cannot read IP mode file for STMicroelectronics.X-CUBE-ALS.1.0.2
2025-05-13 15:17:37,932 [WARN] PackLoader:240 - Cannot read IP mode file for STMicroelectronics.X-CUBE-TOUCHGFX.4.24.2
2025-05-13 15:17:37,936 [WARN] PackLoader:240 - Cannot read IP mode file for STMicroelectronics.X-CUBE-TOUCHGFX.4.24.1
2025-05-13 15:17:37,940 [WARN] PackLoader:240 - Cannot read IP mode file for wolfSSL.I-CUBE-wolfTPM.3.4.0
2025-05-13 15:17:37,945 [WARN] PackLoader:240 - Cannot read IP mode file for portGmbH.I-Cube-SoM-uGOAL.1.1.0
2025-05-13 15:17:38,115 [WARN] PackLoader:240 - Cannot read IP mode file for STMicroelectronics.X-CUBE-AZRTOS-H7RS.1.0.0
2025-05-13 15:17:38,122 [WARN] PackLoader:240 - Cannot read IP mode file for STMicroelectronics.FP-ATR-ASTRA1.2.0.0
2025-05-13 15:17:38,134 [WARN] PackLoader:240 - Cannot read IP mode file for STMicroelectronics.X-CUBE-TOF1.3.4.2
2025-05-13 15:17:38,292 [WARN] PackLoader:240 - Cannot read IP mode file for STMicroelectronics.X-CUBE-TOF1.3.4.3
2025-05-13 15:17:38,316 [WARN] PackLoader:240 - Cannot read IP mode file for Infineon.AIROC-Wi-Fi-Bluetooth-STM32.1.6.1
2025-05-13 15:17:38,325 [WARN] PackLoader:240 - Cannot read IP mode file for wolfSSL.I-CUBE-wolfSSH.1.4.17
2025-05-13 15:17:38,326 [INFO] ThirdParty:978 - Integrity check success = true
2025-05-13 15:17:38,326 [INFO] IntegrityCheckThread:100 - exiting critical section [integrity check]
2025-05-13 15:17:38,327 [INFO] IntegrityCheckThread:103 - End integrity checks thread
2025-05-13 15:17:39,009 [INFO] UserAuth:484 - Internet connection configuration mode: 1
2025-05-13 15:23:00,284 [INFO] Activator:176 - 


2025-05-13 15:23:00,285 [INFO] Activator:177 - !SESSION log4j initialized
2025-05-13 15:23:03,617 [INFO] LogOutputStream:77 - [STDOUT_REDIRECT] 
2025-05-13 15:23:04,411 [INFO] ApplicationProperties:184 - Using Application install path: C:\ST\STM32CubeIDE_1.16.1\STM32CubeIDE\plugins\com.st.stm32cube.common.mx_6.14.1.202504091515
2025-05-13 15:23:04,426 [INFO] DbMcusXml:78 - Set database path to: C:\ST\STM32CubeIDE_1.16.1\STM32CubeIDE\plugins\com.st.stm32cube.common.mx_6.14.1.202504091515\\db\/mcu/
2025-05-13 15:23:04,426 [INFO] ApiDb:274 - Set plugin database path to: C:\ST\STM32CubeIDE_1.16.1\STM32CubeIDE\plugins\com.st.stm32cube.common.mx_6.14.1.202504091515\\db\/plugins/boardmanager/
2025-05-13 15:23:04,426 [WARN] ApiDb:259 - Overriding images path with different value:  => C:\ST\STM32CubeIDE_1.16.1\STM32CubeIDE\plugins\com.st.stm32cube.common.mx_6.14.1.202504091515\\db\/plugins/mcufinder/images/
2025-05-13 15:23:04,431 [INFO] ApiDb:250 - Set database path to: C:\Users\utente\.stmcufinder\plugins\mcufinder//mcu/
2025-05-13 15:23:04,432 [INFO] DbMcusAds:125 - Set database path to: C:\Users\utente\.stmcufinder\plugins\mcufinder//mcu/
2025-05-13 15:23:04,434 [INFO] CrossReferenceDbSqlite:203 - Set database path to: C:\Users\utente\.stmcufinder\plugins\mcufinder//mcu/cs/
2025-05-13 15:23:04,531 [INFO] RulesReader:64 - Compatibility file has been processed (302 Rules)
2025-05-13 15:23:04,588 [INFO] DbMcusXml:78 - Set database path to: C:\ST\STM32CubeIDE_1.16.1\STM32CubeIDE\plugins\com.st.stm32cube.common.mx_6.14.1.202504091515\\db\/mcu/
2025-05-13 15:23:04,588 [INFO] ApiDb:274 - Set plugin database path to: C:\ST\STM32CubeIDE_1.16.1\STM32CubeIDE\plugins\com.st.stm32cube.common.mx_6.14.1.202504091515\\db\/plugins/boardmanager/
2025-05-13 15:23:04,588 [INFO] ApiDb:261 - Set plugin images path to: C:\ST\STM32CubeIDE_1.16.1\STM32CubeIDE\plugins\com.st.stm32cube.common.mx_6.14.1.202504091515\\db\/plugins/mcufinder/images/
2025-05-13 15:23:04,588 [WARN] DbFile:41 - Overriding database path with different value: C:\Users\utente\.stmcufinder\plugins\mcufinder/ => C:\Users\utente\.stmcufinder\plugins\mcufinder
2025-05-13 15:23:04,588 [INFO] ApiDb:250 - Set database path to: C:\Users\utente\.stmcufinder\plugins\mcufinder//mcu/
2025-05-13 15:23:04,588 [WARN] DbFile:41 - Overriding database path with different value: C:\Users\utente\.stmcufinder\plugins\mcufinder/ => C:\Users\utente\.stmcufinder\plugins\mcufinder
2025-05-13 15:23:04,588 [INFO] DbMcusAds:125 - Set database path to: C:\Users\utente\.stmcufinder\plugins\mcufinder//mcu/
2025-05-13 15:23:04,589 [WARN] DbFile:41 - Overriding database path with different value: C:\Users\utente\.stmcufinder\plugins\mcufinder/ => C:\Users\utente\.stmcufinder\plugins\mcufinder
2025-05-13 15:23:04,589 [WARN] DbFile:41 - Overriding database path with different value: C:\Users\utente\.stmcufinder\plugins\mcufinder/ => C:\Users\utente\.stmcufinder\plugins\mcufinder
2025-05-13 15:23:04,589 [INFO] CrossReferenceDbSqlite:203 - Set database path to: C:\Users\utente\.stmcufinder\plugins\mcufinder//mcu/cs/
2025-05-13 15:23:04,646 [INFO] MainPanel:272 - HeapMemory: 268435456
2025-05-13 15:23:04,759 [INFO] DbMcusXml:78 - Set database path to: C:\ST\STM32CubeIDE_1.16.1\STM32CubeIDE\plugins\com.st.stm32cube.common.mx_6.14.1.202504091515\\db\/mcu/
2025-05-13 15:23:04,760 [INFO] ApiDb:274 - Set plugin database path to: C:\ST\STM32CubeIDE_1.16.1\STM32CubeIDE\plugins\com.st.stm32cube.common.mx_6.14.1.202504091515\\db\/plugins/boardmanager/
2025-05-13 15:23:04,760 [INFO] ApiDb:261 - Set plugin images path to: C:\ST\STM32CubeIDE_1.16.1\STM32CubeIDE\plugins\com.st.stm32cube.common.mx_6.14.1.202504091515\\db\/plugins/mcufinder/images/
2025-05-13 15:23:04,760 [WARN] DbFile:41 - Overriding database path with different value: C:\Users\utente\.stmcufinder\plugins\mcufinder/ => C:\Users\utente\.stmcufinder\plugins\mcufinder
2025-05-13 15:23:04,760 [INFO] ApiDb:250 - Set database path to: C:\Users\utente\.stmcufinder\plugins\mcufinder//mcu/
2025-05-13 15:23:04,760 [WARN] DbFile:41 - Overriding database path with different value: C:\Users\utente\.stmcufinder\plugins\mcufinder/ => C:\Users\utente\.stmcufinder\plugins\mcufinder
2025-05-13 15:23:04,761 [INFO] DbMcusAds:125 - Set database path to: C:\Users\utente\.stmcufinder\plugins\mcufinder//mcu/
2025-05-13 15:23:04,761 [WARN] DbFile:41 - Overriding database path with different value: C:\Users\utente\.stmcufinder\plugins\mcufinder/ => C:\Users\utente\.stmcufinder\plugins\mcufinder
2025-05-13 15:23:04,761 [WARN] DbFile:41 - Overriding database path with different value: C:\Users\utente\.stmcufinder\plugins\mcufinder/ => C:\Users\utente\.stmcufinder\plugins\mcufinder
2025-05-13 15:23:04,761 [INFO] CrossReferenceDbSqlite:203 - Set database path to: C:\Users\utente\.stmcufinder\plugins\mcufinder//mcu/cs/
2025-05-13 15:23:04,784 [INFO] ApplicationProperties:184 - Using Application install path: C:\ST\STM32CubeIDE_1.16.1\STM32CubeIDE\plugins\com.st.stm32cube.common.mx_6.14.1.202504091515
2025-05-13 15:23:04,785 [INFO] PluginManage:196 - Search for loadable plugins [exclusion list=, ]
2025-05-13 15:23:04,786 [INFO] PluginManage:310 - Check plugin analytics
2025-05-13 15:23:04,925 [INFO] AnalyticsPlugin:253 - Accepted Software Licenses: 
2025-05-13 15:23:04,927 [INFO] AnalyticsPlugin:255 - Accepted CMSIS Pack Licenses: 
2025-05-13 15:23:04,927 [INFO] AnalyticsPlugin:257 - Accepted Firmware Licenses: 
2025-05-13 15:23:04,929 [INFO] PluginManage:359 - Loaded plugin analytics (category:tool,tabindex:-1)
2025-05-13 15:23:04,929 [INFO] PluginManage:310 - Check plugin cadmodel
2025-05-13 15:23:04,933 [INFO] CADModel:105 - Init CAD model plugin
2025-05-13 15:23:04,933 [INFO] PluginManage:359 - Loaded plugin cadmodel (category:power,tabindex:5)
2025-05-13 15:23:04,934 [INFO] PluginManage:310 - Check plugin clock
2025-05-13 15:23:04,939 [INFO] PluginManage:359 - Loaded plugin clock (category:base,tabindex:2)
2025-05-13 15:23:04,940 [INFO] PluginManage:310 - Check plugin ddr
2025-05-13 15:23:04,942 [INFO] PluginManage:359 - Loaded plugin ddr (category:tool,tabindex:6)
2025-05-13 15:23:04,942 [INFO] PluginManage:310 - Check plugin filemanager
2025-05-13 15:23:05,059 [INFO] PluginManage:359 - Loaded plugin filemanager (category:base,tabindex:10)
2025-05-13 15:23:05,060 [INFO] PluginManage:310 - Check plugin ipmanager
2025-05-13 15:23:05,065 [INFO] PluginManage:359 - Loaded plugin ipmanager (category:base,tabindex:5)
2025-05-13 15:23:05,065 [INFO] PluginManage:310 - Check plugin lpbam
2025-05-13 15:23:05,071 [INFO] PluginManage:359 - Loaded plugin lpbam (category:base,tabindex:0)
2025-05-13 15:23:05,071 [INFO] PluginManage:310 - Check plugin memorymap
2025-05-13 15:23:05,078 [INFO] PluginManage:359 - Loaded plugin memorymap (category:base,tabindex:4)
2025-05-13 15:23:05,078 [INFO] PluginManage:310 - Check plugin pinoutandconfiguration
2025-05-13 15:23:05,084 [INFO] PluginManage:359 - Loaded plugin pinoutandconfiguration (category:base,tabindex:1)
2025-05-13 15:23:05,084 [INFO] PluginManage:310 - Check plugin pinoutconfig
2025-05-13 15:23:05,150 [WARN] SupportedApi:132 - Cannot load RTOS API schema: s4s-elt-must-match.1: The content of 'definitions' must match (annotation?, (simpleType | complexType)?, (unique | key | keyref)*)). A problem was found starting at: attribute.
2025-05-13 15:23:05,248 [INFO] PluginManage:359 - Loaded plugin pinoutconfig (category:base,tabindex:0)
2025-05-13 15:23:05,248 [INFO] PluginManage:310 - Check plugin power
2025-05-13 15:23:05,256 [INFO] PluginManage:359 - Loaded plugin power (category:power,tabindex:4)
2025-05-13 15:23:05,256 [INFO] PluginManage:310 - Check plugin projectmanager
2025-05-13 15:23:05,271 [INFO] PluginManage:359 - Loaded plugin projectmanager (category:projectmanager,tabindex:4)
2025-05-13 15:23:05,272 [INFO] PluginManage:310 - Check plugin rif
2025-05-13 15:23:05,277 [INFO] PluginManage:359 - Loaded plugin rif (category:base,tabindex:3)
2025-05-13 15:23:05,277 [INFO] PluginManage:310 - Check plugin thirdparty
2025-05-13 15:23:05,400 [INFO] PluginManage:359 - Loaded plugin thirdparty (category:base,tabindex:-1)
2025-05-13 15:23:05,400 [INFO] PluginManage:310 - Check plugin tools
2025-05-13 15:23:05,400 [WARN] IntegrityCheckThread:84 - waiting for thirdparty lock release [integrity check]
2025-05-13 15:23:05,400 [INFO] IntegrityCheckThread:86 - entering critical section [integrity check]
2025-05-13 15:23:05,401 [INFO] ThirdPartyUpdaterWithRetryManager:70 - Updater plugin not ready yet. [1/15]
2025-05-13 15:23:05,402 [INFO] PluginManage:359 - Loaded plugin tools (category:base,tabindex:7)
2025-05-13 15:23:05,402 [INFO] PluginManage:310 - Check plugin tutovideos
2025-05-13 15:23:05,515 [INFO] PluginManage:359 - Loaded plugin tutovideos (category:base,tabindex:-1)
2025-05-13 15:23:05,517 [INFO] PluginManage:310 - Check plugin updater
2025-05-13 15:23:05,532 [INFO] PluginManage:359 - Loaded plugin updater (category:base,tabindex:12)
2025-05-13 15:23:05,534 [INFO] PluginManage:310 - Check plugin userauth
2025-05-13 15:23:05,536 [INFO] UserAuth:118 - Init User Auth plugin
2025-05-13 15:23:05,537 [INFO] PluginManage:359 - Loaded plugin userauth (category:base,tabindex:14)
2025-05-13 15:23:05,537 [INFO] PluginManage:283 - PluginManage : Loaded plugins [18]
2025-05-13 15:23:05,683 [INFO] PinOutPanel:1589 - setPackage(No Configuration,No Configuration)
2025-05-13 15:23:05,745 [INFO] CADModel:165 - CPN selected for project level
2025-05-13 15:23:05,745 [INFO] CADModel:114 - Register for checkConnection events
2025-05-13 15:23:05,761 [INFO] IPUIPlugin:80 - create IPUIPlugin
2025-05-13 15:23:05,761 [INFO] PluginManager:220 - loadIPPluginJar : add adc
2025-05-13 15:23:05,764 [INFO] IPUIPlugin:80 - create IPUIPlugin
2025-05-13 15:23:05,764 [INFO] PluginManager:220 - loadIPPluginJar : add aes
2025-05-13 15:23:05,766 [INFO] IPUIPlugin:80 - create IPUIPlugin
2025-05-13 15:23:05,766 [INFO] PluginManager:220 - loadIPPluginJar : add can
2025-05-13 15:23:05,767 [INFO] IPUIPlugin:80 - create IPUIPlugin
2025-05-13 15:23:05,767 [INFO] PluginManager:220 - loadIPPluginJar : add comp
2025-05-13 15:23:05,769 [INFO] IPUIPlugin:80 - create IPUIPlugin
2025-05-13 15:23:05,769 [INFO] PluginManager:220 - loadIPPluginJar : add cryp
2025-05-13 15:23:05,770 [INFO] IPUIPlugin:80 - create IPUIPlugin
2025-05-13 15:23:05,770 [INFO] PluginManager:220 - loadIPPluginJar : add ddr_ctrl_phy
2025-05-13 15:23:05,772 [INFO] IPUIPlugin:80 - create IPUIPlugin
2025-05-13 15:23:05,772 [INFO] PluginManager:220 - loadIPPluginJar : add dfsdm
2025-05-13 15:23:05,776 [INFO] IPUIPlugin:80 - create IPUIPlugin
2025-05-13 15:23:05,776 [INFO] PluginManager:220 - loadIPPluginJar : add dma
2025-05-13 15:23:05,778 [INFO] IPUIPlugin:80 - create IPUIPlugin
2025-05-13 15:23:05,778 [INFO] PluginManager:220 - loadIPPluginJar : add dma3
2025-05-13 15:23:05,781 [INFO] IPUIPlugin:80 - create IPUIPlugin
2025-05-13 15:23:05,781 [INFO] PluginManager:220 - loadIPPluginJar : add extmemmanager
2025-05-13 15:23:05,783 [INFO] IPUIPlugin:80 - create IPUIPlugin
2025-05-13 15:23:05,783 [INFO] PluginManager:220 - loadIPPluginJar : add fatfs
2025-05-13 15:23:05,787 [INFO] IPUIPlugin:80 - create IPUIPlugin
2025-05-13 15:23:05,787 [INFO] PluginManager:220 - loadIPPluginJar : add fmc
2025-05-13 15:23:05,791 [INFO] IPUIPlugin:80 - create IPUIPlugin
2025-05-13 15:23:05,791 [INFO] PluginManager:220 - loadIPPluginJar : add freertos
2025-05-13 15:23:05,792 [INFO] IPUIPlugin:80 - create IPUIPlugin
2025-05-13 15:23:05,792 [INFO] PluginManager:220 - loadIPPluginJar : add genericplugin
2025-05-13 15:23:05,794 [INFO] IPUIPlugin:80 - create IPUIPlugin
2025-05-13 15:23:05,794 [INFO] PluginManager:220 - loadIPPluginJar : add gfxmmu
2025-05-13 15:23:05,797 [INFO] IPUIPlugin:80 - create IPUIPlugin
2025-05-13 15:23:05,798 [INFO] PluginManager:220 - loadIPPluginJar : add gic
2025-05-13 15:23:05,800 [INFO] IPUIPlugin:80 - create IPUIPlugin
2025-05-13 15:23:05,800 [INFO] PluginManager:220 - loadIPPluginJar : add gpio
2025-05-13 15:23:05,802 [INFO] IPUIPlugin:80 - create IPUIPlugin
2025-05-13 15:23:05,802 [INFO] PluginManager:220 - loadIPPluginJar : add gtzc
2025-05-13 15:23:05,804 [INFO] IPUIPlugin:80 - create IPUIPlugin
2025-05-13 15:23:05,804 [INFO] PluginManager:220 - loadIPPluginJar : add hash
2025-05-13 15:23:05,805 [INFO] IPUIPlugin:80 - create IPUIPlugin
2025-05-13 15:23:05,805 [INFO] PluginManager:220 - loadIPPluginJar : add i2c
2025-05-13 15:23:05,807 [INFO] IPUIPlugin:80 - create IPUIPlugin
2025-05-13 15:23:05,807 [INFO] PluginManager:220 - loadIPPluginJar : add i2s
2025-05-13 15:23:05,809 [INFO] IPUIPlugin:80 - create IPUIPlugin
2025-05-13 15:23:05,809 [INFO] PluginManager:220 - loadIPPluginJar : add i3c
2025-05-13 15:23:05,812 [INFO] IPUIPlugin:80 - create IPUIPlugin
2025-05-13 15:23:05,812 [INFO] PluginManager:220 - loadIPPluginJar : add ipddr
2025-05-13 15:23:05,817 [INFO] IPUIPlugin:80 - create IPUIPlugin
2025-05-13 15:23:05,818 [INFO] PluginManager:220 - loadIPPluginJar : add linkedlist
2025-05-13 15:23:05,820 [INFO] IPUIPlugin:80 - create IPUIPlugin
2025-05-13 15:23:05,820 [INFO] PluginManager:220 - loadIPPluginJar : add lorawan
2025-05-13 15:23:05,821 [INFO] IPUIPlugin:80 - create IPUIPlugin
2025-05-13 15:23:05,821 [INFO] PluginManager:220 - loadIPPluginJar : add ltdc
2025-05-13 15:23:05,825 [INFO] IPUIPlugin:80 - create IPUIPlugin
2025-05-13 15:23:05,825 [INFO] PluginManager:220 - loadIPPluginJar : add mdma
2025-05-13 15:23:05,827 [INFO] IPUIPlugin:80 - create IPUIPlugin
2025-05-13 15:23:05,827 [INFO] PluginManager:220 - loadIPPluginJar : add nvic
2025-05-13 15:23:05,828 [INFO] IPUIPlugin:80 - create IPUIPlugin
2025-05-13 15:23:05,829 [INFO] PluginManager:220 - loadIPPluginJar : add opamp
2025-05-13 15:23:05,831 [INFO] IPUIPlugin:80 - create IPUIPlugin
2025-05-13 15:23:05,831 [INFO] PluginManager:220 - loadIPPluginJar : add openamp
2025-05-13 15:23:05,834 [INFO] IPUIPlugin:80 - create IPUIPlugin
2025-05-13 15:23:05,834 [INFO] PluginManager:220 - loadIPPluginJar : add pdm2pcm
2025-05-13 15:23:05,838 [INFO] IPUIPlugin:80 - create IPUIPlugin
2025-05-13 15:23:05,840 [INFO] PluginManager:220 - loadIPPluginJar : add plateformsettings
2025-05-13 15:23:05,841 [INFO] IPUIPlugin:80 - create IPUIPlugin
2025-05-13 15:23:05,841 [INFO] PluginManager:220 - loadIPPluginJar : add quadspi
2025-05-13 15:23:05,844 [INFO] IPUIPlugin:80 - create IPUIPlugin
2025-05-13 15:23:05,846 [INFO] PluginManager:220 - loadIPPluginJar : add radio
2025-05-13 15:23:05,848 [INFO] IPUIPlugin:80 - create IPUIPlugin
2025-05-13 15:23:05,848 [INFO] PluginManager:220 - loadIPPluginJar : add resmgrutility
2025-05-13 15:23:05,851 [INFO] IPUIPlugin:80 - create IPUIPlugin
2025-05-13 15:23:05,851 [INFO] PluginManager:220 - loadIPPluginJar : add sai
2025-05-13 15:23:05,852 [INFO] IPUIPlugin:80 - create IPUIPlugin
2025-05-13 15:23:05,852 [INFO] PluginManager:220 - loadIPPluginJar : add spi
2025-05-13 15:23:05,857 [INFO] IPUIPlugin:80 - create IPUIPlugin
2025-05-13 15:23:05,857 [INFO] PluginManager:220 - loadIPPluginJar : add stm32_wpan
2025-05-13 15:23:05,858 [INFO] IPUIPlugin:80 - create IPUIPlugin
2025-05-13 15:23:05,858 [INFO] PluginManager:220 - loadIPPluginJar : add tim
2025-05-13 15:23:05,860 [INFO] IPUIPlugin:80 - create IPUIPlugin
2025-05-13 15:23:05,861 [INFO] PluginManager:220 - loadIPPluginJar : add touchsensing
2025-05-13 15:23:05,861 [INFO] IPUIPlugin:80 - create IPUIPlugin
2025-05-13 15:23:05,861 [INFO] PluginManager:220 - loadIPPluginJar : add tracer_emb
2025-05-13 15:23:05,862 [INFO] IPUIPlugin:80 - create IPUIPlugin
2025-05-13 15:23:05,862 [INFO] PluginManager:220 - loadIPPluginJar : add ts
2025-05-13 15:23:05,864 [INFO] IPUIPlugin:80 - create IPUIPlugin
2025-05-13 15:23:05,864 [INFO] PluginManager:220 - loadIPPluginJar : add tsc
2025-05-13 15:23:05,865 [INFO] IPUIPlugin:80 - create IPUIPlugin
2025-05-13 15:23:05,865 [INFO] PluginManager:220 - loadIPPluginJar : add ucpd
2025-05-13 15:23:05,868 [INFO] IPUIPlugin:80 - create IPUIPlugin
2025-05-13 15:23:05,868 [INFO] PluginManager:220 - loadIPPluginJar : add usart
2025-05-13 15:23:05,870 [INFO] IPUIPlugin:80 - create IPUIPlugin
2025-05-13 15:23:05,870 [INFO] PluginManager:220 - loadIPPluginJar : add usbx
2025-05-13 15:23:05,983 [FATAL] Updater:351 - Updater called before beeing initialized
2025-05-13 15:23:06,003 [INFO] RulesReader:64 - Compatibility file has been processed (302 Rules)
2025-05-13 15:23:06,013 [INFO] RulesReader:64 - Compatibility file has been processed (302 Rules)
2025-05-13 15:23:06,021 [INFO] CADModel:165 - CPN selected for project level
2025-05-13 15:23:06,021 [INFO] CADModel:114 - Register for checkConnection events
2025-05-13 15:23:06,021 [FATAL] Updater:351 - Updater called before beeing initialized
2025-05-13 15:23:06,021 [ERROR] CADModel:125 - Updater not yet initialized, retry later 
2025-05-13 15:23:06,124 [FATAL] Updater:351 - Updater called before beeing initialized
2025-05-13 15:23:06,125 [INFO] CADModel:165 - CPN selected for project level
2025-05-13 15:23:06,125 [INFO] CADModel:114 - Register for checkConnection events
2025-05-13 15:23:06,125 [FATAL] Updater:351 - Updater called before beeing initialized
2025-05-13 15:23:06,125 [ERROR] CADModel:125 - Updater not yet initialized, retry later 
2025-05-13 15:23:06,128 [FATAL] Updater:351 - Updater called before beeing initialized
2025-05-13 15:23:06,195 [FATAL] Updater:351 - Updater called before beeing initialized
2025-05-13 15:23:06,198 [INFO] DbMcusAds:53 - JSON generation date=Wed May 07 11:07:55 CEST 2025 (1746608875513)
2025-05-13 15:23:06,199 [FATAL] Updater:351 - Updater called before beeing initialized
2025-05-13 15:23:06,227 [WARN] DetailPanel:346 - Failed to get advertising image, set to default
2025-05-13 15:23:06,432 [FATAL] Updater:351 - Updater called before beeing initialized
2025-05-13 15:23:06,434 [FATAL] Updater:351 - Updater called before beeing initialized
2025-05-13 15:23:06,434 [FATAL] Updater:351 - Updater called before beeing initialized
2025-05-13 15:23:06,434 [WARN] DetailPanel:346 - Failed to get advertising image, set to default
2025-05-13 15:23:06,434 [FATAL] Updater:351 - Updater called before beeing initialized
2025-05-13 15:23:06,469 [ERROR] Updater:1198 - MainUpdater not yet initialized. External WinMGr cannot be set.
2025-05-13 15:23:06,470 [INFO] Updater:1134 - Updater Version found : 6.14.1
2025-05-13 15:23:06,486 [INFO] ApplicationProperties:184 - Using Application install path: C:\ST\STM32CubeIDE_1.16.1\STM32CubeIDE\plugins\com.st.stm32cube.common.mx_6.14.1.202504091515
2025-05-13 15:23:06,727 [INFO] MainUpdater:2872 - connection check result : 10
2025-05-13 15:23:06,728 [INFO] MainUpdater:289 - Updater Check For Update Now.
2025-05-13 15:23:06,728 [INFO] MicroXplorer:498 - Change Database Version : DB.6.0.141
2025-05-13 15:23:06,732 [INFO] McuFinderGlobals:63 - Set McuFinder mode to 2 (CubeIDE integrated)
2025-05-13 15:23:06,733 [INFO] UserAuth:484 - Internet connection configuration mode: 1
2025-05-13 15:23:06,746 [INFO] JxBrowserEngine:152 - Initiate JxBrowser Engine with user profile folder
2025-05-13 15:23:06,919 [INFO] CheckServerUpdateThread:120 - End of CheckServer Thread
2025-05-13 15:23:07,198 [INFO] WebApp:169 - Instantiating new browser for Auth
2025-05-13 15:23:07,699 [INFO] WebApp:463 - Apply proxy settings
2025-05-13 15:23:07,699 [INFO] WebApp:548 - Chromium requires no authentication
2025-05-13 15:23:07,707 [INFO] WebApp:491 - Direct internet connection detected
2025-05-13 15:23:07,728 [INFO] WebApp:894 - Register for checkConnection events
2025-05-13 15:23:07,728 [INFO] WebApp:463 - Apply proxy settings
2025-05-13 15:23:07,728 [INFO] WebApp:548 - Chromium requires no authentication
2025-05-13 15:23:07,728 [INFO] WebApp:491 - Direct internet connection detected
2025-05-13 15:23:07,888 [INFO] WebApp:225 - Starting web application
2025-05-13 15:23:07,888 [INFO] WebApp:593 - Web application path used C:\ST\STM32CubeIDE_1.16.1\STM32CubeIDE\plugins\com.st.stm32cube.common.mx_6.14.1.202504091515\db\plugins\mcufinder\reactClient1\index.html
2025-05-13 15:23:07,979 [INFO] UserAuth:484 - Internet connection configuration mode: 1
2025-05-13 15:23:08,049 [INFO] WebApp:191 - Connection restablished
2025-05-13 15:23:08,589 [WARN] PackLoader:240 - Cannot read IP mode file for STMicroelectronics.FP-SNS-MOTENVWB1.1.4.0
2025-05-13 15:23:08,601 [WARN] PackLoader:240 - Cannot read IP mode file for STMicroelectronics.FP-ATR-ASTRA1.2.0.2
2025-05-13 15:23:08,605 [WARN] PackLoader:240 - Cannot read IP mode file for STMicroelectronics.FP-ATR-ASTRA1.2.0.1
2025-05-13 15:23:08,612 [WARN] PackLoader:240 - Cannot read IP mode file for STMicroelectronics.X-CUBE-SMBUS.2.1.0
2025-05-13 15:23:08,621 [WARN] PackLoader:240 - Cannot read IP mode file for STMicroelectronics.X-CUBE-WB05N.1.1.0
2025-05-13 15:23:08,654 [WARN] PackLoader:240 - Cannot read IP mode file for STMicroelectronics.X-CUBE-AZRTOS-F7.1.1.0
2025-05-13 15:23:08,718 [WARN] PackLoader:240 - Cannot read IP mode file for STMicroelectronics.X-CUBE-MEMS1.11.0.0
2025-05-13 15:23:08,859 [WARN] PackLoader:240 - Cannot read IP mode file for STMicroelectronics.FP-SNS-FLIGHT1.5.0.2
2025-05-13 15:23:08,865 [WARN] PackLoader:240 - Cannot read IP mode file for STMicroelectronics.X-CUBE-DISPLAY.3.0.0
2025-05-13 15:23:08,871 [WARN] PackLoader:240 - Cannot read IP mode file for STMicroelectronics.X-CUBE-BLE1.7.0.0
2025-05-13 15:23:08,876 [WARN] PackLoader:240 - Cannot read IP mode file for STMicroelectronics.X-CUBE-NFC10.1.0.0
2025-05-13 15:23:08,884 [WARN] PackLoader:240 - Cannot read IP mode file for STMicroelectronics.X-CUBE-BLEMGR.4.0.0
2025-05-13 15:23:08,890 [WARN] PackLoader:240 - Cannot read IP mode file for emotas.I-CUBE-CANOPEN.1.3.0
2025-05-13 15:23:08,895 [WARN] PackLoader:240 - Cannot read IP mode file for STMicroelectronics.X-CUBE-BLEMGR.3.1.0
2025-05-13 15:23:08,900 [WARN] PackLoader:240 - Cannot read IP mode file for STMicroelectronics.X-CUBE-AI.10.0.0
2025-05-13 15:23:08,903 [WARN] PackLoader:240 - Cannot read IP mode file for STMicroelectronics.FP-SNS-SMARTAG2.1.2.0
2025-05-13 15:23:08,905 [WARN] PackLoader:240 - Cannot read IP mode file for STMicroelectronics.FP-SNS-FLIGHT1.5.1.0
2025-05-13 15:23:08,936 [WARN] PackLoader:240 - Cannot read IP mode file for STMicroelectronics.X-CUBE-MEMS1.11.1.0
2025-05-13 15:23:09,078 [INFO] LogOutputStream:77 - [STDOUT_REDIRECT] 1 : Invalid condition id : UX_CORESTACK_Condition cause : null
2025-05-13 15:23:09,079 [INFO] LogOutputStream:77 - [STDOUT_REDIRECT] 1 : Invalid condition id : UX_CORESTACK_Condition cause : null
2025-05-13 15:23:09,081 [INFO] LogOutputStream:77 - [STDOUT_REDIRECT] 1 : Invalid condition id : UX_CORESTACK_Condition cause : null
2025-05-13 15:23:09,082 [INFO] LogOutputStream:77 - [STDOUT_REDIRECT] 1 : Invalid condition id : UX_CORESTACK_Condition cause : null
2025-05-13 15:23:09,082 [INFO] LogOutputStream:77 - [STDOUT_REDIRECT] 1 : Invalid condition id : UX_CORESTACK_Condition cause : null
2025-05-13 15:23:09,086 [WARN] PackLoader:240 - Cannot read IP mode file for STMicroelectronics.X-CUBE-AZRTOS-WL.2.0.0
2025-05-13 15:23:09,091 [WARN] PackLoader:240 - Cannot read IP mode file for STMicroelectronics.FP-SNS-MOTENV1.5.0.0
2025-05-13 15:23:09,095 [WARN] PackLoader:240 - Cannot read IP mode file for wolfSSL.I-CUBE-wolfMQTT.1.19.0
2025-05-13 15:23:09,100 [WARN] PackLoader:240 - Cannot read IP mode file for WES.I-CUBE-Cesium.1.3.0
2025-05-13 15:23:09,103 [WARN] PackLoader:240 - Cannot read IP mode file for STMicroelectronics.X-CUBE-BLE2.3.3.0
2025-05-13 15:23:09,106 [WARN] PackLoader:240 - Cannot read IP mode file for STMicroelectronics.X-CUBE-NFC9.1.0.0
2025-05-13 15:23:09,109 [WARN] PackLoader:240 - Cannot read IP mode file for STMicroelectronics.X-CUBE-BLE1.7.1.0
2025-05-13 15:23:09,112 [WARN] PackLoader:240 - Cannot read IP mode file for STMicroelectronics.X-CUBE-TCPP.4.1.0
2025-05-13 15:23:09,150 [WARN] PackLoader:240 - Cannot read IP mode file for STMicroelectronics.X-CUBE-MEMS1.11.2.0
2025-05-13 15:23:09,254 [WARN] PackLoader:240 - Cannot read IP mode file for STMicroelectronics.X-CUBE-AZRTOS-G0.1.1.0
2025-05-13 15:23:09,261 [WARN] PackLoader:240 - Cannot read IP mode file for STMicroelectronics.X-CUBE-SAFEA1.1.2.2
2025-05-13 15:23:09,268 [WARN] PackLoader:240 - Cannot read IP mode file for STMicroelectronics.X-CUBE-NFC4.3.0.0
2025-05-13 15:23:09,276 [WARN] PackLoader:240 - Cannot read IP mode file for EmbeddedOffice.I-CUBE-FS-RTOS.1.0.1
2025-05-13 15:23:09,281 [WARN] PackLoader:240 - Cannot read IP mode file for STMicroelectronics.X-CUBE-WB05N.2.0.0
2025-05-13 15:23:09,285 [WARN] PackLoader:240 - Cannot read IP mode file for STMicroelectronics.X-CUBE-TCPP.4.2.0
2025-05-13 15:23:09,290 [WARN] PackLoader:240 - Cannot read IP mode file for RealThread.X-CUBE-RT-Thread_Nano.4.1.1
2025-05-13 15:23:09,293 [WARN] PackLoader:240 - Cannot read IP mode file for STMicroelectronics.FP-ATR-SIGFOX1.3.2.0
2025-05-13 15:23:09,297 [WARN] PackLoader:240 - Cannot read IP mode file for wolfSSL.I-CUBE-wolfSSL.5.7.2
2025-05-13 15:23:09,301 [WARN] ConditionMgr:438 - getConditionDescription Invalid condition id : Cortex-A Device cause : null
2025-05-13 15:23:09,313 [WARN] ConditionMgr:1044 - genDependencies : Invalid condition id : Cortex-A Device cause : null
2025-05-13 15:23:09,313 [WARN] ConditionMgr:1044 - genDependencies : Invalid condition id : Cortex-A Device cause : null
2025-05-13 15:23:09,314 [WARN] ConditionMgr:1044 - genDependencies : Invalid condition id : Cortex-A Device cause : null
2025-05-13 15:23:09,318 [WARN] PackLoader:240 - Cannot read IP mode file for STMicroelectronics.X-CUBE-EEPRMA1.5.1.0
2025-05-13 15:23:09,324 [WARN] PackLoader:240 - Cannot read IP mode file for ITTIA_DB.I-CUBE-ITTIADB.8.9.0
2025-05-13 15:23:09,344 [WARN] PackLoader:240 - Cannot read IP mode file for SEGGER.I-CUBE-embOS.1.3.1
2025-05-13 15:23:09,366 [WARN] PackLoader:240 - Cannot read IP mode file for STMicroelectronics.X-CUBE-ALGOBUILD.1.4.0
2025-05-13 15:23:09,369 [WARN] PackLoader:240 - Cannot read IP mode file for STMicroelectronics.X-CUBE-AI.9.1.0
2025-05-13 15:23:09,381 [WARN] PackLoader:240 - Cannot read IP mode file for STMicroelectronics.X-CUBE-AZRTOS-F4.1.1.0
2025-05-13 15:23:09,385 [WARN] PackLoader:240 - Cannot read IP mode file for Avnet-IotConnect.X-CUBE-IoTC-DA16k-PMOD.1.0.0
2025-05-13 15:23:09,388 [WARN] PackLoader:240 - Cannot read IP mode file for STMicroelectronics.X-CUBE-ISPU.2.1.0
2025-05-13 15:23:09,392 [WARN] PackLoader:240 - Cannot read IP mode file for STMicroelectronics.X-CUBE-FREERTOS.1.2.0
2025-05-13 15:23:09,402 [WARN] PackLoader:240 - Cannot read IP mode file for STMicroelectronics.X-CUBE-AZRTOS-L5.2.0.0
2025-05-13 15:23:09,409 [WARN] PackLoader:240 - Cannot read IP mode file for STMicroelectronics.X-CUBE-NFC6.3.1.0
2025-05-13 15:23:09,414 [WARN] PackLoader:240 - Cannot read IP mode file for STMicroelectronics.X-CUBE-DPower.1.2.0
2025-05-13 15:23:09,418 [WARN] PackLoader:240 - Cannot read IP mode file for STMicroelectronics.X-CUBE-FREERTOS.1.3.1
2025-05-13 15:23:09,424 [WARN] PackLoader:240 - Cannot read IP mode file for STMicroelectronics.X-CUBE-FREERTOS.1.3.0
2025-05-13 15:23:09,427 [WARN] PackLoader:240 - Cannot read IP mode file for STMicroelectronics.X-CUBE-NFC7.1.0.1
2025-05-13 15:23:09,430 [WARN] PackLoader:240 - Cannot read IP mode file for STMicroelectronics.X-CUBE-DPower.1.3.0
2025-05-13 15:23:09,440 [WARN] ConditionMgr:438 - getConditionDescription Invalid condition id : LAN8742 Phy interface Condition cause : null
2025-05-13 15:23:09,440 [WARN] PackLoader:240 - Cannot read IP mode file for STMicroelectronics.X-CUBE-AZRTOS-L4.2.0.0
2025-05-13 15:23:09,441 [WARN] ConditionMgr:1044 - genDependencies : Invalid condition id : LAN8742 Phy interface Condition cause : null
2025-05-13 15:23:09,441 [WARN] ConditionMgr:1044 - genDependencies : Invalid condition id : LAN8742 Phy interface Condition cause : null
2025-05-13 15:23:09,441 [WARN] ConditionMgr:1044 - genDependencies : Invalid condition id : LAN8742 Phy interface Condition cause : null
2025-05-13 15:23:09,445 [WARN] PackLoader:240 - Cannot read IP mode file for STMicroelectronics.X-CUBE-SFXS2LP1.4.0.0
2025-05-13 15:23:09,456 [WARN] PackLoader:240 - Cannot read IP mode file for STMicroelectronics.X-CUBE-AZRTOS-H7.3.3.0
2025-05-13 15:23:09,462 [WARN] PackLoader:240 - Cannot read IP mode file for STMicroelectronics.X-CUBE-IPS.3.0.0
2025-05-13 15:23:09,470 [WARN] ConditionMgr:438 - getConditionDescription Invalid condition id : UX DEVICE CLASS RTOS Condition cause : null
2025-05-13 15:23:09,470 [WARN] ConditionMgr:438 - getConditionDescription Invalid condition id : UX DEVICE CLASS RTOS Condition cause : null
2025-05-13 15:23:09,473 [WARN] PackLoader:240 - Cannot read IP mode file for STMicroelectronics.X-CUBE-AZRTOS-WB.2.0.0
2025-05-13 15:23:09,473 [WARN] ConditionMgr:1044 - genDependencies : Invalid condition id : UX DEVICE CLASS RTOS Condition cause : null
2025-05-13 15:23:09,474 [WARN] ConditionMgr:1044 - genDependencies : Invalid condition id : UX DEVICE CLASS RTOS Condition cause : null
2025-05-13 15:23:09,474 [WARN] ConditionMgr:1044 - genDependencies : Invalid condition id : UX DEVICE CLASS RTOS Condition cause : null
2025-05-13 15:23:09,474 [WARN] ConditionMgr:1044 - genDependencies : Invalid condition id : UX DEVICE CLASS RTOS Condition cause : null
2025-05-13 15:23:09,474 [WARN] ConditionMgr:1044 - genDependencies : Invalid condition id : UX DEVICE CLASS RTOS Condition cause : null
2025-05-13 15:23:09,479 [WARN] PackLoader:240 - Cannot read IP mode file for STMicroelectronics.X-CUBE-GNSS1.7.0.0
2025-05-13 15:23:09,483 [WARN] PackLoader:240 - Cannot read IP mode file for STMicroelectronics.X-CUBE-GNSS1.7.0.1
2025-05-13 15:23:09,488 [WARN] PackLoader:240 - Cannot read IP mode file for STMicroelectronics.X-CUBE-TOUCHGFX.4.25.0
2025-05-13 15:23:09,492 [WARN] PackLoader:240 - Cannot read IP mode file for STMicroelectronics.FP-SNS-STBOX1.2.0.0
2025-05-13 15:23:09,503 [WARN] PackLoader:240 - Cannot read IP mode file for STMicroelectronics.X-CUBE-SUBG2.5.0.0
2025-05-13 15:23:09,520 [WARN] PackLoader:240 - Cannot read IP mode file for STMicroelectronics.X-CUBE-AZRTOS-H7RS.1.1.0
2025-05-13 15:23:09,525 [WARN] PackLoader:240 - Cannot read IP mode file for Cesanta.I-CUBE-Mongoose.7.13.0
2025-05-13 15:23:09,542 [WARN] PackLoader:240 - Cannot read IP mode file for STMicroelectronics.X-CUBE-AZRTOS-G4.2.0.0
2025-05-13 15:23:09,549 [WARN] PackLoader:240 - Cannot read IP mode file for STMicroelectronics.X-CUBE-NFC7.2.0.0
2025-05-13 15:23:09,559 [WARN] PackLoader:240 - Cannot read IP mode file for STMicroelectronics.X-CUBE-IPS.3.1.0
2025-05-13 15:23:09,573 [WARN] PackLoader:240 - Cannot read IP mode file for STMicroelectronics.X-CUBE-ALS.1.0.2
2025-05-13 15:23:09,575 [WARN] PackLoader:240 - Cannot read IP mode file for STMicroelectronics.X-CUBE-TOUCHGFX.4.24.2
2025-05-13 15:23:09,578 [WARN] PackLoader:240 - Cannot read IP mode file for STMicroelectronics.X-CUBE-TOUCHGFX.4.24.1
2025-05-13 15:23:09,586 [WARN] PackLoader:240 - Cannot read IP mode file for wolfSSL.I-CUBE-wolfTPM.3.4.0
2025-05-13 15:23:09,594 [WARN] PackLoader:240 - Cannot read IP mode file for portGmbH.I-Cube-SoM-uGOAL.1.1.0
2025-05-13 15:23:09,611 [WARN] PackLoader:240 - Cannot read IP mode file for STMicroelectronics.X-CUBE-AZRTOS-H7RS.1.0.0
2025-05-13 15:23:09,629 [WARN] PackLoader:240 - Cannot read IP mode file for STMicroelectronics.FP-ATR-ASTRA1.2.0.0
2025-05-13 15:23:09,640 [WARN] PackLoader:240 - Cannot read IP mode file for STMicroelectronics.X-CUBE-TOF1.3.4.2
2025-05-13 15:23:09,661 [WARN] PackLoader:240 - Cannot read IP mode file for STMicroelectronics.X-CUBE-TOF1.3.4.3
2025-05-13 15:23:09,687 [WARN] PackLoader:240 - Cannot read IP mode file for Infineon.AIROC-Wi-Fi-Bluetooth-STM32.1.6.1
2025-05-13 15:23:09,693 [WARN] PackLoader:240 - Cannot read IP mode file for wolfSSL.I-CUBE-wolfSSH.1.4.17
2025-05-13 15:23:09,694 [INFO] ThirdParty:978 - Integrity check success = true
2025-05-13 15:23:09,694 [INFO] IntegrityCheckThread:100 - exiting critical section [integrity check]
2025-05-13 15:23:09,694 [INFO] IntegrityCheckThread:103 - End integrity checks thread
2025-05-13 15:51:16,590 [INFO] WebApp:194 - Connection lost
2025-05-13 16:03:41,765 [INFO] WebApp:191 - Connection restablished
2025-05-13 16:04:45,971 [INFO] WebApp:194 - Connection lost
2025-05-13 16:04:46,126 [INFO] WebApp:191 - Connection restablished
2025-05-13 16:38:14,799 [ERROR] LogOutputStream:75 - [STDERR_REDIRECT] 
