2025-04-28 13:41:42,305 [INFO] Activator:176 - 


2025-04-28 13:41:42,311 [INFO] Activator:177 - !SESSION log4j initialized
2025-04-28 13:41:47,713 [INFO] LogOutputStream:77 - [STDOUT_REDIRECT] 
2025-04-28 13:41:49,197 [INFO] ApplicationProperties:184 - Using Application install path: C:\ST\STM32CubeIDE_1.16.1\STM32CubeIDE\plugins\com.st.stm32cube.common.mx_6.14.1.202504091515
2025-04-28 13:41:49,223 [INFO] DbMcusXml:78 - Set database path to: C:\ST\STM32CubeIDE_1.16.1\STM32CubeIDE\plugins\com.st.stm32cube.common.mx_6.14.1.202504091515\\db\/mcu/
2025-04-28 13:41:49,223 [INFO] ApiDb:274 - Set plugin database path to: C:\ST\STM32CubeIDE_1.16.1\STM32CubeIDE\plugins\com.st.stm32cube.common.mx_6.14.1.202504091515\\db\/plugins/boardmanager/
2025-04-28 13:41:49,223 [WARN] ApiDb:259 - Overriding images path with different value:  => C:\ST\STM32CubeIDE_1.16.1\STM32CubeIDE\plugins\com.st.stm32cube.common.mx_6.14.1.202504091515\\db\/plugins/mcufinder/images/
2025-04-28 13:41:49,236 [INFO] ApiDb:250 - Set database path to: C:\Users\utente\.stmcufinder\plugins\mcufinder//mcu/
2025-04-28 13:41:49,238 [INFO] DbMcusAds:125 - Set database path to: C:\Users\utente\.stmcufinder\plugins\mcufinder//mcu/
2025-04-28 13:41:49,242 [INFO] CrossReferenceDbSqlite:203 - Set database path to: C:\Users\utente\.stmcufinder\plugins\mcufinder//mcu/cs/
2025-04-28 13:41:49,418 [INFO] RulesReader:64 - Compatibility file has been processed (302 Rules)
2025-04-28 13:41:49,527 [INFO] DbMcusXml:78 - Set database path to: C:\ST\STM32CubeIDE_1.16.1\STM32CubeIDE\plugins\com.st.stm32cube.common.mx_6.14.1.202504091515\\db\/mcu/
2025-04-28 13:41:49,527 [INFO] ApiDb:274 - Set plugin database path to: C:\ST\STM32CubeIDE_1.16.1\STM32CubeIDE\plugins\com.st.stm32cube.common.mx_6.14.1.202504091515\\db\/plugins/boardmanager/
2025-04-28 13:41:49,527 [INFO] ApiDb:261 - Set plugin images path to: C:\ST\STM32CubeIDE_1.16.1\STM32CubeIDE\plugins\com.st.stm32cube.common.mx_6.14.1.202504091515\\db\/plugins/mcufinder/images/
2025-04-28 13:41:49,528 [WARN] DbFile:41 - Overriding database path with different value: C:\Users\utente\.stmcufinder\plugins\mcufinder/ => C:\Users\utente\.stmcufinder\plugins\mcufinder
2025-04-28 13:41:49,528 [INFO] ApiDb:250 - Set database path to: C:\Users\utente\.stmcufinder\plugins\mcufinder//mcu/
2025-04-28 13:41:49,528 [WARN] DbFile:41 - Overriding database path with different value: C:\Users\utente\.stmcufinder\plugins\mcufinder/ => C:\Users\utente\.stmcufinder\plugins\mcufinder
2025-04-28 13:41:49,528 [INFO] DbMcusAds:125 - Set database path to: C:\Users\utente\.stmcufinder\plugins\mcufinder//mcu/
2025-04-28 13:41:49,528 [WARN] DbFile:41 - Overriding database path with different value: C:\Users\utente\.stmcufinder\plugins\mcufinder/ => C:\Users\utente\.stmcufinder\plugins\mcufinder
2025-04-28 13:41:49,528 [WARN] DbFile:41 - Overriding database path with different value: C:\Users\utente\.stmcufinder\plugins\mcufinder/ => C:\Users\utente\.stmcufinder\plugins\mcufinder
2025-04-28 13:41:49,528 [INFO] CrossReferenceDbSqlite:203 - Set database path to: C:\Users\utente\.stmcufinder\plugins\mcufinder//mcu/cs/
2025-04-28 13:41:49,636 [INFO] MainPanel:272 - HeapMemory: 268435456
2025-04-28 13:41:49,840 [INFO] DbMcusXml:78 - Set database path to: C:\ST\STM32CubeIDE_1.16.1\STM32CubeIDE\plugins\com.st.stm32cube.common.mx_6.14.1.202504091515\\db\/mcu/
2025-04-28 13:41:49,840 [INFO] ApiDb:274 - Set plugin database path to: C:\ST\STM32CubeIDE_1.16.1\STM32CubeIDE\plugins\com.st.stm32cube.common.mx_6.14.1.202504091515\\db\/plugins/boardmanager/
2025-04-28 13:41:49,840 [INFO] ApiDb:261 - Set plugin images path to: C:\ST\STM32CubeIDE_1.16.1\STM32CubeIDE\plugins\com.st.stm32cube.common.mx_6.14.1.202504091515\\db\/plugins/mcufinder/images/
2025-04-28 13:41:49,840 [WARN] DbFile:41 - Overriding database path with different value: C:\Users\utente\.stmcufinder\plugins\mcufinder/ => C:\Users\utente\.stmcufinder\plugins\mcufinder
2025-04-28 13:41:49,841 [INFO] ApiDb:250 - Set database path to: C:\Users\utente\.stmcufinder\plugins\mcufinder//mcu/
2025-04-28 13:41:49,841 [WARN] DbFile:41 - Overriding database path with different value: C:\Users\utente\.stmcufinder\plugins\mcufinder/ => C:\Users\utente\.stmcufinder\plugins\mcufinder
2025-04-28 13:41:49,841 [INFO] DbMcusAds:125 - Set database path to: C:\Users\utente\.stmcufinder\plugins\mcufinder//mcu/
2025-04-28 13:41:49,841 [WARN] DbFile:41 - Overriding database path with different value: C:\Users\utente\.stmcufinder\plugins\mcufinder/ => C:\Users\utente\.stmcufinder\plugins\mcufinder
2025-04-28 13:41:49,841 [WARN] DbFile:41 - Overriding database path with different value: C:\Users\utente\.stmcufinder\plugins\mcufinder/ => C:\Users\utente\.stmcufinder\plugins\mcufinder
2025-04-28 13:41:49,841 [INFO] CrossReferenceDbSqlite:203 - Set database path to: C:\Users\utente\.stmcufinder\plugins\mcufinder//mcu/cs/
2025-04-28 13:41:49,864 [INFO] ApplicationProperties:184 - Using Application install path: C:\ST\STM32CubeIDE_1.16.1\STM32CubeIDE\plugins\com.st.stm32cube.common.mx_6.14.1.202504091515
2025-04-28 13:41:49,866 [INFO] PluginManage:196 - Search for loadable plugins [exclusion list=, ]
2025-04-28 13:41:49,868 [INFO] PluginManage:310 - Check plugin analytics
2025-04-28 13:41:50,183 [INFO] AnalyticsPlugin:253 - Accepted Software Licenses: 
2025-04-28 13:41:50,183 [INFO] AnalyticsPlugin:255 - Accepted CMSIS Pack Licenses: 
2025-04-28 13:41:50,183 [INFO] AnalyticsPlugin:257 - Accepted Firmware Licenses: 
2025-04-28 13:41:50,186 [INFO] PluginManage:359 - Loaded plugin analytics (category:tool,tabindex:-1)
2025-04-28 13:41:50,186 [INFO] PluginManage:310 - Check plugin cadmodel
2025-04-28 13:41:50,195 [INFO] CADModel:105 - Init CAD model plugin
2025-04-28 13:41:50,196 [INFO] PluginManage:359 - Loaded plugin cadmodel (category:power,tabindex:5)
2025-04-28 13:41:50,196 [INFO] PluginManage:310 - Check plugin clock
2025-04-28 13:41:50,209 [INFO] PluginManage:359 - Loaded plugin clock (category:base,tabindex:2)
2025-04-28 13:41:50,209 [INFO] PluginManage:310 - Check plugin ddr
2025-04-28 13:41:50,213 [INFO] PluginManage:359 - Loaded plugin ddr (category:tool,tabindex:6)
2025-04-28 13:41:50,214 [INFO] PluginManage:310 - Check plugin filemanager
2025-04-28 13:41:50,422 [INFO] PluginManage:359 - Loaded plugin filemanager (category:base,tabindex:10)
2025-04-28 13:41:50,422 [INFO] PluginManage:310 - Check plugin ipmanager
2025-04-28 13:41:50,431 [INFO] PluginManage:359 - Loaded plugin ipmanager (category:base,tabindex:5)
2025-04-28 13:41:50,431 [INFO] PluginManage:310 - Check plugin lpbam
2025-04-28 13:41:50,442 [INFO] PluginManage:359 - Loaded plugin lpbam (category:base,tabindex:0)
2025-04-28 13:41:50,443 [INFO] PluginManage:310 - Check plugin memorymap
2025-04-28 13:41:50,464 [INFO] PluginManage:359 - Loaded plugin memorymap (category:base,tabindex:4)
2025-04-28 13:41:50,464 [INFO] PluginManage:310 - Check plugin pinoutandconfiguration
2025-04-28 13:41:50,478 [INFO] PluginManage:359 - Loaded plugin pinoutandconfiguration (category:base,tabindex:1)
2025-04-28 13:41:50,479 [INFO] PluginManage:310 - Check plugin pinoutconfig
2025-04-28 13:41:50,648 [WARN] SupportedApi:132 - Cannot load RTOS API schema: s4s-elt-must-match.1: The content of 'definitions' must match (annotation?, (simpleType | complexType)?, (unique | key | keyref)*)). A problem was found starting at: attribute.
2025-04-28 13:41:50,843 [INFO] PluginManage:359 - Loaded plugin pinoutconfig (category:base,tabindex:0)
2025-04-28 13:41:50,843 [INFO] PluginManage:310 - Check plugin power
2025-04-28 13:41:50,857 [INFO] PluginManage:359 - Loaded plugin power (category:power,tabindex:4)
2025-04-28 13:41:50,857 [INFO] PluginManage:310 - Check plugin projectmanager
2025-04-28 13:41:50,879 [INFO] PluginManage:359 - Loaded plugin projectmanager (category:projectmanager,tabindex:4)
2025-04-28 13:41:50,879 [INFO] PluginManage:310 - Check plugin rif
2025-04-28 13:41:50,891 [INFO] PluginManage:359 - Loaded plugin rif (category:base,tabindex:3)
2025-04-28 13:41:50,891 [INFO] PluginManage:310 - Check plugin thirdparty
2025-04-28 13:41:51,066 [INFO] PluginManage:359 - Loaded plugin thirdparty (category:base,tabindex:-1)
2025-04-28 13:41:51,066 [WARN] IntegrityCheckThread:84 - waiting for thirdparty lock release [integrity check]
2025-04-28 13:41:51,066 [INFO] PluginManage:310 - Check plugin tools
2025-04-28 13:41:51,066 [INFO] IntegrityCheckThread:86 - entering critical section [integrity check]
2025-04-28 13:41:51,067 [INFO] ThirdPartyUpdaterWithRetryManager:70 - Updater plugin not ready yet. [1/15]
2025-04-28 13:41:51,069 [INFO] PluginManage:359 - Loaded plugin tools (category:base,tabindex:7)
2025-04-28 13:41:51,069 [INFO] PluginManage:310 - Check plugin tutovideos
2025-04-28 13:41:51,335 [INFO] PluginManage:359 - Loaded plugin tutovideos (category:base,tabindex:-1)
2025-04-28 13:41:51,335 [INFO] PluginManage:310 - Check plugin updater
2025-04-28 13:41:51,364 [INFO] PluginManage:359 - Loaded plugin updater (category:base,tabindex:12)
2025-04-28 13:41:51,365 [INFO] PluginManage:310 - Check plugin userauth
2025-04-28 13:41:51,370 [INFO] UserAuth:118 - Init User Auth plugin
2025-04-28 13:41:51,371 [INFO] PluginManage:359 - Loaded plugin userauth (category:base,tabindex:14)
2025-04-28 13:41:51,372 [INFO] PluginManage:283 - PluginManage : Loaded plugins [18]
2025-04-28 13:41:51,664 [INFO] PinOutPanel:1589 - setPackage(No Configuration,No Configuration)
2025-04-28 13:41:51,776 [INFO] CADModel:165 - CPN selected for project level
2025-04-28 13:41:51,776 [INFO] CADModel:114 - Register for checkConnection events
2025-04-28 13:41:51,794 [INFO] IPUIPlugin:80 - create IPUIPlugin
2025-04-28 13:41:51,795 [INFO] PluginManager:220 - loadIPPluginJar : add adc
2025-04-28 13:41:51,798 [INFO] IPUIPlugin:80 - create IPUIPlugin
2025-04-28 13:41:51,798 [INFO] PluginManager:220 - loadIPPluginJar : add aes
2025-04-28 13:41:51,802 [INFO] IPUIPlugin:80 - create IPUIPlugin
2025-04-28 13:41:51,803 [INFO] PluginManager:220 - loadIPPluginJar : add can
2025-04-28 13:41:51,805 [INFO] IPUIPlugin:80 - create IPUIPlugin
2025-04-28 13:41:51,805 [INFO] PluginManager:220 - loadIPPluginJar : add comp
2025-04-28 13:41:51,809 [INFO] IPUIPlugin:80 - create IPUIPlugin
2025-04-28 13:41:51,810 [INFO] PluginManager:220 - loadIPPluginJar : add cryp
2025-04-28 13:41:51,814 [INFO] IPUIPlugin:80 - create IPUIPlugin
2025-04-28 13:41:51,814 [INFO] PluginManager:220 - loadIPPluginJar : add ddr_ctrl_phy
2025-04-28 13:41:51,818 [INFO] IPUIPlugin:80 - create IPUIPlugin
2025-04-28 13:41:51,818 [INFO] PluginManager:220 - loadIPPluginJar : add dfsdm
2025-04-28 13:41:51,823 [INFO] IPUIPlugin:80 - create IPUIPlugin
2025-04-28 13:41:51,824 [INFO] PluginManager:220 - loadIPPluginJar : add dma
2025-04-28 13:41:51,829 [INFO] IPUIPlugin:80 - create IPUIPlugin
2025-04-28 13:41:51,830 [INFO] PluginManager:220 - loadIPPluginJar : add dma3
2025-04-28 13:41:51,833 [INFO] IPUIPlugin:80 - create IPUIPlugin
2025-04-28 13:41:51,834 [INFO] PluginManager:220 - loadIPPluginJar : add extmemmanager
2025-04-28 13:41:51,836 [INFO] IPUIPlugin:80 - create IPUIPlugin
2025-04-28 13:41:51,836 [INFO] PluginManager:220 - loadIPPluginJar : add fatfs
2025-04-28 13:41:51,840 [INFO] IPUIPlugin:80 - create IPUIPlugin
2025-04-28 13:41:51,840 [INFO] PluginManager:220 - loadIPPluginJar : add fmc
2025-04-28 13:41:51,849 [INFO] IPUIPlugin:80 - create IPUIPlugin
2025-04-28 13:41:51,850 [INFO] PluginManager:220 - loadIPPluginJar : add freertos
2025-04-28 13:41:51,851 [INFO] IPUIPlugin:80 - create IPUIPlugin
2025-04-28 13:41:51,851 [INFO] PluginManager:220 - loadIPPluginJar : add genericplugin
2025-04-28 13:41:51,855 [INFO] IPUIPlugin:80 - create IPUIPlugin
2025-04-28 13:41:51,855 [INFO] PluginManager:220 - loadIPPluginJar : add gfxmmu
2025-04-28 13:41:51,861 [INFO] IPUIPlugin:80 - create IPUIPlugin
2025-04-28 13:41:51,861 [INFO] PluginManager:220 - loadIPPluginJar : add gic
2025-04-28 13:41:51,866 [INFO] IPUIPlugin:80 - create IPUIPlugin
2025-04-28 13:41:51,866 [INFO] PluginManager:220 - loadIPPluginJar : add gpio
2025-04-28 13:41:51,869 [INFO] IPUIPlugin:80 - create IPUIPlugin
2025-04-28 13:41:51,871 [INFO] PluginManager:220 - loadIPPluginJar : add gtzc
2025-04-28 13:41:51,874 [INFO] IPUIPlugin:80 - create IPUIPlugin
2025-04-28 13:41:51,874 [INFO] PluginManager:220 - loadIPPluginJar : add hash
2025-04-28 13:41:51,877 [INFO] IPUIPlugin:80 - create IPUIPlugin
2025-04-28 13:41:51,877 [INFO] PluginManager:220 - loadIPPluginJar : add i2c
2025-04-28 13:41:51,881 [INFO] IPUIPlugin:80 - create IPUIPlugin
2025-04-28 13:41:51,881 [INFO] PluginManager:220 - loadIPPluginJar : add i2s
2025-04-28 13:41:51,885 [INFO] IPUIPlugin:80 - create IPUIPlugin
2025-04-28 13:41:51,886 [INFO] PluginManager:220 - loadIPPluginJar : add i3c
2025-04-28 13:41:51,889 [INFO] IPUIPlugin:80 - create IPUIPlugin
2025-04-28 13:41:51,890 [INFO] PluginManager:220 - loadIPPluginJar : add ipddr
2025-04-28 13:41:51,897 [INFO] IPUIPlugin:80 - create IPUIPlugin
2025-04-28 13:41:51,897 [INFO] PluginManager:220 - loadIPPluginJar : add linkedlist
2025-04-28 13:41:51,901 [INFO] IPUIPlugin:80 - create IPUIPlugin
2025-04-28 13:41:51,901 [INFO] PluginManager:220 - loadIPPluginJar : add lorawan
2025-04-28 13:41:51,903 [INFO] IPUIPlugin:80 - create IPUIPlugin
2025-04-28 13:41:51,903 [INFO] PluginManager:220 - loadIPPluginJar : add ltdc
2025-04-28 13:41:51,911 [INFO] IPUIPlugin:80 - create IPUIPlugin
2025-04-28 13:41:51,911 [INFO] PluginManager:220 - loadIPPluginJar : add mdma
2025-04-28 13:41:51,915 [INFO] IPUIPlugin:80 - create IPUIPlugin
2025-04-28 13:41:51,915 [INFO] PluginManager:220 - loadIPPluginJar : add nvic
2025-04-28 13:41:51,919 [INFO] IPUIPlugin:80 - create IPUIPlugin
2025-04-28 13:41:51,919 [INFO] PluginManager:220 - loadIPPluginJar : add opamp
2025-04-28 13:41:51,922 [INFO] IPUIPlugin:80 - create IPUIPlugin
2025-04-28 13:41:51,922 [INFO] PluginManager:220 - loadIPPluginJar : add openamp
2025-04-28 13:41:51,926 [INFO] IPUIPlugin:80 - create IPUIPlugin
2025-04-28 13:41:51,926 [INFO] PluginManager:220 - loadIPPluginJar : add pdm2pcm
2025-04-28 13:41:51,935 [INFO] IPUIPlugin:80 - create IPUIPlugin
2025-04-28 13:41:51,939 [INFO] PluginManager:220 - loadIPPluginJar : add plateformsettings
2025-04-28 13:41:51,941 [INFO] IPUIPlugin:80 - create IPUIPlugin
2025-04-28 13:41:51,941 [INFO] PluginManager:220 - loadIPPluginJar : add quadspi
2025-04-28 13:41:51,944 [INFO] IPUIPlugin:80 - create IPUIPlugin
2025-04-28 13:41:51,946 [INFO] PluginManager:220 - loadIPPluginJar : add radio
2025-04-28 13:41:51,950 [INFO] IPUIPlugin:80 - create IPUIPlugin
2025-04-28 13:41:51,950 [INFO] PluginManager:220 - loadIPPluginJar : add resmgrutility
2025-04-28 13:41:51,954 [INFO] IPUIPlugin:80 - create IPUIPlugin
2025-04-28 13:41:51,954 [INFO] PluginManager:220 - loadIPPluginJar : add sai
2025-04-28 13:41:51,957 [INFO] IPUIPlugin:80 - create IPUIPlugin
2025-04-28 13:41:51,957 [INFO] PluginManager:220 - loadIPPluginJar : add spi
2025-04-28 13:41:51,965 [INFO] IPUIPlugin:80 - create IPUIPlugin
2025-04-28 13:41:51,965 [INFO] PluginManager:220 - loadIPPluginJar : add stm32_wpan
2025-04-28 13:41:51,968 [INFO] IPUIPlugin:80 - create IPUIPlugin
2025-04-28 13:41:51,968 [INFO] PluginManager:220 - loadIPPluginJar : add tim
2025-04-28 13:41:51,971 [INFO] IPUIPlugin:80 - create IPUIPlugin
2025-04-28 13:41:51,972 [INFO] PluginManager:220 - loadIPPluginJar : add touchsensing
2025-04-28 13:41:51,974 [INFO] IPUIPlugin:80 - create IPUIPlugin
2025-04-28 13:41:51,975 [INFO] PluginManager:220 - loadIPPluginJar : add tracer_emb
2025-04-28 13:41:51,977 [INFO] IPUIPlugin:80 - create IPUIPlugin
2025-04-28 13:41:51,977 [INFO] PluginManager:220 - loadIPPluginJar : add ts
2025-04-28 13:41:51,979 [INFO] IPUIPlugin:80 - create IPUIPlugin
2025-04-28 13:41:51,979 [INFO] PluginManager:220 - loadIPPluginJar : add tsc
2025-04-28 13:41:51,981 [INFO] IPUIPlugin:80 - create IPUIPlugin
2025-04-28 13:41:51,981 [INFO] PluginManager:220 - loadIPPluginJar : add ucpd
2025-04-28 13:41:51,985 [INFO] IPUIPlugin:80 - create IPUIPlugin
2025-04-28 13:41:51,985 [INFO] PluginManager:220 - loadIPPluginJar : add usart
2025-04-28 13:41:51,989 [INFO] IPUIPlugin:80 - create IPUIPlugin
2025-04-28 13:41:51,989 [INFO] PluginManager:220 - loadIPPluginJar : add usbx
2025-04-28 13:41:52,138 [FATAL] Updater:351 - Updater called before beeing initialized
2025-04-28 13:41:52,179 [INFO] RulesReader:64 - Compatibility file has been processed (302 Rules)
2025-04-28 13:41:52,205 [INFO] RulesReader:64 - Compatibility file has been processed (302 Rules)
2025-04-28 13:41:52,230 [INFO] CADModel:165 - CPN selected for project level
2025-04-28 13:41:52,230 [INFO] CADModel:114 - Register for checkConnection events
2025-04-28 13:41:52,230 [FATAL] Updater:351 - Updater called before beeing initialized
2025-04-28 13:41:52,231 [ERROR] CADModel:125 - Updater not yet initialized, retry later 
2025-04-28 13:41:52,441 [FATAL] Updater:351 - Updater called before beeing initialized
2025-04-28 13:41:52,443 [INFO] CADModel:165 - CPN selected for project level
2025-04-28 13:41:52,443 [INFO] CADModel:114 - Register for checkConnection events
2025-04-28 13:41:52,443 [FATAL] Updater:351 - Updater called before beeing initialized
2025-04-28 13:41:52,443 [ERROR] CADModel:125 - Updater not yet initialized, retry later 
2025-04-28 13:41:52,449 [FATAL] Updater:351 - Updater called before beeing initialized
2025-04-28 13:41:52,593 [FATAL] Updater:351 - Updater called before beeing initialized
2025-04-28 13:41:52,600 [INFO] DbMcusAds:53 - JSON generation date=Thu Mar 06 15:54:22 CET 2025 (1741272862078)
2025-04-28 13:41:52,600 [FATAL] Updater:351 - Updater called before beeing initialized
2025-04-28 13:41:52,658 [WARN] DetailPanel:346 - Failed to get advertising image, set to default
2025-04-28 13:41:53,069 [FATAL] Updater:351 - Updater called before beeing initialized
2025-04-28 13:41:53,072 [FATAL] Updater:351 - Updater called before beeing initialized
2025-04-28 13:41:53,073 [FATAL] Updater:351 - Updater called before beeing initialized
2025-04-28 13:41:53,073 [WARN] DetailPanel:346 - Failed to get advertising image, set to default
2025-04-28 13:41:53,074 [FATAL] Updater:351 - Updater called before beeing initialized
2025-04-28 13:41:53,133 [ERROR] Updater:1198 - MainUpdater not yet initialized. External WinMGr cannot be set.
2025-04-28 13:41:53,135 [INFO] Updater:1134 - Updater Version found : 6.14.1
2025-04-28 13:41:53,161 [INFO] ApplicationProperties:184 - Using Application install path: C:\ST\STM32CubeIDE_1.16.1\STM32CubeIDE\plugins\com.st.stm32cube.common.mx_6.14.1.202504091515
2025-04-28 13:41:53,625 [INFO] MainUpdater:2872 - connection check result : 10
2025-04-28 13:41:53,626 [INFO] MainUpdater:289 - Updater Check For Update Now.
2025-04-28 13:41:53,626 [INFO] MicroXplorer:498 - Change Database Version : DB.6.0.141
2025-04-28 13:41:53,633 [INFO] McuFinderGlobals:63 - Set McuFinder mode to 2 (CubeIDE integrated)
2025-04-28 13:41:53,634 [INFO] UserAuth:484 - Internet connection configuration mode: 1
2025-04-28 13:41:53,659 [INFO] JxBrowserEngine:152 - Initiate JxBrowser Engine with user profile folder
2025-04-28 13:41:53,840 [INFO] CheckServerUpdateThread:120 - End of CheckServer Thread
2025-04-28 13:41:54,300 [WARN] PackLoader:240 - Cannot read IP mode file for STMicroelectronics.FP-SNS-MOTENVWB1.1.4.0
2025-04-28 13:41:54,308 [WARN] PackLoader:240 - Cannot read IP mode file for STMicroelectronics.FP-ATR-ASTRA1.2.0.2
2025-04-28 13:41:54,313 [WARN] PackLoader:240 - Cannot read IP mode file for STMicroelectronics.FP-ATR-ASTRA1.2.0.1
2025-04-28 13:41:54,321 [WARN] PackLoader:240 - Cannot read IP mode file for STMicroelectronics.X-CUBE-SMBUS.2.1.0
2025-04-28 13:41:54,328 [WARN] PackLoader:240 - Cannot read IP mode file for STMicroelectronics.X-CUBE-WB05N.1.1.0
2025-04-28 13:41:54,361 [WARN] PackLoader:240 - Cannot read IP mode file for STMicroelectronics.X-CUBE-AZRTOS-F7.1.1.0
2025-04-28 13:41:54,430 [WARN] PackLoader:240 - Cannot read IP mode file for STMicroelectronics.X-CUBE-MEMS1.11.0.0
2025-04-28 13:41:54,612 [WARN] PackLoader:240 - Cannot read IP mode file for STMicroelectronics.FP-SNS-FLIGHT1.5.0.2
2025-04-28 13:41:54,622 [WARN] PackLoader:240 - Cannot read IP mode file for STMicroelectronics.X-CUBE-DISPLAY.3.0.0
2025-04-28 13:41:54,632 [WARN] PackLoader:240 - Cannot read IP mode file for STMicroelectronics.X-CUBE-BLE1.7.0.0
2025-04-28 13:41:54,641 [WARN] PackLoader:240 - Cannot read IP mode file for STMicroelectronics.X-CUBE-NFC10.1.0.0
2025-04-28 13:41:54,656 [WARN] PackLoader:240 - Cannot read IP mode file for STMicroelectronics.X-CUBE-BLEMGR.4.0.0
2025-04-28 13:41:54,665 [WARN] PackLoader:240 - Cannot read IP mode file for emotas.I-CUBE-CANOPEN.1.3.0
2025-04-28 13:41:54,675 [WARN] PackLoader:240 - Cannot read IP mode file for STMicroelectronics.X-CUBE-BLEMGR.3.1.0
2025-04-28 13:41:54,682 [WARN] PackLoader:240 - Cannot read IP mode file for STMicroelectronics.X-CUBE-AI.10.0.0
2025-04-28 13:41:54,687 [WARN] PackLoader:240 - Cannot read IP mode file for STMicroelectronics.FP-SNS-SMARTAG2.1.2.0
2025-04-28 13:41:54,691 [WARN] PackLoader:240 - Cannot read IP mode file for STMicroelectronics.FP-SNS-FLIGHT1.5.1.0
2025-04-28 13:41:54,749 [WARN] PackLoader:240 - Cannot read IP mode file for STMicroelectronics.X-CUBE-MEMS1.11.1.0
2025-04-28 13:41:54,940 [INFO] LogOutputStream:77 - [STDOUT_REDIRECT] 1 : Invalid condition id : UX_CORESTACK_Condition cause : null
2025-04-28 13:41:54,941 [INFO] LogOutputStream:77 - [STDOUT_REDIRECT] 1 : Invalid condition id : UX_CORESTACK_Condition cause : null
2025-04-28 13:41:54,942 [INFO] LogOutputStream:77 - [STDOUT_REDIRECT] 1 : Invalid condition id : UX_CORESTACK_Condition cause : null
2025-04-28 13:41:54,943 [INFO] LogOutputStream:77 - [STDOUT_REDIRECT] 1 : Invalid condition id : UX_CORESTACK_Condition cause : null
2025-04-28 13:41:54,944 [INFO] LogOutputStream:77 - [STDOUT_REDIRECT] 1 : Invalid condition id : UX_CORESTACK_Condition cause : null
2025-04-28 13:41:54,947 [WARN] PackLoader:240 - Cannot read IP mode file for STMicroelectronics.X-CUBE-AZRTOS-WL.2.0.0
2025-04-28 13:41:54,954 [WARN] PackLoader:240 - Cannot read IP mode file for STMicroelectronics.FP-SNS-MOTENV1.5.0.0
2025-04-28 13:41:54,959 [WARN] PackLoader:240 - Cannot read IP mode file for wolfSSL.I-CUBE-wolfMQTT.1.19.0
2025-04-28 13:41:54,965 [WARN] PackLoader:240 - Cannot read IP mode file for WES.I-CUBE-Cesium.1.3.0
2025-04-28 13:41:54,969 [WARN] PackLoader:240 - Cannot read IP mode file for STMicroelectronics.X-CUBE-BLE2.3.3.0
2025-04-28 13:41:54,976 [WARN] PackLoader:240 - Cannot read IP mode file for STMicroelectronics.X-CUBE-NFC9.1.0.0
2025-04-28 13:41:54,982 [WARN] PackLoader:240 - Cannot read IP mode file for STMicroelectronics.X-CUBE-BLE1.7.1.0
2025-04-28 13:41:54,987 [WARN] PackLoader:240 - Cannot read IP mode file for STMicroelectronics.X-CUBE-TCPP.4.1.0
2025-04-28 13:41:55,038 [WARN] PackLoader:240 - Cannot read IP mode file for STMicroelectronics.X-CUBE-MEMS1.11.2.0
2025-04-28 13:41:55,296 [WARN] PackLoader:240 - Cannot read IP mode file for STMicroelectronics.X-CUBE-AZRTOS-G0.1.1.0
2025-04-28 13:41:55,303 [WARN] PackLoader:240 - Cannot read IP mode file for STMicroelectronics.X-CUBE-SAFEA1.1.2.2
2025-04-28 13:41:55,309 [WARN] PackLoader:240 - Cannot read IP mode file for STMicroelectronics.X-CUBE-NFC4.3.0.0
2025-04-28 13:41:55,318 [WARN] PackLoader:240 - Cannot read IP mode file for EmbeddedOffice.I-CUBE-FS-RTOS.1.0.1
2025-04-28 13:41:55,322 [WARN] PackLoader:240 - Cannot read IP mode file for STMicroelectronics.X-CUBE-WB05N.2.0.0
2025-04-28 13:41:55,327 [WARN] PackLoader:240 - Cannot read IP mode file for STMicroelectronics.X-CUBE-TCPP.4.2.0
2025-04-28 13:41:55,334 [WARN] PackLoader:240 - Cannot read IP mode file for RealThread.X-CUBE-RT-Thread_Nano.4.1.1
2025-04-28 13:41:55,339 [WARN] PackLoader:240 - Cannot read IP mode file for STMicroelectronics.FP-ATR-SIGFOX1.3.2.0
2025-04-28 13:41:55,343 [WARN] PackLoader:240 - Cannot read IP mode file for wolfSSL.I-CUBE-wolfSSL.5.7.2
2025-04-28 13:41:55,348 [WARN] ConditionMgr:438 - getConditionDescription Invalid condition id : Cortex-A Device cause : null
2025-04-28 13:41:55,360 [WARN] ConditionMgr:1044 - genDependencies : Invalid condition id : Cortex-A Device cause : null
2025-04-28 13:41:55,360 [WARN] ConditionMgr:1044 - genDependencies : Invalid condition id : Cortex-A Device cause : null
2025-04-28 13:41:55,360 [WARN] ConditionMgr:1044 - genDependencies : Invalid condition id : Cortex-A Device cause : null
2025-04-28 13:41:55,369 [WARN] PackLoader:240 - Cannot read IP mode file for STMicroelectronics.X-CUBE-EEPRMA1.5.1.0
2025-04-28 13:41:55,376 [WARN] PackLoader:240 - Cannot read IP mode file for ITTIA_DB.I-CUBE-ITTIADB.8.9.0
2025-04-28 13:41:55,399 [WARN] PackLoader:240 - Cannot read IP mode file for SEGGER.I-CUBE-embOS.1.3.1
2025-04-28 13:41:55,433 [WARN] PackLoader:240 - Cannot read IP mode file for STMicroelectronics.X-CUBE-ALGOBUILD.1.4.0
2025-04-28 13:41:55,437 [WARN] PackLoader:240 - Cannot read IP mode file for STMicroelectronics.X-CUBE-AI.9.1.0
2025-04-28 13:41:55,454 [WARN] PackLoader:240 - Cannot read IP mode file for STMicroelectronics.X-CUBE-AZRTOS-F4.1.1.0
2025-04-28 13:41:55,460 [WARN] PackLoader:240 - Cannot read IP mode file for Avnet-IotConnect.X-CUBE-IoTC-DA16k-PMOD.1.0.0
2025-04-28 13:41:55,465 [WARN] PackLoader:240 - Cannot read IP mode file for STMicroelectronics.X-CUBE-ISPU.2.1.0
2025-04-28 13:41:55,471 [WARN] PackLoader:240 - Cannot read IP mode file for STMicroelectronics.X-CUBE-FREERTOS.1.2.0
2025-04-28 13:41:55,489 [WARN] PackLoader:240 - Cannot read IP mode file for STMicroelectronics.X-CUBE-AZRTOS-L5.2.0.0
2025-04-28 13:41:55,500 [WARN] PackLoader:240 - Cannot read IP mode file for STMicroelectronics.X-CUBE-NFC6.3.1.0
2025-04-28 13:41:55,507 [WARN] PackLoader:240 - Cannot read IP mode file for STMicroelectronics.X-CUBE-DPower.1.2.0
2025-04-28 13:41:55,512 [WARN] PackLoader:240 - Cannot read IP mode file for STMicroelectronics.X-CUBE-FREERTOS.1.3.0
2025-04-28 13:41:55,519 [WARN] PackLoader:240 - Cannot read IP mode file for STMicroelectronics.X-CUBE-NFC7.1.0.1
2025-04-28 13:41:55,525 [WARN] PackLoader:240 - Cannot read IP mode file for STMicroelectronics.X-CUBE-DPower.1.3.0
2025-04-28 13:41:55,543 [WARN] ConditionMgr:438 - getConditionDescription Invalid condition id : LAN8742 Phy interface Condition cause : null
2025-04-28 13:41:55,544 [WARN] PackLoader:240 - Cannot read IP mode file for STMicroelectronics.X-CUBE-AZRTOS-L4.2.0.0
2025-04-28 13:41:55,545 [WARN] ConditionMgr:1044 - genDependencies : Invalid condition id : LAN8742 Phy interface Condition cause : null
2025-04-28 13:41:55,546 [WARN] ConditionMgr:1044 - genDependencies : Invalid condition id : LAN8742 Phy interface Condition cause : null
2025-04-28 13:41:55,546 [WARN] ConditionMgr:1044 - genDependencies : Invalid condition id : LAN8742 Phy interface Condition cause : null
2025-04-28 13:41:55,554 [WARN] PackLoader:240 - Cannot read IP mode file for STMicroelectronics.X-CUBE-SFXS2LP1.4.0.0
2025-04-28 13:41:55,576 [WARN] PackLoader:240 - Cannot read IP mode file for STMicroelectronics.X-CUBE-AZRTOS-H7.3.3.0
2025-04-28 13:41:55,590 [WARN] PackLoader:240 - Cannot read IP mode file for STMicroelectronics.X-CUBE-IPS.3.0.0
2025-04-28 13:41:55,606 [WARN] ConditionMgr:438 - getConditionDescription Invalid condition id : UX DEVICE CLASS RTOS Condition cause : null
2025-04-28 13:41:55,606 [WARN] ConditionMgr:438 - getConditionDescription Invalid condition id : UX DEVICE CLASS RTOS Condition cause : null
2025-04-28 13:41:55,608 [WARN] PackLoader:240 - Cannot read IP mode file for STMicroelectronics.X-CUBE-AZRTOS-WB.2.0.0
2025-04-28 13:41:55,608 [WARN] ConditionMgr:1044 - genDependencies : Invalid condition id : UX DEVICE CLASS RTOS Condition cause : null
2025-04-28 13:41:55,609 [WARN] ConditionMgr:1044 - genDependencies : Invalid condition id : UX DEVICE CLASS RTOS Condition cause : null
2025-04-28 13:41:55,609 [WARN] ConditionMgr:1044 - genDependencies : Invalid condition id : UX DEVICE CLASS RTOS Condition cause : null
2025-04-28 13:41:55,609 [WARN] ConditionMgr:1044 - genDependencies : Invalid condition id : UX DEVICE CLASS RTOS Condition cause : null
2025-04-28 13:41:55,609 [WARN] ConditionMgr:1044 - genDependencies : Invalid condition id : UX DEVICE CLASS RTOS Condition cause : null
2025-04-28 13:41:55,616 [WARN] PackLoader:240 - Cannot read IP mode file for STMicroelectronics.X-CUBE-GNSS1.7.0.0
2025-04-28 13:41:55,622 [WARN] PackLoader:240 - Cannot read IP mode file for STMicroelectronics.X-CUBE-GNSS1.7.0.1
2025-04-28 13:41:55,627 [WARN] PackLoader:240 - Cannot read IP mode file for STMicroelectronics.X-CUBE-TOUCHGFX.4.25.0
2025-04-28 13:41:55,633 [WARN] PackLoader:240 - Cannot read IP mode file for STMicroelectronics.FP-SNS-STBOX1.2.0.0
2025-04-28 13:41:55,646 [WARN] PackLoader:240 - Cannot read IP mode file for STMicroelectronics.X-CUBE-SUBG2.5.0.0
2025-04-28 13:41:55,688 [WARN] PackLoader:240 - Cannot read IP mode file for STMicroelectronics.X-CUBE-AZRTOS-H7RS.1.1.0
2025-04-28 13:41:55,742 [WARN] PackLoader:240 - Cannot read IP mode file for Cesanta.I-CUBE-Mongoose.7.13.0
2025-04-28 13:41:55,768 [WARN] PackLoader:240 - Cannot read IP mode file for STMicroelectronics.X-CUBE-AZRTOS-G4.2.0.0
2025-04-28 13:41:55,869 [WARN] PackLoader:240 - Cannot read IP mode file for STMicroelectronics.X-CUBE-IPS.3.1.0
2025-04-28 13:41:55,882 [WARN] PackLoader:240 - Cannot read IP mode file for STMicroelectronics.X-CUBE-ALS.1.0.2
2025-04-28 13:41:55,891 [WARN] PackLoader:240 - Cannot read IP mode file for STMicroelectronics.X-CUBE-TOUCHGFX.4.24.2
2025-04-28 13:41:55,911 [WARN] PackLoader:240 - Cannot read IP mode file for STMicroelectronics.X-CUBE-TOUCHGFX.4.24.1
2025-04-28 13:41:55,919 [WARN] PackLoader:240 - Cannot read IP mode file for wolfSSL.I-CUBE-wolfTPM.3.4.0
2025-04-28 13:41:55,933 [WARN] PackLoader:240 - Cannot read IP mode file for portGmbH.I-Cube-SoM-uGOAL.1.1.0
2025-04-28 13:41:55,958 [WARN] PackLoader:240 - Cannot read IP mode file for STMicroelectronics.X-CUBE-AZRTOS-H7RS.1.0.0
2025-04-28 13:41:55,967 [WARN] PackLoader:240 - Cannot read IP mode file for STMicroelectronics.FP-ATR-ASTRA1.2.0.0
2025-04-28 13:41:55,984 [WARN] PackLoader:240 - Cannot read IP mode file for STMicroelectronics.X-CUBE-TOF1.3.4.2
2025-04-28 13:41:56,012 [WARN] PackLoader:240 - Cannot read IP mode file for STMicroelectronics.X-CUBE-TOF1.3.4.3
2025-04-28 13:41:56,041 [WARN] PackLoader:240 - Cannot read IP mode file for Infineon.AIROC-Wi-Fi-Bluetooth-STM32.1.6.1
2025-04-28 13:41:56,049 [WARN] PackLoader:240 - Cannot read IP mode file for wolfSSL.I-CUBE-wolfSSH.1.4.17
2025-04-28 13:41:56,050 [INFO] ThirdParty:978 - Integrity check success = true
2025-04-28 13:41:56,050 [INFO] IntegrityCheckThread:100 - exiting critical section [integrity check]
2025-04-28 13:41:56,050 [INFO] IntegrityCheckThread:103 - End integrity checks thread
2025-04-28 13:41:56,189 [INFO] WebApp:169 - Instantiating new browser for Auth
2025-04-28 13:41:57,018 [INFO] WebApp:463 - Apply proxy settings
2025-04-28 13:41:57,019 [INFO] WebApp:548 - Chromium requires no authentication
2025-04-28 13:41:57,030 [INFO] WebApp:491 - Direct internet connection detected
2025-04-28 13:41:57,058 [INFO] WebApp:894 - Register for checkConnection events
2025-04-28 13:41:57,059 [INFO] WebApp:463 - Apply proxy settings
2025-04-28 13:41:57,059 [INFO] WebApp:548 - Chromium requires no authentication
2025-04-28 13:41:57,059 [INFO] WebApp:491 - Direct internet connection detected
2025-04-28 13:41:57,221 [INFO] WebApp:191 - Connection restablished
2025-04-28 13:41:57,238 [INFO] WebApp:225 - Starting web application
2025-04-28 13:41:57,238 [INFO] WebApp:593 - Web application path used C:\ST\STM32CubeIDE_1.16.1\STM32CubeIDE\plugins\com.st.stm32cube.common.mx_6.14.1.202504091515\db\plugins\mcufinder\reactClient1\index.html
2025-04-28 13:41:57,434 [INFO] UserAuth:484 - Internet connection configuration mode: 1
2025-04-28 14:03:14,872 [INFO] WebApp:194 - Connection lost
2025-04-28 14:03:15,147 [INFO] WebApp:191 - Connection restablished
2025-04-28 14:03:39,322 [INFO] WebApp:194 - Connection lost
2025-04-28 14:03:39,524 [INFO] WebApp:191 - Connection restablished
2025-04-28 14:04:32,323 [INFO] WebApp:194 - Connection lost
2025-04-28 14:04:32,508 [INFO] WebApp:191 - Connection restablished
2025-04-28 14:11:01,757 [INFO] WebApp:194 - Connection lost
2025-04-28 14:11:36,747 [INFO] WebApp:191 - Connection restablished
2025-04-28 14:11:38,169 [INFO] WebApp:194 - Connection lost
2025-04-28 14:11:38,386 [INFO] WebApp:191 - Connection restablished
2025-04-28 16:13:16,406 [ERROR] LogOutputStream:75 - [STDERR_REDIRECT] 
